
calculator.elf:     file format elf32-avr

Sections:
Idx Name          Size      VMA       LMA       File off  Algn
  0 .data         00000022  00800100  00001260  000012f4  2**0
                  CONTENTS, ALLOC, LOAD, DATA
  1 .text         00001260  00000000  00000000  00000094  2**1
                  CONTENTS, ALLOC, LOAD, READONLY, CODE
  2 .bss          00000014  00800122  00800122  00001316  2**0
                  ALLOC
  3 .stab         000007d4  00000000  00000000  00001318  2**2
                  CONTENTS, READONLY, DEBUGGING
  4 .stabstr      00000ed5  00000000  00000000  00001aec  2**0
                  CONTENTS, READONLY, DEBUGGING
  5 .comment      00000011  00000000  00000000  000029c1  2**0
                  CONTENTS, READONLY
  6 .note.gnu.avr.deviceinfo 00000040  00000000  00000000  000029d4  2**2
                  CONTENTS, READONLY
  7 .debug_info   000005f4  00000000  00000000  00002a14  2**0
                  CONTENTS, READONLY, DEBUGGING
  8 .debug_abbrev 000005a2  00000000  00000000  00003008  2**0
                  CONTENTS, READONLY, DEBUGGING
  9 .debug_line   0000001a  00000000  00000000  000035aa  2**0
                  CONTENTS, READONLY, DEBUGGING
 10 .debug_str    00000208  00000000  00000000  000035c4  2**0
                  CONTENTS, READONLY, DEBUGGING

Disassembly of section .text:

00000000 <__vectors>:
       0:	0c 94 3a 00 	jmp	0x74	; 0x74 <__ctors_end>
       4:	0c 94 57 00 	jmp	0xae	; 0xae <__bad_interrupt>
       8:	0c 94 57 00 	jmp	0xae	; 0xae <__bad_interrupt>
       c:	0c 94 57 00 	jmp	0xae	; 0xae <__bad_interrupt>
      10:	0c 94 57 00 	jmp	0xae	; 0xae <__bad_interrupt>
      14:	0c 94 57 00 	jmp	0xae	; 0xae <__bad_interrupt>
      18:	0c 94 57 00 	jmp	0xae	; 0xae <__bad_interrupt>
      1c:	0c 94 57 00 	jmp	0xae	; 0xae <__bad_interrupt>
      20:	0c 94 57 00 	jmp	0xae	; 0xae <__bad_interrupt>
      24:	0c 94 57 00 	jmp	0xae	; 0xae <__bad_interrupt>
      28:	0c 94 57 00 	jmp	0xae	; 0xae <__bad_interrupt>
      2c:	0c 94 57 00 	jmp	0xae	; 0xae <__bad_interrupt>
      30:	0c 94 57 00 	jmp	0xae	; 0xae <__bad_interrupt>
      34:	0c 94 57 00 	jmp	0xae	; 0xae <__bad_interrupt>
      38:	0c 94 57 00 	jmp	0xae	; 0xae <__bad_interrupt>
      3c:	0c 94 57 00 	jmp	0xae	; 0xae <__bad_interrupt>
      40:	0c 94 57 00 	jmp	0xae	; 0xae <__bad_interrupt>
      44:	0c 94 57 00 	jmp	0xae	; 0xae <__bad_interrupt>
      48:	0c 94 57 00 	jmp	0xae	; 0xae <__bad_interrupt>
      4c:	0c 94 57 00 	jmp	0xae	; 0xae <__bad_interrupt>
      50:	0c 94 57 00 	jmp	0xae	; 0xae <__bad_interrupt>
      54:	0c 94 57 00 	jmp	0xae	; 0xae <__bad_interrupt>
      58:	0c 94 57 00 	jmp	0xae	; 0xae <__bad_interrupt>
      5c:	0c 94 57 00 	jmp	0xae	; 0xae <__bad_interrupt>
      60:	0c 94 57 00 	jmp	0xae	; 0xae <__bad_interrupt>
      64:	0c 94 57 00 	jmp	0xae	; 0xae <__bad_interrupt>

00000068 <__trampolines_end>:
      68:	63 64       	ori	r22, 0x43	; 67
      6a:	69 6e       	ori	r22, 0xE9	; 233
      6c:	6f 70       	andi	r22, 0x0F	; 15
      6e:	73 75       	andi	r23, 0x53	; 83
      70:	78 58       	subi	r23, 0x88	; 136
      72:	5b 00       	.word	0x005b	; ????

00000074 <__ctors_end>:
      74:	11 24       	eor	r1, r1
      76:	1f be       	out	0x3f, r1	; 63
      78:	cf ef       	ldi	r28, 0xFF	; 255
      7a:	d8 e0       	ldi	r29, 0x08	; 8
      7c:	de bf       	out	0x3e, r29	; 62
      7e:	cd bf       	out	0x3d, r28	; 61

00000080 <__do_copy_data>:
      80:	11 e0       	ldi	r17, 0x01	; 1
      82:	a0 e0       	ldi	r26, 0x00	; 0
      84:	b1 e0       	ldi	r27, 0x01	; 1
      86:	e0 e6       	ldi	r30, 0x60	; 96
      88:	f2 e1       	ldi	r31, 0x12	; 18
      8a:	02 c0       	rjmp	.+4      	; 0x90 <__do_copy_data+0x10>
      8c:	05 90       	lpm	r0, Z+
      8e:	0d 92       	st	X+, r0
      90:	a2 32       	cpi	r26, 0x22	; 34
      92:	b1 07       	cpc	r27, r17
      94:	d9 f7       	brne	.-10     	; 0x8c <__do_copy_data+0xc>

00000096 <__do_clear_bss>:
      96:	21 e0       	ldi	r18, 0x01	; 1
      98:	a2 e2       	ldi	r26, 0x22	; 34
      9a:	b1 e0       	ldi	r27, 0x01	; 1
      9c:	01 c0       	rjmp	.+2      	; 0xa0 <.do_clear_bss_start>

0000009e <.do_clear_bss_loop>:
      9e:	1d 92       	st	X+, r1

000000a0 <.do_clear_bss_start>:
      a0:	a6 33       	cpi	r26, 0x36	; 54
      a2:	b2 07       	cpc	r27, r18
      a4:	e1 f7       	brne	.-8      	; 0x9e <.do_clear_bss_loop>
      a6:	0e 94 79 00 	call	0xf2	; 0xf2 <main>
      aa:	0c 94 2e 09 	jmp	0x125c	; 0x125c <_exit>

000000ae <__bad_interrupt>:
      ae:	0c 94 00 00 	jmp	0	; 0x0 <__vectors>

000000b2 <uart_transmit>:

// transmisja jednego znaku
int uart_transmit(char data, FILE *stream)
{
  // czekaj aż transmiter gotowy
  while(!(UCSR0A & _BV(UDRE0)));
      b2:	90 91 c0 00 	lds	r25, 0x00C0	; 0x8000c0 <__TEXT_REGION_LENGTH__+0x7f80c0>
      b6:	95 ff       	sbrs	r25, 5
      b8:	fc cf       	rjmp	.-8      	; 0xb2 <uart_transmit>
  UDR0 = data;
      ba:	80 93 c6 00 	sts	0x00C6, r24	; 0x8000c6 <__TEXT_REGION_LENGTH__+0x7f80c6>
  return 0;
}
      be:	80 e0       	ldi	r24, 0x00	; 0
      c0:	90 e0       	ldi	r25, 0x00	; 0
      c2:	08 95       	ret

000000c4 <uart_receive>:

// odczyt jednego znaku
int uart_receive(FILE *stream)
{
  // czekaj aż znak dostępny
  while (!(UCSR0A & _BV(RXC0)));
      c4:	80 91 c0 00 	lds	r24, 0x00C0	; 0x8000c0 <__TEXT_REGION_LENGTH__+0x7f80c0>
      c8:	87 ff       	sbrs	r24, 7
      ca:	fc cf       	rjmp	.-8      	; 0xc4 <uart_receive>
  return UDR0;
      cc:	80 91 c6 00 	lds	r24, 0x00C6	; 0x8000c6 <__TEXT_REGION_LENGTH__+0x7f80c6>
}
      d0:	90 e0       	ldi	r25, 0x00	; 0
      d2:	08 95       	ret

000000d4 <uart_init>:

// inicjalizacja UART
void uart_init()
{
  // ustaw baudrate
  UBRR0 = UBRR_VALUE;
      d4:	87 e6       	ldi	r24, 0x67	; 103
      d6:	90 e0       	ldi	r25, 0x00	; 0
      d8:	90 93 c5 00 	sts	0x00C5, r25	; 0x8000c5 <__TEXT_REGION_LENGTH__+0x7f80c5>
      dc:	80 93 c4 00 	sts	0x00C4, r24	; 0x8000c4 <__TEXT_REGION_LENGTH__+0x7f80c4>
  // wyczyść rejestr UCSR0A
  UCSR0A = 0;
      e0:	10 92 c0 00 	sts	0x00C0, r1	; 0x8000c0 <__TEXT_REGION_LENGTH__+0x7f80c0>
  // włącz odbiornik i nadajnik
  UCSR0B = _BV(RXEN0) | _BV(TXEN0);
      e4:	88 e1       	ldi	r24, 0x18	; 24
      e6:	80 93 c1 00 	sts	0x00C1, r24	; 0x8000c1 <__TEXT_REGION_LENGTH__+0x7f80c1>
  // ustaw format 8n1
  UCSR0C = _BV(UCSZ00) | _BV(UCSZ01);
      ea:	86 e0       	ldi	r24, 0x06	; 6
      ec:	80 93 c2 00 	sts	0x00C2, r24	; 0x8000c2 <__TEXT_REGION_LENGTH__+0x7f80c2>
      f0:	08 95       	ret

000000f2 <main>:
// int64_t second;
// int64_t result;

// int8_t add()

int main(){
      f2:	cf 93       	push	r28
      f4:	df 93       	push	r29
      f6:	cd b7       	in	r28, 0x3d	; 61
      f8:	de b7       	in	r29, 0x3e	; 62
      fa:	a1 97       	sbiw	r28, 0x21	; 33
      fc:	0f b6       	in	r0, 0x3f	; 63
      fe:	f8 94       	cli
     100:	de bf       	out	0x3e, r29	; 62
     102:	0f be       	out	0x3f, r0	; 63
     104:	cd bf       	out	0x3d, r28	; 61

// inicjalizacja UART
void uart_init()
{
  // ustaw baudrate
  UBRR0 = UBRR_VALUE;
     106:	87 e6       	ldi	r24, 0x67	; 103
     108:	90 e0       	ldi	r25, 0x00	; 0
     10a:	90 93 c5 00 	sts	0x00C5, r25	; 0x8000c5 <__TEXT_REGION_LENGTH__+0x7f80c5>
     10e:	80 93 c4 00 	sts	0x00C4, r24	; 0x8000c4 <__TEXT_REGION_LENGTH__+0x7f80c4>
  // wyczyść rejestr UCSR0A
  UCSR0A = 0;
     112:	10 92 c0 00 	sts	0x00C0, r1	; 0x8000c0 <__TEXT_REGION_LENGTH__+0x7f80c0>
  // włącz odbiornik i nadajnik
  UCSR0B = _BV(RXEN0) | _BV(TXEN0);
     116:	88 e1       	ldi	r24, 0x18	; 24
     118:	80 93 c1 00 	sts	0x00C1, r24	; 0x8000c1 <__TEXT_REGION_LENGTH__+0x7f80c1>
  // ustaw format 8n1
  UCSR0C = _BV(UCSZ00) | _BV(UCSZ01);
     11c:	86 e0       	ldi	r24, 0x06	; 6
     11e:	80 93 c2 00 	sts	0x00C2, r24	; 0x8000c2 <__TEXT_REGION_LENGTH__+0x7f80c2>
int main(){
    // sys_clock_1();
    // zainicjalizuj UART
    uart_init();
    // skonfiguruj strumienie wejścia/wyjścia
    fdev_setup_stream(&uart_file, uart_transmit, uart_receive, _FDEV_SETUP_RW);
     122:	82 e2       	ldi	r24, 0x22	; 34
     124:	91 e0       	ldi	r25, 0x01	; 1
     126:	29 e5       	ldi	r18, 0x59	; 89
     128:	30 e0       	ldi	r19, 0x00	; 0
     12a:	30 93 2b 01 	sts	0x012B, r19	; 0x80012b <__data_end+0x9>
     12e:	20 93 2a 01 	sts	0x012A, r18	; 0x80012a <__data_end+0x8>
     132:	22 e6       	ldi	r18, 0x62	; 98
     134:	30 e0       	ldi	r19, 0x00	; 0
     136:	30 93 2d 01 	sts	0x012D, r19	; 0x80012d <__data_end+0xb>
     13a:	20 93 2c 01 	sts	0x012C, r18	; 0x80012c <__data_end+0xa>
     13e:	23 e0       	ldi	r18, 0x03	; 3
     140:	20 93 25 01 	sts	0x0125, r18	; 0x800125 <__data_end+0x3>
     144:	10 92 2f 01 	sts	0x012F, r1	; 0x80012f <__data_end+0xd>
     148:	10 92 2e 01 	sts	0x012E, r1	; 0x80012e <__data_end+0xc>
    stdin = stdout = stderr = &uart_file;
     14c:	90 93 35 01 	sts	0x0135, r25	; 0x800135 <__iob+0x5>
     150:	80 93 34 01 	sts	0x0134, r24	; 0x800134 <__iob+0x4>
     154:	90 93 33 01 	sts	0x0133, r25	; 0x800133 <__iob+0x3>
     158:	80 93 32 01 	sts	0x0132, r24	; 0x800132 <__iob+0x2>
     15c:	90 93 31 01 	sts	0x0131, r25	; 0x800131 <__iob+0x1>
     160:	80 93 30 01 	sts	0x0130, r24	; 0x800130 <__iob>
     164:	8e 01       	movw	r16, r28
     166:	03 5f       	subi	r16, 0xF3	; 243
     168:	1f 4f       	sbci	r17, 0xFF	; 255
     16a:	1e 8b       	std	Y+22, r17	; 0x16
     16c:	0d 8b       	std	Y+21, r16	; 0x15
     16e:	ce 01       	movw	r24, r28
     170:	09 96       	adiw	r24, 0x09	; 9
     172:	9c 8b       	std	Y+20, r25	; 0x14
     174:	8b 8b       	std	Y+19, r24	; 0x13
     176:	fe 01       	movw	r30, r28
     178:	35 96       	adiw	r30, 0x05	; 5
     17a:	fa 8b       	std	Y+18, r31	; 0x12
     17c:	e9 8b       	std	Y+17, r30	; 0x11
    while(1){
        int32_t x1_32, x2_32, y1_32, y2_32;
        scanf("%"SCNd32,&x1_32);
     17e:	fe 89       	ldd	r31, Y+22	; 0x16
     180:	ff 93       	push	r31
     182:	ed 88       	ldd	r14, Y+21	; 0x15
     184:	ef 92       	push	r14
     186:	00 e0       	ldi	r16, 0x00	; 0
     188:	11 e0       	ldi	r17, 0x01	; 1
     18a:	1f 93       	push	r17
     18c:	0f 93       	push	r16
     18e:	0e 94 6c 03 	call	0x6d8	; 0x6d8 <scanf>
        scanf("%"SCNd32,&x2_32);
     192:	8c 89       	ldd	r24, Y+20	; 0x14
     194:	8f 93       	push	r24
     196:	9b 89       	ldd	r25, Y+19	; 0x13
     198:	9f 93       	push	r25
     19a:	1f 93       	push	r17
     19c:	0f 93       	push	r16
     19e:	0e 94 6c 03 	call	0x6d8	; 0x6d8 <scanf>
        scanf("%"SCNd32,&y1_32);
     1a2:	fa 89       	ldd	r31, Y+18	; 0x12
     1a4:	ff 93       	push	r31
     1a6:	e9 88       	ldd	r14, Y+17	; 0x11
     1a8:	ef 92       	push	r14
     1aa:	1f 93       	push	r17
     1ac:	0f 93       	push	r16
     1ae:	0e 94 6c 03 	call	0x6d8	; 0x6d8 <scanf>
        scanf("%"SCNd32,&y2_32);
     1b2:	01 e0       	ldi	r16, 0x01	; 1
     1b4:	10 e0       	ldi	r17, 0x00	; 0
     1b6:	0c 0f       	add	r16, r28
     1b8:	1d 1f       	adc	r17, r29
     1ba:	1f 93       	push	r17
     1bc:	0f 93       	push	r16
     1be:	80 e0       	ldi	r24, 0x00	; 0
     1c0:	91 e0       	ldi	r25, 0x01	; 1
     1c2:	9f 93       	push	r25
     1c4:	8f 93       	push	r24
     1c6:	0e 94 6c 03 	call	0x6d8	; 0x6d8 <scanf>

        int64_t x64, y64;
        x64 = ((int64_t)x1_32 << 32) + (int64_t)x2_32;
     1ca:	8d 85       	ldd	r24, Y+13	; 0x0d
     1cc:	9e 85       	ldd	r25, Y+14	; 0x0e
     1ce:	af 85       	ldd	r26, Y+15	; 0x0f
     1d0:	b8 89       	ldd	r27, Y+16	; 0x10
     1d2:	6c 01       	movw	r12, r24
     1d4:	7d 01       	movw	r14, r26
     1d6:	ff 0c       	add	r15, r15
     1d8:	cc 08       	sbc	r12, r12
     1da:	dc 2c       	mov	r13, r12
     1dc:	76 01       	movw	r14, r12
     1de:	9c 01       	movw	r18, r24
     1e0:	ad 01       	movw	r20, r26
     1e2:	6c 2d       	mov	r22, r12
     1e4:	7c 2d       	mov	r23, r12
     1e6:	8c 2d       	mov	r24, r12
     1e8:	9c 2d       	mov	r25, r12
     1ea:	00 e2       	ldi	r16, 0x20	; 32
     1ec:	0e 94 fe 02 	call	0x5fc	; 0x5fc <__ashldi3>
     1f0:	49 84       	ldd	r4, Y+9	; 0x09
     1f2:	5a 84       	ldd	r5, Y+10	; 0x0a
     1f4:	6b 84       	ldd	r6, Y+11	; 0x0b
     1f6:	7c 84       	ldd	r7, Y+12	; 0x0c
     1f8:	83 01       	movw	r16, r6
     1fa:	72 01       	movw	r14, r4
     1fc:	11 0f       	add	r17, r17
     1fe:	ee 08       	sbc	r14, r14
     200:	fe 2c       	mov	r15, r14
     202:	87 01       	movw	r16, r14
     204:	ef 8a       	std	Y+23, r14	; 0x17
     206:	f8 8e       	std	Y+24, r15	; 0x18
     208:	09 8f       	std	Y+25, r16	; 0x19
     20a:	1a 8f       	std	Y+26, r17	; 0x1a
     20c:	52 01       	movw	r10, r4
     20e:	63 01       	movw	r12, r6
     210:	ef 88       	ldd	r14, Y+23	; 0x17
     212:	fe 2c       	mov	r15, r14
     214:	0e 2d       	mov	r16, r14
     216:	1e 2d       	mov	r17, r14
     218:	0e 94 35 03 	call	0x66a	; 0x66a <__adddi3>
     21c:	2f 8b       	std	Y+23, r18	; 0x17
     21e:	3b 8f       	std	Y+27, r19	; 0x1b
     220:	4c 8f       	std	Y+28, r20	; 0x1c
     222:	5d 8f       	std	Y+29, r21	; 0x1d
     224:	6e 8f       	std	Y+30, r22	; 0x1e
     226:	7f 8f       	std	Y+31, r23	; 0x1f
     228:	88 a3       	std	Y+32, r24	; 0x20
     22a:	99 a3       	std	Y+33, r25	; 0x21
        y64 = ((int64_t)y1_32 << 32) + (int64_t)y2_32;
     22c:	8d 81       	ldd	r24, Y+5	; 0x05
     22e:	9e 81       	ldd	r25, Y+6	; 0x06
     230:	af 81       	ldd	r26, Y+7	; 0x07
     232:	b8 85       	ldd	r27, Y+8	; 0x08
     234:	6c 01       	movw	r12, r24
     236:	7d 01       	movw	r14, r26
     238:	ff 0c       	add	r15, r15
     23a:	cc 08       	sbc	r12, r12
     23c:	dc 2c       	mov	r13, r12
     23e:	76 01       	movw	r14, r12
     240:	9c 01       	movw	r18, r24
     242:	ad 01       	movw	r20, r26
     244:	6c 2d       	mov	r22, r12
     246:	7c 2d       	mov	r23, r12
     248:	8c 2d       	mov	r24, r12
     24a:	9c 2d       	mov	r25, r12
     24c:	00 e2       	ldi	r16, 0x20	; 32
     24e:	0e 94 fe 02 	call	0x5fc	; 0x5fc <__ashldi3>
     252:	e9 80       	ldd	r14, Y+1	; 0x01
     254:	fa 80       	ldd	r15, Y+2	; 0x02
     256:	0b 81       	ldd	r16, Y+3	; 0x03
     258:	1c 81       	ldd	r17, Y+4	; 0x04
     25a:	27 01       	movw	r4, r14
     25c:	38 01       	movw	r6, r16
     25e:	77 0c       	add	r7, r7
     260:	44 08       	sbc	r4, r4
     262:	54 2c       	mov	r5, r4
     264:	32 01       	movw	r6, r4
     266:	57 01       	movw	r10, r14
     268:	68 01       	movw	r12, r16
     26a:	e4 2c       	mov	r14, r4
     26c:	f4 2c       	mov	r15, r4
     26e:	04 2d       	mov	r16, r4
     270:	14 2d       	mov	r17, r4
     272:	0e 94 35 03 	call	0x66a	; 0x66a <__adddi3>
     276:	19 01       	movw	r2, r18
     278:	2a 01       	movw	r4, r20
     27a:	3b 01       	movw	r6, r22
     27c:	4c 01       	movw	r8, r24

        int64_t sum = x64 + y64;
     27e:	2f 89       	ldd	r18, Y+23	; 0x17
     280:	3b 8d       	ldd	r19, Y+27	; 0x1b
     282:	4c 8d       	ldd	r20, Y+28	; 0x1c
     284:	5d 8d       	ldd	r21, Y+29	; 0x1d
     286:	6e 8d       	ldd	r22, Y+30	; 0x1e
     288:	7f 8d       	ldd	r23, Y+31	; 0x1f
     28a:	88 a1       	ldd	r24, Y+32	; 0x20
     28c:	99 a1       	ldd	r25, Y+33	; 0x21
     28e:	51 01       	movw	r10, r2
     290:	62 01       	movw	r12, r4
     292:	73 01       	movw	r14, r6
     294:	84 01       	movw	r16, r8
     296:	0e 94 35 03 	call	0x66a	; 0x66a <__adddi3>
        printf("Wynik operacji %c:\t%"PRId32 " %"PRId32"\r\n",'+',(int32_t)(sum>>32),(int32_t)sum);
     29a:	5f 93       	push	r21
     29c:	4f 93       	push	r20
     29e:	3f 93       	push	r19
     2a0:	2f 93       	push	r18
     2a2:	00 e2       	ldi	r16, 0x20	; 32
     2a4:	0e 94 17 03 	call	0x62e	; 0x62e <__ashrdi3>
     2a8:	5f 93       	push	r21
     2aa:	4f 93       	push	r20
     2ac:	3f 93       	push	r19
     2ae:	2f 93       	push	r18
     2b0:	1f 92       	push	r1
     2b2:	bb e2       	ldi	r27, 0x2B	; 43
     2b4:	fb 2e       	mov	r15, r27
     2b6:	ff 92       	push	r15
     2b8:	04 e0       	ldi	r16, 0x04	; 4
     2ba:	11 e0       	ldi	r17, 0x01	; 1
     2bc:	1f 93       	push	r17
     2be:	0f 93       	push	r16
     2c0:	0e 94 56 03 	call	0x6ac	; 0x6ac <printf>
        int64_t sub = x64 - y64;
     2c4:	2f 89       	ldd	r18, Y+23	; 0x17
     2c6:	3b 8d       	ldd	r19, Y+27	; 0x1b
     2c8:	4c 8d       	ldd	r20, Y+28	; 0x1c
     2ca:	5d 8d       	ldd	r21, Y+29	; 0x1d
     2cc:	6e 8d       	ldd	r22, Y+30	; 0x1e
     2ce:	7f 8d       	ldd	r23, Y+31	; 0x1f
     2d0:	88 a1       	ldd	r24, Y+32	; 0x20
     2d2:	99 a1       	ldd	r25, Y+33	; 0x21
     2d4:	f7 2c       	mov	r15, r7
     2d6:	84 01       	movw	r16, r8
     2d8:	0e 94 3e 03 	call	0x67c	; 0x67c <__subdi3>
        printf("Wynik operacji %c:\t%"PRId32 " %"PRId32"\r\n",'-',(int32_t)(sub>>32),(int32_t)sub);
     2dc:	5f 93       	push	r21
     2de:	4f 93       	push	r20
     2e0:	3f 93       	push	r19
     2e2:	2f 93       	push	r18
     2e4:	00 e2       	ldi	r16, 0x20	; 32
     2e6:	0e 94 17 03 	call	0x62e	; 0x62e <__ashrdi3>
     2ea:	5f 93       	push	r21
     2ec:	4f 93       	push	r20
     2ee:	3f 93       	push	r19
     2f0:	2f 93       	push	r18
     2f2:	1f 92       	push	r1
     2f4:	8d e2       	ldi	r24, 0x2D	; 45
     2f6:	8f 93       	push	r24
     2f8:	e4 e0       	ldi	r30, 0x04	; 4
     2fa:	f1 e0       	ldi	r31, 0x01	; 1
     2fc:	ff 93       	push	r31
     2fe:	ef 93       	push	r30
     300:	0e 94 56 03 	call	0x6ac	; 0x6ac <printf>
        int64_t mult = x64 * y64;
     304:	e6 2c       	mov	r14, r6
     306:	08 2d       	mov	r16, r8
     308:	2f 89       	ldd	r18, Y+23	; 0x17
     30a:	3b 8d       	ldd	r19, Y+27	; 0x1b
     30c:	4c 8d       	ldd	r20, Y+28	; 0x1c
     30e:	5d 8d       	ldd	r21, Y+29	; 0x1d
     310:	6e 8d       	ldd	r22, Y+30	; 0x1e
     312:	7f 8d       	ldd	r23, Y+31	; 0x1f
     314:	88 a1       	ldd	r24, Y+32	; 0x20
     316:	99 a1       	ldd	r25, Y+33	; 0x21
     318:	0e 94 ce 01 	call	0x39c	; 0x39c <__muldi3>
        printf("Wynik operacji %c:\t%"PRId32 " %"PRId32"\r\n",'*',(int32_t)(mult>>32),(int32_t)mult);
     31c:	0f b6       	in	r0, 0x3f	; 63
     31e:	f8 94       	cli
     320:	de bf       	out	0x3e, r29	; 62
     322:	0f be       	out	0x3f, r0	; 63
     324:	cd bf       	out	0x3d, r28	; 61
     326:	5f 93       	push	r21
     328:	4f 93       	push	r20
     32a:	3f 93       	push	r19
     32c:	2f 93       	push	r18
     32e:	00 e2       	ldi	r16, 0x20	; 32
     330:	0e 94 17 03 	call	0x62e	; 0x62e <__ashrdi3>
     334:	5f 93       	push	r21
     336:	4f 93       	push	r20
     338:	3f 93       	push	r19
     33a:	2f 93       	push	r18
     33c:	1f 92       	push	r1
     33e:	1a e2       	ldi	r17, 0x2A	; 42
     340:	1f 93       	push	r17
     342:	84 e0       	ldi	r24, 0x04	; 4
     344:	91 e0       	ldi	r25, 0x01	; 1
     346:	9f 93       	push	r25
     348:	8f 93       	push	r24
     34a:	0e 94 56 03 	call	0x6ac	; 0x6ac <printf>
        int64_t div = x64 / y64;
     34e:	84 01       	movw	r16, r8
     350:	2f 89       	ldd	r18, Y+23	; 0x17
     352:	3b 8d       	ldd	r19, Y+27	; 0x1b
     354:	4c 8d       	ldd	r20, Y+28	; 0x1c
     356:	5d 8d       	ldd	r21, Y+29	; 0x1d
     358:	6e 8d       	ldd	r22, Y+30	; 0x1e
     35a:	7f 8d       	ldd	r23, Y+31	; 0x1f
     35c:	88 a1       	ldd	r24, Y+32	; 0x20
     35e:	99 a1       	ldd	r25, Y+33	; 0x21
     360:	0e 94 29 02 	call	0x452	; 0x452 <__divdi3>
        printf("Wynik operacji %c:\t%"PRId32 " %"PRId32"\r\n",'/',(int32_t)(div>>32),(int32_t)div);
     364:	5f 93       	push	r21
     366:	4f 93       	push	r20
     368:	3f 93       	push	r19
     36a:	2f 93       	push	r18
     36c:	00 e2       	ldi	r16, 0x20	; 32
     36e:	0e 94 17 03 	call	0x62e	; 0x62e <__ashrdi3>
     372:	5f 93       	push	r21
     374:	4f 93       	push	r20
     376:	3f 93       	push	r19
     378:	2f 93       	push	r18
     37a:	1f 92       	push	r1
     37c:	ff e2       	ldi	r31, 0x2F	; 47
     37e:	ff 93       	push	r31
     380:	14 e0       	ldi	r17, 0x04	; 4
     382:	e1 2e       	mov	r14, r17
     384:	11 e0       	ldi	r17, 0x01	; 1
     386:	f1 2e       	mov	r15, r17
     388:	ff 92       	push	r15
     38a:	ef 92       	push	r14
     38c:	0e 94 56 03 	call	0x6ac	; 0x6ac <printf>
     390:	0f b6       	in	r0, 0x3f	; 63
     392:	f8 94       	cli
     394:	de bf       	out	0x3e, r29	; 62
     396:	0f be       	out	0x3f, r0	; 63
     398:	cd bf       	out	0x3d, r28	; 61
     39a:	f1 ce       	rjmp	.-542    	; 0x17e <main+0x8c>

0000039c <__muldi3>:
     39c:	df 93       	push	r29
     39e:	cf 93       	push	r28
     3a0:	1f 93       	push	r17
     3a2:	0f 93       	push	r16
     3a4:	9a 9d       	mul	r25, r10
     3a6:	f0 2d       	mov	r31, r0
     3a8:	21 9f       	mul	r18, r17
     3aa:	f0 0d       	add	r31, r0
     3ac:	8b 9d       	mul	r24, r11
     3ae:	f0 0d       	add	r31, r0
     3b0:	8a 9d       	mul	r24, r10
     3b2:	e0 2d       	mov	r30, r0
     3b4:	f1 0d       	add	r31, r1
     3b6:	03 9f       	mul	r16, r19
     3b8:	f0 0d       	add	r31, r0
     3ba:	02 9f       	mul	r16, r18
     3bc:	e0 0d       	add	r30, r0
     3be:	f1 1d       	adc	r31, r1
     3c0:	4e 9d       	mul	r20, r14
     3c2:	e0 0d       	add	r30, r0
     3c4:	f1 1d       	adc	r31, r1
     3c6:	5e 9d       	mul	r21, r14
     3c8:	f0 0d       	add	r31, r0
     3ca:	4f 9d       	mul	r20, r15
     3cc:	f0 0d       	add	r31, r0
     3ce:	7f 93       	push	r23
     3d0:	6f 93       	push	r22
     3d2:	bf 92       	push	r11
     3d4:	af 92       	push	r10
     3d6:	5f 93       	push	r21
     3d8:	4f 93       	push	r20
     3da:	d5 01       	movw	r26, r10
     3dc:	0e 94 47 03 	call	0x68e	; 0x68e <__umulhisi3>
     3e0:	8b 01       	movw	r16, r22
     3e2:	ac 01       	movw	r20, r24
     3e4:	d7 01       	movw	r26, r14
     3e6:	0e 94 47 03 	call	0x68e	; 0x68e <__umulhisi3>
     3ea:	eb 01       	movw	r28, r22
     3ec:	e8 0f       	add	r30, r24
     3ee:	f9 1f       	adc	r31, r25
     3f0:	d6 01       	movw	r26, r12
     3f2:	0e 94 1e 02 	call	0x43c	; 0x43c <__muldi3_6>
     3f6:	2f 91       	pop	r18
     3f8:	3f 91       	pop	r19
     3fa:	d6 01       	movw	r26, r12
     3fc:	0e 94 47 03 	call	0x68e	; 0x68e <__umulhisi3>
     400:	c6 0f       	add	r28, r22
     402:	d7 1f       	adc	r29, r23
     404:	e8 1f       	adc	r30, r24
     406:	f9 1f       	adc	r31, r25
     408:	af 91       	pop	r26
     40a:	bf 91       	pop	r27
     40c:	0e 94 1e 02 	call	0x43c	; 0x43c <__muldi3_6>
     410:	2f 91       	pop	r18
     412:	3f 91       	pop	r19
     414:	0e 94 47 03 	call	0x68e	; 0x68e <__umulhisi3>
     418:	c6 0f       	add	r28, r22
     41a:	d7 1f       	adc	r29, r23
     41c:	e8 1f       	adc	r30, r24
     41e:	f9 1f       	adc	r31, r25
     420:	d6 01       	movw	r26, r12
     422:	0e 94 47 03 	call	0x68e	; 0x68e <__umulhisi3>
     426:	e6 0f       	add	r30, r22
     428:	f7 1f       	adc	r31, r23
     42a:	98 01       	movw	r18, r16
     42c:	be 01       	movw	r22, r28
     42e:	cf 01       	movw	r24, r30
     430:	11 24       	eor	r1, r1
     432:	0f 91       	pop	r16
     434:	1f 91       	pop	r17
     436:	cf 91       	pop	r28
     438:	df 91       	pop	r29
     43a:	08 95       	ret

0000043c <__muldi3_6>:
     43c:	0e 94 47 03 	call	0x68e	; 0x68e <__umulhisi3>
     440:	46 0f       	add	r20, r22
     442:	57 1f       	adc	r21, r23
     444:	c8 1f       	adc	r28, r24
     446:	d9 1f       	adc	r29, r25
     448:	08 f4       	brcc	.+2      	; 0x44c <__muldi3_6+0x10>
     44a:	31 96       	adiw	r30, 0x01	; 1
     44c:	08 95       	ret

0000044e <__moddi3>:
     44e:	68 94       	set
     450:	01 c0       	rjmp	.+2      	; 0x454 <__divdi3_moddi3>

00000452 <__divdi3>:
     452:	e8 94       	clt

00000454 <__divdi3_moddi3>:
     454:	f9 2f       	mov	r31, r25
     456:	f1 2b       	or	r31, r17
     458:	12 f0       	brmi	.+4      	; 0x45e <__divdi3_moddi3+0xa>
     45a:	0c 94 5b 02 	jmp	0x4b6	; 0x4b6 <__udivdi3_umoddi3>
     45e:	a0 e0       	ldi	r26, 0x00	; 0
     460:	b0 e0       	ldi	r27, 0x00	; 0
     462:	e5 e3       	ldi	r30, 0x35	; 53
     464:	f2 e0       	ldi	r31, 0x02	; 2
     466:	0c 94 cd 02 	jmp	0x59a	; 0x59a <__prologue_saves__+0xc>
     46a:	09 2e       	mov	r0, r25
     46c:	05 94       	asr	r0
     46e:	22 f4       	brpl	.+8      	; 0x478 <__divdi3_moddi3+0x24>
     470:	0e 94 b7 02 	call	0x56e	; 0x56e <__negdi2>
     474:	11 23       	and	r17, r17
     476:	92 f4       	brpl	.+36     	; 0x49c <__divdi3_moddi3+0x48>
     478:	f0 e8       	ldi	r31, 0x80	; 128
     47a:	0f 26       	eor	r0, r31
     47c:	ff ef       	ldi	r31, 0xFF	; 255
     47e:	e0 94       	com	r14
     480:	f0 94       	com	r15
     482:	00 95       	com	r16
     484:	10 95       	com	r17
     486:	b0 94       	com	r11
     488:	c0 94       	com	r12
     48a:	d0 94       	com	r13
     48c:	a1 94       	neg	r10
     48e:	bf 0a       	sbc	r11, r31
     490:	cf 0a       	sbc	r12, r31
     492:	df 0a       	sbc	r13, r31
     494:	ef 0a       	sbc	r14, r31
     496:	ff 0a       	sbc	r15, r31
     498:	0f 0b       	sbc	r16, r31
     49a:	1f 0b       	sbc	r17, r31
     49c:	0e 94 66 02 	call	0x4cc	; 0x4cc <__udivmod64>
     4a0:	07 fc       	sbrc	r0, 7
     4a2:	0e 94 b7 02 	call	0x56e	; 0x56e <__negdi2>
     4a6:	cd b7       	in	r28, 0x3d	; 61
     4a8:	de b7       	in	r29, 0x3e	; 62
     4aa:	ec e0       	ldi	r30, 0x0C	; 12
     4ac:	0c 94 e9 02 	jmp	0x5d2	; 0x5d2 <__epilogue_restores__+0xc>

000004b0 <__umoddi3>:
     4b0:	68 94       	set
     4b2:	01 c0       	rjmp	.+2      	; 0x4b6 <__udivdi3_umoddi3>

000004b4 <__udivdi3>:
     4b4:	e8 94       	clt

000004b6 <__udivdi3_umoddi3>:
     4b6:	8f 92       	push	r8
     4b8:	9f 92       	push	r9
     4ba:	cf 93       	push	r28
     4bc:	df 93       	push	r29
     4be:	0e 94 66 02 	call	0x4cc	; 0x4cc <__udivmod64>
     4c2:	df 91       	pop	r29
     4c4:	cf 91       	pop	r28
     4c6:	9f 90       	pop	r9
     4c8:	8f 90       	pop	r8
     4ca:	08 95       	ret

000004cc <__udivmod64>:
     4cc:	88 24       	eor	r8, r8
     4ce:	99 24       	eor	r9, r9
     4d0:	f4 01       	movw	r30, r8
     4d2:	e4 01       	movw	r28, r8
     4d4:	b0 e4       	ldi	r27, 0x40	; 64
     4d6:	9f 93       	push	r25
     4d8:	aa 27       	eor	r26, r26
     4da:	9a 15       	cp	r25, r10
     4dc:	8b 04       	cpc	r8, r11
     4de:	9c 04       	cpc	r9, r12
     4e0:	ed 05       	cpc	r30, r13
     4e2:	fe 05       	cpc	r31, r14
     4e4:	cf 05       	cpc	r28, r15
     4e6:	d0 07       	cpc	r29, r16
     4e8:	a1 07       	cpc	r26, r17
     4ea:	98 f4       	brcc	.+38     	; 0x512 <__udivmod64+0x46>
     4ec:	ad 2f       	mov	r26, r29
     4ee:	dc 2f       	mov	r29, r28
     4f0:	cf 2f       	mov	r28, r31
     4f2:	fe 2f       	mov	r31, r30
     4f4:	e9 2d       	mov	r30, r9
     4f6:	98 2c       	mov	r9, r8
     4f8:	89 2e       	mov	r8, r25
     4fa:	98 2f       	mov	r25, r24
     4fc:	87 2f       	mov	r24, r23
     4fe:	76 2f       	mov	r23, r22
     500:	65 2f       	mov	r22, r21
     502:	54 2f       	mov	r21, r20
     504:	43 2f       	mov	r20, r19
     506:	32 2f       	mov	r19, r18
     508:	22 27       	eor	r18, r18
     50a:	b8 50       	subi	r27, 0x08	; 8
     50c:	31 f7       	brne	.-52     	; 0x4da <__udivmod64+0xe>
     50e:	bf 91       	pop	r27
     510:	27 c0       	rjmp	.+78     	; 0x560 <__udivmod64+0x94>
     512:	1b 2e       	mov	r1, r27
     514:	bf 91       	pop	r27
     516:	bb 27       	eor	r27, r27
     518:	22 0f       	add	r18, r18
     51a:	33 1f       	adc	r19, r19
     51c:	44 1f       	adc	r20, r20
     51e:	55 1f       	adc	r21, r21
     520:	66 1f       	adc	r22, r22
     522:	77 1f       	adc	r23, r23
     524:	88 1f       	adc	r24, r24
     526:	99 1f       	adc	r25, r25
     528:	88 1c       	adc	r8, r8
     52a:	99 1c       	adc	r9, r9
     52c:	ee 1f       	adc	r30, r30
     52e:	ff 1f       	adc	r31, r31
     530:	cc 1f       	adc	r28, r28
     532:	dd 1f       	adc	r29, r29
     534:	aa 1f       	adc	r26, r26
     536:	bb 1f       	adc	r27, r27
     538:	8a 14       	cp	r8, r10
     53a:	9b 04       	cpc	r9, r11
     53c:	ec 05       	cpc	r30, r12
     53e:	fd 05       	cpc	r31, r13
     540:	ce 05       	cpc	r28, r14
     542:	df 05       	cpc	r29, r15
     544:	a0 07       	cpc	r26, r16
     546:	b1 07       	cpc	r27, r17
     548:	48 f0       	brcs	.+18     	; 0x55c <__udivmod64+0x90>
     54a:	8a 18       	sub	r8, r10
     54c:	9b 08       	sbc	r9, r11
     54e:	ec 09       	sbc	r30, r12
     550:	fd 09       	sbc	r31, r13
     552:	ce 09       	sbc	r28, r14
     554:	df 09       	sbc	r29, r15
     556:	a0 0b       	sbc	r26, r16
     558:	b1 0b       	sbc	r27, r17
     55a:	21 60       	ori	r18, 0x01	; 1
     55c:	1a 94       	dec	r1
     55e:	e1 f6       	brne	.-72     	; 0x518 <__udivmod64+0x4c>
     560:	2e f4       	brtc	.+10     	; 0x56c <__udivmod64+0xa0>
     562:	94 01       	movw	r18, r8
     564:	af 01       	movw	r20, r30
     566:	be 01       	movw	r22, r28
     568:	cd 01       	movw	r24, r26
     56a:	00 0c       	add	r0, r0
     56c:	08 95       	ret

0000056e <__negdi2>:
     56e:	60 95       	com	r22
     570:	70 95       	com	r23
     572:	80 95       	com	r24
     574:	90 95       	com	r25
     576:	30 95       	com	r19
     578:	40 95       	com	r20
     57a:	50 95       	com	r21
     57c:	21 95       	neg	r18
     57e:	3f 4f       	sbci	r19, 0xFF	; 255
     580:	4f 4f       	sbci	r20, 0xFF	; 255
     582:	5f 4f       	sbci	r21, 0xFF	; 255
     584:	6f 4f       	sbci	r22, 0xFF	; 255
     586:	7f 4f       	sbci	r23, 0xFF	; 255
     588:	8f 4f       	sbci	r24, 0xFF	; 255
     58a:	9f 4f       	sbci	r25, 0xFF	; 255
     58c:	08 95       	ret

0000058e <__prologue_saves__>:
     58e:	2f 92       	push	r2
     590:	3f 92       	push	r3
     592:	4f 92       	push	r4
     594:	5f 92       	push	r5
     596:	6f 92       	push	r6
     598:	7f 92       	push	r7
     59a:	8f 92       	push	r8
     59c:	9f 92       	push	r9
     59e:	af 92       	push	r10
     5a0:	bf 92       	push	r11
     5a2:	cf 92       	push	r12
     5a4:	df 92       	push	r13
     5a6:	ef 92       	push	r14
     5a8:	ff 92       	push	r15
     5aa:	0f 93       	push	r16
     5ac:	1f 93       	push	r17
     5ae:	cf 93       	push	r28
     5b0:	df 93       	push	r29
     5b2:	cd b7       	in	r28, 0x3d	; 61
     5b4:	de b7       	in	r29, 0x3e	; 62
     5b6:	ca 1b       	sub	r28, r26
     5b8:	db 0b       	sbc	r29, r27
     5ba:	0f b6       	in	r0, 0x3f	; 63
     5bc:	f8 94       	cli
     5be:	de bf       	out	0x3e, r29	; 62
     5c0:	0f be       	out	0x3f, r0	; 63
     5c2:	cd bf       	out	0x3d, r28	; 61
     5c4:	09 94       	ijmp

000005c6 <__epilogue_restores__>:
     5c6:	2a 88       	ldd	r2, Y+18	; 0x12
     5c8:	39 88       	ldd	r3, Y+17	; 0x11
     5ca:	48 88       	ldd	r4, Y+16	; 0x10
     5cc:	5f 84       	ldd	r5, Y+15	; 0x0f
     5ce:	6e 84       	ldd	r6, Y+14	; 0x0e
     5d0:	7d 84       	ldd	r7, Y+13	; 0x0d
     5d2:	8c 84       	ldd	r8, Y+12	; 0x0c
     5d4:	9b 84       	ldd	r9, Y+11	; 0x0b
     5d6:	aa 84       	ldd	r10, Y+10	; 0x0a
     5d8:	b9 84       	ldd	r11, Y+9	; 0x09
     5da:	c8 84       	ldd	r12, Y+8	; 0x08
     5dc:	df 80       	ldd	r13, Y+7	; 0x07
     5de:	ee 80       	ldd	r14, Y+6	; 0x06
     5e0:	fd 80       	ldd	r15, Y+5	; 0x05
     5e2:	0c 81       	ldd	r16, Y+4	; 0x04
     5e4:	1b 81       	ldd	r17, Y+3	; 0x03
     5e6:	aa 81       	ldd	r26, Y+2	; 0x02
     5e8:	b9 81       	ldd	r27, Y+1	; 0x01
     5ea:	ce 0f       	add	r28, r30
     5ec:	d1 1d       	adc	r29, r1
     5ee:	0f b6       	in	r0, 0x3f	; 63
     5f0:	f8 94       	cli
     5f2:	de bf       	out	0x3e, r29	; 62
     5f4:	0f be       	out	0x3f, r0	; 63
     5f6:	cd bf       	out	0x3d, r28	; 61
     5f8:	ed 01       	movw	r28, r26
     5fa:	08 95       	ret

000005fc <__ashldi3>:
     5fc:	0f 93       	push	r16
     5fe:	08 30       	cpi	r16, 0x08	; 8
     600:	90 f0       	brcs	.+36     	; 0x626 <__ashldi3+0x2a>
     602:	98 2f       	mov	r25, r24
     604:	87 2f       	mov	r24, r23
     606:	76 2f       	mov	r23, r22
     608:	65 2f       	mov	r22, r21
     60a:	54 2f       	mov	r21, r20
     60c:	43 2f       	mov	r20, r19
     60e:	32 2f       	mov	r19, r18
     610:	22 27       	eor	r18, r18
     612:	08 50       	subi	r16, 0x08	; 8
     614:	f4 cf       	rjmp	.-24     	; 0x5fe <__ashldi3+0x2>
     616:	22 0f       	add	r18, r18
     618:	33 1f       	adc	r19, r19
     61a:	44 1f       	adc	r20, r20
     61c:	55 1f       	adc	r21, r21
     61e:	66 1f       	adc	r22, r22
     620:	77 1f       	adc	r23, r23
     622:	88 1f       	adc	r24, r24
     624:	99 1f       	adc	r25, r25
     626:	0a 95       	dec	r16
     628:	b2 f7       	brpl	.-20     	; 0x616 <__ashldi3+0x1a>
     62a:	0f 91       	pop	r16
     62c:	08 95       	ret

0000062e <__ashrdi3>:
     62e:	97 fb       	bst	r25, 7
     630:	10 f8       	bld	r1, 0

00000632 <__lshrdi3>:
     632:	16 94       	lsr	r1
     634:	00 08       	sbc	r0, r0
     636:	0f 93       	push	r16
     638:	08 30       	cpi	r16, 0x08	; 8
     63a:	98 f0       	brcs	.+38     	; 0x662 <__lshrdi3+0x30>
     63c:	08 50       	subi	r16, 0x08	; 8
     63e:	23 2f       	mov	r18, r19
     640:	34 2f       	mov	r19, r20
     642:	45 2f       	mov	r20, r21
     644:	56 2f       	mov	r21, r22
     646:	67 2f       	mov	r22, r23
     648:	78 2f       	mov	r23, r24
     64a:	89 2f       	mov	r24, r25
     64c:	90 2d       	mov	r25, r0
     64e:	f4 cf       	rjmp	.-24     	; 0x638 <__lshrdi3+0x6>
     650:	05 94       	asr	r0
     652:	97 95       	ror	r25
     654:	87 95       	ror	r24
     656:	77 95       	ror	r23
     658:	67 95       	ror	r22
     65a:	57 95       	ror	r21
     65c:	47 95       	ror	r20
     65e:	37 95       	ror	r19
     660:	27 95       	ror	r18
     662:	0a 95       	dec	r16
     664:	aa f7       	brpl	.-22     	; 0x650 <__lshrdi3+0x1e>
     666:	0f 91       	pop	r16
     668:	08 95       	ret

0000066a <__adddi3>:
     66a:	2a 0d       	add	r18, r10
     66c:	3b 1d       	adc	r19, r11
     66e:	4c 1d       	adc	r20, r12
     670:	5d 1d       	adc	r21, r13
     672:	6e 1d       	adc	r22, r14
     674:	7f 1d       	adc	r23, r15
     676:	80 1f       	adc	r24, r16
     678:	91 1f       	adc	r25, r17
     67a:	08 95       	ret

0000067c <__subdi3>:
     67c:	2a 19       	sub	r18, r10
     67e:	3b 09       	sbc	r19, r11
     680:	4c 09       	sbc	r20, r12
     682:	5d 09       	sbc	r21, r13
     684:	6e 09       	sbc	r22, r14
     686:	7f 09       	sbc	r23, r15
     688:	80 0b       	sbc	r24, r16
     68a:	91 0b       	sbc	r25, r17
     68c:	08 95       	ret

0000068e <__umulhisi3>:
     68e:	a2 9f       	mul	r26, r18
     690:	b0 01       	movw	r22, r0
     692:	b3 9f       	mul	r27, r19
     694:	c0 01       	movw	r24, r0
     696:	a3 9f       	mul	r26, r19
     698:	70 0d       	add	r23, r0
     69a:	81 1d       	adc	r24, r1
     69c:	11 24       	eor	r1, r1
     69e:	91 1d       	adc	r25, r1
     6a0:	b2 9f       	mul	r27, r18
     6a2:	70 0d       	add	r23, r0
     6a4:	81 1d       	adc	r24, r1
     6a6:	11 24       	eor	r1, r1
     6a8:	91 1d       	adc	r25, r1
     6aa:	08 95       	ret

000006ac <printf>:
     6ac:	a0 e0       	ldi	r26, 0x00	; 0
     6ae:	b0 e0       	ldi	r27, 0x00	; 0
     6b0:	ec e5       	ldi	r30, 0x5C	; 92
     6b2:	f3 e0       	ldi	r31, 0x03	; 3
     6b4:	0c 94 d7 02 	jmp	0x5ae	; 0x5ae <__prologue_saves__+0x20>
     6b8:	ae 01       	movw	r20, r28
     6ba:	4b 5f       	subi	r20, 0xFB	; 251
     6bc:	5f 4f       	sbci	r21, 0xFF	; 255
     6be:	fa 01       	movw	r30, r20
     6c0:	61 91       	ld	r22, Z+
     6c2:	71 91       	ld	r23, Z+
     6c4:	af 01       	movw	r20, r30
     6c6:	80 91 32 01 	lds	r24, 0x0132	; 0x800132 <__iob+0x2>
     6ca:	90 91 33 01 	lds	r25, 0x0133	; 0x800133 <__iob+0x3>
     6ce:	0e 94 82 03 	call	0x704	; 0x704 <vfprintf>
     6d2:	e2 e0       	ldi	r30, 0x02	; 2
     6d4:	0c 94 f3 02 	jmp	0x5e6	; 0x5e6 <__epilogue_restores__+0x20>

000006d8 <scanf>:
     6d8:	a0 e0       	ldi	r26, 0x00	; 0
     6da:	b0 e0       	ldi	r27, 0x00	; 0
     6dc:	e2 e7       	ldi	r30, 0x72	; 114
     6de:	f3 e0       	ldi	r31, 0x03	; 3
     6e0:	0c 94 d7 02 	jmp	0x5ae	; 0x5ae <__prologue_saves__+0x20>
     6e4:	ae 01       	movw	r20, r28
     6e6:	4b 5f       	subi	r20, 0xFB	; 251
     6e8:	5f 4f       	sbci	r21, 0xFF	; 255
     6ea:	fa 01       	movw	r30, r20
     6ec:	61 91       	ld	r22, Z+
     6ee:	71 91       	ld	r23, Z+
     6f0:	af 01       	movw	r20, r30
     6f2:	80 91 30 01 	lds	r24, 0x0130	; 0x800130 <__iob>
     6f6:	90 91 31 01 	lds	r25, 0x0131	; 0x800131 <__iob+0x1>
     6fa:	0e 94 ff 06 	call	0xdfe	; 0xdfe <vfscanf>
     6fe:	e2 e0       	ldi	r30, 0x02	; 2
     700:	0c 94 f3 02 	jmp	0x5e6	; 0x5e6 <__epilogue_restores__+0x20>

00000704 <vfprintf>:
     704:	ab e0       	ldi	r26, 0x0B	; 11
     706:	b0 e0       	ldi	r27, 0x00	; 0
     708:	e8 e8       	ldi	r30, 0x88	; 136
     70a:	f3 e0       	ldi	r31, 0x03	; 3
     70c:	0c 94 c7 02 	jmp	0x58e	; 0x58e <__prologue_saves__>
     710:	6c 01       	movw	r12, r24
     712:	7b 01       	movw	r14, r22
     714:	8a 01       	movw	r16, r20
     716:	fc 01       	movw	r30, r24
     718:	17 82       	std	Z+7, r1	; 0x07
     71a:	16 82       	std	Z+6, r1	; 0x06
     71c:	83 81       	ldd	r24, Z+3	; 0x03
     71e:	81 ff       	sbrs	r24, 1
     720:	cc c1       	rjmp	.+920    	; 0xaba <__stack+0x1bb>
     722:	ce 01       	movw	r24, r28
     724:	01 96       	adiw	r24, 0x01	; 1
     726:	3c 01       	movw	r6, r24
     728:	f6 01       	movw	r30, r12
     72a:	93 81       	ldd	r25, Z+3	; 0x03
     72c:	f7 01       	movw	r30, r14
     72e:	93 fd       	sbrc	r25, 3
     730:	85 91       	lpm	r24, Z+
     732:	93 ff       	sbrs	r25, 3
     734:	81 91       	ld	r24, Z+
     736:	7f 01       	movw	r14, r30
     738:	88 23       	and	r24, r24
     73a:	09 f4       	brne	.+2      	; 0x73e <vfprintf+0x3a>
     73c:	ba c1       	rjmp	.+884    	; 0xab2 <__stack+0x1b3>
     73e:	85 32       	cpi	r24, 0x25	; 37
     740:	39 f4       	brne	.+14     	; 0x750 <vfprintf+0x4c>
     742:	93 fd       	sbrc	r25, 3
     744:	85 91       	lpm	r24, Z+
     746:	93 ff       	sbrs	r25, 3
     748:	81 91       	ld	r24, Z+
     74a:	7f 01       	movw	r14, r30
     74c:	85 32       	cpi	r24, 0x25	; 37
     74e:	29 f4       	brne	.+10     	; 0x75a <vfprintf+0x56>
     750:	b6 01       	movw	r22, r12
     752:	90 e0       	ldi	r25, 0x00	; 0
     754:	0e 94 78 08 	call	0x10f0	; 0x10f0 <fputc>
     758:	e7 cf       	rjmp	.-50     	; 0x728 <vfprintf+0x24>
     75a:	91 2c       	mov	r9, r1
     75c:	21 2c       	mov	r2, r1
     75e:	31 2c       	mov	r3, r1
     760:	ff e1       	ldi	r31, 0x1F	; 31
     762:	f3 15       	cp	r31, r3
     764:	d8 f0       	brcs	.+54     	; 0x79c <vfprintf+0x98>
     766:	8b 32       	cpi	r24, 0x2B	; 43
     768:	79 f0       	breq	.+30     	; 0x788 <vfprintf+0x84>
     76a:	38 f4       	brcc	.+14     	; 0x77a <vfprintf+0x76>
     76c:	80 32       	cpi	r24, 0x20	; 32
     76e:	79 f0       	breq	.+30     	; 0x78e <vfprintf+0x8a>
     770:	83 32       	cpi	r24, 0x23	; 35
     772:	a1 f4       	brne	.+40     	; 0x79c <vfprintf+0x98>
     774:	23 2d       	mov	r18, r3
     776:	20 61       	ori	r18, 0x10	; 16
     778:	1d c0       	rjmp	.+58     	; 0x7b4 <vfprintf+0xb0>
     77a:	8d 32       	cpi	r24, 0x2D	; 45
     77c:	61 f0       	breq	.+24     	; 0x796 <vfprintf+0x92>
     77e:	80 33       	cpi	r24, 0x30	; 48
     780:	69 f4       	brne	.+26     	; 0x79c <vfprintf+0x98>
     782:	23 2d       	mov	r18, r3
     784:	21 60       	ori	r18, 0x01	; 1
     786:	16 c0       	rjmp	.+44     	; 0x7b4 <vfprintf+0xb0>
     788:	83 2d       	mov	r24, r3
     78a:	82 60       	ori	r24, 0x02	; 2
     78c:	38 2e       	mov	r3, r24
     78e:	e3 2d       	mov	r30, r3
     790:	e4 60       	ori	r30, 0x04	; 4
     792:	3e 2e       	mov	r3, r30
     794:	2a c0       	rjmp	.+84     	; 0x7ea <vfprintf+0xe6>
     796:	f3 2d       	mov	r31, r3
     798:	f8 60       	ori	r31, 0x08	; 8
     79a:	1d c0       	rjmp	.+58     	; 0x7d6 <vfprintf+0xd2>
     79c:	37 fc       	sbrc	r3, 7
     79e:	2d c0       	rjmp	.+90     	; 0x7fa <vfprintf+0xf6>
     7a0:	20 ed       	ldi	r18, 0xD0	; 208
     7a2:	28 0f       	add	r18, r24
     7a4:	2a 30       	cpi	r18, 0x0A	; 10
     7a6:	40 f0       	brcs	.+16     	; 0x7b8 <vfprintf+0xb4>
     7a8:	8e 32       	cpi	r24, 0x2E	; 46
     7aa:	b9 f4       	brne	.+46     	; 0x7da <vfprintf+0xd6>
     7ac:	36 fc       	sbrc	r3, 6
     7ae:	81 c1       	rjmp	.+770    	; 0xab2 <__stack+0x1b3>
     7b0:	23 2d       	mov	r18, r3
     7b2:	20 64       	ori	r18, 0x40	; 64
     7b4:	32 2e       	mov	r3, r18
     7b6:	19 c0       	rjmp	.+50     	; 0x7ea <vfprintf+0xe6>
     7b8:	36 fe       	sbrs	r3, 6
     7ba:	06 c0       	rjmp	.+12     	; 0x7c8 <vfprintf+0xc4>
     7bc:	8a e0       	ldi	r24, 0x0A	; 10
     7be:	98 9e       	mul	r9, r24
     7c0:	20 0d       	add	r18, r0
     7c2:	11 24       	eor	r1, r1
     7c4:	92 2e       	mov	r9, r18
     7c6:	11 c0       	rjmp	.+34     	; 0x7ea <vfprintf+0xe6>
     7c8:	ea e0       	ldi	r30, 0x0A	; 10
     7ca:	2e 9e       	mul	r2, r30
     7cc:	20 0d       	add	r18, r0
     7ce:	11 24       	eor	r1, r1
     7d0:	22 2e       	mov	r2, r18
     7d2:	f3 2d       	mov	r31, r3
     7d4:	f0 62       	ori	r31, 0x20	; 32
     7d6:	3f 2e       	mov	r3, r31
     7d8:	08 c0       	rjmp	.+16     	; 0x7ea <vfprintf+0xe6>
     7da:	8c 36       	cpi	r24, 0x6C	; 108
     7dc:	21 f4       	brne	.+8      	; 0x7e6 <vfprintf+0xe2>
     7de:	83 2d       	mov	r24, r3
     7e0:	80 68       	ori	r24, 0x80	; 128
     7e2:	38 2e       	mov	r3, r24
     7e4:	02 c0       	rjmp	.+4      	; 0x7ea <vfprintf+0xe6>
     7e6:	88 36       	cpi	r24, 0x68	; 104
     7e8:	41 f4       	brne	.+16     	; 0x7fa <vfprintf+0xf6>
     7ea:	f7 01       	movw	r30, r14
     7ec:	93 fd       	sbrc	r25, 3
     7ee:	85 91       	lpm	r24, Z+
     7f0:	93 ff       	sbrs	r25, 3
     7f2:	81 91       	ld	r24, Z+
     7f4:	7f 01       	movw	r14, r30
     7f6:	81 11       	cpse	r24, r1
     7f8:	b3 cf       	rjmp	.-154    	; 0x760 <vfprintf+0x5c>
     7fa:	98 2f       	mov	r25, r24
     7fc:	9f 7d       	andi	r25, 0xDF	; 223
     7fe:	95 54       	subi	r25, 0x45	; 69
     800:	93 30       	cpi	r25, 0x03	; 3
     802:	28 f4       	brcc	.+10     	; 0x80e <__DATA_REGION_LENGTH__+0xe>
     804:	0c 5f       	subi	r16, 0xFC	; 252
     806:	1f 4f       	sbci	r17, 0xFF	; 255
     808:	9f e3       	ldi	r25, 0x3F	; 63
     80a:	99 83       	std	Y+1, r25	; 0x01
     80c:	0d c0       	rjmp	.+26     	; 0x828 <__DATA_REGION_LENGTH__+0x28>
     80e:	83 36       	cpi	r24, 0x63	; 99
     810:	31 f0       	breq	.+12     	; 0x81e <__DATA_REGION_LENGTH__+0x1e>
     812:	83 37       	cpi	r24, 0x73	; 115
     814:	71 f0       	breq	.+28     	; 0x832 <__DATA_REGION_LENGTH__+0x32>
     816:	83 35       	cpi	r24, 0x53	; 83
     818:	09 f0       	breq	.+2      	; 0x81c <__DATA_REGION_LENGTH__+0x1c>
     81a:	59 c0       	rjmp	.+178    	; 0x8ce <__DATA_REGION_LENGTH__+0xce>
     81c:	21 c0       	rjmp	.+66     	; 0x860 <__DATA_REGION_LENGTH__+0x60>
     81e:	f8 01       	movw	r30, r16
     820:	80 81       	ld	r24, Z
     822:	89 83       	std	Y+1, r24	; 0x01
     824:	0e 5f       	subi	r16, 0xFE	; 254
     826:	1f 4f       	sbci	r17, 0xFF	; 255
     828:	88 24       	eor	r8, r8
     82a:	83 94       	inc	r8
     82c:	91 2c       	mov	r9, r1
     82e:	53 01       	movw	r10, r6
     830:	13 c0       	rjmp	.+38     	; 0x858 <__DATA_REGION_LENGTH__+0x58>
     832:	28 01       	movw	r4, r16
     834:	f2 e0       	ldi	r31, 0x02	; 2
     836:	4f 0e       	add	r4, r31
     838:	51 1c       	adc	r5, r1
     83a:	f8 01       	movw	r30, r16
     83c:	a0 80       	ld	r10, Z
     83e:	b1 80       	ldd	r11, Z+1	; 0x01
     840:	36 fe       	sbrs	r3, 6
     842:	03 c0       	rjmp	.+6      	; 0x84a <__DATA_REGION_LENGTH__+0x4a>
     844:	69 2d       	mov	r22, r9
     846:	70 e0       	ldi	r23, 0x00	; 0
     848:	02 c0       	rjmp	.+4      	; 0x84e <__DATA_REGION_LENGTH__+0x4e>
     84a:	6f ef       	ldi	r22, 0xFF	; 255
     84c:	7f ef       	ldi	r23, 0xFF	; 255
     84e:	c5 01       	movw	r24, r10
     850:	0e 94 2f 08 	call	0x105e	; 0x105e <strnlen>
     854:	4c 01       	movw	r8, r24
     856:	82 01       	movw	r16, r4
     858:	f3 2d       	mov	r31, r3
     85a:	ff 77       	andi	r31, 0x7F	; 127
     85c:	3f 2e       	mov	r3, r31
     85e:	16 c0       	rjmp	.+44     	; 0x88c <__DATA_REGION_LENGTH__+0x8c>
     860:	28 01       	movw	r4, r16
     862:	22 e0       	ldi	r18, 0x02	; 2
     864:	42 0e       	add	r4, r18
     866:	51 1c       	adc	r5, r1
     868:	f8 01       	movw	r30, r16
     86a:	a0 80       	ld	r10, Z
     86c:	b1 80       	ldd	r11, Z+1	; 0x01
     86e:	36 fe       	sbrs	r3, 6
     870:	03 c0       	rjmp	.+6      	; 0x878 <__DATA_REGION_LENGTH__+0x78>
     872:	69 2d       	mov	r22, r9
     874:	70 e0       	ldi	r23, 0x00	; 0
     876:	02 c0       	rjmp	.+4      	; 0x87c <__DATA_REGION_LENGTH__+0x7c>
     878:	6f ef       	ldi	r22, 0xFF	; 255
     87a:	7f ef       	ldi	r23, 0xFF	; 255
     87c:	c5 01       	movw	r24, r10
     87e:	0e 94 24 08 	call	0x1048	; 0x1048 <strnlen_P>
     882:	4c 01       	movw	r8, r24
     884:	f3 2d       	mov	r31, r3
     886:	f0 68       	ori	r31, 0x80	; 128
     888:	3f 2e       	mov	r3, r31
     88a:	82 01       	movw	r16, r4
     88c:	33 fc       	sbrc	r3, 3
     88e:	1b c0       	rjmp	.+54     	; 0x8c6 <__DATA_REGION_LENGTH__+0xc6>
     890:	82 2d       	mov	r24, r2
     892:	90 e0       	ldi	r25, 0x00	; 0
     894:	88 16       	cp	r8, r24
     896:	99 06       	cpc	r9, r25
     898:	b0 f4       	brcc	.+44     	; 0x8c6 <__DATA_REGION_LENGTH__+0xc6>
     89a:	b6 01       	movw	r22, r12
     89c:	80 e2       	ldi	r24, 0x20	; 32
     89e:	90 e0       	ldi	r25, 0x00	; 0
     8a0:	0e 94 78 08 	call	0x10f0	; 0x10f0 <fputc>
     8a4:	2a 94       	dec	r2
     8a6:	f4 cf       	rjmp	.-24     	; 0x890 <__DATA_REGION_LENGTH__+0x90>
     8a8:	f5 01       	movw	r30, r10
     8aa:	37 fc       	sbrc	r3, 7
     8ac:	85 91       	lpm	r24, Z+
     8ae:	37 fe       	sbrs	r3, 7
     8b0:	81 91       	ld	r24, Z+
     8b2:	5f 01       	movw	r10, r30
     8b4:	b6 01       	movw	r22, r12
     8b6:	90 e0       	ldi	r25, 0x00	; 0
     8b8:	0e 94 78 08 	call	0x10f0	; 0x10f0 <fputc>
     8bc:	21 10       	cpse	r2, r1
     8be:	2a 94       	dec	r2
     8c0:	21 e0       	ldi	r18, 0x01	; 1
     8c2:	82 1a       	sub	r8, r18
     8c4:	91 08       	sbc	r9, r1
     8c6:	81 14       	cp	r8, r1
     8c8:	91 04       	cpc	r9, r1
     8ca:	71 f7       	brne	.-36     	; 0x8a8 <__DATA_REGION_LENGTH__+0xa8>
     8cc:	e8 c0       	rjmp	.+464    	; 0xa9e <__stack+0x19f>
     8ce:	84 36       	cpi	r24, 0x64	; 100
     8d0:	11 f0       	breq	.+4      	; 0x8d6 <__DATA_REGION_LENGTH__+0xd6>
     8d2:	89 36       	cpi	r24, 0x69	; 105
     8d4:	41 f5       	brne	.+80     	; 0x926 <__stack+0x27>
     8d6:	f8 01       	movw	r30, r16
     8d8:	37 fe       	sbrs	r3, 7
     8da:	07 c0       	rjmp	.+14     	; 0x8ea <__DATA_REGION_LENGTH__+0xea>
     8dc:	60 81       	ld	r22, Z
     8de:	71 81       	ldd	r23, Z+1	; 0x01
     8e0:	82 81       	ldd	r24, Z+2	; 0x02
     8e2:	93 81       	ldd	r25, Z+3	; 0x03
     8e4:	0c 5f       	subi	r16, 0xFC	; 252
     8e6:	1f 4f       	sbci	r17, 0xFF	; 255
     8e8:	08 c0       	rjmp	.+16     	; 0x8fa <__DATA_REGION_LENGTH__+0xfa>
     8ea:	60 81       	ld	r22, Z
     8ec:	71 81       	ldd	r23, Z+1	; 0x01
     8ee:	07 2e       	mov	r0, r23
     8f0:	00 0c       	add	r0, r0
     8f2:	88 0b       	sbc	r24, r24
     8f4:	99 0b       	sbc	r25, r25
     8f6:	0e 5f       	subi	r16, 0xFE	; 254
     8f8:	1f 4f       	sbci	r17, 0xFF	; 255
     8fa:	f3 2d       	mov	r31, r3
     8fc:	ff 76       	andi	r31, 0x6F	; 111
     8fe:	3f 2e       	mov	r3, r31
     900:	97 ff       	sbrs	r25, 7
     902:	09 c0       	rjmp	.+18     	; 0x916 <__stack+0x17>
     904:	90 95       	com	r25
     906:	80 95       	com	r24
     908:	70 95       	com	r23
     90a:	61 95       	neg	r22
     90c:	7f 4f       	sbci	r23, 0xFF	; 255
     90e:	8f 4f       	sbci	r24, 0xFF	; 255
     910:	9f 4f       	sbci	r25, 0xFF	; 255
     912:	f0 68       	ori	r31, 0x80	; 128
     914:	3f 2e       	mov	r3, r31
     916:	2a e0       	ldi	r18, 0x0A	; 10
     918:	30 e0       	ldi	r19, 0x00	; 0
     91a:	a3 01       	movw	r20, r6
     91c:	0e 94 cd 08 	call	0x119a	; 0x119a <__ultoa_invert>
     920:	88 2e       	mov	r8, r24
     922:	86 18       	sub	r8, r6
     924:	45 c0       	rjmp	.+138    	; 0x9b0 <__stack+0xb1>
     926:	85 37       	cpi	r24, 0x75	; 117
     928:	31 f4       	brne	.+12     	; 0x936 <__stack+0x37>
     92a:	23 2d       	mov	r18, r3
     92c:	2f 7e       	andi	r18, 0xEF	; 239
     92e:	b2 2e       	mov	r11, r18
     930:	2a e0       	ldi	r18, 0x0A	; 10
     932:	30 e0       	ldi	r19, 0x00	; 0
     934:	25 c0       	rjmp	.+74     	; 0x980 <__stack+0x81>
     936:	93 2d       	mov	r25, r3
     938:	99 7f       	andi	r25, 0xF9	; 249
     93a:	b9 2e       	mov	r11, r25
     93c:	8f 36       	cpi	r24, 0x6F	; 111
     93e:	c1 f0       	breq	.+48     	; 0x970 <__stack+0x71>
     940:	18 f4       	brcc	.+6      	; 0x948 <__stack+0x49>
     942:	88 35       	cpi	r24, 0x58	; 88
     944:	79 f0       	breq	.+30     	; 0x964 <__stack+0x65>
     946:	b5 c0       	rjmp	.+362    	; 0xab2 <__stack+0x1b3>
     948:	80 37       	cpi	r24, 0x70	; 112
     94a:	19 f0       	breq	.+6      	; 0x952 <__stack+0x53>
     94c:	88 37       	cpi	r24, 0x78	; 120
     94e:	21 f0       	breq	.+8      	; 0x958 <__stack+0x59>
     950:	b0 c0       	rjmp	.+352    	; 0xab2 <__stack+0x1b3>
     952:	e9 2f       	mov	r30, r25
     954:	e0 61       	ori	r30, 0x10	; 16
     956:	be 2e       	mov	r11, r30
     958:	b4 fe       	sbrs	r11, 4
     95a:	0d c0       	rjmp	.+26     	; 0x976 <__stack+0x77>
     95c:	fb 2d       	mov	r31, r11
     95e:	f4 60       	ori	r31, 0x04	; 4
     960:	bf 2e       	mov	r11, r31
     962:	09 c0       	rjmp	.+18     	; 0x976 <__stack+0x77>
     964:	34 fe       	sbrs	r3, 4
     966:	0a c0       	rjmp	.+20     	; 0x97c <__stack+0x7d>
     968:	29 2f       	mov	r18, r25
     96a:	26 60       	ori	r18, 0x06	; 6
     96c:	b2 2e       	mov	r11, r18
     96e:	06 c0       	rjmp	.+12     	; 0x97c <__stack+0x7d>
     970:	28 e0       	ldi	r18, 0x08	; 8
     972:	30 e0       	ldi	r19, 0x00	; 0
     974:	05 c0       	rjmp	.+10     	; 0x980 <__stack+0x81>
     976:	20 e1       	ldi	r18, 0x10	; 16
     978:	30 e0       	ldi	r19, 0x00	; 0
     97a:	02 c0       	rjmp	.+4      	; 0x980 <__stack+0x81>
     97c:	20 e1       	ldi	r18, 0x10	; 16
     97e:	32 e0       	ldi	r19, 0x02	; 2
     980:	f8 01       	movw	r30, r16
     982:	b7 fe       	sbrs	r11, 7
     984:	07 c0       	rjmp	.+14     	; 0x994 <__stack+0x95>
     986:	60 81       	ld	r22, Z
     988:	71 81       	ldd	r23, Z+1	; 0x01
     98a:	82 81       	ldd	r24, Z+2	; 0x02
     98c:	93 81       	ldd	r25, Z+3	; 0x03
     98e:	0c 5f       	subi	r16, 0xFC	; 252
     990:	1f 4f       	sbci	r17, 0xFF	; 255
     992:	06 c0       	rjmp	.+12     	; 0x9a0 <__stack+0xa1>
     994:	60 81       	ld	r22, Z
     996:	71 81       	ldd	r23, Z+1	; 0x01
     998:	80 e0       	ldi	r24, 0x00	; 0
     99a:	90 e0       	ldi	r25, 0x00	; 0
     99c:	0e 5f       	subi	r16, 0xFE	; 254
     99e:	1f 4f       	sbci	r17, 0xFF	; 255
     9a0:	a3 01       	movw	r20, r6
     9a2:	0e 94 cd 08 	call	0x119a	; 0x119a <__ultoa_invert>
     9a6:	88 2e       	mov	r8, r24
     9a8:	86 18       	sub	r8, r6
     9aa:	fb 2d       	mov	r31, r11
     9ac:	ff 77       	andi	r31, 0x7F	; 127
     9ae:	3f 2e       	mov	r3, r31
     9b0:	36 fe       	sbrs	r3, 6
     9b2:	0d c0       	rjmp	.+26     	; 0x9ce <__stack+0xcf>
     9b4:	23 2d       	mov	r18, r3
     9b6:	2e 7f       	andi	r18, 0xFE	; 254
     9b8:	a2 2e       	mov	r10, r18
     9ba:	89 14       	cp	r8, r9
     9bc:	58 f4       	brcc	.+22     	; 0x9d4 <__stack+0xd5>
     9be:	34 fe       	sbrs	r3, 4
     9c0:	0b c0       	rjmp	.+22     	; 0x9d8 <__stack+0xd9>
     9c2:	32 fc       	sbrc	r3, 2
     9c4:	09 c0       	rjmp	.+18     	; 0x9d8 <__stack+0xd9>
     9c6:	83 2d       	mov	r24, r3
     9c8:	8e 7e       	andi	r24, 0xEE	; 238
     9ca:	a8 2e       	mov	r10, r24
     9cc:	05 c0       	rjmp	.+10     	; 0x9d8 <__stack+0xd9>
     9ce:	b8 2c       	mov	r11, r8
     9d0:	a3 2c       	mov	r10, r3
     9d2:	03 c0       	rjmp	.+6      	; 0x9da <__stack+0xdb>
     9d4:	b8 2c       	mov	r11, r8
     9d6:	01 c0       	rjmp	.+2      	; 0x9da <__stack+0xdb>
     9d8:	b9 2c       	mov	r11, r9
     9da:	a4 fe       	sbrs	r10, 4
     9dc:	0f c0       	rjmp	.+30     	; 0x9fc <__stack+0xfd>
     9de:	fe 01       	movw	r30, r28
     9e0:	e8 0d       	add	r30, r8
     9e2:	f1 1d       	adc	r31, r1
     9e4:	80 81       	ld	r24, Z
     9e6:	80 33       	cpi	r24, 0x30	; 48
     9e8:	21 f4       	brne	.+8      	; 0x9f2 <__stack+0xf3>
     9ea:	9a 2d       	mov	r25, r10
     9ec:	99 7e       	andi	r25, 0xE9	; 233
     9ee:	a9 2e       	mov	r10, r25
     9f0:	09 c0       	rjmp	.+18     	; 0xa04 <__stack+0x105>
     9f2:	a2 fe       	sbrs	r10, 2
     9f4:	06 c0       	rjmp	.+12     	; 0xa02 <__stack+0x103>
     9f6:	b3 94       	inc	r11
     9f8:	b3 94       	inc	r11
     9fa:	04 c0       	rjmp	.+8      	; 0xa04 <__stack+0x105>
     9fc:	8a 2d       	mov	r24, r10
     9fe:	86 78       	andi	r24, 0x86	; 134
     a00:	09 f0       	breq	.+2      	; 0xa04 <__stack+0x105>
     a02:	b3 94       	inc	r11
     a04:	a3 fc       	sbrc	r10, 3
     a06:	11 c0       	rjmp	.+34     	; 0xa2a <__stack+0x12b>
     a08:	a0 fe       	sbrs	r10, 0
     a0a:	06 c0       	rjmp	.+12     	; 0xa18 <__stack+0x119>
     a0c:	b2 14       	cp	r11, r2
     a0e:	88 f4       	brcc	.+34     	; 0xa32 <__stack+0x133>
     a10:	28 0c       	add	r2, r8
     a12:	92 2c       	mov	r9, r2
     a14:	9b 18       	sub	r9, r11
     a16:	0e c0       	rjmp	.+28     	; 0xa34 <__stack+0x135>
     a18:	b2 14       	cp	r11, r2
     a1a:	60 f4       	brcc	.+24     	; 0xa34 <__stack+0x135>
     a1c:	b6 01       	movw	r22, r12
     a1e:	80 e2       	ldi	r24, 0x20	; 32
     a20:	90 e0       	ldi	r25, 0x00	; 0
     a22:	0e 94 78 08 	call	0x10f0	; 0x10f0 <fputc>
     a26:	b3 94       	inc	r11
     a28:	f7 cf       	rjmp	.-18     	; 0xa18 <__stack+0x119>
     a2a:	b2 14       	cp	r11, r2
     a2c:	18 f4       	brcc	.+6      	; 0xa34 <__stack+0x135>
     a2e:	2b 18       	sub	r2, r11
     a30:	02 c0       	rjmp	.+4      	; 0xa36 <__stack+0x137>
     a32:	98 2c       	mov	r9, r8
     a34:	21 2c       	mov	r2, r1
     a36:	a4 fe       	sbrs	r10, 4
     a38:	10 c0       	rjmp	.+32     	; 0xa5a <__stack+0x15b>
     a3a:	b6 01       	movw	r22, r12
     a3c:	80 e3       	ldi	r24, 0x30	; 48
     a3e:	90 e0       	ldi	r25, 0x00	; 0
     a40:	0e 94 78 08 	call	0x10f0	; 0x10f0 <fputc>
     a44:	a2 fe       	sbrs	r10, 2
     a46:	17 c0       	rjmp	.+46     	; 0xa76 <__stack+0x177>
     a48:	a1 fc       	sbrc	r10, 1
     a4a:	03 c0       	rjmp	.+6      	; 0xa52 <__stack+0x153>
     a4c:	88 e7       	ldi	r24, 0x78	; 120
     a4e:	90 e0       	ldi	r25, 0x00	; 0
     a50:	02 c0       	rjmp	.+4      	; 0xa56 <__stack+0x157>
     a52:	88 e5       	ldi	r24, 0x58	; 88
     a54:	90 e0       	ldi	r25, 0x00	; 0
     a56:	b6 01       	movw	r22, r12
     a58:	0c c0       	rjmp	.+24     	; 0xa72 <__stack+0x173>
     a5a:	8a 2d       	mov	r24, r10
     a5c:	86 78       	andi	r24, 0x86	; 134
     a5e:	59 f0       	breq	.+22     	; 0xa76 <__stack+0x177>
     a60:	a1 fe       	sbrs	r10, 1
     a62:	02 c0       	rjmp	.+4      	; 0xa68 <__stack+0x169>
     a64:	8b e2       	ldi	r24, 0x2B	; 43
     a66:	01 c0       	rjmp	.+2      	; 0xa6a <__stack+0x16b>
     a68:	80 e2       	ldi	r24, 0x20	; 32
     a6a:	a7 fc       	sbrc	r10, 7
     a6c:	8d e2       	ldi	r24, 0x2D	; 45
     a6e:	b6 01       	movw	r22, r12
     a70:	90 e0       	ldi	r25, 0x00	; 0
     a72:	0e 94 78 08 	call	0x10f0	; 0x10f0 <fputc>
     a76:	89 14       	cp	r8, r9
     a78:	38 f4       	brcc	.+14     	; 0xa88 <__stack+0x189>
     a7a:	b6 01       	movw	r22, r12
     a7c:	80 e3       	ldi	r24, 0x30	; 48
     a7e:	90 e0       	ldi	r25, 0x00	; 0
     a80:	0e 94 78 08 	call	0x10f0	; 0x10f0 <fputc>
     a84:	9a 94       	dec	r9
     a86:	f7 cf       	rjmp	.-18     	; 0xa76 <__stack+0x177>
     a88:	8a 94       	dec	r8
     a8a:	f3 01       	movw	r30, r6
     a8c:	e8 0d       	add	r30, r8
     a8e:	f1 1d       	adc	r31, r1
     a90:	80 81       	ld	r24, Z
     a92:	b6 01       	movw	r22, r12
     a94:	90 e0       	ldi	r25, 0x00	; 0
     a96:	0e 94 78 08 	call	0x10f0	; 0x10f0 <fputc>
     a9a:	81 10       	cpse	r8, r1
     a9c:	f5 cf       	rjmp	.-22     	; 0xa88 <__stack+0x189>
     a9e:	22 20       	and	r2, r2
     aa0:	09 f4       	brne	.+2      	; 0xaa4 <__stack+0x1a5>
     aa2:	42 ce       	rjmp	.-892    	; 0x728 <vfprintf+0x24>
     aa4:	b6 01       	movw	r22, r12
     aa6:	80 e2       	ldi	r24, 0x20	; 32
     aa8:	90 e0       	ldi	r25, 0x00	; 0
     aaa:	0e 94 78 08 	call	0x10f0	; 0x10f0 <fputc>
     aae:	2a 94       	dec	r2
     ab0:	f6 cf       	rjmp	.-20     	; 0xa9e <__stack+0x19f>
     ab2:	f6 01       	movw	r30, r12
     ab4:	86 81       	ldd	r24, Z+6	; 0x06
     ab6:	97 81       	ldd	r25, Z+7	; 0x07
     ab8:	02 c0       	rjmp	.+4      	; 0xabe <__stack+0x1bf>
     aba:	8f ef       	ldi	r24, 0xFF	; 255
     abc:	9f ef       	ldi	r25, 0xFF	; 255
     abe:	2b 96       	adiw	r28, 0x0b	; 11
     ac0:	e2 e1       	ldi	r30, 0x12	; 18
     ac2:	0c 94 e3 02 	jmp	0x5c6	; 0x5c6 <__epilogue_restores__>

00000ac6 <putval>:
     ac6:	20 fd       	sbrc	r18, 0
     ac8:	09 c0       	rjmp	.+18     	; 0xadc <putval+0x16>
     aca:	fc 01       	movw	r30, r24
     acc:	23 fd       	sbrc	r18, 3
     ace:	05 c0       	rjmp	.+10     	; 0xada <putval+0x14>
     ad0:	22 ff       	sbrs	r18, 2
     ad2:	02 c0       	rjmp	.+4      	; 0xad8 <putval+0x12>
     ad4:	73 83       	std	Z+3, r23	; 0x03
     ad6:	62 83       	std	Z+2, r22	; 0x02
     ad8:	51 83       	std	Z+1, r21	; 0x01
     ada:	40 83       	st	Z, r20
     adc:	08 95       	ret

00000ade <mulacc>:
     ade:	44 fd       	sbrc	r20, 4
     ae0:	17 c0       	rjmp	.+46     	; 0xb10 <mulacc+0x32>
     ae2:	46 fd       	sbrc	r20, 6
     ae4:	17 c0       	rjmp	.+46     	; 0xb14 <mulacc+0x36>
     ae6:	ab 01       	movw	r20, r22
     ae8:	bc 01       	movw	r22, r24
     aea:	da 01       	movw	r26, r20
     aec:	fb 01       	movw	r30, r22
     aee:	aa 0f       	add	r26, r26
     af0:	bb 1f       	adc	r27, r27
     af2:	ee 1f       	adc	r30, r30
     af4:	ff 1f       	adc	r31, r31
     af6:	10 94       	com	r1
     af8:	d1 f7       	brne	.-12     	; 0xaee <mulacc+0x10>
     afa:	4a 0f       	add	r20, r26
     afc:	5b 1f       	adc	r21, r27
     afe:	6e 1f       	adc	r22, r30
     b00:	7f 1f       	adc	r23, r31
     b02:	cb 01       	movw	r24, r22
     b04:	ba 01       	movw	r22, r20
     b06:	66 0f       	add	r22, r22
     b08:	77 1f       	adc	r23, r23
     b0a:	88 1f       	adc	r24, r24
     b0c:	99 1f       	adc	r25, r25
     b0e:	09 c0       	rjmp	.+18     	; 0xb22 <mulacc+0x44>
     b10:	33 e0       	ldi	r19, 0x03	; 3
     b12:	01 c0       	rjmp	.+2      	; 0xb16 <mulacc+0x38>
     b14:	34 e0       	ldi	r19, 0x04	; 4
     b16:	66 0f       	add	r22, r22
     b18:	77 1f       	adc	r23, r23
     b1a:	88 1f       	adc	r24, r24
     b1c:	99 1f       	adc	r25, r25
     b1e:	31 50       	subi	r19, 0x01	; 1
     b20:	d1 f7       	brne	.-12     	; 0xb16 <mulacc+0x38>
     b22:	62 0f       	add	r22, r18
     b24:	71 1d       	adc	r23, r1
     b26:	81 1d       	adc	r24, r1
     b28:	91 1d       	adc	r25, r1
     b2a:	08 95       	ret

00000b2c <skip_spaces>:
     b2c:	0f 93       	push	r16
     b2e:	1f 93       	push	r17
     b30:	cf 93       	push	r28
     b32:	df 93       	push	r29
     b34:	8c 01       	movw	r16, r24
     b36:	c8 01       	movw	r24, r16
     b38:	0e 94 3a 08 	call	0x1074	; 0x1074 <fgetc>
     b3c:	ec 01       	movw	r28, r24
     b3e:	97 fd       	sbrc	r25, 7
     b40:	08 c0       	rjmp	.+16     	; 0xb52 <skip_spaces+0x26>
     b42:	0e 94 10 08 	call	0x1020	; 0x1020 <isspace>
     b46:	89 2b       	or	r24, r25
     b48:	b1 f7       	brne	.-20     	; 0xb36 <skip_spaces+0xa>
     b4a:	b8 01       	movw	r22, r16
     b4c:	ce 01       	movw	r24, r28
     b4e:	0e 94 b4 08 	call	0x1168	; 0x1168 <ungetc>
     b52:	ce 01       	movw	r24, r28
     b54:	df 91       	pop	r29
     b56:	cf 91       	pop	r28
     b58:	1f 91       	pop	r17
     b5a:	0f 91       	pop	r16
     b5c:	08 95       	ret

00000b5e <conv_int>:
     b5e:	8f 92       	push	r8
     b60:	9f 92       	push	r9
     b62:	af 92       	push	r10
     b64:	bf 92       	push	r11
     b66:	ef 92       	push	r14
     b68:	ff 92       	push	r15
     b6a:	0f 93       	push	r16
     b6c:	1f 93       	push	r17
     b6e:	cf 93       	push	r28
     b70:	df 93       	push	r29
     b72:	8c 01       	movw	r16, r24
     b74:	d6 2f       	mov	r29, r22
     b76:	7a 01       	movw	r14, r20
     b78:	b2 2e       	mov	r11, r18
     b7a:	0e 94 3a 08 	call	0x1074	; 0x1074 <fgetc>
     b7e:	9c 01       	movw	r18, r24
     b80:	33 27       	eor	r19, r19
     b82:	2b 32       	cpi	r18, 0x2B	; 43
     b84:	31 05       	cpc	r19, r1
     b86:	31 f0       	breq	.+12     	; 0xb94 <conv_int+0x36>
     b88:	2d 32       	cpi	r18, 0x2D	; 45
     b8a:	31 05       	cpc	r19, r1
     b8c:	61 f4       	brne	.+24     	; 0xba6 <conv_int+0x48>
     b8e:	8b 2d       	mov	r24, r11
     b90:	80 68       	ori	r24, 0x80	; 128
     b92:	b8 2e       	mov	r11, r24
     b94:	d1 50       	subi	r29, 0x01	; 1
     b96:	11 f4       	brne	.+4      	; 0xb9c <conv_int+0x3e>
     b98:	80 e0       	ldi	r24, 0x00	; 0
     b9a:	68 c0       	rjmp	.+208    	; 0xc6c <conv_int+0x10e>
     b9c:	c8 01       	movw	r24, r16
     b9e:	0e 94 3a 08 	call	0x1074	; 0x1074 <fgetc>
     ba2:	97 fd       	sbrc	r25, 7
     ba4:	f9 cf       	rjmp	.-14     	; 0xb98 <conv_int+0x3a>
     ba6:	cb 2d       	mov	r28, r11
     ba8:	cd 7f       	andi	r28, 0xFD	; 253
     baa:	2b 2d       	mov	r18, r11
     bac:	20 73       	andi	r18, 0x30	; 48
     bae:	09 f5       	brne	.+66     	; 0xbf2 <conv_int+0x94>
     bb0:	80 33       	cpi	r24, 0x30	; 48
     bb2:	f9 f4       	brne	.+62     	; 0xbf2 <conv_int+0x94>
     bb4:	aa 24       	eor	r10, r10
     bb6:	aa 94       	dec	r10
     bb8:	ad 0e       	add	r10, r29
     bba:	09 f4       	brne	.+2      	; 0xbbe <conv_int+0x60>
     bbc:	43 c0       	rjmp	.+134    	; 0xc44 <conv_int+0xe6>
     bbe:	c8 01       	movw	r24, r16
     bc0:	0e 94 3a 08 	call	0x1074	; 0x1074 <fgetc>
     bc4:	97 fd       	sbrc	r25, 7
     bc6:	3e c0       	rjmp	.+124    	; 0xc44 <conv_int+0xe6>
     bc8:	9c 01       	movw	r18, r24
     bca:	2f 7d       	andi	r18, 0xDF	; 223
     bcc:	33 27       	eor	r19, r19
     bce:	28 35       	cpi	r18, 0x58	; 88
     bd0:	31 05       	cpc	r19, r1
     bd2:	49 f4       	brne	.+18     	; 0xbe6 <conv_int+0x88>
     bd4:	c2 64       	ori	r28, 0x42	; 66
     bd6:	d2 50       	subi	r29, 0x02	; 2
     bd8:	a9 f1       	breq	.+106    	; 0xc44 <conv_int+0xe6>
     bda:	c8 01       	movw	r24, r16
     bdc:	0e 94 3a 08 	call	0x1074	; 0x1074 <fgetc>
     be0:	97 ff       	sbrs	r25, 7
     be2:	07 c0       	rjmp	.+14     	; 0xbf2 <conv_int+0x94>
     be4:	2f c0       	rjmp	.+94     	; 0xc44 <conv_int+0xe6>
     be6:	b6 fe       	sbrs	r11, 6
     be8:	02 c0       	rjmp	.+4      	; 0xbee <conv_int+0x90>
     bea:	c2 60       	ori	r28, 0x02	; 2
     bec:	01 c0       	rjmp	.+2      	; 0xbf0 <conv_int+0x92>
     bee:	c2 61       	ori	r28, 0x12	; 18
     bf0:	da 2d       	mov	r29, r10
     bf2:	81 2c       	mov	r8, r1
     bf4:	91 2c       	mov	r9, r1
     bf6:	54 01       	movw	r10, r8
     bf8:	20 ed       	ldi	r18, 0xD0	; 208
     bfa:	28 0f       	add	r18, r24
     bfc:	28 30       	cpi	r18, 0x08	; 8
     bfe:	80 f0       	brcs	.+32     	; 0xc20 <conv_int+0xc2>
     c00:	c4 ff       	sbrs	r28, 4
     c02:	04 c0       	rjmp	.+8      	; 0xc0c <conv_int+0xae>
     c04:	b8 01       	movw	r22, r16
     c06:	0e 94 b4 08 	call	0x1168	; 0x1168 <ungetc>
     c0a:	19 c0       	rjmp	.+50     	; 0xc3e <conv_int+0xe0>
     c0c:	2a 30       	cpi	r18, 0x0A	; 10
     c0e:	40 f0       	brcs	.+16     	; 0xc20 <conv_int+0xc2>
     c10:	c6 ff       	sbrs	r28, 6
     c12:	f8 cf       	rjmp	.-16     	; 0xc04 <conv_int+0xa6>
     c14:	2f 7d       	andi	r18, 0xDF	; 223
     c16:	3f ee       	ldi	r19, 0xEF	; 239
     c18:	32 0f       	add	r19, r18
     c1a:	36 30       	cpi	r19, 0x06	; 6
     c1c:	98 f7       	brcc	.-26     	; 0xc04 <conv_int+0xa6>
     c1e:	27 50       	subi	r18, 0x07	; 7
     c20:	4c 2f       	mov	r20, r28
     c22:	c5 01       	movw	r24, r10
     c24:	b4 01       	movw	r22, r8
     c26:	0e 94 6f 05 	call	0xade	; 0xade <mulacc>
     c2a:	4b 01       	movw	r8, r22
     c2c:	5c 01       	movw	r10, r24
     c2e:	c2 60       	ori	r28, 0x02	; 2
     c30:	d1 50       	subi	r29, 0x01	; 1
     c32:	59 f0       	breq	.+22     	; 0xc4a <conv_int+0xec>
     c34:	c8 01       	movw	r24, r16
     c36:	0e 94 3a 08 	call	0x1074	; 0x1074 <fgetc>
     c3a:	97 ff       	sbrs	r25, 7
     c3c:	dd cf       	rjmp	.-70     	; 0xbf8 <conv_int+0x9a>
     c3e:	c1 fd       	sbrc	r28, 1
     c40:	04 c0       	rjmp	.+8      	; 0xc4a <conv_int+0xec>
     c42:	aa cf       	rjmp	.-172    	; 0xb98 <conv_int+0x3a>
     c44:	81 2c       	mov	r8, r1
     c46:	91 2c       	mov	r9, r1
     c48:	54 01       	movw	r10, r8
     c4a:	c7 ff       	sbrs	r28, 7
     c4c:	08 c0       	rjmp	.+16     	; 0xc5e <conv_int+0x100>
     c4e:	b0 94       	com	r11
     c50:	a0 94       	com	r10
     c52:	90 94       	com	r9
     c54:	80 94       	com	r8
     c56:	81 1c       	adc	r8, r1
     c58:	91 1c       	adc	r9, r1
     c5a:	a1 1c       	adc	r10, r1
     c5c:	b1 1c       	adc	r11, r1
     c5e:	2c 2f       	mov	r18, r28
     c60:	b5 01       	movw	r22, r10
     c62:	a4 01       	movw	r20, r8
     c64:	c7 01       	movw	r24, r14
     c66:	0e 94 63 05 	call	0xac6	; 0xac6 <putval>
     c6a:	81 e0       	ldi	r24, 0x01	; 1
     c6c:	df 91       	pop	r29
     c6e:	cf 91       	pop	r28
     c70:	1f 91       	pop	r17
     c72:	0f 91       	pop	r16
     c74:	ff 90       	pop	r15
     c76:	ef 90       	pop	r14
     c78:	bf 90       	pop	r11
     c7a:	af 90       	pop	r10
     c7c:	9f 90       	pop	r9
     c7e:	8f 90       	pop	r8
     c80:	08 95       	ret

00000c82 <conv_brk>:
     c82:	a0 e2       	ldi	r26, 0x20	; 32
     c84:	b0 e0       	ldi	r27, 0x00	; 0
     c86:	e7 e4       	ldi	r30, 0x47	; 71
     c88:	f6 e0       	ldi	r31, 0x06	; 6
     c8a:	0c 94 ca 02 	jmp	0x594	; 0x594 <__prologue_saves__+0x6>
     c8e:	5c 01       	movw	r10, r24
     c90:	96 2e       	mov	r9, r22
     c92:	7a 01       	movw	r14, r20
     c94:	f9 01       	movw	r30, r18
     c96:	8e 01       	movw	r16, r28
     c98:	0f 5f       	subi	r16, 0xFF	; 255
     c9a:	1f 4f       	sbci	r17, 0xFF	; 255
     c9c:	68 01       	movw	r12, r16
     c9e:	80 e2       	ldi	r24, 0x20	; 32
     ca0:	d8 01       	movw	r26, r16
     ca2:	1d 92       	st	X+, r1
     ca4:	8a 95       	dec	r24
     ca6:	e9 f7       	brne	.-6      	; 0xca2 <conv_brk+0x20>
     ca8:	d5 01       	movw	r26, r10
     caa:	13 96       	adiw	r26, 0x03	; 3
     cac:	8c 90       	ld	r8, X
     cae:	80 e0       	ldi	r24, 0x00	; 0
     cb0:	90 e0       	ldi	r25, 0x00	; 0
     cb2:	61 2c       	mov	r6, r1
     cb4:	71 2c       	mov	r7, r1
     cb6:	30 e0       	ldi	r19, 0x00	; 0
     cb8:	61 e0       	ldi	r22, 0x01	; 1
     cba:	70 e0       	ldi	r23, 0x00	; 0
     cbc:	83 fc       	sbrc	r8, 3
     cbe:	25 91       	lpm	r18, Z+
     cc0:	83 fe       	sbrs	r8, 3
     cc2:	21 91       	ld	r18, Z+
     cc4:	8f 01       	movw	r16, r30
     cc6:	52 2e       	mov	r5, r18
     cc8:	21 11       	cpse	r18, r1
     cca:	03 c0       	rjmp	.+6      	; 0xcd2 <conv_brk+0x50>
     ccc:	80 e0       	ldi	r24, 0x00	; 0
     cce:	90 e0       	ldi	r25, 0x00	; 0
     cd0:	92 c0       	rjmp	.+292    	; 0xdf6 <conv_brk+0x174>
     cd2:	2e 35       	cpi	r18, 0x5E	; 94
     cd4:	11 f4       	brne	.+4      	; 0xcda <conv_brk+0x58>
     cd6:	00 97       	sbiw	r24, 0x00	; 0
     cd8:	51 f1       	breq	.+84     	; 0xd2e <conv_brk+0xac>
     cda:	43 2f       	mov	r20, r19
     cdc:	50 e0       	ldi	r21, 0x00	; 0
     cde:	48 17       	cp	r20, r24
     ce0:	59 07       	cpc	r21, r25
     ce2:	3c f4       	brge	.+14     	; 0xcf2 <conv_brk+0x70>
     ce4:	2d 35       	cpi	r18, 0x5D	; 93
     ce6:	59 f1       	breq	.+86     	; 0xd3e <conv_brk+0xbc>
     ce8:	2d 32       	cpi	r18, 0x2D	; 45
     cea:	19 f4       	brne	.+6      	; 0xcf2 <conv_brk+0x70>
     cec:	77 20       	and	r7, r7
     cee:	09 f1       	breq	.+66     	; 0xd32 <conv_brk+0xb0>
     cf0:	03 c0       	rjmp	.+6      	; 0xcf8 <conv_brk+0x76>
     cf2:	77 20       	and	r7, r7
     cf4:	09 f4       	brne	.+2      	; 0xcf8 <conv_brk+0x76>
     cf6:	6a c0       	rjmp	.+212    	; 0xdcc <conv_brk+0x14a>
     cf8:	45 2d       	mov	r20, r5
     cfa:	46 95       	lsr	r20
     cfc:	46 95       	lsr	r20
     cfe:	46 95       	lsr	r20
     d00:	d6 01       	movw	r26, r12
     d02:	a4 0f       	add	r26, r20
     d04:	b1 1d       	adc	r27, r1
     d06:	45 2d       	mov	r20, r5
     d08:	47 70       	andi	r20, 0x07	; 7
     d0a:	8b 01       	movw	r16, r22
     d0c:	02 c0       	rjmp	.+4      	; 0xd12 <conv_brk+0x90>
     d0e:	00 0f       	add	r16, r16
     d10:	11 1f       	adc	r17, r17
     d12:	4a 95       	dec	r20
     d14:	e2 f7       	brpl	.-8      	; 0xd0e <conv_brk+0x8c>
     d16:	a8 01       	movw	r20, r16
     d18:	5c 91       	ld	r21, X
     d1a:	45 2b       	or	r20, r21
     d1c:	4c 93       	st	X, r20
     d1e:	65 14       	cp	r6, r5
     d20:	59 f0       	breq	.+22     	; 0xd38 <conv_brk+0xb6>
     d22:	56 14       	cp	r5, r6
     d24:	10 f4       	brcc	.+4      	; 0xd2a <conv_brk+0xa8>
     d26:	53 94       	inc	r5
     d28:	e7 cf       	rjmp	.-50     	; 0xcf8 <conv_brk+0x76>
     d2a:	5a 94       	dec	r5
     d2c:	e5 cf       	rjmp	.-54     	; 0xcf8 <conv_brk+0x76>
     d2e:	31 e0       	ldi	r19, 0x01	; 1
     d30:	04 c0       	rjmp	.+8      	; 0xd3a <conv_brk+0xb8>
     d32:	77 24       	eor	r7, r7
     d34:	73 94       	inc	r7
     d36:	01 c0       	rjmp	.+2      	; 0xd3a <conv_brk+0xb8>
     d38:	71 2c       	mov	r7, r1
     d3a:	01 96       	adiw	r24, 0x01	; 1
     d3c:	bf cf       	rjmp	.-130    	; 0xcbc <conv_brk+0x3a>
     d3e:	77 20       	and	r7, r7
     d40:	19 f0       	breq	.+6      	; 0xd48 <conv_brk+0xc6>
     d42:	8e 81       	ldd	r24, Y+6	; 0x06
     d44:	80 62       	ori	r24, 0x20	; 32
     d46:	8e 83       	std	Y+6, r24	; 0x06
     d48:	31 11       	cpse	r19, r1
     d4a:	03 c0       	rjmp	.+6      	; 0xd52 <conv_brk+0xd0>
     d4c:	88 24       	eor	r8, r8
     d4e:	83 94       	inc	r8
     d50:	17 c0       	rjmp	.+46     	; 0xd80 <conv_brk+0xfe>
     d52:	f6 01       	movw	r30, r12
     d54:	9e 01       	movw	r18, r28
     d56:	2f 5d       	subi	r18, 0xDF	; 223
     d58:	3f 4f       	sbci	r19, 0xFF	; 255
     d5a:	80 81       	ld	r24, Z
     d5c:	80 95       	com	r24
     d5e:	81 93       	st	Z+, r24
     d60:	2e 17       	cp	r18, r30
     d62:	3f 07       	cpc	r19, r31
     d64:	d1 f7       	brne	.-12     	; 0xd5a <conv_brk+0xd8>
     d66:	f2 cf       	rjmp	.-28     	; 0xd4c <conv_brk+0xca>
     d68:	e1 14       	cp	r14, r1
     d6a:	f1 04       	cpc	r15, r1
     d6c:	29 f0       	breq	.+10     	; 0xd78 <conv_brk+0xf6>
     d6e:	d7 01       	movw	r26, r14
     d70:	8c 93       	st	X, r24
     d72:	f7 01       	movw	r30, r14
     d74:	31 96       	adiw	r30, 0x01	; 1
     d76:	7f 01       	movw	r14, r30
     d78:	9a 94       	dec	r9
     d7a:	81 2c       	mov	r8, r1
     d7c:	99 20       	and	r9, r9
     d7e:	f9 f0       	breq	.+62     	; 0xdbe <conv_brk+0x13c>
     d80:	c5 01       	movw	r24, r10
     d82:	0e 94 3a 08 	call	0x1074	; 0x1074 <fgetc>
     d86:	97 fd       	sbrc	r25, 7
     d88:	18 c0       	rjmp	.+48     	; 0xdba <conv_brk+0x138>
     d8a:	fc 01       	movw	r30, r24
     d8c:	ff 27       	eor	r31, r31
     d8e:	23 e0       	ldi	r18, 0x03	; 3
     d90:	f5 95       	asr	r31
     d92:	e7 95       	ror	r30
     d94:	2a 95       	dec	r18
     d96:	e1 f7       	brne	.-8      	; 0xd90 <conv_brk+0x10e>
     d98:	ec 0d       	add	r30, r12
     d9a:	fd 1d       	adc	r31, r13
     d9c:	20 81       	ld	r18, Z
     d9e:	30 e0       	ldi	r19, 0x00	; 0
     da0:	ac 01       	movw	r20, r24
     da2:	47 70       	andi	r20, 0x07	; 7
     da4:	55 27       	eor	r21, r21
     da6:	02 c0       	rjmp	.+4      	; 0xdac <conv_brk+0x12a>
     da8:	35 95       	asr	r19
     daa:	27 95       	ror	r18
     dac:	4a 95       	dec	r20
     dae:	e2 f7       	brpl	.-8      	; 0xda8 <conv_brk+0x126>
     db0:	20 fd       	sbrc	r18, 0
     db2:	da cf       	rjmp	.-76     	; 0xd68 <conv_brk+0xe6>
     db4:	b5 01       	movw	r22, r10
     db6:	0e 94 b4 08 	call	0x1168	; 0x1168 <ungetc>
     dba:	81 10       	cpse	r8, r1
     dbc:	87 cf       	rjmp	.-242    	; 0xccc <conv_brk+0x4a>
     dbe:	e1 14       	cp	r14, r1
     dc0:	f1 04       	cpc	r15, r1
     dc2:	11 f0       	breq	.+4      	; 0xdc8 <conv_brk+0x146>
     dc4:	d7 01       	movw	r26, r14
     dc6:	1c 92       	st	X, r1
     dc8:	c8 01       	movw	r24, r16
     dca:	15 c0       	rjmp	.+42     	; 0xdf6 <conv_brk+0x174>
     dcc:	42 2f       	mov	r20, r18
     dce:	46 95       	lsr	r20
     dd0:	46 95       	lsr	r20
     dd2:	46 95       	lsr	r20
     dd4:	d6 01       	movw	r26, r12
     dd6:	a4 0f       	add	r26, r20
     dd8:	b1 1d       	adc	r27, r1
     dda:	42 2f       	mov	r20, r18
     ddc:	47 70       	andi	r20, 0x07	; 7
     dde:	8b 01       	movw	r16, r22
     de0:	02 c0       	rjmp	.+4      	; 0xde6 <conv_brk+0x164>
     de2:	00 0f       	add	r16, r16
     de4:	11 1f       	adc	r17, r17
     de6:	4a 95       	dec	r20
     de8:	e2 f7       	brpl	.-8      	; 0xde2 <conv_brk+0x160>
     dea:	a8 01       	movw	r20, r16
     dec:	5c 91       	ld	r21, X
     dee:	45 2b       	or	r20, r21
     df0:	4c 93       	st	X, r20
     df2:	62 2e       	mov	r6, r18
     df4:	a2 cf       	rjmp	.-188    	; 0xd3a <conv_brk+0xb8>
     df6:	a0 96       	adiw	r28, 0x20	; 32
     df8:	ef e0       	ldi	r30, 0x0F	; 15
     dfa:	0c 94 e6 02 	jmp	0x5cc	; 0x5cc <__epilogue_restores__+0x6>

00000dfe <vfscanf>:
     dfe:	a0 e0       	ldi	r26, 0x00	; 0
     e00:	b0 e0       	ldi	r27, 0x00	; 0
     e02:	e5 e0       	ldi	r30, 0x05	; 5
     e04:	f7 e0       	ldi	r31, 0x07	; 7
     e06:	0c 94 ca 02 	jmp	0x594	; 0x594 <__prologue_saves__+0x6>
     e0a:	6c 01       	movw	r12, r24
     e0c:	eb 01       	movw	r28, r22
     e0e:	5a 01       	movw	r10, r20
     e10:	fc 01       	movw	r30, r24
     e12:	17 82       	std	Z+7, r1	; 0x07
     e14:	16 82       	std	Z+6, r1	; 0x06
     e16:	51 2c       	mov	r5, r1
     e18:	f6 01       	movw	r30, r12
     e1a:	e3 80       	ldd	r14, Z+3	; 0x03
     e1c:	fe 01       	movw	r30, r28
     e1e:	e3 fc       	sbrc	r14, 3
     e20:	85 91       	lpm	r24, Z+
     e22:	e3 fe       	sbrs	r14, 3
     e24:	81 91       	ld	r24, Z+
     e26:	18 2f       	mov	r17, r24
     e28:	ef 01       	movw	r28, r30
     e2a:	88 23       	and	r24, r24
     e2c:	09 f4       	brne	.+2      	; 0xe30 <vfscanf+0x32>
     e2e:	ee c0       	rjmp	.+476    	; 0x100c <vfscanf+0x20e>
     e30:	90 e0       	ldi	r25, 0x00	; 0
     e32:	0e 94 10 08 	call	0x1020	; 0x1020 <isspace>
     e36:	89 2b       	or	r24, r25
     e38:	21 f0       	breq	.+8      	; 0xe42 <vfscanf+0x44>
     e3a:	c6 01       	movw	r24, r12
     e3c:	0e 94 96 05 	call	0xb2c	; 0xb2c <skip_spaces>
     e40:	eb cf       	rjmp	.-42     	; 0xe18 <vfscanf+0x1a>
     e42:	15 32       	cpi	r17, 0x25	; 37
     e44:	41 f4       	brne	.+16     	; 0xe56 <vfscanf+0x58>
     e46:	fe 01       	movw	r30, r28
     e48:	e3 fc       	sbrc	r14, 3
     e4a:	15 91       	lpm	r17, Z+
     e4c:	e3 fe       	sbrs	r14, 3
     e4e:	11 91       	ld	r17, Z+
     e50:	ef 01       	movw	r28, r30
     e52:	15 32       	cpi	r17, 0x25	; 37
     e54:	81 f4       	brne	.+32     	; 0xe76 <vfscanf+0x78>
     e56:	c6 01       	movw	r24, r12
     e58:	0e 94 3a 08 	call	0x1074	; 0x1074 <fgetc>
     e5c:	97 fd       	sbrc	r25, 7
     e5e:	d4 c0       	rjmp	.+424    	; 0x1008 <vfscanf+0x20a>
     e60:	41 2f       	mov	r20, r17
     e62:	50 e0       	ldi	r21, 0x00	; 0
     e64:	9c 01       	movw	r18, r24
     e66:	33 27       	eor	r19, r19
     e68:	24 17       	cp	r18, r20
     e6a:	35 07       	cpc	r19, r21
     e6c:	a9 f2       	breq	.-86     	; 0xe18 <vfscanf+0x1a>
     e6e:	b6 01       	movw	r22, r12
     e70:	0e 94 b4 08 	call	0x1168	; 0x1168 <ungetc>
     e74:	cb c0       	rjmp	.+406    	; 0x100c <vfscanf+0x20e>
     e76:	1a 32       	cpi	r17, 0x2A	; 42
     e78:	39 f4       	brne	.+14     	; 0xe88 <vfscanf+0x8a>
     e7a:	e3 fc       	sbrc	r14, 3
     e7c:	15 91       	lpm	r17, Z+
     e7e:	e3 fe       	sbrs	r14, 3
     e80:	11 91       	ld	r17, Z+
     e82:	ef 01       	movw	r28, r30
     e84:	01 e0       	ldi	r16, 0x01	; 1
     e86:	01 c0       	rjmp	.+2      	; 0xe8a <vfscanf+0x8c>
     e88:	00 e0       	ldi	r16, 0x00	; 0
     e8a:	f1 2c       	mov	r15, r1
     e8c:	20 ed       	ldi	r18, 0xD0	; 208
     e8e:	21 0f       	add	r18, r17
     e90:	2a 30       	cpi	r18, 0x0A	; 10
     e92:	80 f4       	brcc	.+32     	; 0xeb4 <vfscanf+0xb6>
     e94:	02 60       	ori	r16, 0x02	; 2
     e96:	6f 2d       	mov	r22, r15
     e98:	70 e0       	ldi	r23, 0x00	; 0
     e9a:	80 e0       	ldi	r24, 0x00	; 0
     e9c:	90 e0       	ldi	r25, 0x00	; 0
     e9e:	40 e2       	ldi	r20, 0x20	; 32
     ea0:	0e 94 6f 05 	call	0xade	; 0xade <mulacc>
     ea4:	f6 2e       	mov	r15, r22
     ea6:	fe 01       	movw	r30, r28
     ea8:	e3 fc       	sbrc	r14, 3
     eaa:	15 91       	lpm	r17, Z+
     eac:	e3 fe       	sbrs	r14, 3
     eae:	11 91       	ld	r17, Z+
     eb0:	ef 01       	movw	r28, r30
     eb2:	ec cf       	rjmp	.-40     	; 0xe8c <vfscanf+0x8e>
     eb4:	01 ff       	sbrs	r16, 1
     eb6:	03 c0       	rjmp	.+6      	; 0xebe <vfscanf+0xc0>
     eb8:	f1 10       	cpse	r15, r1
     eba:	03 c0       	rjmp	.+6      	; 0xec2 <vfscanf+0xc4>
     ebc:	a7 c0       	rjmp	.+334    	; 0x100c <vfscanf+0x20e>
     ebe:	ff 24       	eor	r15, r15
     ec0:	fa 94       	dec	r15
     ec2:	18 36       	cpi	r17, 0x68	; 104
     ec4:	19 f0       	breq	.+6      	; 0xecc <vfscanf+0xce>
     ec6:	1c 36       	cpi	r17, 0x6C	; 108
     ec8:	51 f0       	breq	.+20     	; 0xede <vfscanf+0xe0>
     eca:	10 c0       	rjmp	.+32     	; 0xeec <vfscanf+0xee>
     ecc:	fe 01       	movw	r30, r28
     ece:	e3 fc       	sbrc	r14, 3
     ed0:	15 91       	lpm	r17, Z+
     ed2:	e3 fe       	sbrs	r14, 3
     ed4:	11 91       	ld	r17, Z+
     ed6:	ef 01       	movw	r28, r30
     ed8:	18 36       	cpi	r17, 0x68	; 104
     eda:	41 f4       	brne	.+16     	; 0xeec <vfscanf+0xee>
     edc:	08 60       	ori	r16, 0x08	; 8
     ede:	04 60       	ori	r16, 0x04	; 4
     ee0:	fe 01       	movw	r30, r28
     ee2:	e3 fc       	sbrc	r14, 3
     ee4:	15 91       	lpm	r17, Z+
     ee6:	e3 fe       	sbrs	r14, 3
     ee8:	11 91       	ld	r17, Z+
     eea:	ef 01       	movw	r28, r30
     eec:	11 23       	and	r17, r17
     eee:	09 f4       	brne	.+2      	; 0xef2 <vfscanf+0xf4>
     ef0:	8d c0       	rjmp	.+282    	; 0x100c <vfscanf+0x20e>
     ef2:	61 2f       	mov	r22, r17
     ef4:	70 e0       	ldi	r23, 0x00	; 0
     ef6:	88 e6       	ldi	r24, 0x68	; 104
     ef8:	90 e0       	ldi	r25, 0x00	; 0
     efa:	0e 94 19 08 	call	0x1032	; 0x1032 <strchr_P>
     efe:	89 2b       	or	r24, r25
     f00:	09 f4       	brne	.+2      	; 0xf04 <vfscanf+0x106>
     f02:	84 c0       	rjmp	.+264    	; 0x100c <vfscanf+0x20e>
     f04:	00 fd       	sbrc	r16, 0
     f06:	07 c0       	rjmp	.+14     	; 0xf16 <vfscanf+0x118>
     f08:	f5 01       	movw	r30, r10
     f0a:	80 80       	ld	r8, Z
     f0c:	91 80       	ldd	r9, Z+1	; 0x01
     f0e:	c5 01       	movw	r24, r10
     f10:	02 96       	adiw	r24, 0x02	; 2
     f12:	5c 01       	movw	r10, r24
     f14:	02 c0       	rjmp	.+4      	; 0xf1a <vfscanf+0x11c>
     f16:	81 2c       	mov	r8, r1
     f18:	91 2c       	mov	r9, r1
     f1a:	1e 36       	cpi	r17, 0x6E	; 110
     f1c:	51 f4       	brne	.+20     	; 0xf32 <vfscanf+0x134>
     f1e:	f6 01       	movw	r30, r12
     f20:	46 81       	ldd	r20, Z+6	; 0x06
     f22:	57 81       	ldd	r21, Z+7	; 0x07
     f24:	60 e0       	ldi	r22, 0x00	; 0
     f26:	70 e0       	ldi	r23, 0x00	; 0
     f28:	20 2f       	mov	r18, r16
     f2a:	c4 01       	movw	r24, r8
     f2c:	0e 94 63 05 	call	0xac6	; 0xac6 <putval>
     f30:	73 cf       	rjmp	.-282    	; 0xe18 <vfscanf+0x1a>
     f32:	13 36       	cpi	r17, 0x63	; 99
     f34:	a9 f4       	brne	.+42     	; 0xf60 <vfscanf+0x162>
     f36:	01 fd       	sbrc	r16, 1
     f38:	02 c0       	rjmp	.+4      	; 0xf3e <vfscanf+0x140>
     f3a:	ff 24       	eor	r15, r15
     f3c:	f3 94       	inc	r15
     f3e:	c6 01       	movw	r24, r12
     f40:	0e 94 3a 08 	call	0x1074	; 0x1074 <fgetc>
     f44:	97 fd       	sbrc	r25, 7
     f46:	60 c0       	rjmp	.+192    	; 0x1008 <vfscanf+0x20a>
     f48:	81 14       	cp	r8, r1
     f4a:	91 04       	cpc	r9, r1
     f4c:	29 f0       	breq	.+10     	; 0xf58 <vfscanf+0x15a>
     f4e:	f4 01       	movw	r30, r8
     f50:	80 83       	st	Z, r24
     f52:	c4 01       	movw	r24, r8
     f54:	01 96       	adiw	r24, 0x01	; 1
     f56:	4c 01       	movw	r8, r24
     f58:	fa 94       	dec	r15
     f5a:	f1 10       	cpse	r15, r1
     f5c:	f0 cf       	rjmp	.-32     	; 0xf3e <vfscanf+0x140>
     f5e:	50 c0       	rjmp	.+160    	; 0x1000 <vfscanf+0x202>
     f60:	1b 35       	cpi	r17, 0x5B	; 91
     f62:	59 f4       	brne	.+22     	; 0xf7a <vfscanf+0x17c>
     f64:	9e 01       	movw	r18, r28
     f66:	a4 01       	movw	r20, r8
     f68:	6f 2d       	mov	r22, r15
     f6a:	c6 01       	movw	r24, r12
     f6c:	0e 94 41 06 	call	0xc82	; 0xc82 <conv_brk>
     f70:	ec 01       	movw	r28, r24
     f72:	89 2b       	or	r24, r25
     f74:	09 f0       	breq	.+2      	; 0xf78 <vfscanf+0x17a>
     f76:	44 c0       	rjmp	.+136    	; 0x1000 <vfscanf+0x202>
     f78:	3e c0       	rjmp	.+124    	; 0xff6 <vfscanf+0x1f8>
     f7a:	c6 01       	movw	r24, r12
     f7c:	0e 94 96 05 	call	0xb2c	; 0xb2c <skip_spaces>
     f80:	97 fd       	sbrc	r25, 7
     f82:	42 c0       	rjmp	.+132    	; 0x1008 <vfscanf+0x20a>
     f84:	1f 36       	cpi	r17, 0x6F	; 111
     f86:	61 f1       	breq	.+88     	; 0xfe0 <vfscanf+0x1e2>
     f88:	28 f4       	brcc	.+10     	; 0xf94 <vfscanf+0x196>
     f8a:	14 36       	cpi	r17, 0x64	; 100
     f8c:	39 f1       	breq	.+78     	; 0xfdc <vfscanf+0x1de>
     f8e:	19 36       	cpi	r17, 0x69	; 105
     f90:	51 f1       	breq	.+84     	; 0xfe6 <vfscanf+0x1e8>
     f92:	28 c0       	rjmp	.+80     	; 0xfe4 <vfscanf+0x1e6>
     f94:	13 37       	cpi	r17, 0x73	; 115
     f96:	71 f0       	breq	.+28     	; 0xfb4 <vfscanf+0x1b6>
     f98:	15 37       	cpi	r17, 0x75	; 117
     f9a:	01 f1       	breq	.+64     	; 0xfdc <vfscanf+0x1de>
     f9c:	23 c0       	rjmp	.+70     	; 0xfe4 <vfscanf+0x1e6>
     f9e:	81 14       	cp	r8, r1
     fa0:	91 04       	cpc	r9, r1
     fa2:	29 f0       	breq	.+10     	; 0xfae <vfscanf+0x1b0>
     fa4:	f4 01       	movw	r30, r8
     fa6:	60 82       	st	Z, r6
     fa8:	c4 01       	movw	r24, r8
     faa:	01 96       	adiw	r24, 0x01	; 1
     fac:	4c 01       	movw	r8, r24
     fae:	fa 94       	dec	r15
     fb0:	ff 20       	and	r15, r15
     fb2:	71 f0       	breq	.+28     	; 0xfd0 <vfscanf+0x1d2>
     fb4:	c6 01       	movw	r24, r12
     fb6:	0e 94 3a 08 	call	0x1074	; 0x1074 <fgetc>
     fba:	3c 01       	movw	r6, r24
     fbc:	97 fd       	sbrc	r25, 7
     fbe:	08 c0       	rjmp	.+16     	; 0xfd0 <vfscanf+0x1d2>
     fc0:	0e 94 10 08 	call	0x1020	; 0x1020 <isspace>
     fc4:	89 2b       	or	r24, r25
     fc6:	59 f3       	breq	.-42     	; 0xf9e <vfscanf+0x1a0>
     fc8:	b6 01       	movw	r22, r12
     fca:	c3 01       	movw	r24, r6
     fcc:	0e 94 b4 08 	call	0x1168	; 0x1168 <ungetc>
     fd0:	81 14       	cp	r8, r1
     fd2:	91 04       	cpc	r9, r1
     fd4:	a9 f0       	breq	.+42     	; 0x1000 <vfscanf+0x202>
     fd6:	f4 01       	movw	r30, r8
     fd8:	10 82       	st	Z, r1
     fda:	12 c0       	rjmp	.+36     	; 0x1000 <vfscanf+0x202>
     fdc:	00 62       	ori	r16, 0x20	; 32
     fde:	03 c0       	rjmp	.+6      	; 0xfe6 <vfscanf+0x1e8>
     fe0:	00 61       	ori	r16, 0x10	; 16
     fe2:	01 c0       	rjmp	.+2      	; 0xfe6 <vfscanf+0x1e8>
     fe4:	00 64       	ori	r16, 0x40	; 64
     fe6:	20 2f       	mov	r18, r16
     fe8:	a4 01       	movw	r20, r8
     fea:	6f 2d       	mov	r22, r15
     fec:	c6 01       	movw	r24, r12
     fee:	0e 94 af 05 	call	0xb5e	; 0xb5e <conv_int>
     ff2:	81 11       	cpse	r24, r1
     ff4:	05 c0       	rjmp	.+10     	; 0x1000 <vfscanf+0x202>
     ff6:	f6 01       	movw	r30, r12
     ff8:	83 81       	ldd	r24, Z+3	; 0x03
     ffa:	80 73       	andi	r24, 0x30	; 48
     ffc:	29 f4       	brne	.+10     	; 0x1008 <vfscanf+0x20a>
     ffe:	06 c0       	rjmp	.+12     	; 0x100c <vfscanf+0x20e>
    1000:	00 fd       	sbrc	r16, 0
    1002:	0a cf       	rjmp	.-492    	; 0xe18 <vfscanf+0x1a>
    1004:	53 94       	inc	r5
    1006:	08 cf       	rjmp	.-496    	; 0xe18 <vfscanf+0x1a>
    1008:	55 20       	and	r5, r5
    100a:	19 f0       	breq	.+6      	; 0x1012 <vfscanf+0x214>
    100c:	85 2d       	mov	r24, r5
    100e:	90 e0       	ldi	r25, 0x00	; 0
    1010:	02 c0       	rjmp	.+4      	; 0x1016 <vfscanf+0x218>
    1012:	8f ef       	ldi	r24, 0xFF	; 255
    1014:	9f ef       	ldi	r25, 0xFF	; 255
    1016:	cd b7       	in	r28, 0x3d	; 61
    1018:	de b7       	in	r29, 0x3e	; 62
    101a:	ef e0       	ldi	r30, 0x0F	; 15
    101c:	0c 94 e6 02 	jmp	0x5cc	; 0x5cc <__epilogue_restores__+0x6>

00001020 <isspace>:
    1020:	91 11       	cpse	r25, r1
    1022:	0c 94 2b 09 	jmp	0x1256	; 0x1256 <__ctype_isfalse>
    1026:	80 32       	cpi	r24, 0x20	; 32
    1028:	19 f0       	breq	.+6      	; 0x1030 <isspace+0x10>
    102a:	89 50       	subi	r24, 0x09	; 9
    102c:	85 50       	subi	r24, 0x05	; 5
    102e:	c8 f7       	brcc	.-14     	; 0x1022 <isspace+0x2>
    1030:	08 95       	ret

00001032 <strchr_P>:
    1032:	fc 01       	movw	r30, r24
    1034:	05 90       	lpm	r0, Z+
    1036:	06 16       	cp	r0, r22
    1038:	21 f0       	breq	.+8      	; 0x1042 <strchr_P+0x10>
    103a:	00 20       	and	r0, r0
    103c:	d9 f7       	brne	.-10     	; 0x1034 <strchr_P+0x2>
    103e:	c0 01       	movw	r24, r0
    1040:	08 95       	ret
    1042:	31 97       	sbiw	r30, 0x01	; 1
    1044:	cf 01       	movw	r24, r30
    1046:	08 95       	ret

00001048 <strnlen_P>:
    1048:	fc 01       	movw	r30, r24
    104a:	05 90       	lpm	r0, Z+
    104c:	61 50       	subi	r22, 0x01	; 1
    104e:	70 40       	sbci	r23, 0x00	; 0
    1050:	01 10       	cpse	r0, r1
    1052:	d8 f7       	brcc	.-10     	; 0x104a <strnlen_P+0x2>
    1054:	80 95       	com	r24
    1056:	90 95       	com	r25
    1058:	8e 0f       	add	r24, r30
    105a:	9f 1f       	adc	r25, r31
    105c:	08 95       	ret

0000105e <strnlen>:
    105e:	fc 01       	movw	r30, r24
    1060:	61 50       	subi	r22, 0x01	; 1
    1062:	70 40       	sbci	r23, 0x00	; 0
    1064:	01 90       	ld	r0, Z+
    1066:	01 10       	cpse	r0, r1
    1068:	d8 f7       	brcc	.-10     	; 0x1060 <strnlen+0x2>
    106a:	80 95       	com	r24
    106c:	90 95       	com	r25
    106e:	8e 0f       	add	r24, r30
    1070:	9f 1f       	adc	r25, r31
    1072:	08 95       	ret

00001074 <fgetc>:
    1074:	cf 93       	push	r28
    1076:	df 93       	push	r29
    1078:	ec 01       	movw	r28, r24
    107a:	2b 81       	ldd	r18, Y+3	; 0x03
    107c:	20 ff       	sbrs	r18, 0
    107e:	33 c0       	rjmp	.+102    	; 0x10e6 <fgetc+0x72>
    1080:	26 ff       	sbrs	r18, 6
    1082:	0a c0       	rjmp	.+20     	; 0x1098 <fgetc+0x24>
    1084:	2f 7b       	andi	r18, 0xBF	; 191
    1086:	2b 83       	std	Y+3, r18	; 0x03
    1088:	8e 81       	ldd	r24, Y+6	; 0x06
    108a:	9f 81       	ldd	r25, Y+7	; 0x07
    108c:	01 96       	adiw	r24, 0x01	; 1
    108e:	9f 83       	std	Y+7, r25	; 0x07
    1090:	8e 83       	std	Y+6, r24	; 0x06
    1092:	8a 81       	ldd	r24, Y+2	; 0x02
    1094:	90 e0       	ldi	r25, 0x00	; 0
    1096:	29 c0       	rjmp	.+82     	; 0x10ea <fgetc+0x76>
    1098:	22 ff       	sbrs	r18, 2
    109a:	0f c0       	rjmp	.+30     	; 0x10ba <fgetc+0x46>
    109c:	e8 81       	ld	r30, Y
    109e:	f9 81       	ldd	r31, Y+1	; 0x01
    10a0:	80 81       	ld	r24, Z
    10a2:	08 2e       	mov	r0, r24
    10a4:	00 0c       	add	r0, r0
    10a6:	99 0b       	sbc	r25, r25
    10a8:	00 97       	sbiw	r24, 0x00	; 0
    10aa:	19 f4       	brne	.+6      	; 0x10b2 <fgetc+0x3e>
    10ac:	20 62       	ori	r18, 0x20	; 32
    10ae:	2b 83       	std	Y+3, r18	; 0x03
    10b0:	1a c0       	rjmp	.+52     	; 0x10e6 <fgetc+0x72>
    10b2:	31 96       	adiw	r30, 0x01	; 1
    10b4:	f9 83       	std	Y+1, r31	; 0x01
    10b6:	e8 83       	st	Y, r30
    10b8:	0e c0       	rjmp	.+28     	; 0x10d6 <fgetc+0x62>
    10ba:	ea 85       	ldd	r30, Y+10	; 0x0a
    10bc:	fb 85       	ldd	r31, Y+11	; 0x0b
    10be:	09 95       	icall
    10c0:	97 ff       	sbrs	r25, 7
    10c2:	09 c0       	rjmp	.+18     	; 0x10d6 <fgetc+0x62>
    10c4:	2b 81       	ldd	r18, Y+3	; 0x03
    10c6:	01 96       	adiw	r24, 0x01	; 1
    10c8:	11 f0       	breq	.+4      	; 0x10ce <fgetc+0x5a>
    10ca:	80 e2       	ldi	r24, 0x20	; 32
    10cc:	01 c0       	rjmp	.+2      	; 0x10d0 <fgetc+0x5c>
    10ce:	80 e1       	ldi	r24, 0x10	; 16
    10d0:	82 2b       	or	r24, r18
    10d2:	8b 83       	std	Y+3, r24	; 0x03
    10d4:	08 c0       	rjmp	.+16     	; 0x10e6 <fgetc+0x72>
    10d6:	2e 81       	ldd	r18, Y+6	; 0x06
    10d8:	3f 81       	ldd	r19, Y+7	; 0x07
    10da:	2f 5f       	subi	r18, 0xFF	; 255
    10dc:	3f 4f       	sbci	r19, 0xFF	; 255
    10de:	3f 83       	std	Y+7, r19	; 0x07
    10e0:	2e 83       	std	Y+6, r18	; 0x06
    10e2:	99 27       	eor	r25, r25
    10e4:	02 c0       	rjmp	.+4      	; 0x10ea <fgetc+0x76>
    10e6:	8f ef       	ldi	r24, 0xFF	; 255
    10e8:	9f ef       	ldi	r25, 0xFF	; 255
    10ea:	df 91       	pop	r29
    10ec:	cf 91       	pop	r28
    10ee:	08 95       	ret

000010f0 <fputc>:
    10f0:	0f 93       	push	r16
    10f2:	1f 93       	push	r17
    10f4:	cf 93       	push	r28
    10f6:	df 93       	push	r29
    10f8:	fb 01       	movw	r30, r22
    10fa:	23 81       	ldd	r18, Z+3	; 0x03
    10fc:	21 fd       	sbrc	r18, 1
    10fe:	03 c0       	rjmp	.+6      	; 0x1106 <fputc+0x16>
    1100:	8f ef       	ldi	r24, 0xFF	; 255
    1102:	9f ef       	ldi	r25, 0xFF	; 255
    1104:	2c c0       	rjmp	.+88     	; 0x115e <fputc+0x6e>
    1106:	22 ff       	sbrs	r18, 2
    1108:	16 c0       	rjmp	.+44     	; 0x1136 <fputc+0x46>
    110a:	46 81       	ldd	r20, Z+6	; 0x06
    110c:	57 81       	ldd	r21, Z+7	; 0x07
    110e:	24 81       	ldd	r18, Z+4	; 0x04
    1110:	35 81       	ldd	r19, Z+5	; 0x05
    1112:	42 17       	cp	r20, r18
    1114:	53 07       	cpc	r21, r19
    1116:	44 f4       	brge	.+16     	; 0x1128 <fputc+0x38>
    1118:	a0 81       	ld	r26, Z
    111a:	b1 81       	ldd	r27, Z+1	; 0x01
    111c:	9d 01       	movw	r18, r26
    111e:	2f 5f       	subi	r18, 0xFF	; 255
    1120:	3f 4f       	sbci	r19, 0xFF	; 255
    1122:	31 83       	std	Z+1, r19	; 0x01
    1124:	20 83       	st	Z, r18
    1126:	8c 93       	st	X, r24
    1128:	26 81       	ldd	r18, Z+6	; 0x06
    112a:	37 81       	ldd	r19, Z+7	; 0x07
    112c:	2f 5f       	subi	r18, 0xFF	; 255
    112e:	3f 4f       	sbci	r19, 0xFF	; 255
    1130:	37 83       	std	Z+7, r19	; 0x07
    1132:	26 83       	std	Z+6, r18	; 0x06
    1134:	14 c0       	rjmp	.+40     	; 0x115e <fputc+0x6e>
    1136:	8b 01       	movw	r16, r22
    1138:	ec 01       	movw	r28, r24
    113a:	fb 01       	movw	r30, r22
    113c:	00 84       	ldd	r0, Z+8	; 0x08
    113e:	f1 85       	ldd	r31, Z+9	; 0x09
    1140:	e0 2d       	mov	r30, r0
    1142:	09 95       	icall
    1144:	89 2b       	or	r24, r25
    1146:	e1 f6       	brne	.-72     	; 0x1100 <fputc+0x10>
    1148:	d8 01       	movw	r26, r16
    114a:	16 96       	adiw	r26, 0x06	; 6
    114c:	8d 91       	ld	r24, X+
    114e:	9c 91       	ld	r25, X
    1150:	17 97       	sbiw	r26, 0x07	; 7
    1152:	01 96       	adiw	r24, 0x01	; 1
    1154:	17 96       	adiw	r26, 0x07	; 7
    1156:	9c 93       	st	X, r25
    1158:	8e 93       	st	-X, r24
    115a:	16 97       	sbiw	r26, 0x06	; 6
    115c:	ce 01       	movw	r24, r28
    115e:	df 91       	pop	r29
    1160:	cf 91       	pop	r28
    1162:	1f 91       	pop	r17
    1164:	0f 91       	pop	r16
    1166:	08 95       	ret

00001168 <ungetc>:
    1168:	fb 01       	movw	r30, r22
    116a:	23 81       	ldd	r18, Z+3	; 0x03
    116c:	20 ff       	sbrs	r18, 0
    116e:	12 c0       	rjmp	.+36     	; 0x1194 <ungetc+0x2c>
    1170:	26 fd       	sbrc	r18, 6
    1172:	10 c0       	rjmp	.+32     	; 0x1194 <ungetc+0x2c>
    1174:	8f 3f       	cpi	r24, 0xFF	; 255
    1176:	3f ef       	ldi	r19, 0xFF	; 255
    1178:	93 07       	cpc	r25, r19
    117a:	61 f0       	breq	.+24     	; 0x1194 <ungetc+0x2c>
    117c:	82 83       	std	Z+2, r24	; 0x02
    117e:	2f 7d       	andi	r18, 0xDF	; 223
    1180:	20 64       	ori	r18, 0x40	; 64
    1182:	23 83       	std	Z+3, r18	; 0x03
    1184:	26 81       	ldd	r18, Z+6	; 0x06
    1186:	37 81       	ldd	r19, Z+7	; 0x07
    1188:	21 50       	subi	r18, 0x01	; 1
    118a:	31 09       	sbc	r19, r1
    118c:	37 83       	std	Z+7, r19	; 0x07
    118e:	26 83       	std	Z+6, r18	; 0x06
    1190:	99 27       	eor	r25, r25
    1192:	08 95       	ret
    1194:	8f ef       	ldi	r24, 0xFF	; 255
    1196:	9f ef       	ldi	r25, 0xFF	; 255
    1198:	08 95       	ret

0000119a <__ultoa_invert>:
    119a:	fa 01       	movw	r30, r20
    119c:	aa 27       	eor	r26, r26
    119e:	28 30       	cpi	r18, 0x08	; 8
    11a0:	51 f1       	breq	.+84     	; 0x11f6 <__ultoa_invert+0x5c>
    11a2:	20 31       	cpi	r18, 0x10	; 16
    11a4:	81 f1       	breq	.+96     	; 0x1206 <__ultoa_invert+0x6c>
    11a6:	e8 94       	clt
    11a8:	6f 93       	push	r22
    11aa:	6e 7f       	andi	r22, 0xFE	; 254
    11ac:	6e 5f       	subi	r22, 0xFE	; 254
    11ae:	7f 4f       	sbci	r23, 0xFF	; 255
    11b0:	8f 4f       	sbci	r24, 0xFF	; 255
    11b2:	9f 4f       	sbci	r25, 0xFF	; 255
    11b4:	af 4f       	sbci	r26, 0xFF	; 255
    11b6:	b1 e0       	ldi	r27, 0x01	; 1
    11b8:	3e d0       	rcall	.+124    	; 0x1236 <__ultoa_invert+0x9c>
    11ba:	b4 e0       	ldi	r27, 0x04	; 4
    11bc:	3c d0       	rcall	.+120    	; 0x1236 <__ultoa_invert+0x9c>
    11be:	67 0f       	add	r22, r23
    11c0:	78 1f       	adc	r23, r24
    11c2:	89 1f       	adc	r24, r25
    11c4:	9a 1f       	adc	r25, r26
    11c6:	a1 1d       	adc	r26, r1
    11c8:	68 0f       	add	r22, r24
    11ca:	79 1f       	adc	r23, r25
    11cc:	8a 1f       	adc	r24, r26
    11ce:	91 1d       	adc	r25, r1
    11d0:	a1 1d       	adc	r26, r1
    11d2:	6a 0f       	add	r22, r26
    11d4:	71 1d       	adc	r23, r1
    11d6:	81 1d       	adc	r24, r1
    11d8:	91 1d       	adc	r25, r1
    11da:	a1 1d       	adc	r26, r1
    11dc:	20 d0       	rcall	.+64     	; 0x121e <__ultoa_invert+0x84>
    11de:	09 f4       	brne	.+2      	; 0x11e2 <__ultoa_invert+0x48>
    11e0:	68 94       	set
    11e2:	3f 91       	pop	r19
    11e4:	2a e0       	ldi	r18, 0x0A	; 10
    11e6:	26 9f       	mul	r18, r22
    11e8:	11 24       	eor	r1, r1
    11ea:	30 19       	sub	r19, r0
    11ec:	30 5d       	subi	r19, 0xD0	; 208
    11ee:	31 93       	st	Z+, r19
    11f0:	de f6       	brtc	.-74     	; 0x11a8 <__ultoa_invert+0xe>
    11f2:	cf 01       	movw	r24, r30
    11f4:	08 95       	ret
    11f6:	46 2f       	mov	r20, r22
    11f8:	47 70       	andi	r20, 0x07	; 7
    11fa:	40 5d       	subi	r20, 0xD0	; 208
    11fc:	41 93       	st	Z+, r20
    11fe:	b3 e0       	ldi	r27, 0x03	; 3
    1200:	0f d0       	rcall	.+30     	; 0x1220 <__ultoa_invert+0x86>
    1202:	c9 f7       	brne	.-14     	; 0x11f6 <__ultoa_invert+0x5c>
    1204:	f6 cf       	rjmp	.-20     	; 0x11f2 <__ultoa_invert+0x58>
    1206:	46 2f       	mov	r20, r22
    1208:	4f 70       	andi	r20, 0x0F	; 15
    120a:	40 5d       	subi	r20, 0xD0	; 208
    120c:	4a 33       	cpi	r20, 0x3A	; 58
    120e:	18 f0       	brcs	.+6      	; 0x1216 <__ultoa_invert+0x7c>
    1210:	49 5d       	subi	r20, 0xD9	; 217
    1212:	31 fd       	sbrc	r19, 1
    1214:	40 52       	subi	r20, 0x20	; 32
    1216:	41 93       	st	Z+, r20
    1218:	02 d0       	rcall	.+4      	; 0x121e <__ultoa_invert+0x84>
    121a:	a9 f7       	brne	.-22     	; 0x1206 <__ultoa_invert+0x6c>
    121c:	ea cf       	rjmp	.-44     	; 0x11f2 <__ultoa_invert+0x58>
    121e:	b4 e0       	ldi	r27, 0x04	; 4
    1220:	a6 95       	lsr	r26
    1222:	97 95       	ror	r25
    1224:	87 95       	ror	r24
    1226:	77 95       	ror	r23
    1228:	67 95       	ror	r22
    122a:	ba 95       	dec	r27
    122c:	c9 f7       	brne	.-14     	; 0x1220 <__ultoa_invert+0x86>
    122e:	00 97       	sbiw	r24, 0x00	; 0
    1230:	61 05       	cpc	r22, r1
    1232:	71 05       	cpc	r23, r1
    1234:	08 95       	ret
    1236:	9b 01       	movw	r18, r22
    1238:	ac 01       	movw	r20, r24
    123a:	0a 2e       	mov	r0, r26
    123c:	06 94       	lsr	r0
    123e:	57 95       	ror	r21
    1240:	47 95       	ror	r20
    1242:	37 95       	ror	r19
    1244:	27 95       	ror	r18
    1246:	ba 95       	dec	r27
    1248:	c9 f7       	brne	.-14     	; 0x123c <__ultoa_invert+0xa2>
    124a:	62 0f       	add	r22, r18
    124c:	73 1f       	adc	r23, r19
    124e:	84 1f       	adc	r24, r20
    1250:	95 1f       	adc	r25, r21
    1252:	a0 1d       	adc	r26, r0
    1254:	08 95       	ret

00001256 <__ctype_isfalse>:
    1256:	99 27       	eor	r25, r25
    1258:	88 27       	eor	r24, r24

0000125a <__ctype_istrue>:
    125a:	08 95       	ret

0000125c <_exit>:
    125c:	f8 94       	cli

0000125e <__stop_program>:
    125e:	ff cf       	rjmp	.-2      	; 0x125e <__stop_program>
