   1               		.file	"list.c"
   2               	__SP_H__ = 0x3e
   3               	__SP_L__ = 0x3d
   4               	__SREG__ = 0x3f
   5               	__tmp_reg__ = 0
   6               	__zero_reg__ = 1
   9               		.text
  10               	.Ltext0:
 157               	.global	vListInitialise
 159               	vListInitialise:
 160               		.stabd	46,0,0
   1:FreeRTOS/Source/list.c **** /*
   2:FreeRTOS/Source/list.c ****  * FreeRTOS Kernel V10.1.1
   3:FreeRTOS/Source/list.c ****  * Copyright (C) 2018 Amazon.com, Inc. or its affiliates.  All Rights Reserved.
   4:FreeRTOS/Source/list.c ****  *
   5:FreeRTOS/Source/list.c ****  * Permission is hereby granted, free of charge, to any person obtaining a copy of
   6:FreeRTOS/Source/list.c ****  * this software and associated documentation files (the "Software"), to deal in
   7:FreeRTOS/Source/list.c ****  * the Software without restriction, including without limitation the rights to
   8:FreeRTOS/Source/list.c ****  * use, copy, modify, merge, publish, distribute, sublicense, and/or sell copies of
   9:FreeRTOS/Source/list.c ****  * the Software, and to permit persons to whom the Software is furnished to do so,
  10:FreeRTOS/Source/list.c ****  * subject to the following conditions:
  11:FreeRTOS/Source/list.c ****  *
  12:FreeRTOS/Source/list.c ****  * The above copyright notice and this permission notice shall be included in all
  13:FreeRTOS/Source/list.c ****  * copies or substantial portions of the Software.
  14:FreeRTOS/Source/list.c ****  *
  15:FreeRTOS/Source/list.c ****  * THE SOFTWARE IS PROVIDED "AS IS", WITHOUT WARRANTY OF ANY KIND, EXPRESS OR
  16:FreeRTOS/Source/list.c ****  * IMPLIED, INCLUDING BUT NOT LIMITED TO THE WARRANTIES OF MERCHANTABILITY, FITNESS
  17:FreeRTOS/Source/list.c ****  * FOR A PARTICULAR PURPOSE AND NONINFRINGEMENT. IN NO EVENT SHALL THE AUTHORS OR
  18:FreeRTOS/Source/list.c ****  * COPYRIGHT HOLDERS BE LIABLE FOR ANY CLAIM, DAMAGES OR OTHER LIABILITY, WHETHER
  19:FreeRTOS/Source/list.c ****  * IN AN ACTION OF CONTRACT, TORT OR OTHERWISE, ARISING FROM, OUT OF OR IN
  20:FreeRTOS/Source/list.c ****  * CONNECTION WITH THE SOFTWARE OR THE USE OR OTHER DEALINGS IN THE SOFTWARE.
  21:FreeRTOS/Source/list.c ****  *
  22:FreeRTOS/Source/list.c ****  * http://www.FreeRTOS.org
  23:FreeRTOS/Source/list.c ****  * http://aws.amazon.com/freertos
  24:FreeRTOS/Source/list.c ****  *
  25:FreeRTOS/Source/list.c ****  * 1 tab == 4 spaces!
  26:FreeRTOS/Source/list.c ****  */
  27:FreeRTOS/Source/list.c **** 
  28:FreeRTOS/Source/list.c **** 
  29:FreeRTOS/Source/list.c **** #include <stdlib.h>
  30:FreeRTOS/Source/list.c **** #include "FreeRTOS.h"
  31:FreeRTOS/Source/list.c **** #include "list.h"
  32:FreeRTOS/Source/list.c **** 
  33:FreeRTOS/Source/list.c **** /*-----------------------------------------------------------
  34:FreeRTOS/Source/list.c ****  * PUBLIC LIST API documented in list.h
  35:FreeRTOS/Source/list.c ****  *----------------------------------------------------------*/
  36:FreeRTOS/Source/list.c **** 
  37:FreeRTOS/Source/list.c **** void vListInitialise( List_t * const pxList )
  38:FreeRTOS/Source/list.c **** {
 162               	.LM0:
 163               	.LFBB1:
 164               	/* prologue: function */
 165               	/* frame size = 0 */
 166               	/* stack size = 0 */
 167               	.L__stack_usage = 0
 168 0000 FC01      		movw r30,r24
  39:FreeRTOS/Source/list.c **** 	/* The list structure contains a list item which is used to mark the
  40:FreeRTOS/Source/list.c **** 	end of the list.  To initialise the list the list end is inserted
  41:FreeRTOS/Source/list.c **** 	as the only list entry. */
  42:FreeRTOS/Source/list.c **** 	pxList->pxIndex = ( ListItem_t * ) &( pxList->xListEnd );			/*lint !e826 !e740 !e9087 The mini lis
 170               	.LM1:
 171 0002 0396      		adiw r24,3
 172 0004 9283      		std Z+2,r25
 173 0006 8183      		std Z+1,r24
  43:FreeRTOS/Source/list.c **** 
  44:FreeRTOS/Source/list.c **** 	/* The list end value is the highest possible value in the list to
  45:FreeRTOS/Source/list.c **** 	ensure it remains at the end of the list. */
  46:FreeRTOS/Source/list.c **** 	pxList->xListEnd.xItemValue = portMAX_DELAY;
 175               	.LM2:
 176 0008 2FEF      		ldi r18,lo8(-1)
 177 000a 3FEF      		ldi r19,lo8(-1)
 178 000c 3483      		std Z+4,r19
 179 000e 2383      		std Z+3,r18
  47:FreeRTOS/Source/list.c **** 
  48:FreeRTOS/Source/list.c **** 	/* The list end next and previous pointers point to itself so we know
  49:FreeRTOS/Source/list.c **** 	when the list is empty. */
  50:FreeRTOS/Source/list.c **** 	pxList->xListEnd.pxNext = ( ListItem_t * ) &( pxList->xListEnd );	/*lint !e826 !e740 !e9087 The mi
 181               	.LM3:
 182 0010 9683      		std Z+6,r25
 183 0012 8583      		std Z+5,r24
  51:FreeRTOS/Source/list.c **** 	pxList->xListEnd.pxPrevious = ( ListItem_t * ) &( pxList->xListEnd );/*lint !e826 !e740 !e9087 The
 185               	.LM4:
 186 0014 9087      		std Z+8,r25
 187 0016 8783      		std Z+7,r24
  52:FreeRTOS/Source/list.c **** 
  53:FreeRTOS/Source/list.c **** 	pxList->uxNumberOfItems = ( UBaseType_t ) 0U;
 189               	.LM5:
 190 0018 1082      		st Z,__zero_reg__
 191 001a 0895      		ret
 193               	.Lscope1:
 195               		.stabd	78,0,0
 198               	.global	vListInitialiseItem
 200               	vListInitialiseItem:
 201               		.stabd	46,0,0
  54:FreeRTOS/Source/list.c **** 
  55:FreeRTOS/Source/list.c **** 	/* Write known values into the list if
  56:FreeRTOS/Source/list.c **** 	configUSE_LIST_DATA_INTEGRITY_CHECK_BYTES is set to 1. */
  57:FreeRTOS/Source/list.c **** 	listSET_LIST_INTEGRITY_CHECK_1_VALUE( pxList );
  58:FreeRTOS/Source/list.c **** 	listSET_LIST_INTEGRITY_CHECK_2_VALUE( pxList );
  59:FreeRTOS/Source/list.c **** }
  60:FreeRTOS/Source/list.c **** /*-----------------------------------------------------------*/
  61:FreeRTOS/Source/list.c **** 
  62:FreeRTOS/Source/list.c **** void vListInitialiseItem( ListItem_t * const pxItem )
  63:FreeRTOS/Source/list.c **** {
 203               	.LM6:
 204               	.LFBB2:
 205               	/* prologue: function */
 206               	/* frame size = 0 */
 207               	/* stack size = 0 */
 208               	.L__stack_usage = 0
  64:FreeRTOS/Source/list.c **** 	/* Make sure the list item is not recorded as being on a list. */
  65:FreeRTOS/Source/list.c **** 	pxItem->pxContainer = NULL;
 210               	.LM7:
 211 001c FC01      		movw r30,r24
 212 001e 1186      		std Z+9,__zero_reg__
 213 0020 1086      		std Z+8,__zero_reg__
 214 0022 0895      		ret
 216               	.Lscope2:
 218               		.stabd	78,0,0
 222               	.global	vListInsertEnd
 224               	vListInsertEnd:
 225               		.stabd	46,0,0
  66:FreeRTOS/Source/list.c **** 
  67:FreeRTOS/Source/list.c **** 	/* Write known values into the list item if
  68:FreeRTOS/Source/list.c **** 	configUSE_LIST_DATA_INTEGRITY_CHECK_BYTES is set to 1. */
  69:FreeRTOS/Source/list.c **** 	listSET_FIRST_LIST_ITEM_INTEGRITY_CHECK_VALUE( pxItem );
  70:FreeRTOS/Source/list.c **** 	listSET_SECOND_LIST_ITEM_INTEGRITY_CHECK_VALUE( pxItem );
  71:FreeRTOS/Source/list.c **** }
  72:FreeRTOS/Source/list.c **** /*-----------------------------------------------------------*/
  73:FreeRTOS/Source/list.c **** 
  74:FreeRTOS/Source/list.c **** void vListInsertEnd( List_t * const pxList, ListItem_t * const pxNewListItem )
  75:FreeRTOS/Source/list.c **** {
 227               	.LM8:
 228               	.LFBB3:
 229 0024 CF93      		push r28
 230 0026 DF93      		push r29
 231               	/* prologue: function */
 232               	/* frame size = 0 */
 233               	/* stack size = 2 */
 234               	.L__stack_usage = 2
 235 0028 9C01      		movw r18,r24
 236 002a FB01      		movw r30,r22
  76:FreeRTOS/Source/list.c **** ListItem_t * const pxIndex = pxList->pxIndex;
 238               	.LM9:
 239 002c DC01      		movw r26,r24
 240 002e 1196      		adiw r26,1
 241 0030 CD91      		ld r28,X+
 242 0032 DC91      		ld r29,X
 243 0034 1297      		sbiw r26,1+1
  77:FreeRTOS/Source/list.c **** 
  78:FreeRTOS/Source/list.c **** 	/* Only effective when configASSERT() is also defined, these tests may catch
  79:FreeRTOS/Source/list.c **** 	the list data structures being overwritten in memory.  They will not catch
  80:FreeRTOS/Source/list.c **** 	data errors caused by incorrect configuration or use of FreeRTOS. */
  81:FreeRTOS/Source/list.c **** 	listTEST_LIST_INTEGRITY( pxList );
  82:FreeRTOS/Source/list.c **** 	listTEST_LIST_ITEM_INTEGRITY( pxNewListItem );
  83:FreeRTOS/Source/list.c **** 
  84:FreeRTOS/Source/list.c **** 	/* Insert a new list item into pxList, but rather than sort the list,
  85:FreeRTOS/Source/list.c **** 	makes the new list item the last item to be removed by a call to
  86:FreeRTOS/Source/list.c **** 	listGET_OWNER_OF_NEXT_ENTRY(). */
  87:FreeRTOS/Source/list.c **** 	pxNewListItem->pxNext = pxIndex;
 245               	.LM10:
 246 0036 D383      		std Z+3,r29
 247 0038 C283      		std Z+2,r28
  88:FreeRTOS/Source/list.c **** 	pxNewListItem->pxPrevious = pxIndex->pxPrevious;
 249               	.LM11:
 250 003a 8C81      		ldd r24,Y+4
 251 003c 9D81      		ldd r25,Y+5
 252 003e 9583      		std Z+5,r25
 253 0040 8483      		std Z+4,r24
  89:FreeRTOS/Source/list.c **** 
  90:FreeRTOS/Source/list.c **** 	/* Only used during decision coverage testing. */
  91:FreeRTOS/Source/list.c **** 	mtCOVERAGE_TEST_DELAY();
  92:FreeRTOS/Source/list.c **** 
  93:FreeRTOS/Source/list.c **** 	pxIndex->pxPrevious->pxNext = pxNewListItem;
 255               	.LM12:
 256 0042 8C81      		ldd r24,Y+4
 257 0044 9D81      		ldd r25,Y+5
 258 0046 DC01      		movw r26,r24
 259 0048 1396      		adiw r26,2+1
 260 004a 7C93      		st X,r23
 261 004c 6E93      		st -X,r22
 262 004e 1297      		sbiw r26,2
  94:FreeRTOS/Source/list.c **** 	pxIndex->pxPrevious = pxNewListItem;
 264               	.LM13:
 265 0050 7D83      		std Y+5,r23
 266 0052 6C83      		std Y+4,r22
  95:FreeRTOS/Source/list.c **** 
  96:FreeRTOS/Source/list.c **** 	/* Remember which list the item is in. */
  97:FreeRTOS/Source/list.c **** 	pxNewListItem->pxContainer = pxList;
 268               	.LM14:
 269 0054 3187      		std Z+9,r19
 270 0056 2087      		std Z+8,r18
  98:FreeRTOS/Source/list.c **** 
  99:FreeRTOS/Source/list.c **** 	( pxList->uxNumberOfItems )++;
 272               	.LM15:
 273 0058 F901      		movw r30,r18
 274 005a 8081      		ld r24,Z
 275 005c 8F5F      		subi r24,lo8(-(1))
 276 005e 8083      		st Z,r24
 277               	/* epilogue start */
 100:FreeRTOS/Source/list.c **** }
 279               	.LM16:
 280 0060 DF91      		pop r29
 281 0062 CF91      		pop r28
 282 0064 0895      		ret
 287               	.Lscope3:
 289               		.stabd	78,0,0
 293               	.global	vListInsert
 295               	vListInsert:
 296               		.stabd	46,0,0
 101:FreeRTOS/Source/list.c **** /*-----------------------------------------------------------*/
 102:FreeRTOS/Source/list.c **** 
 103:FreeRTOS/Source/list.c **** void vListInsert( List_t * const pxList, ListItem_t * const pxNewListItem )
 104:FreeRTOS/Source/list.c **** {
 298               	.LM17:
 299               	.LFBB4:
 300 0066 0F93      		push r16
 301 0068 1F93      		push r17
 302 006a CF93      		push r28
 303 006c DF93      		push r29
 304               	/* prologue: function */
 305               	/* frame size = 0 */
 306               	/* stack size = 4 */
 307               	.L__stack_usage = 4
 308 006e 8C01      		movw r16,r24
 309 0070 FB01      		movw r30,r22
 105:FreeRTOS/Source/list.c **** ListItem_t *pxIterator;
 106:FreeRTOS/Source/list.c **** const TickType_t xValueOfInsertion = pxNewListItem->xItemValue;
 311               	.LM18:
 312 0072 8081      		ld r24,Z
 313 0074 9181      		ldd r25,Z+1
 107:FreeRTOS/Source/list.c **** 
 108:FreeRTOS/Source/list.c **** 	/* Only effective when configASSERT() is also defined, these tests may catch
 109:FreeRTOS/Source/list.c **** 	the list data structures being overwritten in memory.  They will not catch
 110:FreeRTOS/Source/list.c **** 	data errors caused by incorrect configuration or use of FreeRTOS. */
 111:FreeRTOS/Source/list.c **** 	listTEST_LIST_INTEGRITY( pxList );
 112:FreeRTOS/Source/list.c **** 	listTEST_LIST_ITEM_INTEGRITY( pxNewListItem );
 113:FreeRTOS/Source/list.c **** 
 114:FreeRTOS/Source/list.c **** 	/* Insert the new list item into the list, sorted in xItemValue order.
 115:FreeRTOS/Source/list.c **** 
 116:FreeRTOS/Source/list.c **** 	If the list already contains a list item with the same item value then the
 117:FreeRTOS/Source/list.c **** 	new list item should be placed after it.  This ensures that TCBs which are
 118:FreeRTOS/Source/list.c **** 	stored in ready lists (all of which have the same xItemValue value) get a
 119:FreeRTOS/Source/list.c **** 	share of the CPU.  However, if the xItemValue is the same as the back marker
 120:FreeRTOS/Source/list.c **** 	the iteration loop below will not end.  Therefore the value is checked
 121:FreeRTOS/Source/list.c **** 	first, and the algorithm slightly modified if necessary. */
 122:FreeRTOS/Source/list.c **** 	if( xValueOfInsertion == portMAX_DELAY )
 315               	.LM19:
 316 0076 8F3F      		cpi r24,-1
 317 0078 2FEF      		ldi r18,-1
 318 007a 9207      		cpc r25,r18
 319 007c 01F4      		brne .L5
 123:FreeRTOS/Source/list.c **** 	{
 124:FreeRTOS/Source/list.c **** 		pxIterator = pxList->xListEnd.pxPrevious;
 321               	.LM20:
 322 007e E801      		movw r28,r16
 323 0080 AF81      		ldd r26,Y+7
 324 0082 B885      		ldd r27,Y+8
 325 0084 00C0      		rjmp .L6
 326               	.L5:
 125:FreeRTOS/Source/list.c **** 	}
 126:FreeRTOS/Source/list.c **** 	else
 127:FreeRTOS/Source/list.c **** 	{
 128:FreeRTOS/Source/list.c **** 		/* *** NOTE ***********************************************************
 129:FreeRTOS/Source/list.c **** 		If you find your application is crashing here then likely causes are
 130:FreeRTOS/Source/list.c **** 		listed below.  In addition see https://www.freertos.org/FAQHelp.html for
 131:FreeRTOS/Source/list.c **** 		more tips, and ensure configASSERT() is defined!
 132:FreeRTOS/Source/list.c **** 		https://www.freertos.org/a00110.html#configASSERT
 133:FreeRTOS/Source/list.c **** 
 134:FreeRTOS/Source/list.c **** 			1) Stack overflow -
 135:FreeRTOS/Source/list.c **** 			   see https://www.freertos.org/Stacks-and-stack-overflow-checking.html
 136:FreeRTOS/Source/list.c **** 			2) Incorrect interrupt priority assignment, especially on Cortex-M
 137:FreeRTOS/Source/list.c **** 			   parts where numerically high priority values denote low actual
 138:FreeRTOS/Source/list.c **** 			   interrupt priorities, which can seem counter intuitive.  See
 139:FreeRTOS/Source/list.c **** 			   https://www.freertos.org/RTOS-Cortex-M3-M4.html and the definition
 140:FreeRTOS/Source/list.c **** 			   of configMAX_SYSCALL_INTERRUPT_PRIORITY on
 141:FreeRTOS/Source/list.c **** 			   https://www.freertos.org/a00110.html
 142:FreeRTOS/Source/list.c **** 			3) Calling an API function from within a critical section or when
 143:FreeRTOS/Source/list.c **** 			   the scheduler is suspended, or calling an API function that does
 144:FreeRTOS/Source/list.c **** 			   not end in "FromISR" from an interrupt.
 145:FreeRTOS/Source/list.c **** 			4) Using a queue or semaphore before it has been initialised or
 146:FreeRTOS/Source/list.c **** 			   before the scheduler has been started (are interrupts firing
 147:FreeRTOS/Source/list.c **** 			   before vTaskStartScheduler() has been called?).
 148:FreeRTOS/Source/list.c **** 		**********************************************************************/
 149:FreeRTOS/Source/list.c **** 
 150:FreeRTOS/Source/list.c **** 		for( pxIterator = ( ListItem_t * ) &( pxList->xListEnd ); pxIterator->pxNext->xItemValue <= xValu
 328               	.LM21:
 329 0086 D801      		movw r26,r16
 330 0088 1396      		adiw r26,3
 331               	.L7:
 333               	.LM22:
 334 008a 1296      		adiw r26,2
 335 008c 2D91      		ld r18,X+
 336 008e 3C91      		ld r19,X
 337 0090 1397      		sbiw r26,2+1
 338 0092 E901      		movw r28,r18
 339 0094 4881      		ld r20,Y
 340 0096 5981      		ldd r21,Y+1
 341 0098 8417      		cp r24,r20
 342 009a 9507      		cpc r25,r21
 343 009c 00F0      		brlo .L6
 345               	.LM23:
 346 009e D901      		movw r26,r18
 347 00a0 00C0      		rjmp .L7
 348               	.L6:
 151:FreeRTOS/Source/list.c **** 		{
 152:FreeRTOS/Source/list.c **** 			/* There is nothing to do here, just iterating to the wanted
 153:FreeRTOS/Source/list.c **** 			insertion position. */
 154:FreeRTOS/Source/list.c **** 		}
 155:FreeRTOS/Source/list.c **** 	}
 156:FreeRTOS/Source/list.c **** 
 157:FreeRTOS/Source/list.c **** 	pxNewListItem->pxNext = pxIterator->pxNext;
 350               	.LM24:
 351 00a2 1296      		adiw r26,2
 352 00a4 8D91      		ld r24,X+
 353 00a6 9C91      		ld r25,X
 354 00a8 1397      		sbiw r26,2+1
 355 00aa 9383      		std Z+3,r25
 356 00ac 8283      		std Z+2,r24
 158:FreeRTOS/Source/list.c **** 	pxNewListItem->pxNext->pxPrevious = pxNewListItem;
 358               	.LM25:
 359 00ae EC01      		movw r28,r24
 360 00b0 FD83      		std Y+5,r31
 361 00b2 EC83      		std Y+4,r30
 159:FreeRTOS/Source/list.c **** 	pxNewListItem->pxPrevious = pxIterator;
 363               	.LM26:
 364 00b4 B583      		std Z+5,r27
 365 00b6 A483      		std Z+4,r26
 160:FreeRTOS/Source/list.c **** 	pxIterator->pxNext = pxNewListItem;
 367               	.LM27:
 368 00b8 1396      		adiw r26,2+1
 369 00ba FC93      		st X,r31
 370 00bc EE93      		st -X,r30
 371 00be 1297      		sbiw r26,2
 161:FreeRTOS/Source/list.c **** 
 162:FreeRTOS/Source/list.c **** 	/* Remember which list the item is in.  This allows fast removal of the
 163:FreeRTOS/Source/list.c **** 	item later. */
 164:FreeRTOS/Source/list.c **** 	pxNewListItem->pxContainer = pxList;
 373               	.LM28:
 374 00c0 1187      		std Z+9,r17
 375 00c2 0087      		std Z+8,r16
 165:FreeRTOS/Source/list.c **** 
 166:FreeRTOS/Source/list.c **** 	( pxList->uxNumberOfItems )++;
 377               	.LM29:
 378 00c4 F801      		movw r30,r16
 379 00c6 8081      		ld r24,Z
 380 00c8 8F5F      		subi r24,lo8(-(1))
 381 00ca 8083      		st Z,r24
 382               	/* epilogue start */
 167:FreeRTOS/Source/list.c **** }
 384               	.LM30:
 385 00cc DF91      		pop r29
 386 00ce CF91      		pop r28
 387 00d0 1F91      		pop r17
 388 00d2 0F91      		pop r16
 389 00d4 0895      		ret
 394               	.Lscope4:
 396               		.stabd	78,0,0
 399               	.global	uxListRemove
 401               	uxListRemove:
 402               		.stabd	46,0,0
 168:FreeRTOS/Source/list.c **** /*-----------------------------------------------------------*/
 169:FreeRTOS/Source/list.c **** 
 170:FreeRTOS/Source/list.c **** UBaseType_t uxListRemove( ListItem_t * const pxItemToRemove )
 171:FreeRTOS/Source/list.c **** {
 404               	.LM31:
 405               	.LFBB5:
 406 00d6 CF93      		push r28
 407 00d8 DF93      		push r29
 408               	/* prologue: function */
 409               	/* frame size = 0 */
 410               	/* stack size = 2 */
 411               	.L__stack_usage = 2
 412 00da FC01      		movw r30,r24
 172:FreeRTOS/Source/list.c **** /* The list item knows which list it is in.  Obtain the list from the list
 173:FreeRTOS/Source/list.c **** item. */
 174:FreeRTOS/Source/list.c **** List_t * const pxList = pxItemToRemove->pxContainer;
 414               	.LM32:
 415 00dc A085      		ldd r26,Z+8
 416 00de B185      		ldd r27,Z+9
 175:FreeRTOS/Source/list.c **** 
 176:FreeRTOS/Source/list.c **** 	pxItemToRemove->pxNext->pxPrevious = pxItemToRemove->pxPrevious;
 418               	.LM33:
 419 00e0 8281      		ldd r24,Z+2
 420 00e2 9381      		ldd r25,Z+3
 421 00e4 2481      		ldd r18,Z+4
 422 00e6 3581      		ldd r19,Z+5
 423 00e8 EC01      		movw r28,r24
 424 00ea 3D83      		std Y+5,r19
 425 00ec 2C83      		std Y+4,r18
 177:FreeRTOS/Source/list.c **** 	pxItemToRemove->pxPrevious->pxNext = pxItemToRemove->pxNext;
 427               	.LM34:
 428 00ee C481      		ldd r28,Z+4
 429 00f0 D581      		ldd r29,Z+5
 430 00f2 9B83      		std Y+3,r25
 431 00f4 8A83      		std Y+2,r24
 178:FreeRTOS/Source/list.c **** 
 179:FreeRTOS/Source/list.c **** 	/* Only used during decision coverage testing. */
 180:FreeRTOS/Source/list.c **** 	mtCOVERAGE_TEST_DELAY();
 181:FreeRTOS/Source/list.c **** 
 182:FreeRTOS/Source/list.c **** 	/* Make sure the index is left pointing to a valid item. */
 183:FreeRTOS/Source/list.c **** 	if( pxList->pxIndex == pxItemToRemove )
 433               	.LM35:
 434 00f6 1196      		adiw r26,1
 435 00f8 8D91      		ld r24,X+
 436 00fa 9C91      		ld r25,X
 437 00fc 1297      		sbiw r26,1+1
 438 00fe E817      		cp r30,r24
 439 0100 F907      		cpc r31,r25
 440 0102 01F4      		brne .L11
 184:FreeRTOS/Source/list.c **** 	{
 185:FreeRTOS/Source/list.c **** 		pxList->pxIndex = pxItemToRemove->pxPrevious;
 442               	.LM36:
 443 0104 1296      		adiw r26,1+1
 444 0106 DC93      		st X,r29
 445 0108 CE93      		st -X,r28
 446 010a 1197      		sbiw r26,1
 447               	.L11:
 186:FreeRTOS/Source/list.c **** 	}
 187:FreeRTOS/Source/list.c **** 	else
 188:FreeRTOS/Source/list.c **** 	{
 189:FreeRTOS/Source/list.c **** 		mtCOVERAGE_TEST_MARKER();
 190:FreeRTOS/Source/list.c **** 	}
 191:FreeRTOS/Source/list.c **** 
 192:FreeRTOS/Source/list.c **** 	pxItemToRemove->pxContainer = NULL;
 449               	.LM37:
 450 010c 1186      		std Z+9,__zero_reg__
 451 010e 1086      		std Z+8,__zero_reg__
 193:FreeRTOS/Source/list.c **** 	( pxList->uxNumberOfItems )--;
 453               	.LM38:
 454 0110 8C91      		ld r24,X
 455 0112 8150      		subi r24,lo8(-(-1))
 456 0114 8C93      		st X,r24
 194:FreeRTOS/Source/list.c **** 
 195:FreeRTOS/Source/list.c **** 	return pxList->uxNumberOfItems;
 458               	.LM39:
 459 0116 8C91      		ld r24,X
 460               	/* epilogue start */
 196:FreeRTOS/Source/list.c **** }
 462               	.LM40:
 463 0118 DF91      		pop r29
 464 011a CF91      		pop r28
 465 011c 0895      		ret
 470               	.Lscope5:
 472               		.stabd	78,0,0
 474               	.Letext0:
 475               		.ident	"GCC: (GNU) 5.4.0"
DEFINED SYMBOLS
                            *ABS*:0000000000000000 list.c
     /tmp/ccLxMK8w.s:2      *ABS*:000000000000003e __SP_H__
     /tmp/ccLxMK8w.s:3      *ABS*:000000000000003d __SP_L__
     /tmp/ccLxMK8w.s:4      *ABS*:000000000000003f __SREG__
     /tmp/ccLxMK8w.s:5      *ABS*:0000000000000000 __tmp_reg__
     /tmp/ccLxMK8w.s:6      *ABS*:0000000000000001 __zero_reg__
     /tmp/ccLxMK8w.s:159    .text:0000000000000000 vListInitialise
     /tmp/ccLxMK8w.s:200    .text:000000000000001c vListInitialiseItem
     /tmp/ccLxMK8w.s:224    .text:0000000000000024 vListInsertEnd
     /tmp/ccLxMK8w.s:295    .text:0000000000000066 vListInsert
     /tmp/ccLxMK8w.s:401    .text:00000000000000d6 uxListRemove

NO UNDEFINED SYMBOLS
