
calculator.elf:     file format elf32-avr

Sections:
Idx Name          Size      VMA       LMA       File off  Algn
  0 .data         0000004c  00800100  00000f14  00000fa8  2**0
                  CONTENTS, ALLOC, LOAD, DATA
  1 .text         00000f14  00000000  00000000  00000094  2**1
                  CONTENTS, ALLOC, LOAD, READONLY, CODE
  2 .bss          00000017  0080014c  0080014c  00000ff4  2**0
                  ALLOC
  3 .stab         000007a4  00000000  00000000  00000ff4  2**2
                  CONTENTS, READONLY, DEBUGGING
  4 .stabstr      00000ecd  00000000  00000000  00001798  2**0
                  CONTENTS, READONLY, DEBUGGING
  5 .comment      00000011  00000000  00000000  00002665  2**0
                  CONTENTS, READONLY
  6 .note.gnu.avr.deviceinfo 00000040  00000000  00000000  00002678  2**2
                  CONTENTS, READONLY
  7 .debug_info   000005f4  00000000  00000000  000026b8  2**0
                  CONTENTS, READONLY, DEBUGGING
  8 .debug_abbrev 000005a2  00000000  00000000  00002cac  2**0
                  CONTENTS, READONLY, DEBUGGING
  9 .debug_line   0000001a  00000000  00000000  0000324e  2**0
                  CONTENTS, READONLY, DEBUGGING
 10 .debug_str    00000208  00000000  00000000  00003268  2**0
                  CONTENTS, READONLY, DEBUGGING

Disassembly of section .text:

00000000 <__vectors>:
   0:	0c 94 3a 00 	jmp	0x74	; 0x74 <__ctors_end>
   4:	0c 94 57 00 	jmp	0xae	; 0xae <__bad_interrupt>
   8:	0c 94 57 00 	jmp	0xae	; 0xae <__bad_interrupt>
   c:	0c 94 57 00 	jmp	0xae	; 0xae <__bad_interrupt>
  10:	0c 94 57 00 	jmp	0xae	; 0xae <__bad_interrupt>
  14:	0c 94 57 00 	jmp	0xae	; 0xae <__bad_interrupt>
  18:	0c 94 57 00 	jmp	0xae	; 0xae <__bad_interrupt>
  1c:	0c 94 57 00 	jmp	0xae	; 0xae <__bad_interrupt>
  20:	0c 94 57 00 	jmp	0xae	; 0xae <__bad_interrupt>
  24:	0c 94 57 00 	jmp	0xae	; 0xae <__bad_interrupt>
  28:	0c 94 57 00 	jmp	0xae	; 0xae <__bad_interrupt>
  2c:	0c 94 57 00 	jmp	0xae	; 0xae <__bad_interrupt>
  30:	0c 94 57 00 	jmp	0xae	; 0xae <__bad_interrupt>
  34:	0c 94 57 00 	jmp	0xae	; 0xae <__bad_interrupt>
  38:	0c 94 57 00 	jmp	0xae	; 0xae <__bad_interrupt>
  3c:	0c 94 57 00 	jmp	0xae	; 0xae <__bad_interrupt>
  40:	0c 94 57 00 	jmp	0xae	; 0xae <__bad_interrupt>
  44:	0c 94 57 00 	jmp	0xae	; 0xae <__bad_interrupt>
  48:	0c 94 57 00 	jmp	0xae	; 0xae <__bad_interrupt>
  4c:	0c 94 57 00 	jmp	0xae	; 0xae <__bad_interrupt>
  50:	0c 94 57 00 	jmp	0xae	; 0xae <__bad_interrupt>
  54:	0c 94 57 00 	jmp	0xae	; 0xae <__bad_interrupt>
  58:	0c 94 57 00 	jmp	0xae	; 0xae <__bad_interrupt>
  5c:	0c 94 57 00 	jmp	0xae	; 0xae <__bad_interrupt>
  60:	0c 94 57 00 	jmp	0xae	; 0xae <__bad_interrupt>
  64:	0c 94 57 00 	jmp	0xae	; 0xae <__bad_interrupt>

00000068 <__trampolines_end>:
  68:	63 64       	ori	r22, 0x43	; 67
  6a:	69 6e       	ori	r22, 0xE9	; 233
  6c:	6f 70       	andi	r22, 0x0F	; 15
  6e:	73 75       	andi	r23, 0x53	; 83
  70:	78 58       	subi	r23, 0x88	; 136
  72:	5b 00       	.word	0x005b	; ????

00000074 <__ctors_end>:
  74:	11 24       	eor	r1, r1
  76:	1f be       	out	0x3f, r1	; 63
  78:	cf ef       	ldi	r28, 0xFF	; 255
  7a:	d8 e0       	ldi	r29, 0x08	; 8
  7c:	de bf       	out	0x3e, r29	; 62
  7e:	cd bf       	out	0x3d, r28	; 61

00000080 <__do_copy_data>:
  80:	11 e0       	ldi	r17, 0x01	; 1
  82:	a0 e0       	ldi	r26, 0x00	; 0
  84:	b1 e0       	ldi	r27, 0x01	; 1
  86:	e4 e1       	ldi	r30, 0x14	; 20
  88:	ff e0       	ldi	r31, 0x0F	; 15
  8a:	02 c0       	rjmp	.+4      	; 0x90 <__do_copy_data+0x10>
  8c:	05 90       	lpm	r0, Z+
  8e:	0d 92       	st	X+, r0
  90:	ac 34       	cpi	r26, 0x4C	; 76
  92:	b1 07       	cpc	r27, r17
  94:	d9 f7       	brne	.-10     	; 0x8c <__do_copy_data+0xc>

00000096 <__do_clear_bss>:
  96:	21 e0       	ldi	r18, 0x01	; 1
  98:	ac e4       	ldi	r26, 0x4C	; 76
  9a:	b1 e0       	ldi	r27, 0x01	; 1
  9c:	01 c0       	rjmp	.+2      	; 0xa0 <.do_clear_bss_start>

0000009e <.do_clear_bss_loop>:
  9e:	1d 92       	st	X+, r1

000000a0 <.do_clear_bss_start>:
  a0:	a3 36       	cpi	r26, 0x63	; 99
  a2:	b2 07       	cpc	r27, r18
  a4:	e1 f7       	brne	.-8      	; 0x9e <.do_clear_bss_loop>
  a6:	0e 94 79 00 	call	0xf2	; 0xf2 <main>
  aa:	0c 94 88 07 	jmp	0xf10	; 0xf10 <_exit>

000000ae <__bad_interrupt>:
  ae:	0c 94 00 00 	jmp	0	; 0x0 <__vectors>

000000b2 <uart_transmit>:

// transmisja jednego znaku
int uart_transmit(char data, FILE *stream)
{
  // czekaj aż transmiter gotowy
  while(!(UCSR0A & _BV(UDRE0)));
  b2:	90 91 c0 00 	lds	r25, 0x00C0	; 0x8000c0 <__TEXT_REGION_LENGTH__+0x7f80c0>
  b6:	95 ff       	sbrs	r25, 5
  b8:	fc cf       	rjmp	.-8      	; 0xb2 <uart_transmit>
  UDR0 = data;
  ba:	80 93 c6 00 	sts	0x00C6, r24	; 0x8000c6 <__TEXT_REGION_LENGTH__+0x7f80c6>
  return 0;
}
  be:	80 e0       	ldi	r24, 0x00	; 0
  c0:	90 e0       	ldi	r25, 0x00	; 0
  c2:	08 95       	ret

000000c4 <uart_receive>:

// odczyt jednego znaku
int uart_receive(FILE *stream)
{
  // czekaj aż znak dostępny
  while (!(UCSR0A & _BV(RXC0)));
  c4:	80 91 c0 00 	lds	r24, 0x00C0	; 0x8000c0 <__TEXT_REGION_LENGTH__+0x7f80c0>
  c8:	87 ff       	sbrs	r24, 7
  ca:	fc cf       	rjmp	.-8      	; 0xc4 <uart_receive>
  return UDR0;
  cc:	80 91 c6 00 	lds	r24, 0x00C6	; 0x8000c6 <__TEXT_REGION_LENGTH__+0x7f80c6>
}
  d0:	90 e0       	ldi	r25, 0x00	; 0
  d2:	08 95       	ret

000000d4 <uart_init>:

// inicjalizacja UART
void uart_init()
{
  // ustaw baudrate
  UBRR0 = UBRR_VALUE;
  d4:	87 e6       	ldi	r24, 0x67	; 103
  d6:	90 e0       	ldi	r25, 0x00	; 0
  d8:	90 93 c5 00 	sts	0x00C5, r25	; 0x8000c5 <__TEXT_REGION_LENGTH__+0x7f80c5>
  dc:	80 93 c4 00 	sts	0x00C4, r24	; 0x8000c4 <__TEXT_REGION_LENGTH__+0x7f80c4>
  // wyczyść rejestr UCSR0A
  UCSR0A = 0;
  e0:	10 92 c0 00 	sts	0x00C0, r1	; 0x8000c0 <__TEXT_REGION_LENGTH__+0x7f80c0>
  // włącz odbiornik i nadajnik
  UCSR0B = _BV(RXEN0) | _BV(TXEN0);
  e4:	88 e1       	ldi	r24, 0x18	; 24
  e6:	80 93 c1 00 	sts	0x00C1, r24	; 0x8000c1 <__TEXT_REGION_LENGTH__+0x7f80c1>
  // ustaw format 8n1
  UCSR0C = _BV(UCSZ00) | _BV(UCSZ01);
  ea:	86 e0       	ldi	r24, 0x06	; 6
  ec:	80 93 c2 00 	sts	0x00C2, r24	; 0x8000c2 <__TEXT_REGION_LENGTH__+0x7f80c2>
  f0:	08 95       	ret

000000f2 <main>:

// inicjalizacja UART
void uart_init()
{
  // ustaw baudrate
  UBRR0 = UBRR_VALUE;
  f2:	87 e6       	ldi	r24, 0x67	; 103
  f4:	90 e0       	ldi	r25, 0x00	; 0
  f6:	90 93 c5 00 	sts	0x00C5, r25	; 0x8000c5 <__TEXT_REGION_LENGTH__+0x7f80c5>
  fa:	80 93 c4 00 	sts	0x00C4, r24	; 0x8000c4 <__TEXT_REGION_LENGTH__+0x7f80c4>
  // wyczyść rejestr UCSR0A
  UCSR0A = 0;
  fe:	10 92 c0 00 	sts	0x00C0, r1	; 0x8000c0 <__TEXT_REGION_LENGTH__+0x7f80c0>
  // włącz odbiornik i nadajnik
  UCSR0B = _BV(RXEN0) | _BV(TXEN0);
 102:	88 e1       	ldi	r24, 0x18	; 24
 104:	80 93 c1 00 	sts	0x00C1, r24	; 0x8000c1 <__TEXT_REGION_LENGTH__+0x7f80c1>
  // ustaw format 8n1
  UCSR0C = _BV(UCSZ00) | _BV(UCSZ01);
 108:	86 e0       	ldi	r24, 0x06	; 6
 10a:	80 93 c2 00 	sts	0x00C2, r24	; 0x8000c2 <__TEXT_REGION_LENGTH__+0x7f80c2>
int main(){
    // sys_clock_1();
    // zainicjalizuj UART
    uart_init();
    // skonfiguruj strumienie wejścia/wyjścia
    fdev_setup_stream(&uart_file, uart_transmit, uart_receive, _FDEV_SETUP_RW);
 10e:	8c e4       	ldi	r24, 0x4C	; 76
 110:	91 e0       	ldi	r25, 0x01	; 1
 112:	29 e5       	ldi	r18, 0x59	; 89
 114:	30 e0       	ldi	r19, 0x00	; 0
 116:	30 93 55 01 	sts	0x0155, r19	; 0x800155 <__data_end+0x9>
 11a:	20 93 54 01 	sts	0x0154, r18	; 0x800154 <__data_end+0x8>
 11e:	22 e6       	ldi	r18, 0x62	; 98
 120:	30 e0       	ldi	r19, 0x00	; 0
 122:	30 93 57 01 	sts	0x0157, r19	; 0x800157 <__data_end+0xb>
 126:	20 93 56 01 	sts	0x0156, r18	; 0x800156 <__data_end+0xa>
 12a:	23 e0       	ldi	r18, 0x03	; 3
 12c:	20 93 4f 01 	sts	0x014F, r18	; 0x80014f <__data_end+0x3>
 130:	10 92 59 01 	sts	0x0159, r1	; 0x800159 <__data_end+0xd>
 134:	10 92 58 01 	sts	0x0158, r1	; 0x800158 <__data_end+0xc>
    stdin = stdout = stderr = &uart_file;
 138:	90 93 62 01 	sts	0x0162, r25	; 0x800162 <__iob+0x5>
 13c:	80 93 61 01 	sts	0x0161, r24	; 0x800161 <__iob+0x4>
 140:	90 93 60 01 	sts	0x0160, r25	; 0x800160 <__iob+0x3>
 144:	80 93 5f 01 	sts	0x015F, r24	; 0x80015f <__iob+0x2>
 148:	90 93 5e 01 	sts	0x015E, r25	; 0x80015e <__iob+0x1>
 14c:	80 93 5d 01 	sts	0x015D, r24	; 0x80015d <__iob>
    while(1){
        printf("Podaj dwie liczby obie w zakrese -128 - +127\r\n");
        scanf("%"SCNd8,&first);
 150:	8c e5       	ldi	r24, 0x5C	; 92
 152:	c8 2e       	mov	r12, r24
 154:	81 e0       	ldi	r24, 0x01	; 1
 156:	d8 2e       	mov	r13, r24
 158:	0e e2       	ldi	r16, 0x2E	; 46
 15a:	11 e0       	ldi	r17, 0x01	; 1
        scanf("%"SCNd8,&second);
 15c:	9a e5       	ldi	r25, 0x5A	; 90
 15e:	e9 2e       	mov	r14, r25
 160:	91 e0       	ldi	r25, 0x01	; 1
 162:	f9 2e       	mov	r15, r25
        int8_t value = first + second;
        printf("Wynik operacji %c:\t%"PRId8"\r\n",'+',value);
 164:	2b e2       	ldi	r18, 0x2B	; 43
 166:	82 2e       	mov	r8, r18
 168:	c3 e3       	ldi	r28, 0x33	; 51
 16a:	d1 e0       	ldi	r29, 0x01	; 1

        value = first - second;
        printf("Wynik operacji %c:\t%"PRId8"\r\n",'-',value);
 16c:	3d e2       	ldi	r19, 0x2D	; 45
 16e:	93 2e       	mov	r9, r19


        value = first * second;
        printf("Wynik operacji %c:\t%"PRId8"\r\n",'*',value);
 170:	4a e2       	ldi	r20, 0x2A	; 42
 172:	a4 2e       	mov	r10, r20


        value = first / second;
        printf("Wynik operacji %c:\t%"PRId8"\r\n",'/',value);
 174:	5f e2       	ldi	r21, 0x2F	; 47
 176:	b5 2e       	mov	r11, r21
    uart_init();
    // skonfiguruj strumienie wejścia/wyjścia
    fdev_setup_stream(&uart_file, uart_transmit, uart_receive, _FDEV_SETUP_RW);
    stdin = stdout = stderr = &uart_file;
    while(1){
        printf("Podaj dwie liczby obie w zakrese -128 - +127\r\n");
 178:	80 e0       	ldi	r24, 0x00	; 0
 17a:	91 e0       	ldi	r25, 0x01	; 1
 17c:	0e 94 5f 01 	call	0x2be	; 0x2be <puts>
        scanf("%"SCNd8,&first);
 180:	df 92       	push	r13
 182:	cf 92       	push	r12
 184:	1f 93       	push	r17
 186:	0f 93       	push	r16
 188:	0e 94 8f 01 	call	0x31e	; 0x31e <scanf>
        scanf("%"SCNd8,&second);
 18c:	ff 92       	push	r15
 18e:	ef 92       	push	r14
 190:	1f 93       	push	r17
 192:	0f 93       	push	r16
 194:	0e 94 8f 01 	call	0x31e	; 0x31e <scanf>
        int8_t value = first + second;
        printf("Wynik operacji %c:\t%"PRId8"\r\n",'+',value);
 198:	90 91 5c 01 	lds	r25, 0x015C	; 0x80015c <first>
 19c:	80 91 5a 01 	lds	r24, 0x015A	; 0x80015a <second>
 1a0:	89 0f       	add	r24, r25
 1a2:	28 2f       	mov	r18, r24
 1a4:	08 2e       	mov	r0, r24
 1a6:	00 0c       	add	r0, r0
 1a8:	33 0b       	sbc	r19, r19
 1aa:	3f 93       	push	r19
 1ac:	8f 93       	push	r24
 1ae:	1f 92       	push	r1
 1b0:	8f 92       	push	r8
 1b2:	df 93       	push	r29
 1b4:	cf 93       	push	r28
 1b6:	0e 94 49 01 	call	0x292	; 0x292 <printf>

        value = first - second;
        printf("Wynik operacji %c:\t%"PRId8"\r\n",'-',value);
 1ba:	80 91 5c 01 	lds	r24, 0x015C	; 0x80015c <first>
 1be:	90 91 5a 01 	lds	r25, 0x015A	; 0x80015a <second>
 1c2:	89 1b       	sub	r24, r25
 1c4:	28 2f       	mov	r18, r24
 1c6:	08 2e       	mov	r0, r24
 1c8:	00 0c       	add	r0, r0
 1ca:	33 0b       	sbc	r19, r19
 1cc:	3f 93       	push	r19
 1ce:	8f 93       	push	r24
 1d0:	1f 92       	push	r1
 1d2:	9f 92       	push	r9
 1d4:	df 93       	push	r29
 1d6:	cf 93       	push	r28
 1d8:	0e 94 49 01 	call	0x292	; 0x292 <printf>


        value = first * second;
        printf("Wynik operacji %c:\t%"PRId8"\r\n",'*',value);
 1dc:	80 91 5c 01 	lds	r24, 0x015C	; 0x80015c <first>
 1e0:	90 91 5a 01 	lds	r25, 0x015A	; 0x80015a <second>
 1e4:	89 9f       	mul	r24, r25
 1e6:	80 2d       	mov	r24, r0
 1e8:	11 24       	eor	r1, r1
 1ea:	28 2f       	mov	r18, r24
 1ec:	08 2e       	mov	r0, r24
 1ee:	00 0c       	add	r0, r0
 1f0:	33 0b       	sbc	r19, r19
 1f2:	3f 93       	push	r19
 1f4:	8f 93       	push	r24
 1f6:	1f 92       	push	r1
 1f8:	af 92       	push	r10
 1fa:	df 93       	push	r29
 1fc:	cf 93       	push	r28
 1fe:	0e 94 49 01 	call	0x292	; 0x292 <printf>


        value = first / second;
        printf("Wynik operacji %c:\t%"PRId8"\r\n",'/',value);
 202:	80 91 5c 01 	lds	r24, 0x015C	; 0x80015c <first>
 206:	08 2e       	mov	r0, r24
 208:	00 0c       	add	r0, r0
 20a:	99 0b       	sbc	r25, r25
 20c:	60 91 5a 01 	lds	r22, 0x015A	; 0x80015a <second>
 210:	06 2e       	mov	r0, r22
 212:	00 0c       	add	r0, r0
 214:	77 0b       	sbc	r23, r23
 216:	0e 94 21 01 	call	0x242	; 0x242 <__divmodhi4>
 21a:	06 2e       	mov	r0, r22
 21c:	00 0c       	add	r0, r0
 21e:	77 0b       	sbc	r23, r23
 220:	7f 93       	push	r23
 222:	6f 93       	push	r22
 224:	1f 92       	push	r1
 226:	bf 92       	push	r11
 228:	df 93       	push	r29
 22a:	cf 93       	push	r28
 22c:	0e 94 49 01 	call	0x292	; 0x292 <printf>
 230:	8d b7       	in	r24, 0x3d	; 61
 232:	9e b7       	in	r25, 0x3e	; 62
 234:	80 96       	adiw	r24, 0x20	; 32
 236:	0f b6       	in	r0, 0x3f	; 63
 238:	f8 94       	cli
 23a:	9e bf       	out	0x3e, r25	; 62
 23c:	0f be       	out	0x3f, r0	; 63
 23e:	8d bf       	out	0x3d, r24	; 61
 240:	9b cf       	rjmp	.-202    	; 0x178 <main+0x86>

00000242 <__divmodhi4>:
 242:	97 fb       	bst	r25, 7
 244:	07 2e       	mov	r0, r23
 246:	16 f4       	brtc	.+4      	; 0x24c <__divmodhi4+0xa>
 248:	00 94       	com	r0
 24a:	07 d0       	rcall	.+14     	; 0x25a <__divmodhi4_neg1>
 24c:	77 fd       	sbrc	r23, 7
 24e:	09 d0       	rcall	.+18     	; 0x262 <__divmodhi4_neg2>
 250:	0e 94 35 01 	call	0x26a	; 0x26a <__udivmodhi4>
 254:	07 fc       	sbrc	r0, 7
 256:	05 d0       	rcall	.+10     	; 0x262 <__divmodhi4_neg2>
 258:	3e f4       	brtc	.+14     	; 0x268 <__divmodhi4_exit>

0000025a <__divmodhi4_neg1>:
 25a:	90 95       	com	r25
 25c:	81 95       	neg	r24
 25e:	9f 4f       	sbci	r25, 0xFF	; 255
 260:	08 95       	ret

00000262 <__divmodhi4_neg2>:
 262:	70 95       	com	r23
 264:	61 95       	neg	r22
 266:	7f 4f       	sbci	r23, 0xFF	; 255

00000268 <__divmodhi4_exit>:
 268:	08 95       	ret

0000026a <__udivmodhi4>:
 26a:	aa 1b       	sub	r26, r26
 26c:	bb 1b       	sub	r27, r27
 26e:	51 e1       	ldi	r21, 0x11	; 17
 270:	07 c0       	rjmp	.+14     	; 0x280 <__udivmodhi4_ep>

00000272 <__udivmodhi4_loop>:
 272:	aa 1f       	adc	r26, r26
 274:	bb 1f       	adc	r27, r27
 276:	a6 17       	cp	r26, r22
 278:	b7 07       	cpc	r27, r23
 27a:	10 f0       	brcs	.+4      	; 0x280 <__udivmodhi4_ep>
 27c:	a6 1b       	sub	r26, r22
 27e:	b7 0b       	sbc	r27, r23

00000280 <__udivmodhi4_ep>:
 280:	88 1f       	adc	r24, r24
 282:	99 1f       	adc	r25, r25
 284:	5a 95       	dec	r21
 286:	a9 f7       	brne	.-22     	; 0x272 <__udivmodhi4_loop>
 288:	80 95       	com	r24
 28a:	90 95       	com	r25
 28c:	bc 01       	movw	r22, r24
 28e:	cd 01       	movw	r24, r26
 290:	08 95       	ret

00000292 <printf>:
 292:	a0 e0       	ldi	r26, 0x00	; 0
 294:	b0 e0       	ldi	r27, 0x00	; 0
 296:	ef e4       	ldi	r30, 0x4F	; 79
 298:	f1 e0       	ldi	r31, 0x01	; 1
 29a:	0c 94 61 07 	jmp	0xec2	; 0xec2 <__prologue_saves__+0x20>
 29e:	ae 01       	movw	r20, r28
 2a0:	4b 5f       	subi	r20, 0xFB	; 251
 2a2:	5f 4f       	sbci	r21, 0xFF	; 255
 2a4:	fa 01       	movw	r30, r20
 2a6:	61 91       	ld	r22, Z+
 2a8:	71 91       	ld	r23, Z+
 2aa:	af 01       	movw	r20, r30
 2ac:	80 91 5f 01 	lds	r24, 0x015F	; 0x80015f <__iob+0x2>
 2b0:	90 91 60 01 	lds	r25, 0x0160	; 0x800160 <__iob+0x3>
 2b4:	0e 94 a5 01 	call	0x34a	; 0x34a <vfprintf>
 2b8:	e2 e0       	ldi	r30, 0x02	; 2
 2ba:	0c 94 7d 07 	jmp	0xefa	; 0xefa <__epilogue_restores__+0x20>

000002be <puts>:
 2be:	0f 93       	push	r16
 2c0:	1f 93       	push	r17
 2c2:	cf 93       	push	r28
 2c4:	df 93       	push	r29
 2c6:	e0 91 5f 01 	lds	r30, 0x015F	; 0x80015f <__iob+0x2>
 2ca:	f0 91 60 01 	lds	r31, 0x0160	; 0x800160 <__iob+0x3>
 2ce:	23 81       	ldd	r18, Z+3	; 0x03
 2d0:	21 ff       	sbrs	r18, 1
 2d2:	1b c0       	rjmp	.+54     	; 0x30a <puts+0x4c>
 2d4:	8c 01       	movw	r16, r24
 2d6:	d0 e0       	ldi	r29, 0x00	; 0
 2d8:	c0 e0       	ldi	r28, 0x00	; 0
 2da:	f8 01       	movw	r30, r16
 2dc:	81 91       	ld	r24, Z+
 2de:	8f 01       	movw	r16, r30
 2e0:	60 91 5f 01 	lds	r22, 0x015F	; 0x80015f <__iob+0x2>
 2e4:	70 91 60 01 	lds	r23, 0x0160	; 0x800160 <__iob+0x3>
 2e8:	db 01       	movw	r26, r22
 2ea:	18 96       	adiw	r26, 0x08	; 8
 2ec:	ed 91       	ld	r30, X+
 2ee:	fc 91       	ld	r31, X
 2f0:	19 97       	sbiw	r26, 0x09	; 9
 2f2:	88 23       	and	r24, r24
 2f4:	31 f0       	breq	.+12     	; 0x302 <puts+0x44>
 2f6:	09 95       	icall
 2f8:	89 2b       	or	r24, r25
 2fa:	79 f3       	breq	.-34     	; 0x2da <puts+0x1c>
 2fc:	df ef       	ldi	r29, 0xFF	; 255
 2fe:	cf ef       	ldi	r28, 0xFF	; 255
 300:	ec cf       	rjmp	.-40     	; 0x2da <puts+0x1c>
 302:	8a e0       	ldi	r24, 0x0A	; 10
 304:	09 95       	icall
 306:	89 2b       	or	r24, r25
 308:	19 f0       	breq	.+6      	; 0x310 <puts+0x52>
 30a:	8f ef       	ldi	r24, 0xFF	; 255
 30c:	9f ef       	ldi	r25, 0xFF	; 255
 30e:	02 c0       	rjmp	.+4      	; 0x314 <puts+0x56>
 310:	8d 2f       	mov	r24, r29
 312:	9c 2f       	mov	r25, r28
 314:	df 91       	pop	r29
 316:	cf 91       	pop	r28
 318:	1f 91       	pop	r17
 31a:	0f 91       	pop	r16
 31c:	08 95       	ret

0000031e <scanf>:
 31e:	a0 e0       	ldi	r26, 0x00	; 0
 320:	b0 e0       	ldi	r27, 0x00	; 0
 322:	e5 e9       	ldi	r30, 0x95	; 149
 324:	f1 e0       	ldi	r31, 0x01	; 1
 326:	0c 94 61 07 	jmp	0xec2	; 0xec2 <__prologue_saves__+0x20>
 32a:	ae 01       	movw	r20, r28
 32c:	4b 5f       	subi	r20, 0xFB	; 251
 32e:	5f 4f       	sbci	r21, 0xFF	; 255
 330:	fa 01       	movw	r30, r20
 332:	61 91       	ld	r22, Z+
 334:	71 91       	ld	r23, Z+
 336:	af 01       	movw	r20, r30
 338:	80 91 5d 01 	lds	r24, 0x015D	; 0x80015d <__iob>
 33c:	90 91 5e 01 	lds	r25, 0x015E	; 0x80015e <__iob+0x1>
 340:	0e 94 22 05 	call	0xa44	; 0xa44 <vfscanf>
 344:	e2 e0       	ldi	r30, 0x02	; 2
 346:	0c 94 7d 07 	jmp	0xefa	; 0xefa <__epilogue_restores__+0x20>

0000034a <vfprintf>:
 34a:	ab e0       	ldi	r26, 0x0B	; 11
 34c:	b0 e0       	ldi	r27, 0x00	; 0
 34e:	eb ea       	ldi	r30, 0xAB	; 171
 350:	f1 e0       	ldi	r31, 0x01	; 1
 352:	0c 94 51 07 	jmp	0xea2	; 0xea2 <__prologue_saves__>
 356:	6c 01       	movw	r12, r24
 358:	7b 01       	movw	r14, r22
 35a:	8a 01       	movw	r16, r20
 35c:	fc 01       	movw	r30, r24
 35e:	17 82       	std	Z+7, r1	; 0x07
 360:	16 82       	std	Z+6, r1	; 0x06
 362:	83 81       	ldd	r24, Z+3	; 0x03
 364:	81 ff       	sbrs	r24, 1
 366:	cc c1       	rjmp	.+920    	; 0x700 <__EEPROM_REGION_LENGTH__+0x300>
 368:	ce 01       	movw	r24, r28
 36a:	01 96       	adiw	r24, 0x01	; 1
 36c:	3c 01       	movw	r6, r24
 36e:	f6 01       	movw	r30, r12
 370:	93 81       	ldd	r25, Z+3	; 0x03
 372:	f7 01       	movw	r30, r14
 374:	93 fd       	sbrc	r25, 3
 376:	85 91       	lpm	r24, Z+
 378:	93 ff       	sbrs	r25, 3
 37a:	81 91       	ld	r24, Z+
 37c:	7f 01       	movw	r14, r30
 37e:	88 23       	and	r24, r24
 380:	09 f4       	brne	.+2      	; 0x384 <vfprintf+0x3a>
 382:	ba c1       	rjmp	.+884    	; 0x6f8 <__EEPROM_REGION_LENGTH__+0x2f8>
 384:	85 32       	cpi	r24, 0x25	; 37
 386:	39 f4       	brne	.+14     	; 0x396 <vfprintf+0x4c>
 388:	93 fd       	sbrc	r25, 3
 38a:	85 91       	lpm	r24, Z+
 38c:	93 ff       	sbrs	r25, 3
 38e:	81 91       	ld	r24, Z+
 390:	7f 01       	movw	r14, r30
 392:	85 32       	cpi	r24, 0x25	; 37
 394:	29 f4       	brne	.+10     	; 0x3a0 <vfprintf+0x56>
 396:	b6 01       	movw	r22, r12
 398:	90 e0       	ldi	r25, 0x00	; 0
 39a:	0e 94 9b 06 	call	0xd36	; 0xd36 <fputc>
 39e:	e7 cf       	rjmp	.-50     	; 0x36e <vfprintf+0x24>
 3a0:	91 2c       	mov	r9, r1
 3a2:	21 2c       	mov	r2, r1
 3a4:	31 2c       	mov	r3, r1
 3a6:	ff e1       	ldi	r31, 0x1F	; 31
 3a8:	f3 15       	cp	r31, r3
 3aa:	d8 f0       	brcs	.+54     	; 0x3e2 <vfprintf+0x98>
 3ac:	8b 32       	cpi	r24, 0x2B	; 43
 3ae:	79 f0       	breq	.+30     	; 0x3ce <vfprintf+0x84>
 3b0:	38 f4       	brcc	.+14     	; 0x3c0 <vfprintf+0x76>
 3b2:	80 32       	cpi	r24, 0x20	; 32
 3b4:	79 f0       	breq	.+30     	; 0x3d4 <vfprintf+0x8a>
 3b6:	83 32       	cpi	r24, 0x23	; 35
 3b8:	a1 f4       	brne	.+40     	; 0x3e2 <vfprintf+0x98>
 3ba:	23 2d       	mov	r18, r3
 3bc:	20 61       	ori	r18, 0x10	; 16
 3be:	1d c0       	rjmp	.+58     	; 0x3fa <vfprintf+0xb0>
 3c0:	8d 32       	cpi	r24, 0x2D	; 45
 3c2:	61 f0       	breq	.+24     	; 0x3dc <vfprintf+0x92>
 3c4:	80 33       	cpi	r24, 0x30	; 48
 3c6:	69 f4       	brne	.+26     	; 0x3e2 <vfprintf+0x98>
 3c8:	23 2d       	mov	r18, r3
 3ca:	21 60       	ori	r18, 0x01	; 1
 3cc:	16 c0       	rjmp	.+44     	; 0x3fa <vfprintf+0xb0>
 3ce:	83 2d       	mov	r24, r3
 3d0:	82 60       	ori	r24, 0x02	; 2
 3d2:	38 2e       	mov	r3, r24
 3d4:	e3 2d       	mov	r30, r3
 3d6:	e4 60       	ori	r30, 0x04	; 4
 3d8:	3e 2e       	mov	r3, r30
 3da:	2a c0       	rjmp	.+84     	; 0x430 <__EEPROM_REGION_LENGTH__+0x30>
 3dc:	f3 2d       	mov	r31, r3
 3de:	f8 60       	ori	r31, 0x08	; 8
 3e0:	1d c0       	rjmp	.+58     	; 0x41c <__EEPROM_REGION_LENGTH__+0x1c>
 3e2:	37 fc       	sbrc	r3, 7
 3e4:	2d c0       	rjmp	.+90     	; 0x440 <__EEPROM_REGION_LENGTH__+0x40>
 3e6:	20 ed       	ldi	r18, 0xD0	; 208
 3e8:	28 0f       	add	r18, r24
 3ea:	2a 30       	cpi	r18, 0x0A	; 10
 3ec:	40 f0       	brcs	.+16     	; 0x3fe <vfprintf+0xb4>
 3ee:	8e 32       	cpi	r24, 0x2E	; 46
 3f0:	b9 f4       	brne	.+46     	; 0x420 <__EEPROM_REGION_LENGTH__+0x20>
 3f2:	36 fc       	sbrc	r3, 6
 3f4:	81 c1       	rjmp	.+770    	; 0x6f8 <__EEPROM_REGION_LENGTH__+0x2f8>
 3f6:	23 2d       	mov	r18, r3
 3f8:	20 64       	ori	r18, 0x40	; 64
 3fa:	32 2e       	mov	r3, r18
 3fc:	19 c0       	rjmp	.+50     	; 0x430 <__EEPROM_REGION_LENGTH__+0x30>
 3fe:	36 fe       	sbrs	r3, 6
 400:	06 c0       	rjmp	.+12     	; 0x40e <__EEPROM_REGION_LENGTH__+0xe>
 402:	8a e0       	ldi	r24, 0x0A	; 10
 404:	98 9e       	mul	r9, r24
 406:	20 0d       	add	r18, r0
 408:	11 24       	eor	r1, r1
 40a:	92 2e       	mov	r9, r18
 40c:	11 c0       	rjmp	.+34     	; 0x430 <__EEPROM_REGION_LENGTH__+0x30>
 40e:	ea e0       	ldi	r30, 0x0A	; 10
 410:	2e 9e       	mul	r2, r30
 412:	20 0d       	add	r18, r0
 414:	11 24       	eor	r1, r1
 416:	22 2e       	mov	r2, r18
 418:	f3 2d       	mov	r31, r3
 41a:	f0 62       	ori	r31, 0x20	; 32
 41c:	3f 2e       	mov	r3, r31
 41e:	08 c0       	rjmp	.+16     	; 0x430 <__EEPROM_REGION_LENGTH__+0x30>
 420:	8c 36       	cpi	r24, 0x6C	; 108
 422:	21 f4       	brne	.+8      	; 0x42c <__EEPROM_REGION_LENGTH__+0x2c>
 424:	83 2d       	mov	r24, r3
 426:	80 68       	ori	r24, 0x80	; 128
 428:	38 2e       	mov	r3, r24
 42a:	02 c0       	rjmp	.+4      	; 0x430 <__EEPROM_REGION_LENGTH__+0x30>
 42c:	88 36       	cpi	r24, 0x68	; 104
 42e:	41 f4       	brne	.+16     	; 0x440 <__EEPROM_REGION_LENGTH__+0x40>
 430:	f7 01       	movw	r30, r14
 432:	93 fd       	sbrc	r25, 3
 434:	85 91       	lpm	r24, Z+
 436:	93 ff       	sbrs	r25, 3
 438:	81 91       	ld	r24, Z+
 43a:	7f 01       	movw	r14, r30
 43c:	81 11       	cpse	r24, r1
 43e:	b3 cf       	rjmp	.-154    	; 0x3a6 <vfprintf+0x5c>
 440:	98 2f       	mov	r25, r24
 442:	9f 7d       	andi	r25, 0xDF	; 223
 444:	95 54       	subi	r25, 0x45	; 69
 446:	93 30       	cpi	r25, 0x03	; 3
 448:	28 f4       	brcc	.+10     	; 0x454 <__EEPROM_REGION_LENGTH__+0x54>
 44a:	0c 5f       	subi	r16, 0xFC	; 252
 44c:	1f 4f       	sbci	r17, 0xFF	; 255
 44e:	9f e3       	ldi	r25, 0x3F	; 63
 450:	99 83       	std	Y+1, r25	; 0x01
 452:	0d c0       	rjmp	.+26     	; 0x46e <__EEPROM_REGION_LENGTH__+0x6e>
 454:	83 36       	cpi	r24, 0x63	; 99
 456:	31 f0       	breq	.+12     	; 0x464 <__EEPROM_REGION_LENGTH__+0x64>
 458:	83 37       	cpi	r24, 0x73	; 115
 45a:	71 f0       	breq	.+28     	; 0x478 <__EEPROM_REGION_LENGTH__+0x78>
 45c:	83 35       	cpi	r24, 0x53	; 83
 45e:	09 f0       	breq	.+2      	; 0x462 <__EEPROM_REGION_LENGTH__+0x62>
 460:	59 c0       	rjmp	.+178    	; 0x514 <__EEPROM_REGION_LENGTH__+0x114>
 462:	21 c0       	rjmp	.+66     	; 0x4a6 <__EEPROM_REGION_LENGTH__+0xa6>
 464:	f8 01       	movw	r30, r16
 466:	80 81       	ld	r24, Z
 468:	89 83       	std	Y+1, r24	; 0x01
 46a:	0e 5f       	subi	r16, 0xFE	; 254
 46c:	1f 4f       	sbci	r17, 0xFF	; 255
 46e:	88 24       	eor	r8, r8
 470:	83 94       	inc	r8
 472:	91 2c       	mov	r9, r1
 474:	53 01       	movw	r10, r6
 476:	13 c0       	rjmp	.+38     	; 0x49e <__EEPROM_REGION_LENGTH__+0x9e>
 478:	28 01       	movw	r4, r16
 47a:	f2 e0       	ldi	r31, 0x02	; 2
 47c:	4f 0e       	add	r4, r31
 47e:	51 1c       	adc	r5, r1
 480:	f8 01       	movw	r30, r16
 482:	a0 80       	ld	r10, Z
 484:	b1 80       	ldd	r11, Z+1	; 0x01
 486:	36 fe       	sbrs	r3, 6
 488:	03 c0       	rjmp	.+6      	; 0x490 <__EEPROM_REGION_LENGTH__+0x90>
 48a:	69 2d       	mov	r22, r9
 48c:	70 e0       	ldi	r23, 0x00	; 0
 48e:	02 c0       	rjmp	.+4      	; 0x494 <__EEPROM_REGION_LENGTH__+0x94>
 490:	6f ef       	ldi	r22, 0xFF	; 255
 492:	7f ef       	ldi	r23, 0xFF	; 255
 494:	c5 01       	movw	r24, r10
 496:	0e 94 52 06 	call	0xca4	; 0xca4 <strnlen>
 49a:	4c 01       	movw	r8, r24
 49c:	82 01       	movw	r16, r4
 49e:	f3 2d       	mov	r31, r3
 4a0:	ff 77       	andi	r31, 0x7F	; 127
 4a2:	3f 2e       	mov	r3, r31
 4a4:	16 c0       	rjmp	.+44     	; 0x4d2 <__EEPROM_REGION_LENGTH__+0xd2>
 4a6:	28 01       	movw	r4, r16
 4a8:	22 e0       	ldi	r18, 0x02	; 2
 4aa:	42 0e       	add	r4, r18
 4ac:	51 1c       	adc	r5, r1
 4ae:	f8 01       	movw	r30, r16
 4b0:	a0 80       	ld	r10, Z
 4b2:	b1 80       	ldd	r11, Z+1	; 0x01
 4b4:	36 fe       	sbrs	r3, 6
 4b6:	03 c0       	rjmp	.+6      	; 0x4be <__EEPROM_REGION_LENGTH__+0xbe>
 4b8:	69 2d       	mov	r22, r9
 4ba:	70 e0       	ldi	r23, 0x00	; 0
 4bc:	02 c0       	rjmp	.+4      	; 0x4c2 <__EEPROM_REGION_LENGTH__+0xc2>
 4be:	6f ef       	ldi	r22, 0xFF	; 255
 4c0:	7f ef       	ldi	r23, 0xFF	; 255
 4c2:	c5 01       	movw	r24, r10
 4c4:	0e 94 47 06 	call	0xc8e	; 0xc8e <strnlen_P>
 4c8:	4c 01       	movw	r8, r24
 4ca:	f3 2d       	mov	r31, r3
 4cc:	f0 68       	ori	r31, 0x80	; 128
 4ce:	3f 2e       	mov	r3, r31
 4d0:	82 01       	movw	r16, r4
 4d2:	33 fc       	sbrc	r3, 3
 4d4:	1b c0       	rjmp	.+54     	; 0x50c <__EEPROM_REGION_LENGTH__+0x10c>
 4d6:	82 2d       	mov	r24, r2
 4d8:	90 e0       	ldi	r25, 0x00	; 0
 4da:	88 16       	cp	r8, r24
 4dc:	99 06       	cpc	r9, r25
 4de:	b0 f4       	brcc	.+44     	; 0x50c <__EEPROM_REGION_LENGTH__+0x10c>
 4e0:	b6 01       	movw	r22, r12
 4e2:	80 e2       	ldi	r24, 0x20	; 32
 4e4:	90 e0       	ldi	r25, 0x00	; 0
 4e6:	0e 94 9b 06 	call	0xd36	; 0xd36 <fputc>
 4ea:	2a 94       	dec	r2
 4ec:	f4 cf       	rjmp	.-24     	; 0x4d6 <__EEPROM_REGION_LENGTH__+0xd6>
 4ee:	f5 01       	movw	r30, r10
 4f0:	37 fc       	sbrc	r3, 7
 4f2:	85 91       	lpm	r24, Z+
 4f4:	37 fe       	sbrs	r3, 7
 4f6:	81 91       	ld	r24, Z+
 4f8:	5f 01       	movw	r10, r30
 4fa:	b6 01       	movw	r22, r12
 4fc:	90 e0       	ldi	r25, 0x00	; 0
 4fe:	0e 94 9b 06 	call	0xd36	; 0xd36 <fputc>
 502:	21 10       	cpse	r2, r1
 504:	2a 94       	dec	r2
 506:	21 e0       	ldi	r18, 0x01	; 1
 508:	82 1a       	sub	r8, r18
 50a:	91 08       	sbc	r9, r1
 50c:	81 14       	cp	r8, r1
 50e:	91 04       	cpc	r9, r1
 510:	71 f7       	brne	.-36     	; 0x4ee <__EEPROM_REGION_LENGTH__+0xee>
 512:	e8 c0       	rjmp	.+464    	; 0x6e4 <__EEPROM_REGION_LENGTH__+0x2e4>
 514:	84 36       	cpi	r24, 0x64	; 100
 516:	11 f0       	breq	.+4      	; 0x51c <__EEPROM_REGION_LENGTH__+0x11c>
 518:	89 36       	cpi	r24, 0x69	; 105
 51a:	41 f5       	brne	.+80     	; 0x56c <__EEPROM_REGION_LENGTH__+0x16c>
 51c:	f8 01       	movw	r30, r16
 51e:	37 fe       	sbrs	r3, 7
 520:	07 c0       	rjmp	.+14     	; 0x530 <__EEPROM_REGION_LENGTH__+0x130>
 522:	60 81       	ld	r22, Z
 524:	71 81       	ldd	r23, Z+1	; 0x01
 526:	82 81       	ldd	r24, Z+2	; 0x02
 528:	93 81       	ldd	r25, Z+3	; 0x03
 52a:	0c 5f       	subi	r16, 0xFC	; 252
 52c:	1f 4f       	sbci	r17, 0xFF	; 255
 52e:	08 c0       	rjmp	.+16     	; 0x540 <__EEPROM_REGION_LENGTH__+0x140>
 530:	60 81       	ld	r22, Z
 532:	71 81       	ldd	r23, Z+1	; 0x01
 534:	07 2e       	mov	r0, r23
 536:	00 0c       	add	r0, r0
 538:	88 0b       	sbc	r24, r24
 53a:	99 0b       	sbc	r25, r25
 53c:	0e 5f       	subi	r16, 0xFE	; 254
 53e:	1f 4f       	sbci	r17, 0xFF	; 255
 540:	f3 2d       	mov	r31, r3
 542:	ff 76       	andi	r31, 0x6F	; 111
 544:	3f 2e       	mov	r3, r31
 546:	97 ff       	sbrs	r25, 7
 548:	09 c0       	rjmp	.+18     	; 0x55c <__EEPROM_REGION_LENGTH__+0x15c>
 54a:	90 95       	com	r25
 54c:	80 95       	com	r24
 54e:	70 95       	com	r23
 550:	61 95       	neg	r22
 552:	7f 4f       	sbci	r23, 0xFF	; 255
 554:	8f 4f       	sbci	r24, 0xFF	; 255
 556:	9f 4f       	sbci	r25, 0xFF	; 255
 558:	f0 68       	ori	r31, 0x80	; 128
 55a:	3f 2e       	mov	r3, r31
 55c:	2a e0       	ldi	r18, 0x0A	; 10
 55e:	30 e0       	ldi	r19, 0x00	; 0
 560:	a3 01       	movw	r20, r6
 562:	0e 94 f0 06 	call	0xde0	; 0xde0 <__ultoa_invert>
 566:	88 2e       	mov	r8, r24
 568:	86 18       	sub	r8, r6
 56a:	45 c0       	rjmp	.+138    	; 0x5f6 <__EEPROM_REGION_LENGTH__+0x1f6>
 56c:	85 37       	cpi	r24, 0x75	; 117
 56e:	31 f4       	brne	.+12     	; 0x57c <__EEPROM_REGION_LENGTH__+0x17c>
 570:	23 2d       	mov	r18, r3
 572:	2f 7e       	andi	r18, 0xEF	; 239
 574:	b2 2e       	mov	r11, r18
 576:	2a e0       	ldi	r18, 0x0A	; 10
 578:	30 e0       	ldi	r19, 0x00	; 0
 57a:	25 c0       	rjmp	.+74     	; 0x5c6 <__EEPROM_REGION_LENGTH__+0x1c6>
 57c:	93 2d       	mov	r25, r3
 57e:	99 7f       	andi	r25, 0xF9	; 249
 580:	b9 2e       	mov	r11, r25
 582:	8f 36       	cpi	r24, 0x6F	; 111
 584:	c1 f0       	breq	.+48     	; 0x5b6 <__EEPROM_REGION_LENGTH__+0x1b6>
 586:	18 f4       	brcc	.+6      	; 0x58e <__EEPROM_REGION_LENGTH__+0x18e>
 588:	88 35       	cpi	r24, 0x58	; 88
 58a:	79 f0       	breq	.+30     	; 0x5aa <__EEPROM_REGION_LENGTH__+0x1aa>
 58c:	b5 c0       	rjmp	.+362    	; 0x6f8 <__EEPROM_REGION_LENGTH__+0x2f8>
 58e:	80 37       	cpi	r24, 0x70	; 112
 590:	19 f0       	breq	.+6      	; 0x598 <__EEPROM_REGION_LENGTH__+0x198>
 592:	88 37       	cpi	r24, 0x78	; 120
 594:	21 f0       	breq	.+8      	; 0x59e <__EEPROM_REGION_LENGTH__+0x19e>
 596:	b0 c0       	rjmp	.+352    	; 0x6f8 <__EEPROM_REGION_LENGTH__+0x2f8>
 598:	e9 2f       	mov	r30, r25
 59a:	e0 61       	ori	r30, 0x10	; 16
 59c:	be 2e       	mov	r11, r30
 59e:	b4 fe       	sbrs	r11, 4
 5a0:	0d c0       	rjmp	.+26     	; 0x5bc <__EEPROM_REGION_LENGTH__+0x1bc>
 5a2:	fb 2d       	mov	r31, r11
 5a4:	f4 60       	ori	r31, 0x04	; 4
 5a6:	bf 2e       	mov	r11, r31
 5a8:	09 c0       	rjmp	.+18     	; 0x5bc <__EEPROM_REGION_LENGTH__+0x1bc>
 5aa:	34 fe       	sbrs	r3, 4
 5ac:	0a c0       	rjmp	.+20     	; 0x5c2 <__EEPROM_REGION_LENGTH__+0x1c2>
 5ae:	29 2f       	mov	r18, r25
 5b0:	26 60       	ori	r18, 0x06	; 6
 5b2:	b2 2e       	mov	r11, r18
 5b4:	06 c0       	rjmp	.+12     	; 0x5c2 <__EEPROM_REGION_LENGTH__+0x1c2>
 5b6:	28 e0       	ldi	r18, 0x08	; 8
 5b8:	30 e0       	ldi	r19, 0x00	; 0
 5ba:	05 c0       	rjmp	.+10     	; 0x5c6 <__EEPROM_REGION_LENGTH__+0x1c6>
 5bc:	20 e1       	ldi	r18, 0x10	; 16
 5be:	30 e0       	ldi	r19, 0x00	; 0
 5c0:	02 c0       	rjmp	.+4      	; 0x5c6 <__EEPROM_REGION_LENGTH__+0x1c6>
 5c2:	20 e1       	ldi	r18, 0x10	; 16
 5c4:	32 e0       	ldi	r19, 0x02	; 2
 5c6:	f8 01       	movw	r30, r16
 5c8:	b7 fe       	sbrs	r11, 7
 5ca:	07 c0       	rjmp	.+14     	; 0x5da <__EEPROM_REGION_LENGTH__+0x1da>
 5cc:	60 81       	ld	r22, Z
 5ce:	71 81       	ldd	r23, Z+1	; 0x01
 5d0:	82 81       	ldd	r24, Z+2	; 0x02
 5d2:	93 81       	ldd	r25, Z+3	; 0x03
 5d4:	0c 5f       	subi	r16, 0xFC	; 252
 5d6:	1f 4f       	sbci	r17, 0xFF	; 255
 5d8:	06 c0       	rjmp	.+12     	; 0x5e6 <__EEPROM_REGION_LENGTH__+0x1e6>
 5da:	60 81       	ld	r22, Z
 5dc:	71 81       	ldd	r23, Z+1	; 0x01
 5de:	80 e0       	ldi	r24, 0x00	; 0
 5e0:	90 e0       	ldi	r25, 0x00	; 0
 5e2:	0e 5f       	subi	r16, 0xFE	; 254
 5e4:	1f 4f       	sbci	r17, 0xFF	; 255
 5e6:	a3 01       	movw	r20, r6
 5e8:	0e 94 f0 06 	call	0xde0	; 0xde0 <__ultoa_invert>
 5ec:	88 2e       	mov	r8, r24
 5ee:	86 18       	sub	r8, r6
 5f0:	fb 2d       	mov	r31, r11
 5f2:	ff 77       	andi	r31, 0x7F	; 127
 5f4:	3f 2e       	mov	r3, r31
 5f6:	36 fe       	sbrs	r3, 6
 5f8:	0d c0       	rjmp	.+26     	; 0x614 <__EEPROM_REGION_LENGTH__+0x214>
 5fa:	23 2d       	mov	r18, r3
 5fc:	2e 7f       	andi	r18, 0xFE	; 254
 5fe:	a2 2e       	mov	r10, r18
 600:	89 14       	cp	r8, r9
 602:	58 f4       	brcc	.+22     	; 0x61a <__EEPROM_REGION_LENGTH__+0x21a>
 604:	34 fe       	sbrs	r3, 4
 606:	0b c0       	rjmp	.+22     	; 0x61e <__EEPROM_REGION_LENGTH__+0x21e>
 608:	32 fc       	sbrc	r3, 2
 60a:	09 c0       	rjmp	.+18     	; 0x61e <__EEPROM_REGION_LENGTH__+0x21e>
 60c:	83 2d       	mov	r24, r3
 60e:	8e 7e       	andi	r24, 0xEE	; 238
 610:	a8 2e       	mov	r10, r24
 612:	05 c0       	rjmp	.+10     	; 0x61e <__EEPROM_REGION_LENGTH__+0x21e>
 614:	b8 2c       	mov	r11, r8
 616:	a3 2c       	mov	r10, r3
 618:	03 c0       	rjmp	.+6      	; 0x620 <__EEPROM_REGION_LENGTH__+0x220>
 61a:	b8 2c       	mov	r11, r8
 61c:	01 c0       	rjmp	.+2      	; 0x620 <__EEPROM_REGION_LENGTH__+0x220>
 61e:	b9 2c       	mov	r11, r9
 620:	a4 fe       	sbrs	r10, 4
 622:	0f c0       	rjmp	.+30     	; 0x642 <__EEPROM_REGION_LENGTH__+0x242>
 624:	fe 01       	movw	r30, r28
 626:	e8 0d       	add	r30, r8
 628:	f1 1d       	adc	r31, r1
 62a:	80 81       	ld	r24, Z
 62c:	80 33       	cpi	r24, 0x30	; 48
 62e:	21 f4       	brne	.+8      	; 0x638 <__EEPROM_REGION_LENGTH__+0x238>
 630:	9a 2d       	mov	r25, r10
 632:	99 7e       	andi	r25, 0xE9	; 233
 634:	a9 2e       	mov	r10, r25
 636:	09 c0       	rjmp	.+18     	; 0x64a <__EEPROM_REGION_LENGTH__+0x24a>
 638:	a2 fe       	sbrs	r10, 2
 63a:	06 c0       	rjmp	.+12     	; 0x648 <__EEPROM_REGION_LENGTH__+0x248>
 63c:	b3 94       	inc	r11
 63e:	b3 94       	inc	r11
 640:	04 c0       	rjmp	.+8      	; 0x64a <__EEPROM_REGION_LENGTH__+0x24a>
 642:	8a 2d       	mov	r24, r10
 644:	86 78       	andi	r24, 0x86	; 134
 646:	09 f0       	breq	.+2      	; 0x64a <__EEPROM_REGION_LENGTH__+0x24a>
 648:	b3 94       	inc	r11
 64a:	a3 fc       	sbrc	r10, 3
 64c:	11 c0       	rjmp	.+34     	; 0x670 <__EEPROM_REGION_LENGTH__+0x270>
 64e:	a0 fe       	sbrs	r10, 0
 650:	06 c0       	rjmp	.+12     	; 0x65e <__EEPROM_REGION_LENGTH__+0x25e>
 652:	b2 14       	cp	r11, r2
 654:	88 f4       	brcc	.+34     	; 0x678 <__EEPROM_REGION_LENGTH__+0x278>
 656:	28 0c       	add	r2, r8
 658:	92 2c       	mov	r9, r2
 65a:	9b 18       	sub	r9, r11
 65c:	0e c0       	rjmp	.+28     	; 0x67a <__EEPROM_REGION_LENGTH__+0x27a>
 65e:	b2 14       	cp	r11, r2
 660:	60 f4       	brcc	.+24     	; 0x67a <__EEPROM_REGION_LENGTH__+0x27a>
 662:	b6 01       	movw	r22, r12
 664:	80 e2       	ldi	r24, 0x20	; 32
 666:	90 e0       	ldi	r25, 0x00	; 0
 668:	0e 94 9b 06 	call	0xd36	; 0xd36 <fputc>
 66c:	b3 94       	inc	r11
 66e:	f7 cf       	rjmp	.-18     	; 0x65e <__EEPROM_REGION_LENGTH__+0x25e>
 670:	b2 14       	cp	r11, r2
 672:	18 f4       	brcc	.+6      	; 0x67a <__EEPROM_REGION_LENGTH__+0x27a>
 674:	2b 18       	sub	r2, r11
 676:	02 c0       	rjmp	.+4      	; 0x67c <__EEPROM_REGION_LENGTH__+0x27c>
 678:	98 2c       	mov	r9, r8
 67a:	21 2c       	mov	r2, r1
 67c:	a4 fe       	sbrs	r10, 4
 67e:	10 c0       	rjmp	.+32     	; 0x6a0 <__EEPROM_REGION_LENGTH__+0x2a0>
 680:	b6 01       	movw	r22, r12
 682:	80 e3       	ldi	r24, 0x30	; 48
 684:	90 e0       	ldi	r25, 0x00	; 0
 686:	0e 94 9b 06 	call	0xd36	; 0xd36 <fputc>
 68a:	a2 fe       	sbrs	r10, 2
 68c:	17 c0       	rjmp	.+46     	; 0x6bc <__EEPROM_REGION_LENGTH__+0x2bc>
 68e:	a1 fc       	sbrc	r10, 1
 690:	03 c0       	rjmp	.+6      	; 0x698 <__EEPROM_REGION_LENGTH__+0x298>
 692:	88 e7       	ldi	r24, 0x78	; 120
 694:	90 e0       	ldi	r25, 0x00	; 0
 696:	02 c0       	rjmp	.+4      	; 0x69c <__EEPROM_REGION_LENGTH__+0x29c>
 698:	88 e5       	ldi	r24, 0x58	; 88
 69a:	90 e0       	ldi	r25, 0x00	; 0
 69c:	b6 01       	movw	r22, r12
 69e:	0c c0       	rjmp	.+24     	; 0x6b8 <__EEPROM_REGION_LENGTH__+0x2b8>
 6a0:	8a 2d       	mov	r24, r10
 6a2:	86 78       	andi	r24, 0x86	; 134
 6a4:	59 f0       	breq	.+22     	; 0x6bc <__EEPROM_REGION_LENGTH__+0x2bc>
 6a6:	a1 fe       	sbrs	r10, 1
 6a8:	02 c0       	rjmp	.+4      	; 0x6ae <__EEPROM_REGION_LENGTH__+0x2ae>
 6aa:	8b e2       	ldi	r24, 0x2B	; 43
 6ac:	01 c0       	rjmp	.+2      	; 0x6b0 <__EEPROM_REGION_LENGTH__+0x2b0>
 6ae:	80 e2       	ldi	r24, 0x20	; 32
 6b0:	a7 fc       	sbrc	r10, 7
 6b2:	8d e2       	ldi	r24, 0x2D	; 45
 6b4:	b6 01       	movw	r22, r12
 6b6:	90 e0       	ldi	r25, 0x00	; 0
 6b8:	0e 94 9b 06 	call	0xd36	; 0xd36 <fputc>
 6bc:	89 14       	cp	r8, r9
 6be:	38 f4       	brcc	.+14     	; 0x6ce <__EEPROM_REGION_LENGTH__+0x2ce>
 6c0:	b6 01       	movw	r22, r12
 6c2:	80 e3       	ldi	r24, 0x30	; 48
 6c4:	90 e0       	ldi	r25, 0x00	; 0
 6c6:	0e 94 9b 06 	call	0xd36	; 0xd36 <fputc>
 6ca:	9a 94       	dec	r9
 6cc:	f7 cf       	rjmp	.-18     	; 0x6bc <__EEPROM_REGION_LENGTH__+0x2bc>
 6ce:	8a 94       	dec	r8
 6d0:	f3 01       	movw	r30, r6
 6d2:	e8 0d       	add	r30, r8
 6d4:	f1 1d       	adc	r31, r1
 6d6:	80 81       	ld	r24, Z
 6d8:	b6 01       	movw	r22, r12
 6da:	90 e0       	ldi	r25, 0x00	; 0
 6dc:	0e 94 9b 06 	call	0xd36	; 0xd36 <fputc>
 6e0:	81 10       	cpse	r8, r1
 6e2:	f5 cf       	rjmp	.-22     	; 0x6ce <__EEPROM_REGION_LENGTH__+0x2ce>
 6e4:	22 20       	and	r2, r2
 6e6:	09 f4       	brne	.+2      	; 0x6ea <__EEPROM_REGION_LENGTH__+0x2ea>
 6e8:	42 ce       	rjmp	.-892    	; 0x36e <vfprintf+0x24>
 6ea:	b6 01       	movw	r22, r12
 6ec:	80 e2       	ldi	r24, 0x20	; 32
 6ee:	90 e0       	ldi	r25, 0x00	; 0
 6f0:	0e 94 9b 06 	call	0xd36	; 0xd36 <fputc>
 6f4:	2a 94       	dec	r2
 6f6:	f6 cf       	rjmp	.-20     	; 0x6e4 <__EEPROM_REGION_LENGTH__+0x2e4>
 6f8:	f6 01       	movw	r30, r12
 6fa:	86 81       	ldd	r24, Z+6	; 0x06
 6fc:	97 81       	ldd	r25, Z+7	; 0x07
 6fe:	02 c0       	rjmp	.+4      	; 0x704 <__EEPROM_REGION_LENGTH__+0x304>
 700:	8f ef       	ldi	r24, 0xFF	; 255
 702:	9f ef       	ldi	r25, 0xFF	; 255
 704:	2b 96       	adiw	r28, 0x0b	; 11
 706:	e2 e1       	ldi	r30, 0x12	; 18
 708:	0c 94 6d 07 	jmp	0xeda	; 0xeda <__epilogue_restores__>

0000070c <putval>:
 70c:	20 fd       	sbrc	r18, 0
 70e:	09 c0       	rjmp	.+18     	; 0x722 <putval+0x16>
 710:	fc 01       	movw	r30, r24
 712:	23 fd       	sbrc	r18, 3
 714:	05 c0       	rjmp	.+10     	; 0x720 <putval+0x14>
 716:	22 ff       	sbrs	r18, 2
 718:	02 c0       	rjmp	.+4      	; 0x71e <putval+0x12>
 71a:	73 83       	std	Z+3, r23	; 0x03
 71c:	62 83       	std	Z+2, r22	; 0x02
 71e:	51 83       	std	Z+1, r21	; 0x01
 720:	40 83       	st	Z, r20
 722:	08 95       	ret

00000724 <mulacc>:
 724:	44 fd       	sbrc	r20, 4
 726:	17 c0       	rjmp	.+46     	; 0x756 <mulacc+0x32>
 728:	46 fd       	sbrc	r20, 6
 72a:	17 c0       	rjmp	.+46     	; 0x75a <mulacc+0x36>
 72c:	ab 01       	movw	r20, r22
 72e:	bc 01       	movw	r22, r24
 730:	da 01       	movw	r26, r20
 732:	fb 01       	movw	r30, r22
 734:	aa 0f       	add	r26, r26
 736:	bb 1f       	adc	r27, r27
 738:	ee 1f       	adc	r30, r30
 73a:	ff 1f       	adc	r31, r31
 73c:	10 94       	com	r1
 73e:	d1 f7       	brne	.-12     	; 0x734 <mulacc+0x10>
 740:	4a 0f       	add	r20, r26
 742:	5b 1f       	adc	r21, r27
 744:	6e 1f       	adc	r22, r30
 746:	7f 1f       	adc	r23, r31
 748:	cb 01       	movw	r24, r22
 74a:	ba 01       	movw	r22, r20
 74c:	66 0f       	add	r22, r22
 74e:	77 1f       	adc	r23, r23
 750:	88 1f       	adc	r24, r24
 752:	99 1f       	adc	r25, r25
 754:	09 c0       	rjmp	.+18     	; 0x768 <mulacc+0x44>
 756:	33 e0       	ldi	r19, 0x03	; 3
 758:	01 c0       	rjmp	.+2      	; 0x75c <mulacc+0x38>
 75a:	34 e0       	ldi	r19, 0x04	; 4
 75c:	66 0f       	add	r22, r22
 75e:	77 1f       	adc	r23, r23
 760:	88 1f       	adc	r24, r24
 762:	99 1f       	adc	r25, r25
 764:	31 50       	subi	r19, 0x01	; 1
 766:	d1 f7       	brne	.-12     	; 0x75c <mulacc+0x38>
 768:	62 0f       	add	r22, r18
 76a:	71 1d       	adc	r23, r1
 76c:	81 1d       	adc	r24, r1
 76e:	91 1d       	adc	r25, r1
 770:	08 95       	ret

00000772 <skip_spaces>:
 772:	0f 93       	push	r16
 774:	1f 93       	push	r17
 776:	cf 93       	push	r28
 778:	df 93       	push	r29
 77a:	8c 01       	movw	r16, r24
 77c:	c8 01       	movw	r24, r16
 77e:	0e 94 5d 06 	call	0xcba	; 0xcba <fgetc>
 782:	ec 01       	movw	r28, r24
 784:	97 fd       	sbrc	r25, 7
 786:	08 c0       	rjmp	.+16     	; 0x798 <skip_spaces+0x26>
 788:	0e 94 33 06 	call	0xc66	; 0xc66 <isspace>
 78c:	89 2b       	or	r24, r25
 78e:	b1 f7       	brne	.-20     	; 0x77c <skip_spaces+0xa>
 790:	b8 01       	movw	r22, r16
 792:	ce 01       	movw	r24, r28
 794:	0e 94 d7 06 	call	0xdae	; 0xdae <ungetc>
 798:	ce 01       	movw	r24, r28
 79a:	df 91       	pop	r29
 79c:	cf 91       	pop	r28
 79e:	1f 91       	pop	r17
 7a0:	0f 91       	pop	r16
 7a2:	08 95       	ret

000007a4 <conv_int>:
 7a4:	8f 92       	push	r8
 7a6:	9f 92       	push	r9
 7a8:	af 92       	push	r10
 7aa:	bf 92       	push	r11
 7ac:	ef 92       	push	r14
 7ae:	ff 92       	push	r15
 7b0:	0f 93       	push	r16
 7b2:	1f 93       	push	r17
 7b4:	cf 93       	push	r28
 7b6:	df 93       	push	r29
 7b8:	8c 01       	movw	r16, r24
 7ba:	d6 2f       	mov	r29, r22
 7bc:	7a 01       	movw	r14, r20
 7be:	b2 2e       	mov	r11, r18
 7c0:	0e 94 5d 06 	call	0xcba	; 0xcba <fgetc>
 7c4:	9c 01       	movw	r18, r24
 7c6:	33 27       	eor	r19, r19
 7c8:	2b 32       	cpi	r18, 0x2B	; 43
 7ca:	31 05       	cpc	r19, r1
 7cc:	31 f0       	breq	.+12     	; 0x7da <conv_int+0x36>
 7ce:	2d 32       	cpi	r18, 0x2D	; 45
 7d0:	31 05       	cpc	r19, r1
 7d2:	61 f4       	brne	.+24     	; 0x7ec <conv_int+0x48>
 7d4:	8b 2d       	mov	r24, r11
 7d6:	80 68       	ori	r24, 0x80	; 128
 7d8:	b8 2e       	mov	r11, r24
 7da:	d1 50       	subi	r29, 0x01	; 1
 7dc:	11 f4       	brne	.+4      	; 0x7e2 <conv_int+0x3e>
 7de:	80 e0       	ldi	r24, 0x00	; 0
 7e0:	68 c0       	rjmp	.+208    	; 0x8b2 <__DATA_REGION_LENGTH__+0xb2>
 7e2:	c8 01       	movw	r24, r16
 7e4:	0e 94 5d 06 	call	0xcba	; 0xcba <fgetc>
 7e8:	97 fd       	sbrc	r25, 7
 7ea:	f9 cf       	rjmp	.-14     	; 0x7de <conv_int+0x3a>
 7ec:	cb 2d       	mov	r28, r11
 7ee:	cd 7f       	andi	r28, 0xFD	; 253
 7f0:	2b 2d       	mov	r18, r11
 7f2:	20 73       	andi	r18, 0x30	; 48
 7f4:	09 f5       	brne	.+66     	; 0x838 <__DATA_REGION_LENGTH__+0x38>
 7f6:	80 33       	cpi	r24, 0x30	; 48
 7f8:	f9 f4       	brne	.+62     	; 0x838 <__DATA_REGION_LENGTH__+0x38>
 7fa:	aa 24       	eor	r10, r10
 7fc:	aa 94       	dec	r10
 7fe:	ad 0e       	add	r10, r29
 800:	09 f4       	brne	.+2      	; 0x804 <__DATA_REGION_LENGTH__+0x4>
 802:	43 c0       	rjmp	.+134    	; 0x88a <__DATA_REGION_LENGTH__+0x8a>
 804:	c8 01       	movw	r24, r16
 806:	0e 94 5d 06 	call	0xcba	; 0xcba <fgetc>
 80a:	97 fd       	sbrc	r25, 7
 80c:	3e c0       	rjmp	.+124    	; 0x88a <__DATA_REGION_LENGTH__+0x8a>
 80e:	9c 01       	movw	r18, r24
 810:	2f 7d       	andi	r18, 0xDF	; 223
 812:	33 27       	eor	r19, r19
 814:	28 35       	cpi	r18, 0x58	; 88
 816:	31 05       	cpc	r19, r1
 818:	49 f4       	brne	.+18     	; 0x82c <__DATA_REGION_LENGTH__+0x2c>
 81a:	c2 64       	ori	r28, 0x42	; 66
 81c:	d2 50       	subi	r29, 0x02	; 2
 81e:	a9 f1       	breq	.+106    	; 0x88a <__DATA_REGION_LENGTH__+0x8a>
 820:	c8 01       	movw	r24, r16
 822:	0e 94 5d 06 	call	0xcba	; 0xcba <fgetc>
 826:	97 ff       	sbrs	r25, 7
 828:	07 c0       	rjmp	.+14     	; 0x838 <__DATA_REGION_LENGTH__+0x38>
 82a:	2f c0       	rjmp	.+94     	; 0x88a <__DATA_REGION_LENGTH__+0x8a>
 82c:	b6 fe       	sbrs	r11, 6
 82e:	02 c0       	rjmp	.+4      	; 0x834 <__DATA_REGION_LENGTH__+0x34>
 830:	c2 60       	ori	r28, 0x02	; 2
 832:	01 c0       	rjmp	.+2      	; 0x836 <__DATA_REGION_LENGTH__+0x36>
 834:	c2 61       	ori	r28, 0x12	; 18
 836:	da 2d       	mov	r29, r10
 838:	81 2c       	mov	r8, r1
 83a:	91 2c       	mov	r9, r1
 83c:	54 01       	movw	r10, r8
 83e:	20 ed       	ldi	r18, 0xD0	; 208
 840:	28 0f       	add	r18, r24
 842:	28 30       	cpi	r18, 0x08	; 8
 844:	80 f0       	brcs	.+32     	; 0x866 <__DATA_REGION_LENGTH__+0x66>
 846:	c4 ff       	sbrs	r28, 4
 848:	04 c0       	rjmp	.+8      	; 0x852 <__DATA_REGION_LENGTH__+0x52>
 84a:	b8 01       	movw	r22, r16
 84c:	0e 94 d7 06 	call	0xdae	; 0xdae <ungetc>
 850:	19 c0       	rjmp	.+50     	; 0x884 <__DATA_REGION_LENGTH__+0x84>
 852:	2a 30       	cpi	r18, 0x0A	; 10
 854:	40 f0       	brcs	.+16     	; 0x866 <__DATA_REGION_LENGTH__+0x66>
 856:	c6 ff       	sbrs	r28, 6
 858:	f8 cf       	rjmp	.-16     	; 0x84a <__DATA_REGION_LENGTH__+0x4a>
 85a:	2f 7d       	andi	r18, 0xDF	; 223
 85c:	3f ee       	ldi	r19, 0xEF	; 239
 85e:	32 0f       	add	r19, r18
 860:	36 30       	cpi	r19, 0x06	; 6
 862:	98 f7       	brcc	.-26     	; 0x84a <__DATA_REGION_LENGTH__+0x4a>
 864:	27 50       	subi	r18, 0x07	; 7
 866:	4c 2f       	mov	r20, r28
 868:	c5 01       	movw	r24, r10
 86a:	b4 01       	movw	r22, r8
 86c:	0e 94 92 03 	call	0x724	; 0x724 <mulacc>
 870:	4b 01       	movw	r8, r22
 872:	5c 01       	movw	r10, r24
 874:	c2 60       	ori	r28, 0x02	; 2
 876:	d1 50       	subi	r29, 0x01	; 1
 878:	59 f0       	breq	.+22     	; 0x890 <__DATA_REGION_LENGTH__+0x90>
 87a:	c8 01       	movw	r24, r16
 87c:	0e 94 5d 06 	call	0xcba	; 0xcba <fgetc>
 880:	97 ff       	sbrs	r25, 7
 882:	dd cf       	rjmp	.-70     	; 0x83e <__DATA_REGION_LENGTH__+0x3e>
 884:	c1 fd       	sbrc	r28, 1
 886:	04 c0       	rjmp	.+8      	; 0x890 <__DATA_REGION_LENGTH__+0x90>
 888:	aa cf       	rjmp	.-172    	; 0x7de <conv_int+0x3a>
 88a:	81 2c       	mov	r8, r1
 88c:	91 2c       	mov	r9, r1
 88e:	54 01       	movw	r10, r8
 890:	c7 ff       	sbrs	r28, 7
 892:	08 c0       	rjmp	.+16     	; 0x8a4 <__DATA_REGION_LENGTH__+0xa4>
 894:	b0 94       	com	r11
 896:	a0 94       	com	r10
 898:	90 94       	com	r9
 89a:	80 94       	com	r8
 89c:	81 1c       	adc	r8, r1
 89e:	91 1c       	adc	r9, r1
 8a0:	a1 1c       	adc	r10, r1
 8a2:	b1 1c       	adc	r11, r1
 8a4:	2c 2f       	mov	r18, r28
 8a6:	b5 01       	movw	r22, r10
 8a8:	a4 01       	movw	r20, r8
 8aa:	c7 01       	movw	r24, r14
 8ac:	0e 94 86 03 	call	0x70c	; 0x70c <putval>
 8b0:	81 e0       	ldi	r24, 0x01	; 1
 8b2:	df 91       	pop	r29
 8b4:	cf 91       	pop	r28
 8b6:	1f 91       	pop	r17
 8b8:	0f 91       	pop	r16
 8ba:	ff 90       	pop	r15
 8bc:	ef 90       	pop	r14
 8be:	bf 90       	pop	r11
 8c0:	af 90       	pop	r10
 8c2:	9f 90       	pop	r9
 8c4:	8f 90       	pop	r8
 8c6:	08 95       	ret

000008c8 <conv_brk>:
 8c8:	a0 e2       	ldi	r26, 0x20	; 32
 8ca:	b0 e0       	ldi	r27, 0x00	; 0
 8cc:	ea e6       	ldi	r30, 0x6A	; 106
 8ce:	f4 e0       	ldi	r31, 0x04	; 4
 8d0:	0c 94 54 07 	jmp	0xea8	; 0xea8 <__prologue_saves__+0x6>
 8d4:	5c 01       	movw	r10, r24
 8d6:	96 2e       	mov	r9, r22
 8d8:	7a 01       	movw	r14, r20
 8da:	f9 01       	movw	r30, r18
 8dc:	8e 01       	movw	r16, r28
 8de:	0f 5f       	subi	r16, 0xFF	; 255
 8e0:	1f 4f       	sbci	r17, 0xFF	; 255
 8e2:	68 01       	movw	r12, r16
 8e4:	80 e2       	ldi	r24, 0x20	; 32
 8e6:	d8 01       	movw	r26, r16
 8e8:	1d 92       	st	X+, r1
 8ea:	8a 95       	dec	r24
 8ec:	e9 f7       	brne	.-6      	; 0x8e8 <conv_brk+0x20>
 8ee:	d5 01       	movw	r26, r10
 8f0:	13 96       	adiw	r26, 0x03	; 3
 8f2:	8c 90       	ld	r8, X
 8f4:	80 e0       	ldi	r24, 0x00	; 0
 8f6:	90 e0       	ldi	r25, 0x00	; 0
 8f8:	61 2c       	mov	r6, r1
 8fa:	71 2c       	mov	r7, r1
 8fc:	30 e0       	ldi	r19, 0x00	; 0
 8fe:	61 e0       	ldi	r22, 0x01	; 1
 900:	70 e0       	ldi	r23, 0x00	; 0
 902:	83 fc       	sbrc	r8, 3
 904:	25 91       	lpm	r18, Z+
 906:	83 fe       	sbrs	r8, 3
 908:	21 91       	ld	r18, Z+
 90a:	8f 01       	movw	r16, r30
 90c:	52 2e       	mov	r5, r18
 90e:	21 11       	cpse	r18, r1
 910:	03 c0       	rjmp	.+6      	; 0x918 <__stack+0x19>
 912:	80 e0       	ldi	r24, 0x00	; 0
 914:	90 e0       	ldi	r25, 0x00	; 0
 916:	92 c0       	rjmp	.+292    	; 0xa3c <__stack+0x13d>
 918:	2e 35       	cpi	r18, 0x5E	; 94
 91a:	11 f4       	brne	.+4      	; 0x920 <__stack+0x21>
 91c:	00 97       	sbiw	r24, 0x00	; 0
 91e:	51 f1       	breq	.+84     	; 0x974 <__stack+0x75>
 920:	43 2f       	mov	r20, r19
 922:	50 e0       	ldi	r21, 0x00	; 0
 924:	48 17       	cp	r20, r24
 926:	59 07       	cpc	r21, r25
 928:	3c f4       	brge	.+14     	; 0x938 <__stack+0x39>
 92a:	2d 35       	cpi	r18, 0x5D	; 93
 92c:	59 f1       	breq	.+86     	; 0x984 <__stack+0x85>
 92e:	2d 32       	cpi	r18, 0x2D	; 45
 930:	19 f4       	brne	.+6      	; 0x938 <__stack+0x39>
 932:	77 20       	and	r7, r7
 934:	09 f1       	breq	.+66     	; 0x978 <__stack+0x79>
 936:	03 c0       	rjmp	.+6      	; 0x93e <__stack+0x3f>
 938:	77 20       	and	r7, r7
 93a:	09 f4       	brne	.+2      	; 0x93e <__stack+0x3f>
 93c:	6a c0       	rjmp	.+212    	; 0xa12 <__stack+0x113>
 93e:	45 2d       	mov	r20, r5
 940:	46 95       	lsr	r20
 942:	46 95       	lsr	r20
 944:	46 95       	lsr	r20
 946:	d6 01       	movw	r26, r12
 948:	a4 0f       	add	r26, r20
 94a:	b1 1d       	adc	r27, r1
 94c:	45 2d       	mov	r20, r5
 94e:	47 70       	andi	r20, 0x07	; 7
 950:	8b 01       	movw	r16, r22
 952:	02 c0       	rjmp	.+4      	; 0x958 <__stack+0x59>
 954:	00 0f       	add	r16, r16
 956:	11 1f       	adc	r17, r17
 958:	4a 95       	dec	r20
 95a:	e2 f7       	brpl	.-8      	; 0x954 <__stack+0x55>
 95c:	a8 01       	movw	r20, r16
 95e:	5c 91       	ld	r21, X
 960:	45 2b       	or	r20, r21
 962:	4c 93       	st	X, r20
 964:	65 14       	cp	r6, r5
 966:	59 f0       	breq	.+22     	; 0x97e <__stack+0x7f>
 968:	56 14       	cp	r5, r6
 96a:	10 f4       	brcc	.+4      	; 0x970 <__stack+0x71>
 96c:	53 94       	inc	r5
 96e:	e7 cf       	rjmp	.-50     	; 0x93e <__stack+0x3f>
 970:	5a 94       	dec	r5
 972:	e5 cf       	rjmp	.-54     	; 0x93e <__stack+0x3f>
 974:	31 e0       	ldi	r19, 0x01	; 1
 976:	04 c0       	rjmp	.+8      	; 0x980 <__stack+0x81>
 978:	77 24       	eor	r7, r7
 97a:	73 94       	inc	r7
 97c:	01 c0       	rjmp	.+2      	; 0x980 <__stack+0x81>
 97e:	71 2c       	mov	r7, r1
 980:	01 96       	adiw	r24, 0x01	; 1
 982:	bf cf       	rjmp	.-130    	; 0x902 <__stack+0x3>
 984:	77 20       	and	r7, r7
 986:	19 f0       	breq	.+6      	; 0x98e <__stack+0x8f>
 988:	8e 81       	ldd	r24, Y+6	; 0x06
 98a:	80 62       	ori	r24, 0x20	; 32
 98c:	8e 83       	std	Y+6, r24	; 0x06
 98e:	31 11       	cpse	r19, r1
 990:	03 c0       	rjmp	.+6      	; 0x998 <__stack+0x99>
 992:	88 24       	eor	r8, r8
 994:	83 94       	inc	r8
 996:	17 c0       	rjmp	.+46     	; 0x9c6 <__stack+0xc7>
 998:	f6 01       	movw	r30, r12
 99a:	9e 01       	movw	r18, r28
 99c:	2f 5d       	subi	r18, 0xDF	; 223
 99e:	3f 4f       	sbci	r19, 0xFF	; 255
 9a0:	80 81       	ld	r24, Z
 9a2:	80 95       	com	r24
 9a4:	81 93       	st	Z+, r24
 9a6:	2e 17       	cp	r18, r30
 9a8:	3f 07       	cpc	r19, r31
 9aa:	d1 f7       	brne	.-12     	; 0x9a0 <__stack+0xa1>
 9ac:	f2 cf       	rjmp	.-28     	; 0x992 <__stack+0x93>
 9ae:	e1 14       	cp	r14, r1
 9b0:	f1 04       	cpc	r15, r1
 9b2:	29 f0       	breq	.+10     	; 0x9be <__stack+0xbf>
 9b4:	d7 01       	movw	r26, r14
 9b6:	8c 93       	st	X, r24
 9b8:	f7 01       	movw	r30, r14
 9ba:	31 96       	adiw	r30, 0x01	; 1
 9bc:	7f 01       	movw	r14, r30
 9be:	9a 94       	dec	r9
 9c0:	81 2c       	mov	r8, r1
 9c2:	99 20       	and	r9, r9
 9c4:	f9 f0       	breq	.+62     	; 0xa04 <__stack+0x105>
 9c6:	c5 01       	movw	r24, r10
 9c8:	0e 94 5d 06 	call	0xcba	; 0xcba <fgetc>
 9cc:	97 fd       	sbrc	r25, 7
 9ce:	18 c0       	rjmp	.+48     	; 0xa00 <__stack+0x101>
 9d0:	fc 01       	movw	r30, r24
 9d2:	ff 27       	eor	r31, r31
 9d4:	23 e0       	ldi	r18, 0x03	; 3
 9d6:	f5 95       	asr	r31
 9d8:	e7 95       	ror	r30
 9da:	2a 95       	dec	r18
 9dc:	e1 f7       	brne	.-8      	; 0x9d6 <__stack+0xd7>
 9de:	ec 0d       	add	r30, r12
 9e0:	fd 1d       	adc	r31, r13
 9e2:	20 81       	ld	r18, Z
 9e4:	30 e0       	ldi	r19, 0x00	; 0
 9e6:	ac 01       	movw	r20, r24
 9e8:	47 70       	andi	r20, 0x07	; 7
 9ea:	55 27       	eor	r21, r21
 9ec:	02 c0       	rjmp	.+4      	; 0x9f2 <__stack+0xf3>
 9ee:	35 95       	asr	r19
 9f0:	27 95       	ror	r18
 9f2:	4a 95       	dec	r20
 9f4:	e2 f7       	brpl	.-8      	; 0x9ee <__stack+0xef>
 9f6:	20 fd       	sbrc	r18, 0
 9f8:	da cf       	rjmp	.-76     	; 0x9ae <__stack+0xaf>
 9fa:	b5 01       	movw	r22, r10
 9fc:	0e 94 d7 06 	call	0xdae	; 0xdae <ungetc>
 a00:	81 10       	cpse	r8, r1
 a02:	87 cf       	rjmp	.-242    	; 0x912 <__stack+0x13>
 a04:	e1 14       	cp	r14, r1
 a06:	f1 04       	cpc	r15, r1
 a08:	11 f0       	breq	.+4      	; 0xa0e <__stack+0x10f>
 a0a:	d7 01       	movw	r26, r14
 a0c:	1c 92       	st	X, r1
 a0e:	c8 01       	movw	r24, r16
 a10:	15 c0       	rjmp	.+42     	; 0xa3c <__stack+0x13d>
 a12:	42 2f       	mov	r20, r18
 a14:	46 95       	lsr	r20
 a16:	46 95       	lsr	r20
 a18:	46 95       	lsr	r20
 a1a:	d6 01       	movw	r26, r12
 a1c:	a4 0f       	add	r26, r20
 a1e:	b1 1d       	adc	r27, r1
 a20:	42 2f       	mov	r20, r18
 a22:	47 70       	andi	r20, 0x07	; 7
 a24:	8b 01       	movw	r16, r22
 a26:	02 c0       	rjmp	.+4      	; 0xa2c <__stack+0x12d>
 a28:	00 0f       	add	r16, r16
 a2a:	11 1f       	adc	r17, r17
 a2c:	4a 95       	dec	r20
 a2e:	e2 f7       	brpl	.-8      	; 0xa28 <__stack+0x129>
 a30:	a8 01       	movw	r20, r16
 a32:	5c 91       	ld	r21, X
 a34:	45 2b       	or	r20, r21
 a36:	4c 93       	st	X, r20
 a38:	62 2e       	mov	r6, r18
 a3a:	a2 cf       	rjmp	.-188    	; 0x980 <__stack+0x81>
 a3c:	a0 96       	adiw	r28, 0x20	; 32
 a3e:	ef e0       	ldi	r30, 0x0F	; 15
 a40:	0c 94 70 07 	jmp	0xee0	; 0xee0 <__epilogue_restores__+0x6>

00000a44 <vfscanf>:
 a44:	a0 e0       	ldi	r26, 0x00	; 0
 a46:	b0 e0       	ldi	r27, 0x00	; 0
 a48:	e8 e2       	ldi	r30, 0x28	; 40
 a4a:	f5 e0       	ldi	r31, 0x05	; 5
 a4c:	0c 94 54 07 	jmp	0xea8	; 0xea8 <__prologue_saves__+0x6>
 a50:	6c 01       	movw	r12, r24
 a52:	eb 01       	movw	r28, r22
 a54:	5a 01       	movw	r10, r20
 a56:	fc 01       	movw	r30, r24
 a58:	17 82       	std	Z+7, r1	; 0x07
 a5a:	16 82       	std	Z+6, r1	; 0x06
 a5c:	51 2c       	mov	r5, r1
 a5e:	f6 01       	movw	r30, r12
 a60:	e3 80       	ldd	r14, Z+3	; 0x03
 a62:	fe 01       	movw	r30, r28
 a64:	e3 fc       	sbrc	r14, 3
 a66:	85 91       	lpm	r24, Z+
 a68:	e3 fe       	sbrs	r14, 3
 a6a:	81 91       	ld	r24, Z+
 a6c:	18 2f       	mov	r17, r24
 a6e:	ef 01       	movw	r28, r30
 a70:	88 23       	and	r24, r24
 a72:	09 f4       	brne	.+2      	; 0xa76 <vfscanf+0x32>
 a74:	ee c0       	rjmp	.+476    	; 0xc52 <vfscanf+0x20e>
 a76:	90 e0       	ldi	r25, 0x00	; 0
 a78:	0e 94 33 06 	call	0xc66	; 0xc66 <isspace>
 a7c:	89 2b       	or	r24, r25
 a7e:	21 f0       	breq	.+8      	; 0xa88 <vfscanf+0x44>
 a80:	c6 01       	movw	r24, r12
 a82:	0e 94 b9 03 	call	0x772	; 0x772 <skip_spaces>
 a86:	eb cf       	rjmp	.-42     	; 0xa5e <vfscanf+0x1a>
 a88:	15 32       	cpi	r17, 0x25	; 37
 a8a:	41 f4       	brne	.+16     	; 0xa9c <vfscanf+0x58>
 a8c:	fe 01       	movw	r30, r28
 a8e:	e3 fc       	sbrc	r14, 3
 a90:	15 91       	lpm	r17, Z+
 a92:	e3 fe       	sbrs	r14, 3
 a94:	11 91       	ld	r17, Z+
 a96:	ef 01       	movw	r28, r30
 a98:	15 32       	cpi	r17, 0x25	; 37
 a9a:	81 f4       	brne	.+32     	; 0xabc <vfscanf+0x78>
 a9c:	c6 01       	movw	r24, r12
 a9e:	0e 94 5d 06 	call	0xcba	; 0xcba <fgetc>
 aa2:	97 fd       	sbrc	r25, 7
 aa4:	d4 c0       	rjmp	.+424    	; 0xc4e <vfscanf+0x20a>
 aa6:	41 2f       	mov	r20, r17
 aa8:	50 e0       	ldi	r21, 0x00	; 0
 aaa:	9c 01       	movw	r18, r24
 aac:	33 27       	eor	r19, r19
 aae:	24 17       	cp	r18, r20
 ab0:	35 07       	cpc	r19, r21
 ab2:	a9 f2       	breq	.-86     	; 0xa5e <vfscanf+0x1a>
 ab4:	b6 01       	movw	r22, r12
 ab6:	0e 94 d7 06 	call	0xdae	; 0xdae <ungetc>
 aba:	cb c0       	rjmp	.+406    	; 0xc52 <vfscanf+0x20e>
 abc:	1a 32       	cpi	r17, 0x2A	; 42
 abe:	39 f4       	brne	.+14     	; 0xace <vfscanf+0x8a>
 ac0:	e3 fc       	sbrc	r14, 3
 ac2:	15 91       	lpm	r17, Z+
 ac4:	e3 fe       	sbrs	r14, 3
 ac6:	11 91       	ld	r17, Z+
 ac8:	ef 01       	movw	r28, r30
 aca:	01 e0       	ldi	r16, 0x01	; 1
 acc:	01 c0       	rjmp	.+2      	; 0xad0 <vfscanf+0x8c>
 ace:	00 e0       	ldi	r16, 0x00	; 0
 ad0:	f1 2c       	mov	r15, r1
 ad2:	20 ed       	ldi	r18, 0xD0	; 208
 ad4:	21 0f       	add	r18, r17
 ad6:	2a 30       	cpi	r18, 0x0A	; 10
 ad8:	80 f4       	brcc	.+32     	; 0xafa <vfscanf+0xb6>
 ada:	02 60       	ori	r16, 0x02	; 2
 adc:	6f 2d       	mov	r22, r15
 ade:	70 e0       	ldi	r23, 0x00	; 0
 ae0:	80 e0       	ldi	r24, 0x00	; 0
 ae2:	90 e0       	ldi	r25, 0x00	; 0
 ae4:	40 e2       	ldi	r20, 0x20	; 32
 ae6:	0e 94 92 03 	call	0x724	; 0x724 <mulacc>
 aea:	f6 2e       	mov	r15, r22
 aec:	fe 01       	movw	r30, r28
 aee:	e3 fc       	sbrc	r14, 3
 af0:	15 91       	lpm	r17, Z+
 af2:	e3 fe       	sbrs	r14, 3
 af4:	11 91       	ld	r17, Z+
 af6:	ef 01       	movw	r28, r30
 af8:	ec cf       	rjmp	.-40     	; 0xad2 <vfscanf+0x8e>
 afa:	01 ff       	sbrs	r16, 1
 afc:	03 c0       	rjmp	.+6      	; 0xb04 <vfscanf+0xc0>
 afe:	f1 10       	cpse	r15, r1
 b00:	03 c0       	rjmp	.+6      	; 0xb08 <vfscanf+0xc4>
 b02:	a7 c0       	rjmp	.+334    	; 0xc52 <vfscanf+0x20e>
 b04:	ff 24       	eor	r15, r15
 b06:	fa 94       	dec	r15
 b08:	18 36       	cpi	r17, 0x68	; 104
 b0a:	19 f0       	breq	.+6      	; 0xb12 <vfscanf+0xce>
 b0c:	1c 36       	cpi	r17, 0x6C	; 108
 b0e:	51 f0       	breq	.+20     	; 0xb24 <vfscanf+0xe0>
 b10:	10 c0       	rjmp	.+32     	; 0xb32 <vfscanf+0xee>
 b12:	fe 01       	movw	r30, r28
 b14:	e3 fc       	sbrc	r14, 3
 b16:	15 91       	lpm	r17, Z+
 b18:	e3 fe       	sbrs	r14, 3
 b1a:	11 91       	ld	r17, Z+
 b1c:	ef 01       	movw	r28, r30
 b1e:	18 36       	cpi	r17, 0x68	; 104
 b20:	41 f4       	brne	.+16     	; 0xb32 <vfscanf+0xee>
 b22:	08 60       	ori	r16, 0x08	; 8
 b24:	04 60       	ori	r16, 0x04	; 4
 b26:	fe 01       	movw	r30, r28
 b28:	e3 fc       	sbrc	r14, 3
 b2a:	15 91       	lpm	r17, Z+
 b2c:	e3 fe       	sbrs	r14, 3
 b2e:	11 91       	ld	r17, Z+
 b30:	ef 01       	movw	r28, r30
 b32:	11 23       	and	r17, r17
 b34:	09 f4       	brne	.+2      	; 0xb38 <vfscanf+0xf4>
 b36:	8d c0       	rjmp	.+282    	; 0xc52 <vfscanf+0x20e>
 b38:	61 2f       	mov	r22, r17
 b3a:	70 e0       	ldi	r23, 0x00	; 0
 b3c:	88 e6       	ldi	r24, 0x68	; 104
 b3e:	90 e0       	ldi	r25, 0x00	; 0
 b40:	0e 94 3c 06 	call	0xc78	; 0xc78 <strchr_P>
 b44:	89 2b       	or	r24, r25
 b46:	09 f4       	brne	.+2      	; 0xb4a <vfscanf+0x106>
 b48:	84 c0       	rjmp	.+264    	; 0xc52 <vfscanf+0x20e>
 b4a:	00 fd       	sbrc	r16, 0
 b4c:	07 c0       	rjmp	.+14     	; 0xb5c <vfscanf+0x118>
 b4e:	f5 01       	movw	r30, r10
 b50:	80 80       	ld	r8, Z
 b52:	91 80       	ldd	r9, Z+1	; 0x01
 b54:	c5 01       	movw	r24, r10
 b56:	02 96       	adiw	r24, 0x02	; 2
 b58:	5c 01       	movw	r10, r24
 b5a:	02 c0       	rjmp	.+4      	; 0xb60 <vfscanf+0x11c>
 b5c:	81 2c       	mov	r8, r1
 b5e:	91 2c       	mov	r9, r1
 b60:	1e 36       	cpi	r17, 0x6E	; 110
 b62:	51 f4       	brne	.+20     	; 0xb78 <vfscanf+0x134>
 b64:	f6 01       	movw	r30, r12
 b66:	46 81       	ldd	r20, Z+6	; 0x06
 b68:	57 81       	ldd	r21, Z+7	; 0x07
 b6a:	60 e0       	ldi	r22, 0x00	; 0
 b6c:	70 e0       	ldi	r23, 0x00	; 0
 b6e:	20 2f       	mov	r18, r16
 b70:	c4 01       	movw	r24, r8
 b72:	0e 94 86 03 	call	0x70c	; 0x70c <putval>
 b76:	73 cf       	rjmp	.-282    	; 0xa5e <vfscanf+0x1a>
 b78:	13 36       	cpi	r17, 0x63	; 99
 b7a:	a9 f4       	brne	.+42     	; 0xba6 <vfscanf+0x162>
 b7c:	01 fd       	sbrc	r16, 1
 b7e:	02 c0       	rjmp	.+4      	; 0xb84 <vfscanf+0x140>
 b80:	ff 24       	eor	r15, r15
 b82:	f3 94       	inc	r15
 b84:	c6 01       	movw	r24, r12
 b86:	0e 94 5d 06 	call	0xcba	; 0xcba <fgetc>
 b8a:	97 fd       	sbrc	r25, 7
 b8c:	60 c0       	rjmp	.+192    	; 0xc4e <vfscanf+0x20a>
 b8e:	81 14       	cp	r8, r1
 b90:	91 04       	cpc	r9, r1
 b92:	29 f0       	breq	.+10     	; 0xb9e <vfscanf+0x15a>
 b94:	f4 01       	movw	r30, r8
 b96:	80 83       	st	Z, r24
 b98:	c4 01       	movw	r24, r8
 b9a:	01 96       	adiw	r24, 0x01	; 1
 b9c:	4c 01       	movw	r8, r24
 b9e:	fa 94       	dec	r15
 ba0:	f1 10       	cpse	r15, r1
 ba2:	f0 cf       	rjmp	.-32     	; 0xb84 <vfscanf+0x140>
 ba4:	50 c0       	rjmp	.+160    	; 0xc46 <vfscanf+0x202>
 ba6:	1b 35       	cpi	r17, 0x5B	; 91
 ba8:	59 f4       	brne	.+22     	; 0xbc0 <vfscanf+0x17c>
 baa:	9e 01       	movw	r18, r28
 bac:	a4 01       	movw	r20, r8
 bae:	6f 2d       	mov	r22, r15
 bb0:	c6 01       	movw	r24, r12
 bb2:	0e 94 64 04 	call	0x8c8	; 0x8c8 <conv_brk>
 bb6:	ec 01       	movw	r28, r24
 bb8:	89 2b       	or	r24, r25
 bba:	09 f0       	breq	.+2      	; 0xbbe <vfscanf+0x17a>
 bbc:	44 c0       	rjmp	.+136    	; 0xc46 <vfscanf+0x202>
 bbe:	3e c0       	rjmp	.+124    	; 0xc3c <vfscanf+0x1f8>
 bc0:	c6 01       	movw	r24, r12
 bc2:	0e 94 b9 03 	call	0x772	; 0x772 <skip_spaces>
 bc6:	97 fd       	sbrc	r25, 7
 bc8:	42 c0       	rjmp	.+132    	; 0xc4e <vfscanf+0x20a>
 bca:	1f 36       	cpi	r17, 0x6F	; 111
 bcc:	61 f1       	breq	.+88     	; 0xc26 <vfscanf+0x1e2>
 bce:	28 f4       	brcc	.+10     	; 0xbda <vfscanf+0x196>
 bd0:	14 36       	cpi	r17, 0x64	; 100
 bd2:	39 f1       	breq	.+78     	; 0xc22 <vfscanf+0x1de>
 bd4:	19 36       	cpi	r17, 0x69	; 105
 bd6:	51 f1       	breq	.+84     	; 0xc2c <vfscanf+0x1e8>
 bd8:	28 c0       	rjmp	.+80     	; 0xc2a <vfscanf+0x1e6>
 bda:	13 37       	cpi	r17, 0x73	; 115
 bdc:	71 f0       	breq	.+28     	; 0xbfa <vfscanf+0x1b6>
 bde:	15 37       	cpi	r17, 0x75	; 117
 be0:	01 f1       	breq	.+64     	; 0xc22 <vfscanf+0x1de>
 be2:	23 c0       	rjmp	.+70     	; 0xc2a <vfscanf+0x1e6>
 be4:	81 14       	cp	r8, r1
 be6:	91 04       	cpc	r9, r1
 be8:	29 f0       	breq	.+10     	; 0xbf4 <vfscanf+0x1b0>
 bea:	f4 01       	movw	r30, r8
 bec:	60 82       	st	Z, r6
 bee:	c4 01       	movw	r24, r8
 bf0:	01 96       	adiw	r24, 0x01	; 1
 bf2:	4c 01       	movw	r8, r24
 bf4:	fa 94       	dec	r15
 bf6:	ff 20       	and	r15, r15
 bf8:	71 f0       	breq	.+28     	; 0xc16 <vfscanf+0x1d2>
 bfa:	c6 01       	movw	r24, r12
 bfc:	0e 94 5d 06 	call	0xcba	; 0xcba <fgetc>
 c00:	3c 01       	movw	r6, r24
 c02:	97 fd       	sbrc	r25, 7
 c04:	08 c0       	rjmp	.+16     	; 0xc16 <vfscanf+0x1d2>
 c06:	0e 94 33 06 	call	0xc66	; 0xc66 <isspace>
 c0a:	89 2b       	or	r24, r25
 c0c:	59 f3       	breq	.-42     	; 0xbe4 <vfscanf+0x1a0>
 c0e:	b6 01       	movw	r22, r12
 c10:	c3 01       	movw	r24, r6
 c12:	0e 94 d7 06 	call	0xdae	; 0xdae <ungetc>
 c16:	81 14       	cp	r8, r1
 c18:	91 04       	cpc	r9, r1
 c1a:	a9 f0       	breq	.+42     	; 0xc46 <vfscanf+0x202>
 c1c:	f4 01       	movw	r30, r8
 c1e:	10 82       	st	Z, r1
 c20:	12 c0       	rjmp	.+36     	; 0xc46 <vfscanf+0x202>
 c22:	00 62       	ori	r16, 0x20	; 32
 c24:	03 c0       	rjmp	.+6      	; 0xc2c <vfscanf+0x1e8>
 c26:	00 61       	ori	r16, 0x10	; 16
 c28:	01 c0       	rjmp	.+2      	; 0xc2c <vfscanf+0x1e8>
 c2a:	00 64       	ori	r16, 0x40	; 64
 c2c:	20 2f       	mov	r18, r16
 c2e:	a4 01       	movw	r20, r8
 c30:	6f 2d       	mov	r22, r15
 c32:	c6 01       	movw	r24, r12
 c34:	0e 94 d2 03 	call	0x7a4	; 0x7a4 <conv_int>
 c38:	81 11       	cpse	r24, r1
 c3a:	05 c0       	rjmp	.+10     	; 0xc46 <vfscanf+0x202>
 c3c:	f6 01       	movw	r30, r12
 c3e:	83 81       	ldd	r24, Z+3	; 0x03
 c40:	80 73       	andi	r24, 0x30	; 48
 c42:	29 f4       	brne	.+10     	; 0xc4e <vfscanf+0x20a>
 c44:	06 c0       	rjmp	.+12     	; 0xc52 <vfscanf+0x20e>
 c46:	00 fd       	sbrc	r16, 0
 c48:	0a cf       	rjmp	.-492    	; 0xa5e <vfscanf+0x1a>
 c4a:	53 94       	inc	r5
 c4c:	08 cf       	rjmp	.-496    	; 0xa5e <vfscanf+0x1a>
 c4e:	55 20       	and	r5, r5
 c50:	19 f0       	breq	.+6      	; 0xc58 <vfscanf+0x214>
 c52:	85 2d       	mov	r24, r5
 c54:	90 e0       	ldi	r25, 0x00	; 0
 c56:	02 c0       	rjmp	.+4      	; 0xc5c <vfscanf+0x218>
 c58:	8f ef       	ldi	r24, 0xFF	; 255
 c5a:	9f ef       	ldi	r25, 0xFF	; 255
 c5c:	cd b7       	in	r28, 0x3d	; 61
 c5e:	de b7       	in	r29, 0x3e	; 62
 c60:	ef e0       	ldi	r30, 0x0F	; 15
 c62:	0c 94 70 07 	jmp	0xee0	; 0xee0 <__epilogue_restores__+0x6>

00000c66 <isspace>:
 c66:	91 11       	cpse	r25, r1
 c68:	0c 94 4e 07 	jmp	0xe9c	; 0xe9c <__ctype_isfalse>
 c6c:	80 32       	cpi	r24, 0x20	; 32
 c6e:	19 f0       	breq	.+6      	; 0xc76 <isspace+0x10>
 c70:	89 50       	subi	r24, 0x09	; 9
 c72:	85 50       	subi	r24, 0x05	; 5
 c74:	c8 f7       	brcc	.-14     	; 0xc68 <isspace+0x2>
 c76:	08 95       	ret

00000c78 <strchr_P>:
 c78:	fc 01       	movw	r30, r24
 c7a:	05 90       	lpm	r0, Z+
 c7c:	06 16       	cp	r0, r22
 c7e:	21 f0       	breq	.+8      	; 0xc88 <strchr_P+0x10>
 c80:	00 20       	and	r0, r0
 c82:	d9 f7       	brne	.-10     	; 0xc7a <strchr_P+0x2>
 c84:	c0 01       	movw	r24, r0
 c86:	08 95       	ret
 c88:	31 97       	sbiw	r30, 0x01	; 1
 c8a:	cf 01       	movw	r24, r30
 c8c:	08 95       	ret

00000c8e <strnlen_P>:
 c8e:	fc 01       	movw	r30, r24
 c90:	05 90       	lpm	r0, Z+
 c92:	61 50       	subi	r22, 0x01	; 1
 c94:	70 40       	sbci	r23, 0x00	; 0
 c96:	01 10       	cpse	r0, r1
 c98:	d8 f7       	brcc	.-10     	; 0xc90 <strnlen_P+0x2>
 c9a:	80 95       	com	r24
 c9c:	90 95       	com	r25
 c9e:	8e 0f       	add	r24, r30
 ca0:	9f 1f       	adc	r25, r31
 ca2:	08 95       	ret

00000ca4 <strnlen>:
 ca4:	fc 01       	movw	r30, r24
 ca6:	61 50       	subi	r22, 0x01	; 1
 ca8:	70 40       	sbci	r23, 0x00	; 0
 caa:	01 90       	ld	r0, Z+
 cac:	01 10       	cpse	r0, r1
 cae:	d8 f7       	brcc	.-10     	; 0xca6 <strnlen+0x2>
 cb0:	80 95       	com	r24
 cb2:	90 95       	com	r25
 cb4:	8e 0f       	add	r24, r30
 cb6:	9f 1f       	adc	r25, r31
 cb8:	08 95       	ret

00000cba <fgetc>:
 cba:	cf 93       	push	r28
 cbc:	df 93       	push	r29
 cbe:	ec 01       	movw	r28, r24
 cc0:	2b 81       	ldd	r18, Y+3	; 0x03
 cc2:	20 ff       	sbrs	r18, 0
 cc4:	33 c0       	rjmp	.+102    	; 0xd2c <fgetc+0x72>
 cc6:	26 ff       	sbrs	r18, 6
 cc8:	0a c0       	rjmp	.+20     	; 0xcde <fgetc+0x24>
 cca:	2f 7b       	andi	r18, 0xBF	; 191
 ccc:	2b 83       	std	Y+3, r18	; 0x03
 cce:	8e 81       	ldd	r24, Y+6	; 0x06
 cd0:	9f 81       	ldd	r25, Y+7	; 0x07
 cd2:	01 96       	adiw	r24, 0x01	; 1
 cd4:	9f 83       	std	Y+7, r25	; 0x07
 cd6:	8e 83       	std	Y+6, r24	; 0x06
 cd8:	8a 81       	ldd	r24, Y+2	; 0x02
 cda:	90 e0       	ldi	r25, 0x00	; 0
 cdc:	29 c0       	rjmp	.+82     	; 0xd30 <fgetc+0x76>
 cde:	22 ff       	sbrs	r18, 2
 ce0:	0f c0       	rjmp	.+30     	; 0xd00 <fgetc+0x46>
 ce2:	e8 81       	ld	r30, Y
 ce4:	f9 81       	ldd	r31, Y+1	; 0x01
 ce6:	80 81       	ld	r24, Z
 ce8:	08 2e       	mov	r0, r24
 cea:	00 0c       	add	r0, r0
 cec:	99 0b       	sbc	r25, r25
 cee:	00 97       	sbiw	r24, 0x00	; 0
 cf0:	19 f4       	brne	.+6      	; 0xcf8 <fgetc+0x3e>
 cf2:	20 62       	ori	r18, 0x20	; 32
 cf4:	2b 83       	std	Y+3, r18	; 0x03
 cf6:	1a c0       	rjmp	.+52     	; 0xd2c <fgetc+0x72>
 cf8:	31 96       	adiw	r30, 0x01	; 1
 cfa:	f9 83       	std	Y+1, r31	; 0x01
 cfc:	e8 83       	st	Y, r30
 cfe:	0e c0       	rjmp	.+28     	; 0xd1c <fgetc+0x62>
 d00:	ea 85       	ldd	r30, Y+10	; 0x0a
 d02:	fb 85       	ldd	r31, Y+11	; 0x0b
 d04:	09 95       	icall
 d06:	97 ff       	sbrs	r25, 7
 d08:	09 c0       	rjmp	.+18     	; 0xd1c <fgetc+0x62>
 d0a:	2b 81       	ldd	r18, Y+3	; 0x03
 d0c:	01 96       	adiw	r24, 0x01	; 1
 d0e:	11 f0       	breq	.+4      	; 0xd14 <fgetc+0x5a>
 d10:	80 e2       	ldi	r24, 0x20	; 32
 d12:	01 c0       	rjmp	.+2      	; 0xd16 <fgetc+0x5c>
 d14:	80 e1       	ldi	r24, 0x10	; 16
 d16:	82 2b       	or	r24, r18
 d18:	8b 83       	std	Y+3, r24	; 0x03
 d1a:	08 c0       	rjmp	.+16     	; 0xd2c <fgetc+0x72>
 d1c:	2e 81       	ldd	r18, Y+6	; 0x06
 d1e:	3f 81       	ldd	r19, Y+7	; 0x07
 d20:	2f 5f       	subi	r18, 0xFF	; 255
 d22:	3f 4f       	sbci	r19, 0xFF	; 255
 d24:	3f 83       	std	Y+7, r19	; 0x07
 d26:	2e 83       	std	Y+6, r18	; 0x06
 d28:	99 27       	eor	r25, r25
 d2a:	02 c0       	rjmp	.+4      	; 0xd30 <fgetc+0x76>
 d2c:	8f ef       	ldi	r24, 0xFF	; 255
 d2e:	9f ef       	ldi	r25, 0xFF	; 255
 d30:	df 91       	pop	r29
 d32:	cf 91       	pop	r28
 d34:	08 95       	ret

00000d36 <fputc>:
 d36:	0f 93       	push	r16
 d38:	1f 93       	push	r17
 d3a:	cf 93       	push	r28
 d3c:	df 93       	push	r29
 d3e:	fb 01       	movw	r30, r22
 d40:	23 81       	ldd	r18, Z+3	; 0x03
 d42:	21 fd       	sbrc	r18, 1
 d44:	03 c0       	rjmp	.+6      	; 0xd4c <fputc+0x16>
 d46:	8f ef       	ldi	r24, 0xFF	; 255
 d48:	9f ef       	ldi	r25, 0xFF	; 255
 d4a:	2c c0       	rjmp	.+88     	; 0xda4 <fputc+0x6e>
 d4c:	22 ff       	sbrs	r18, 2
 d4e:	16 c0       	rjmp	.+44     	; 0xd7c <fputc+0x46>
 d50:	46 81       	ldd	r20, Z+6	; 0x06
 d52:	57 81       	ldd	r21, Z+7	; 0x07
 d54:	24 81       	ldd	r18, Z+4	; 0x04
 d56:	35 81       	ldd	r19, Z+5	; 0x05
 d58:	42 17       	cp	r20, r18
 d5a:	53 07       	cpc	r21, r19
 d5c:	44 f4       	brge	.+16     	; 0xd6e <fputc+0x38>
 d5e:	a0 81       	ld	r26, Z
 d60:	b1 81       	ldd	r27, Z+1	; 0x01
 d62:	9d 01       	movw	r18, r26
 d64:	2f 5f       	subi	r18, 0xFF	; 255
 d66:	3f 4f       	sbci	r19, 0xFF	; 255
 d68:	31 83       	std	Z+1, r19	; 0x01
 d6a:	20 83       	st	Z, r18
 d6c:	8c 93       	st	X, r24
 d6e:	26 81       	ldd	r18, Z+6	; 0x06
 d70:	37 81       	ldd	r19, Z+7	; 0x07
 d72:	2f 5f       	subi	r18, 0xFF	; 255
 d74:	3f 4f       	sbci	r19, 0xFF	; 255
 d76:	37 83       	std	Z+7, r19	; 0x07
 d78:	26 83       	std	Z+6, r18	; 0x06
 d7a:	14 c0       	rjmp	.+40     	; 0xda4 <fputc+0x6e>
 d7c:	8b 01       	movw	r16, r22
 d7e:	ec 01       	movw	r28, r24
 d80:	fb 01       	movw	r30, r22
 d82:	00 84       	ldd	r0, Z+8	; 0x08
 d84:	f1 85       	ldd	r31, Z+9	; 0x09
 d86:	e0 2d       	mov	r30, r0
 d88:	09 95       	icall
 d8a:	89 2b       	or	r24, r25
 d8c:	e1 f6       	brne	.-72     	; 0xd46 <fputc+0x10>
 d8e:	d8 01       	movw	r26, r16
 d90:	16 96       	adiw	r26, 0x06	; 6
 d92:	8d 91       	ld	r24, X+
 d94:	9c 91       	ld	r25, X
 d96:	17 97       	sbiw	r26, 0x07	; 7
 d98:	01 96       	adiw	r24, 0x01	; 1
 d9a:	17 96       	adiw	r26, 0x07	; 7
 d9c:	9c 93       	st	X, r25
 d9e:	8e 93       	st	-X, r24
 da0:	16 97       	sbiw	r26, 0x06	; 6
 da2:	ce 01       	movw	r24, r28
 da4:	df 91       	pop	r29
 da6:	cf 91       	pop	r28
 da8:	1f 91       	pop	r17
 daa:	0f 91       	pop	r16
 dac:	08 95       	ret

00000dae <ungetc>:
 dae:	fb 01       	movw	r30, r22
 db0:	23 81       	ldd	r18, Z+3	; 0x03
 db2:	20 ff       	sbrs	r18, 0
 db4:	12 c0       	rjmp	.+36     	; 0xdda <ungetc+0x2c>
 db6:	26 fd       	sbrc	r18, 6
 db8:	10 c0       	rjmp	.+32     	; 0xdda <ungetc+0x2c>
 dba:	8f 3f       	cpi	r24, 0xFF	; 255
 dbc:	3f ef       	ldi	r19, 0xFF	; 255
 dbe:	93 07       	cpc	r25, r19
 dc0:	61 f0       	breq	.+24     	; 0xdda <ungetc+0x2c>
 dc2:	82 83       	std	Z+2, r24	; 0x02
 dc4:	2f 7d       	andi	r18, 0xDF	; 223
 dc6:	20 64       	ori	r18, 0x40	; 64
 dc8:	23 83       	std	Z+3, r18	; 0x03
 dca:	26 81       	ldd	r18, Z+6	; 0x06
 dcc:	37 81       	ldd	r19, Z+7	; 0x07
 dce:	21 50       	subi	r18, 0x01	; 1
 dd0:	31 09       	sbc	r19, r1
 dd2:	37 83       	std	Z+7, r19	; 0x07
 dd4:	26 83       	std	Z+6, r18	; 0x06
 dd6:	99 27       	eor	r25, r25
 dd8:	08 95       	ret
 dda:	8f ef       	ldi	r24, 0xFF	; 255
 ddc:	9f ef       	ldi	r25, 0xFF	; 255
 dde:	08 95       	ret

00000de0 <__ultoa_invert>:
 de0:	fa 01       	movw	r30, r20
 de2:	aa 27       	eor	r26, r26
 de4:	28 30       	cpi	r18, 0x08	; 8
 de6:	51 f1       	breq	.+84     	; 0xe3c <__ultoa_invert+0x5c>
 de8:	20 31       	cpi	r18, 0x10	; 16
 dea:	81 f1       	breq	.+96     	; 0xe4c <__ultoa_invert+0x6c>
 dec:	e8 94       	clt
 dee:	6f 93       	push	r22
 df0:	6e 7f       	andi	r22, 0xFE	; 254
 df2:	6e 5f       	subi	r22, 0xFE	; 254
 df4:	7f 4f       	sbci	r23, 0xFF	; 255
 df6:	8f 4f       	sbci	r24, 0xFF	; 255
 df8:	9f 4f       	sbci	r25, 0xFF	; 255
 dfa:	af 4f       	sbci	r26, 0xFF	; 255
 dfc:	b1 e0       	ldi	r27, 0x01	; 1
 dfe:	3e d0       	rcall	.+124    	; 0xe7c <__ultoa_invert+0x9c>
 e00:	b4 e0       	ldi	r27, 0x04	; 4
 e02:	3c d0       	rcall	.+120    	; 0xe7c <__ultoa_invert+0x9c>
 e04:	67 0f       	add	r22, r23
 e06:	78 1f       	adc	r23, r24
 e08:	89 1f       	adc	r24, r25
 e0a:	9a 1f       	adc	r25, r26
 e0c:	a1 1d       	adc	r26, r1
 e0e:	68 0f       	add	r22, r24
 e10:	79 1f       	adc	r23, r25
 e12:	8a 1f       	adc	r24, r26
 e14:	91 1d       	adc	r25, r1
 e16:	a1 1d       	adc	r26, r1
 e18:	6a 0f       	add	r22, r26
 e1a:	71 1d       	adc	r23, r1
 e1c:	81 1d       	adc	r24, r1
 e1e:	91 1d       	adc	r25, r1
 e20:	a1 1d       	adc	r26, r1
 e22:	20 d0       	rcall	.+64     	; 0xe64 <__ultoa_invert+0x84>
 e24:	09 f4       	brne	.+2      	; 0xe28 <__ultoa_invert+0x48>
 e26:	68 94       	set
 e28:	3f 91       	pop	r19
 e2a:	2a e0       	ldi	r18, 0x0A	; 10
 e2c:	26 9f       	mul	r18, r22
 e2e:	11 24       	eor	r1, r1
 e30:	30 19       	sub	r19, r0
 e32:	30 5d       	subi	r19, 0xD0	; 208
 e34:	31 93       	st	Z+, r19
 e36:	de f6       	brtc	.-74     	; 0xdee <__ultoa_invert+0xe>
 e38:	cf 01       	movw	r24, r30
 e3a:	08 95       	ret
 e3c:	46 2f       	mov	r20, r22
 e3e:	47 70       	andi	r20, 0x07	; 7
 e40:	40 5d       	subi	r20, 0xD0	; 208
 e42:	41 93       	st	Z+, r20
 e44:	b3 e0       	ldi	r27, 0x03	; 3
 e46:	0f d0       	rcall	.+30     	; 0xe66 <__ultoa_invert+0x86>
 e48:	c9 f7       	brne	.-14     	; 0xe3c <__ultoa_invert+0x5c>
 e4a:	f6 cf       	rjmp	.-20     	; 0xe38 <__ultoa_invert+0x58>
 e4c:	46 2f       	mov	r20, r22
 e4e:	4f 70       	andi	r20, 0x0F	; 15
 e50:	40 5d       	subi	r20, 0xD0	; 208
 e52:	4a 33       	cpi	r20, 0x3A	; 58
 e54:	18 f0       	brcs	.+6      	; 0xe5c <__ultoa_invert+0x7c>
 e56:	49 5d       	subi	r20, 0xD9	; 217
 e58:	31 fd       	sbrc	r19, 1
 e5a:	40 52       	subi	r20, 0x20	; 32
 e5c:	41 93       	st	Z+, r20
 e5e:	02 d0       	rcall	.+4      	; 0xe64 <__ultoa_invert+0x84>
 e60:	a9 f7       	brne	.-22     	; 0xe4c <__ultoa_invert+0x6c>
 e62:	ea cf       	rjmp	.-44     	; 0xe38 <__ultoa_invert+0x58>
 e64:	b4 e0       	ldi	r27, 0x04	; 4
 e66:	a6 95       	lsr	r26
 e68:	97 95       	ror	r25
 e6a:	87 95       	ror	r24
 e6c:	77 95       	ror	r23
 e6e:	67 95       	ror	r22
 e70:	ba 95       	dec	r27
 e72:	c9 f7       	brne	.-14     	; 0xe66 <__ultoa_invert+0x86>
 e74:	00 97       	sbiw	r24, 0x00	; 0
 e76:	61 05       	cpc	r22, r1
 e78:	71 05       	cpc	r23, r1
 e7a:	08 95       	ret
 e7c:	9b 01       	movw	r18, r22
 e7e:	ac 01       	movw	r20, r24
 e80:	0a 2e       	mov	r0, r26
 e82:	06 94       	lsr	r0
 e84:	57 95       	ror	r21
 e86:	47 95       	ror	r20
 e88:	37 95       	ror	r19
 e8a:	27 95       	ror	r18
 e8c:	ba 95       	dec	r27
 e8e:	c9 f7       	brne	.-14     	; 0xe82 <__ultoa_invert+0xa2>
 e90:	62 0f       	add	r22, r18
 e92:	73 1f       	adc	r23, r19
 e94:	84 1f       	adc	r24, r20
 e96:	95 1f       	adc	r25, r21
 e98:	a0 1d       	adc	r26, r0
 e9a:	08 95       	ret

00000e9c <__ctype_isfalse>:
 e9c:	99 27       	eor	r25, r25
 e9e:	88 27       	eor	r24, r24

00000ea0 <__ctype_istrue>:
 ea0:	08 95       	ret

00000ea2 <__prologue_saves__>:
 ea2:	2f 92       	push	r2
 ea4:	3f 92       	push	r3
 ea6:	4f 92       	push	r4
 ea8:	5f 92       	push	r5
 eaa:	6f 92       	push	r6
 eac:	7f 92       	push	r7
 eae:	8f 92       	push	r8
 eb0:	9f 92       	push	r9
 eb2:	af 92       	push	r10
 eb4:	bf 92       	push	r11
 eb6:	cf 92       	push	r12
 eb8:	df 92       	push	r13
 eba:	ef 92       	push	r14
 ebc:	ff 92       	push	r15
 ebe:	0f 93       	push	r16
 ec0:	1f 93       	push	r17
 ec2:	cf 93       	push	r28
 ec4:	df 93       	push	r29
 ec6:	cd b7       	in	r28, 0x3d	; 61
 ec8:	de b7       	in	r29, 0x3e	; 62
 eca:	ca 1b       	sub	r28, r26
 ecc:	db 0b       	sbc	r29, r27
 ece:	0f b6       	in	r0, 0x3f	; 63
 ed0:	f8 94       	cli
 ed2:	de bf       	out	0x3e, r29	; 62
 ed4:	0f be       	out	0x3f, r0	; 63
 ed6:	cd bf       	out	0x3d, r28	; 61
 ed8:	09 94       	ijmp

00000eda <__epilogue_restores__>:
 eda:	2a 88       	ldd	r2, Y+18	; 0x12
 edc:	39 88       	ldd	r3, Y+17	; 0x11
 ede:	48 88       	ldd	r4, Y+16	; 0x10
 ee0:	5f 84       	ldd	r5, Y+15	; 0x0f
 ee2:	6e 84       	ldd	r6, Y+14	; 0x0e
 ee4:	7d 84       	ldd	r7, Y+13	; 0x0d
 ee6:	8c 84       	ldd	r8, Y+12	; 0x0c
 ee8:	9b 84       	ldd	r9, Y+11	; 0x0b
 eea:	aa 84       	ldd	r10, Y+10	; 0x0a
 eec:	b9 84       	ldd	r11, Y+9	; 0x09
 eee:	c8 84       	ldd	r12, Y+8	; 0x08
 ef0:	df 80       	ldd	r13, Y+7	; 0x07
 ef2:	ee 80       	ldd	r14, Y+6	; 0x06
 ef4:	fd 80       	ldd	r15, Y+5	; 0x05
 ef6:	0c 81       	ldd	r16, Y+4	; 0x04
 ef8:	1b 81       	ldd	r17, Y+3	; 0x03
 efa:	aa 81       	ldd	r26, Y+2	; 0x02
 efc:	b9 81       	ldd	r27, Y+1	; 0x01
 efe:	ce 0f       	add	r28, r30
 f00:	d1 1d       	adc	r29, r1
 f02:	0f b6       	in	r0, 0x3f	; 63
 f04:	f8 94       	cli
 f06:	de bf       	out	0x3e, r29	; 62
 f08:	0f be       	out	0x3f, r0	; 63
 f0a:	cd bf       	out	0x3d, r28	; 61
 f0c:	ed 01       	movw	r28, r26
 f0e:	08 95       	ret

00000f10 <_exit>:
 f10:	f8 94       	cli

00000f12 <__stop_program>:
 f12:	ff cf       	rjmp	.-2      	; 0xf12 <__stop_program>
