
zadanie2.elf:     file format elf32-avr

Sections:
Idx Name          Size      VMA       LMA       File off  Algn
  0 .data         00000016  00800100  00000ea2  00000f36  2**0
                  CONTENTS, ALLOC, LOAD, DATA
  1 .text         00000ea2  00000000  00000000  00000094  2**1
                  CONTENTS, ALLOC, LOAD, READONLY, CODE
  2 .bss          00000218  00800116  00800116  00000f4c  2**0
                  ALLOC
  3 .stab         000008a0  00000000  00000000  00000f4c  2**2
                  CONTENTS, READONLY, DEBUGGING
  4 .stabstr      00000f8c  00000000  00000000  000017ec  2**0
                  CONTENTS, READONLY, DEBUGGING
  5 .comment      00000011  00000000  00000000  00002778  2**0
                  CONTENTS, READONLY
  6 .note.gnu.avr.deviceinfo 00000040  00000000  00000000  0000278c  2**2
                  CONTENTS, READONLY
  7 .debug_info   000005f4  00000000  00000000  000027cc  2**0
                  CONTENTS, READONLY, DEBUGGING
  8 .debug_abbrev 000005a2  00000000  00000000  00002dc0  2**0
                  CONTENTS, READONLY, DEBUGGING
  9 .debug_line   0000001a  00000000  00000000  00003362  2**0
                  CONTENTS, READONLY, DEBUGGING
 10 .debug_str    00000208  00000000  00000000  0000337c  2**0
                  CONTENTS, READONLY, DEBUGGING

Disassembly of section .text:

00000000 <__vectors>:
   0:	0c 94 3a 00 	jmp	0x74	; 0x74 <__ctors_end>
   4:	0c 94 57 00 	jmp	0xae	; 0xae <__bad_interrupt>
   8:	0c 94 57 00 	jmp	0xae	; 0xae <__bad_interrupt>
   c:	0c 94 57 00 	jmp	0xae	; 0xae <__bad_interrupt>
  10:	0c 94 57 00 	jmp	0xae	; 0xae <__bad_interrupt>
  14:	0c 94 57 00 	jmp	0xae	; 0xae <__bad_interrupt>
  18:	0c 94 57 00 	jmp	0xae	; 0xae <__bad_interrupt>
  1c:	0c 94 57 00 	jmp	0xae	; 0xae <__bad_interrupt>
  20:	0c 94 57 00 	jmp	0xae	; 0xae <__bad_interrupt>
  24:	0c 94 57 00 	jmp	0xae	; 0xae <__bad_interrupt>
  28:	0c 94 57 00 	jmp	0xae	; 0xae <__bad_interrupt>
  2c:	0c 94 57 00 	jmp	0xae	; 0xae <__bad_interrupt>
  30:	0c 94 57 00 	jmp	0xae	; 0xae <__bad_interrupt>
  34:	0c 94 57 00 	jmp	0xae	; 0xae <__bad_interrupt>
  38:	0c 94 57 00 	jmp	0xae	; 0xae <__bad_interrupt>
  3c:	0c 94 57 00 	jmp	0xae	; 0xae <__bad_interrupt>
  40:	0c 94 57 00 	jmp	0xae	; 0xae <__bad_interrupt>
  44:	0c 94 57 00 	jmp	0xae	; 0xae <__bad_interrupt>
  48:	0c 94 a1 00 	jmp	0x142	; 0x142 <__vector_18>
  4c:	0c 94 bd 00 	jmp	0x17a	; 0x17a <__vector_19>
  50:	0c 94 57 00 	jmp	0xae	; 0xae <__bad_interrupt>
  54:	0c 94 57 00 	jmp	0xae	; 0xae <__bad_interrupt>
  58:	0c 94 57 00 	jmp	0xae	; 0xae <__bad_interrupt>
  5c:	0c 94 57 00 	jmp	0xae	; 0xae <__bad_interrupt>
  60:	0c 94 57 00 	jmp	0xae	; 0xae <__bad_interrupt>
  64:	0c 94 57 00 	jmp	0xae	; 0xae <__bad_interrupt>

00000068 <__trampolines_end>:
  68:	63 64       	ori	r22, 0x43	; 67
  6a:	69 6e       	ori	r22, 0xE9	; 233
  6c:	6f 70       	andi	r22, 0x0F	; 15
  6e:	73 75       	andi	r23, 0x53	; 83
  70:	78 58       	subi	r23, 0x88	; 136
  72:	5b 00       	.word	0x005b	; ????

00000074 <__ctors_end>:
  74:	11 24       	eor	r1, r1
  76:	1f be       	out	0x3f, r1	; 63
  78:	cf ef       	ldi	r28, 0xFF	; 255
  7a:	d8 e0       	ldi	r29, 0x08	; 8
  7c:	de bf       	out	0x3e, r29	; 62
  7e:	cd bf       	out	0x3d, r28	; 61

00000080 <__do_copy_data>:
  80:	11 e0       	ldi	r17, 0x01	; 1
  82:	a0 e0       	ldi	r26, 0x00	; 0
  84:	b1 e0       	ldi	r27, 0x01	; 1
  86:	e2 ea       	ldi	r30, 0xA2	; 162
  88:	fe e0       	ldi	r31, 0x0E	; 14
  8a:	02 c0       	rjmp	.+4      	; 0x90 <__do_copy_data+0x10>
  8c:	05 90       	lpm	r0, Z+
  8e:	0d 92       	st	X+, r0
  90:	a6 31       	cpi	r26, 0x16	; 22
  92:	b1 07       	cpc	r27, r17
  94:	d9 f7       	brne	.-10     	; 0x8c <__do_copy_data+0xc>

00000096 <__do_clear_bss>:
  96:	23 e0       	ldi	r18, 0x03	; 3
  98:	a6 e1       	ldi	r26, 0x16	; 22
  9a:	b1 e0       	ldi	r27, 0x01	; 1
  9c:	01 c0       	rjmp	.+2      	; 0xa0 <.do_clear_bss_start>

0000009e <.do_clear_bss_loop>:
  9e:	1d 92       	st	X+, r1

000000a0 <.do_clear_bss_start>:
  a0:	ae 32       	cpi	r26, 0x2E	; 46
  a2:	b2 07       	cpc	r27, r18
  a4:	e1 f7       	brne	.-8      	; 0x9e <.do_clear_bss_loop>
  a6:	0e 94 e6 00 	call	0x1cc	; 0x1cc <main>
  aa:	0c 94 4f 07 	jmp	0xe9e	; 0xe9e <_exit>

000000ae <__bad_interrupt>:
  ae:	0c 94 00 00 	jmp	0	; 0x0 <__vectors>

000000b2 <uart_transmit>:
    UCSR0B |= _BV(RXCIE0);
}

//transmisja jednego znaku
int uart_transmit(char data, FILE *stream){
    while(current_sending == (last_sending + 1) % BUFFER_SIZE);
  b2:	40 91 19 01 	lds	r20, 0x0119	; 0x800119 <current_sending>
  b6:	20 91 18 01 	lds	r18, 0x0118	; 0x800118 <last_sending>
  ba:	50 e0       	ldi	r21, 0x00	; 0
  bc:	2f 5f       	subi	r18, 0xFF	; 255
  be:	30 e0       	ldi	r19, 0x00	; 0
  c0:	42 17       	cp	r20, r18
  c2:	53 07       	cpc	r21, r19
  c4:	b1 f3       	breq	.-20     	; 0xb2 <uart_transmit>
    sending[last_sending++] = data;
  c6:	e0 91 18 01 	lds	r30, 0x0118	; 0x800118 <last_sending>
  ca:	91 e0       	ldi	r25, 0x01	; 1
  cc:	9e 0f       	add	r25, r30
  ce:	90 93 18 01 	sts	0x0118, r25	; 0x800118 <last_sending>
  d2:	f0 e0       	ldi	r31, 0x00	; 0
  d4:	e6 5e       	subi	r30, 0xE6	; 230
  d6:	fe 4f       	sbci	r31, 0xFE	; 254
  d8:	80 83       	st	Z, r24
    // last_sending %= BUFFER_SIZE;
    //uruchomienie interrupta
    UCSR0B |= _BV(UDRIE0);
  da:	80 91 c1 00 	lds	r24, 0x00C1	; 0x8000c1 <__TEXT_REGION_LENGTH__+0x7f80c1>
  de:	80 62       	ori	r24, 0x20	; 32
  e0:	80 93 c1 00 	sts	0x00C1, r24	; 0x8000c1 <__TEXT_REGION_LENGTH__+0x7f80c1>
    return 0;
}
  e4:	80 e0       	ldi	r24, 0x00	; 0
  e6:	90 e0       	ldi	r25, 0x00	; 0
  e8:	08 95       	ret

000000ea <uart_receive>:

//odczyt jednego znaku
int uart_receive(FILE *stream){
    while(current_receiving == last_receiving);
  ea:	90 91 17 01 	lds	r25, 0x0117	; 0x800117 <current_receiving>
  ee:	80 91 16 01 	lds	r24, 0x0116	; 0x800116 <__data_end>
  f2:	98 17       	cp	r25, r24
  f4:	d1 f3       	breq	.-12     	; 0xea <uart_receive>
    char return_val = receiving[current_receiving++];
  f6:	e0 91 17 01 	lds	r30, 0x0117	; 0x800117 <current_receiving>
  fa:	81 e0       	ldi	r24, 0x01	; 1
  fc:	8e 0f       	add	r24, r30
  fe:	80 93 17 01 	sts	0x0117, r24	; 0x800117 <current_receiving>
 102:	f0 e0       	ldi	r31, 0x00	; 0
 104:	e8 5d       	subi	r30, 0xD8	; 216
 106:	fd 4f       	sbci	r31, 0xFD	; 253
 108:	80 81       	ld	r24, Z
    // current_receiving %= BUFFER_SIZE;
    //uruchomienie interrupta
    UCSR0B |= _BV(UDRIE0);
 10a:	90 91 c1 00 	lds	r25, 0x00C1	; 0x8000c1 <__TEXT_REGION_LENGTH__+0x7f80c1>
 10e:	90 62       	ori	r25, 0x20	; 32
 110:	90 93 c1 00 	sts	0x00C1, r25	; 0x8000c1 <__TEXT_REGION_LENGTH__+0x7f80c1>
    return return_val;
}
 114:	08 2e       	mov	r0, r24
 116:	00 0c       	add	r0, r0
 118:	99 0b       	sbc	r25, r25
 11a:	08 95       	ret

0000011c <uart_init>:
volatile uint8_t current_receiving = 0;
volatile uint8_t last_receiving = 0;

void uart_init(){
    // ustawienie baudrate
    UBRR0 = UBRR_VALUE;
 11c:	87 e6       	ldi	r24, 0x67	; 103
 11e:	90 e0       	ldi	r25, 0x00	; 0
 120:	90 93 c5 00 	sts	0x00C5, r25	; 0x8000c5 <__TEXT_REGION_LENGTH__+0x7f80c5>
 124:	80 93 c4 00 	sts	0x00C4, r24	; 0x8000c4 <__TEXT_REGION_LENGTH__+0x7f80c4>
    // wyczyszczenie rejestru UCSR0A
    UCSR0A = 0;
 128:	10 92 c0 00 	sts	0x00C0, r1	; 0x8000c0 <__TEXT_REGION_LENGTH__+0x7f80c0>
    // uruchomienie czytania i transmiji
    UCSR0B = _BV(RXEN0) | _BV(TXEN0);
 12c:	e1 ec       	ldi	r30, 0xC1	; 193
 12e:	f0 e0       	ldi	r31, 0x00	; 0
 130:	88 e1       	ldi	r24, 0x18	; 24
 132:	80 83       	st	Z, r24
    // ustawienie formatu 8-bitowych znakow
    UCSR0C = _BV(UCSZ00) | _BV(UCSZ01);
 134:	86 e0       	ldi	r24, 0x06	; 6
 136:	80 93 c2 00 	sts	0x00C2, r24	; 0x8000c2 <__TEXT_REGION_LENGTH__+0x7f80c2>
    // uruchomienie interruptów
    UCSR0B |= _BV(RXCIE0);
 13a:	80 81       	ld	r24, Z
 13c:	80 68       	ori	r24, 0x80	; 128
 13e:	80 83       	st	Z, r24
 140:	08 95       	ret

00000142 <__vector_18>:
    //uruchomienie interrupta
    UCSR0B |= _BV(UDRIE0);
    return return_val;
}

ISR(USART_RX_vect){
 142:	1f 92       	push	r1
 144:	0f 92       	push	r0
 146:	0f b6       	in	r0, 0x3f	; 63
 148:	0f 92       	push	r0
 14a:	11 24       	eor	r1, r1
 14c:	8f 93       	push	r24
 14e:	ef 93       	push	r30
 150:	ff 93       	push	r31
    receiving[last_receiving++] = UDR0;
 152:	e0 91 16 01 	lds	r30, 0x0116	; 0x800116 <__data_end>
 156:	81 e0       	ldi	r24, 0x01	; 1
 158:	8e 0f       	add	r24, r30
 15a:	80 93 16 01 	sts	0x0116, r24	; 0x800116 <__data_end>
 15e:	f0 e0       	ldi	r31, 0x00	; 0
 160:	80 91 c6 00 	lds	r24, 0x00C6	; 0x8000c6 <__TEXT_REGION_LENGTH__+0x7f80c6>
 164:	e8 5d       	subi	r30, 0xD8	; 216
 166:	fd 4f       	sbci	r31, 0xFD	; 253
 168:	80 83       	st	Z, r24
}
 16a:	ff 91       	pop	r31
 16c:	ef 91       	pop	r30
 16e:	8f 91       	pop	r24
 170:	0f 90       	pop	r0
 172:	0f be       	out	0x3f, r0	; 63
 174:	0f 90       	pop	r0
 176:	1f 90       	pop	r1
 178:	18 95       	reti

0000017a <__vector_19>:

ISR(USART_UDRE_vect){
 17a:	1f 92       	push	r1
 17c:	0f 92       	push	r0
 17e:	0f b6       	in	r0, 0x3f	; 63
 180:	0f 92       	push	r0
 182:	11 24       	eor	r1, r1
 184:	8f 93       	push	r24
 186:	9f 93       	push	r25
 188:	ef 93       	push	r30
 18a:	ff 93       	push	r31
    UDR0 = sending[current_sending++];
 18c:	e0 91 19 01 	lds	r30, 0x0119	; 0x800119 <current_sending>
 190:	81 e0       	ldi	r24, 0x01	; 1
 192:	8e 0f       	add	r24, r30
 194:	80 93 19 01 	sts	0x0119, r24	; 0x800119 <current_sending>
 198:	f0 e0       	ldi	r31, 0x00	; 0
 19a:	e6 5e       	subi	r30, 0xE6	; 230
 19c:	fe 4f       	sbci	r31, 0xFE	; 254
 19e:	80 81       	ld	r24, Z
 1a0:	80 93 c6 00 	sts	0x00C6, r24	; 0x8000c6 <__TEXT_REGION_LENGTH__+0x7f80c6>
    if(current_sending == last_sending) UCSR0B &= ~_BV(UDRIE0);
 1a4:	90 91 19 01 	lds	r25, 0x0119	; 0x800119 <current_sending>
 1a8:	80 91 18 01 	lds	r24, 0x0118	; 0x800118 <last_sending>
 1ac:	98 13       	cpse	r25, r24
 1ae:	05 c0       	rjmp	.+10     	; 0x1ba <__vector_19+0x40>
 1b0:	80 91 c1 00 	lds	r24, 0x00C1	; 0x8000c1 <__TEXT_REGION_LENGTH__+0x7f80c1>
 1b4:	8f 7d       	andi	r24, 0xDF	; 223
 1b6:	80 93 c1 00 	sts	0x00C1, r24	; 0x8000c1 <__TEXT_REGION_LENGTH__+0x7f80c1>
}
 1ba:	ff 91       	pop	r31
 1bc:	ef 91       	pop	r30
 1be:	9f 91       	pop	r25
 1c0:	8f 91       	pop	r24
 1c2:	0f 90       	pop	r0
 1c4:	0f be       	out	0x3f, r0	; 63
 1c6:	0f 90       	pop	r0
 1c8:	1f 90       	pop	r1
 1ca:	18 95       	reti

000001cc <main>:

FILE uart_file;

int main(){
 1cc:	cf 93       	push	r28
 1ce:	df 93       	push	r29
 1d0:	1f 92       	push	r1
 1d2:	cd b7       	in	r28, 0x3d	; 61
 1d4:	de b7       	in	r29, 0x3e	; 62
volatile uint8_t current_receiving = 0;
volatile uint8_t last_receiving = 0;

void uart_init(){
    // ustawienie baudrate
    UBRR0 = UBRR_VALUE;
 1d6:	87 e6       	ldi	r24, 0x67	; 103
 1d8:	90 e0       	ldi	r25, 0x00	; 0
 1da:	90 93 c5 00 	sts	0x00C5, r25	; 0x8000c5 <__TEXT_REGION_LENGTH__+0x7f80c5>
 1de:	80 93 c4 00 	sts	0x00C4, r24	; 0x8000c4 <__TEXT_REGION_LENGTH__+0x7f80c4>
    // wyczyszczenie rejestru UCSR0A
    UCSR0A = 0;
 1e2:	10 92 c0 00 	sts	0x00C0, r1	; 0x8000c0 <__TEXT_REGION_LENGTH__+0x7f80c0>
    // uruchomienie czytania i transmiji
    UCSR0B = _BV(RXEN0) | _BV(TXEN0);
 1e6:	88 e1       	ldi	r24, 0x18	; 24
 1e8:	80 93 c1 00 	sts	0x00C1, r24	; 0x8000c1 <__TEXT_REGION_LENGTH__+0x7f80c1>
    // ustawienie formatu 8-bitowych znakow
    UCSR0C = _BV(UCSZ00) | _BV(UCSZ01);
 1ec:	86 e0       	ldi	r24, 0x06	; 6
 1ee:	80 93 c2 00 	sts	0x00C2, r24	; 0x8000c2 <__TEXT_REGION_LENGTH__+0x7f80c2>
    // uruchomienie interruptów
    UCSR0B |= _BV(RXCIE0);
 1f2:	80 91 c1 00 	lds	r24, 0x00C1	; 0x8000c1 <__TEXT_REGION_LENGTH__+0x7f80c1>
 1f6:	80 68       	ori	r24, 0x80	; 128
 1f8:	80 93 c1 00 	sts	0x00C1, r24	; 0x8000c1 <__TEXT_REGION_LENGTH__+0x7f80c1>

FILE uart_file;

int main(){
    uart_init();
    sei();
 1fc:	78 94       	sei
    fdev_setup_stream(&uart_file,uart_transmit,uart_receive,_FDEV_SETUP_RW);
 1fe:	8a e1       	ldi	r24, 0x1A	; 26
 200:	92 e0       	ldi	r25, 0x02	; 2
 202:	29 e5       	ldi	r18, 0x59	; 89
 204:	30 e0       	ldi	r19, 0x00	; 0
 206:	30 93 23 02 	sts	0x0223, r19	; 0x800223 <uart_file+0x9>
 20a:	20 93 22 02 	sts	0x0222, r18	; 0x800222 <uart_file+0x8>
 20e:	25 e7       	ldi	r18, 0x75	; 117
 210:	30 e0       	ldi	r19, 0x00	; 0
 212:	30 93 25 02 	sts	0x0225, r19	; 0x800225 <uart_file+0xb>
 216:	20 93 24 02 	sts	0x0224, r18	; 0x800224 <uart_file+0xa>
 21a:	23 e0       	ldi	r18, 0x03	; 3
 21c:	20 93 1d 02 	sts	0x021D, r18	; 0x80021d <uart_file+0x3>
 220:	10 92 27 02 	sts	0x0227, r1	; 0x800227 <uart_file+0xd>
 224:	10 92 26 02 	sts	0x0226, r1	; 0x800226 <uart_file+0xc>
    stdin = stdout = stderr = &uart_file;
 228:	90 93 2d 03 	sts	0x032D, r25	; 0x80032d <__iob+0x5>
 22c:	80 93 2c 03 	sts	0x032C, r24	; 0x80032c <__iob+0x4>
 230:	90 93 2b 03 	sts	0x032B, r25	; 0x80032b <__iob+0x3>
 234:	80 93 2a 03 	sts	0x032A, r24	; 0x80032a <__iob+0x2>
 238:	90 93 29 03 	sts	0x0329, r25	; 0x800329 <__iob+0x1>
 23c:	80 93 28 03 	sts	0x0328, r24	; 0x800328 <__iob>
 240:	ce 01       	movw	r24, r28
 242:	01 96       	adiw	r24, 0x01	; 1
 244:	6c 01       	movw	r12, r24
    volatile char sign;
    while(1){
        scanf("%c",&sign);
 246:	80 e0       	ldi	r24, 0x00	; 0
 248:	e8 2e       	mov	r14, r24
 24a:	81 e0       	ldi	r24, 0x01	; 1
 24c:	f8 2e       	mov	r15, r24
        printf("Odczytano :\t %c\r\n",sign);
 24e:	03 e0       	ldi	r16, 0x03	; 3
 250:	11 e0       	ldi	r17, 0x01	; 1
    sei();
    fdev_setup_stream(&uart_file,uart_transmit,uart_receive,_FDEV_SETUP_RW);
    stdin = stdout = stderr = &uart_file;
    volatile char sign;
    while(1){
        scanf("%c",&sign);
 252:	df 92       	push	r13
 254:	cf 92       	push	r12
 256:	ff 92       	push	r15
 258:	ef 92       	push	r14
 25a:	0e 94 56 01 	call	0x2ac	; 0x2ac <scanf>
        printf("Odczytano :\t %c\r\n",sign);
 25e:	89 81       	ldd	r24, Y+1	; 0x01
 260:	28 2f       	mov	r18, r24
 262:	08 2e       	mov	r0, r24
 264:	00 0c       	add	r0, r0
 266:	33 0b       	sbc	r19, r19
 268:	3f 93       	push	r19
 26a:	8f 93       	push	r24
 26c:	1f 93       	push	r17
 26e:	0f 93       	push	r16
 270:	0e 94 40 01 	call	0x280	; 0x280 <printf>
 274:	0f b6       	in	r0, 0x3f	; 63
 276:	f8 94       	cli
 278:	de bf       	out	0x3e, r29	; 62
 27a:	0f be       	out	0x3f, r0	; 63
 27c:	cd bf       	out	0x3d, r28	; 61
 27e:	e9 cf       	rjmp	.-46     	; 0x252 <main+0x86>

00000280 <printf>:
 280:	a0 e0       	ldi	r26, 0x00	; 0
 282:	b0 e0       	ldi	r27, 0x00	; 0
 284:	e6 e4       	ldi	r30, 0x46	; 70
 286:	f1 e0       	ldi	r31, 0x01	; 1
 288:	0c 94 28 07 	jmp	0xe50	; 0xe50 <__prologue_saves__+0x20>
 28c:	ae 01       	movw	r20, r28
 28e:	4b 5f       	subi	r20, 0xFB	; 251
 290:	5f 4f       	sbci	r21, 0xFF	; 255
 292:	fa 01       	movw	r30, r20
 294:	61 91       	ld	r22, Z+
 296:	71 91       	ld	r23, Z+
 298:	af 01       	movw	r20, r30
 29a:	80 91 2a 03 	lds	r24, 0x032A	; 0x80032a <__iob+0x2>
 29e:	90 91 2b 03 	lds	r25, 0x032B	; 0x80032b <__iob+0x3>
 2a2:	0e 94 6c 01 	call	0x2d8	; 0x2d8 <vfprintf>
 2a6:	e2 e0       	ldi	r30, 0x02	; 2
 2a8:	0c 94 44 07 	jmp	0xe88	; 0xe88 <__epilogue_restores__+0x20>

000002ac <scanf>:
 2ac:	a0 e0       	ldi	r26, 0x00	; 0
 2ae:	b0 e0       	ldi	r27, 0x00	; 0
 2b0:	ec e5       	ldi	r30, 0x5C	; 92
 2b2:	f1 e0       	ldi	r31, 0x01	; 1
 2b4:	0c 94 28 07 	jmp	0xe50	; 0xe50 <__prologue_saves__+0x20>
 2b8:	ae 01       	movw	r20, r28
 2ba:	4b 5f       	subi	r20, 0xFB	; 251
 2bc:	5f 4f       	sbci	r21, 0xFF	; 255
 2be:	fa 01       	movw	r30, r20
 2c0:	61 91       	ld	r22, Z+
 2c2:	71 91       	ld	r23, Z+
 2c4:	af 01       	movw	r20, r30
 2c6:	80 91 28 03 	lds	r24, 0x0328	; 0x800328 <__iob>
 2ca:	90 91 29 03 	lds	r25, 0x0329	; 0x800329 <__iob+0x1>
 2ce:	0e 94 e9 04 	call	0x9d2	; 0x9d2 <vfscanf>
 2d2:	e2 e0       	ldi	r30, 0x02	; 2
 2d4:	0c 94 44 07 	jmp	0xe88	; 0xe88 <__epilogue_restores__+0x20>

000002d8 <vfprintf>:
 2d8:	ab e0       	ldi	r26, 0x0B	; 11
 2da:	b0 e0       	ldi	r27, 0x00	; 0
 2dc:	e2 e7       	ldi	r30, 0x72	; 114
 2de:	f1 e0       	ldi	r31, 0x01	; 1
 2e0:	0c 94 18 07 	jmp	0xe30	; 0xe30 <__prologue_saves__>
 2e4:	6c 01       	movw	r12, r24
 2e6:	7b 01       	movw	r14, r22
 2e8:	8a 01       	movw	r16, r20
 2ea:	fc 01       	movw	r30, r24
 2ec:	17 82       	std	Z+7, r1	; 0x07
 2ee:	16 82       	std	Z+6, r1	; 0x06
 2f0:	83 81       	ldd	r24, Z+3	; 0x03
 2f2:	81 ff       	sbrs	r24, 1
 2f4:	cc c1       	rjmp	.+920    	; 0x68e <__EEPROM_REGION_LENGTH__+0x28e>
 2f6:	ce 01       	movw	r24, r28
 2f8:	01 96       	adiw	r24, 0x01	; 1
 2fa:	3c 01       	movw	r6, r24
 2fc:	f6 01       	movw	r30, r12
 2fe:	93 81       	ldd	r25, Z+3	; 0x03
 300:	f7 01       	movw	r30, r14
 302:	93 fd       	sbrc	r25, 3
 304:	85 91       	lpm	r24, Z+
 306:	93 ff       	sbrs	r25, 3
 308:	81 91       	ld	r24, Z+
 30a:	7f 01       	movw	r14, r30
 30c:	88 23       	and	r24, r24
 30e:	09 f4       	brne	.+2      	; 0x312 <vfprintf+0x3a>
 310:	ba c1       	rjmp	.+884    	; 0x686 <__EEPROM_REGION_LENGTH__+0x286>
 312:	85 32       	cpi	r24, 0x25	; 37
 314:	39 f4       	brne	.+14     	; 0x324 <vfprintf+0x4c>
 316:	93 fd       	sbrc	r25, 3
 318:	85 91       	lpm	r24, Z+
 31a:	93 ff       	sbrs	r25, 3
 31c:	81 91       	ld	r24, Z+
 31e:	7f 01       	movw	r14, r30
 320:	85 32       	cpi	r24, 0x25	; 37
 322:	29 f4       	brne	.+10     	; 0x32e <vfprintf+0x56>
 324:	b6 01       	movw	r22, r12
 326:	90 e0       	ldi	r25, 0x00	; 0
 328:	0e 94 62 06 	call	0xcc4	; 0xcc4 <fputc>
 32c:	e7 cf       	rjmp	.-50     	; 0x2fc <vfprintf+0x24>
 32e:	91 2c       	mov	r9, r1
 330:	21 2c       	mov	r2, r1
 332:	31 2c       	mov	r3, r1
 334:	ff e1       	ldi	r31, 0x1F	; 31
 336:	f3 15       	cp	r31, r3
 338:	d8 f0       	brcs	.+54     	; 0x370 <vfprintf+0x98>
 33a:	8b 32       	cpi	r24, 0x2B	; 43
 33c:	79 f0       	breq	.+30     	; 0x35c <vfprintf+0x84>
 33e:	38 f4       	brcc	.+14     	; 0x34e <vfprintf+0x76>
 340:	80 32       	cpi	r24, 0x20	; 32
 342:	79 f0       	breq	.+30     	; 0x362 <vfprintf+0x8a>
 344:	83 32       	cpi	r24, 0x23	; 35
 346:	a1 f4       	brne	.+40     	; 0x370 <vfprintf+0x98>
 348:	23 2d       	mov	r18, r3
 34a:	20 61       	ori	r18, 0x10	; 16
 34c:	1d c0       	rjmp	.+58     	; 0x388 <vfprintf+0xb0>
 34e:	8d 32       	cpi	r24, 0x2D	; 45
 350:	61 f0       	breq	.+24     	; 0x36a <vfprintf+0x92>
 352:	80 33       	cpi	r24, 0x30	; 48
 354:	69 f4       	brne	.+26     	; 0x370 <vfprintf+0x98>
 356:	23 2d       	mov	r18, r3
 358:	21 60       	ori	r18, 0x01	; 1
 35a:	16 c0       	rjmp	.+44     	; 0x388 <vfprintf+0xb0>
 35c:	83 2d       	mov	r24, r3
 35e:	82 60       	ori	r24, 0x02	; 2
 360:	38 2e       	mov	r3, r24
 362:	e3 2d       	mov	r30, r3
 364:	e4 60       	ori	r30, 0x04	; 4
 366:	3e 2e       	mov	r3, r30
 368:	2a c0       	rjmp	.+84     	; 0x3be <vfprintf+0xe6>
 36a:	f3 2d       	mov	r31, r3
 36c:	f8 60       	ori	r31, 0x08	; 8
 36e:	1d c0       	rjmp	.+58     	; 0x3aa <vfprintf+0xd2>
 370:	37 fc       	sbrc	r3, 7
 372:	2d c0       	rjmp	.+90     	; 0x3ce <vfprintf+0xf6>
 374:	20 ed       	ldi	r18, 0xD0	; 208
 376:	28 0f       	add	r18, r24
 378:	2a 30       	cpi	r18, 0x0A	; 10
 37a:	40 f0       	brcs	.+16     	; 0x38c <vfprintf+0xb4>
 37c:	8e 32       	cpi	r24, 0x2E	; 46
 37e:	b9 f4       	brne	.+46     	; 0x3ae <vfprintf+0xd6>
 380:	36 fc       	sbrc	r3, 6
 382:	81 c1       	rjmp	.+770    	; 0x686 <__EEPROM_REGION_LENGTH__+0x286>
 384:	23 2d       	mov	r18, r3
 386:	20 64       	ori	r18, 0x40	; 64
 388:	32 2e       	mov	r3, r18
 38a:	19 c0       	rjmp	.+50     	; 0x3be <vfprintf+0xe6>
 38c:	36 fe       	sbrs	r3, 6
 38e:	06 c0       	rjmp	.+12     	; 0x39c <vfprintf+0xc4>
 390:	8a e0       	ldi	r24, 0x0A	; 10
 392:	98 9e       	mul	r9, r24
 394:	20 0d       	add	r18, r0
 396:	11 24       	eor	r1, r1
 398:	92 2e       	mov	r9, r18
 39a:	11 c0       	rjmp	.+34     	; 0x3be <vfprintf+0xe6>
 39c:	ea e0       	ldi	r30, 0x0A	; 10
 39e:	2e 9e       	mul	r2, r30
 3a0:	20 0d       	add	r18, r0
 3a2:	11 24       	eor	r1, r1
 3a4:	22 2e       	mov	r2, r18
 3a6:	f3 2d       	mov	r31, r3
 3a8:	f0 62       	ori	r31, 0x20	; 32
 3aa:	3f 2e       	mov	r3, r31
 3ac:	08 c0       	rjmp	.+16     	; 0x3be <vfprintf+0xe6>
 3ae:	8c 36       	cpi	r24, 0x6C	; 108
 3b0:	21 f4       	brne	.+8      	; 0x3ba <vfprintf+0xe2>
 3b2:	83 2d       	mov	r24, r3
 3b4:	80 68       	ori	r24, 0x80	; 128
 3b6:	38 2e       	mov	r3, r24
 3b8:	02 c0       	rjmp	.+4      	; 0x3be <vfprintf+0xe6>
 3ba:	88 36       	cpi	r24, 0x68	; 104
 3bc:	41 f4       	brne	.+16     	; 0x3ce <vfprintf+0xf6>
 3be:	f7 01       	movw	r30, r14
 3c0:	93 fd       	sbrc	r25, 3
 3c2:	85 91       	lpm	r24, Z+
 3c4:	93 ff       	sbrs	r25, 3
 3c6:	81 91       	ld	r24, Z+
 3c8:	7f 01       	movw	r14, r30
 3ca:	81 11       	cpse	r24, r1
 3cc:	b3 cf       	rjmp	.-154    	; 0x334 <vfprintf+0x5c>
 3ce:	98 2f       	mov	r25, r24
 3d0:	9f 7d       	andi	r25, 0xDF	; 223
 3d2:	95 54       	subi	r25, 0x45	; 69
 3d4:	93 30       	cpi	r25, 0x03	; 3
 3d6:	28 f4       	brcc	.+10     	; 0x3e2 <vfprintf+0x10a>
 3d8:	0c 5f       	subi	r16, 0xFC	; 252
 3da:	1f 4f       	sbci	r17, 0xFF	; 255
 3dc:	9f e3       	ldi	r25, 0x3F	; 63
 3de:	99 83       	std	Y+1, r25	; 0x01
 3e0:	0d c0       	rjmp	.+26     	; 0x3fc <vfprintf+0x124>
 3e2:	83 36       	cpi	r24, 0x63	; 99
 3e4:	31 f0       	breq	.+12     	; 0x3f2 <vfprintf+0x11a>
 3e6:	83 37       	cpi	r24, 0x73	; 115
 3e8:	71 f0       	breq	.+28     	; 0x406 <__EEPROM_REGION_LENGTH__+0x6>
 3ea:	83 35       	cpi	r24, 0x53	; 83
 3ec:	09 f0       	breq	.+2      	; 0x3f0 <vfprintf+0x118>
 3ee:	59 c0       	rjmp	.+178    	; 0x4a2 <__EEPROM_REGION_LENGTH__+0xa2>
 3f0:	21 c0       	rjmp	.+66     	; 0x434 <__EEPROM_REGION_LENGTH__+0x34>
 3f2:	f8 01       	movw	r30, r16
 3f4:	80 81       	ld	r24, Z
 3f6:	89 83       	std	Y+1, r24	; 0x01
 3f8:	0e 5f       	subi	r16, 0xFE	; 254
 3fa:	1f 4f       	sbci	r17, 0xFF	; 255
 3fc:	88 24       	eor	r8, r8
 3fe:	83 94       	inc	r8
 400:	91 2c       	mov	r9, r1
 402:	53 01       	movw	r10, r6
 404:	13 c0       	rjmp	.+38     	; 0x42c <__EEPROM_REGION_LENGTH__+0x2c>
 406:	28 01       	movw	r4, r16
 408:	f2 e0       	ldi	r31, 0x02	; 2
 40a:	4f 0e       	add	r4, r31
 40c:	51 1c       	adc	r5, r1
 40e:	f8 01       	movw	r30, r16
 410:	a0 80       	ld	r10, Z
 412:	b1 80       	ldd	r11, Z+1	; 0x01
 414:	36 fe       	sbrs	r3, 6
 416:	03 c0       	rjmp	.+6      	; 0x41e <__EEPROM_REGION_LENGTH__+0x1e>
 418:	69 2d       	mov	r22, r9
 41a:	70 e0       	ldi	r23, 0x00	; 0
 41c:	02 c0       	rjmp	.+4      	; 0x422 <__EEPROM_REGION_LENGTH__+0x22>
 41e:	6f ef       	ldi	r22, 0xFF	; 255
 420:	7f ef       	ldi	r23, 0xFF	; 255
 422:	c5 01       	movw	r24, r10
 424:	0e 94 19 06 	call	0xc32	; 0xc32 <strnlen>
 428:	4c 01       	movw	r8, r24
 42a:	82 01       	movw	r16, r4
 42c:	f3 2d       	mov	r31, r3
 42e:	ff 77       	andi	r31, 0x7F	; 127
 430:	3f 2e       	mov	r3, r31
 432:	16 c0       	rjmp	.+44     	; 0x460 <__EEPROM_REGION_LENGTH__+0x60>
 434:	28 01       	movw	r4, r16
 436:	22 e0       	ldi	r18, 0x02	; 2
 438:	42 0e       	add	r4, r18
 43a:	51 1c       	adc	r5, r1
 43c:	f8 01       	movw	r30, r16
 43e:	a0 80       	ld	r10, Z
 440:	b1 80       	ldd	r11, Z+1	; 0x01
 442:	36 fe       	sbrs	r3, 6
 444:	03 c0       	rjmp	.+6      	; 0x44c <__EEPROM_REGION_LENGTH__+0x4c>
 446:	69 2d       	mov	r22, r9
 448:	70 e0       	ldi	r23, 0x00	; 0
 44a:	02 c0       	rjmp	.+4      	; 0x450 <__EEPROM_REGION_LENGTH__+0x50>
 44c:	6f ef       	ldi	r22, 0xFF	; 255
 44e:	7f ef       	ldi	r23, 0xFF	; 255
 450:	c5 01       	movw	r24, r10
 452:	0e 94 0e 06 	call	0xc1c	; 0xc1c <strnlen_P>
 456:	4c 01       	movw	r8, r24
 458:	f3 2d       	mov	r31, r3
 45a:	f0 68       	ori	r31, 0x80	; 128
 45c:	3f 2e       	mov	r3, r31
 45e:	82 01       	movw	r16, r4
 460:	33 fc       	sbrc	r3, 3
 462:	1b c0       	rjmp	.+54     	; 0x49a <__EEPROM_REGION_LENGTH__+0x9a>
 464:	82 2d       	mov	r24, r2
 466:	90 e0       	ldi	r25, 0x00	; 0
 468:	88 16       	cp	r8, r24
 46a:	99 06       	cpc	r9, r25
 46c:	b0 f4       	brcc	.+44     	; 0x49a <__EEPROM_REGION_LENGTH__+0x9a>
 46e:	b6 01       	movw	r22, r12
 470:	80 e2       	ldi	r24, 0x20	; 32
 472:	90 e0       	ldi	r25, 0x00	; 0
 474:	0e 94 62 06 	call	0xcc4	; 0xcc4 <fputc>
 478:	2a 94       	dec	r2
 47a:	f4 cf       	rjmp	.-24     	; 0x464 <__EEPROM_REGION_LENGTH__+0x64>
 47c:	f5 01       	movw	r30, r10
 47e:	37 fc       	sbrc	r3, 7
 480:	85 91       	lpm	r24, Z+
 482:	37 fe       	sbrs	r3, 7
 484:	81 91       	ld	r24, Z+
 486:	5f 01       	movw	r10, r30
 488:	b6 01       	movw	r22, r12
 48a:	90 e0       	ldi	r25, 0x00	; 0
 48c:	0e 94 62 06 	call	0xcc4	; 0xcc4 <fputc>
 490:	21 10       	cpse	r2, r1
 492:	2a 94       	dec	r2
 494:	21 e0       	ldi	r18, 0x01	; 1
 496:	82 1a       	sub	r8, r18
 498:	91 08       	sbc	r9, r1
 49a:	81 14       	cp	r8, r1
 49c:	91 04       	cpc	r9, r1
 49e:	71 f7       	brne	.-36     	; 0x47c <__EEPROM_REGION_LENGTH__+0x7c>
 4a0:	e8 c0       	rjmp	.+464    	; 0x672 <__EEPROM_REGION_LENGTH__+0x272>
 4a2:	84 36       	cpi	r24, 0x64	; 100
 4a4:	11 f0       	breq	.+4      	; 0x4aa <__EEPROM_REGION_LENGTH__+0xaa>
 4a6:	89 36       	cpi	r24, 0x69	; 105
 4a8:	41 f5       	brne	.+80     	; 0x4fa <__EEPROM_REGION_LENGTH__+0xfa>
 4aa:	f8 01       	movw	r30, r16
 4ac:	37 fe       	sbrs	r3, 7
 4ae:	07 c0       	rjmp	.+14     	; 0x4be <__EEPROM_REGION_LENGTH__+0xbe>
 4b0:	60 81       	ld	r22, Z
 4b2:	71 81       	ldd	r23, Z+1	; 0x01
 4b4:	82 81       	ldd	r24, Z+2	; 0x02
 4b6:	93 81       	ldd	r25, Z+3	; 0x03
 4b8:	0c 5f       	subi	r16, 0xFC	; 252
 4ba:	1f 4f       	sbci	r17, 0xFF	; 255
 4bc:	08 c0       	rjmp	.+16     	; 0x4ce <__EEPROM_REGION_LENGTH__+0xce>
 4be:	60 81       	ld	r22, Z
 4c0:	71 81       	ldd	r23, Z+1	; 0x01
 4c2:	07 2e       	mov	r0, r23
 4c4:	00 0c       	add	r0, r0
 4c6:	88 0b       	sbc	r24, r24
 4c8:	99 0b       	sbc	r25, r25
 4ca:	0e 5f       	subi	r16, 0xFE	; 254
 4cc:	1f 4f       	sbci	r17, 0xFF	; 255
 4ce:	f3 2d       	mov	r31, r3
 4d0:	ff 76       	andi	r31, 0x6F	; 111
 4d2:	3f 2e       	mov	r3, r31
 4d4:	97 ff       	sbrs	r25, 7
 4d6:	09 c0       	rjmp	.+18     	; 0x4ea <__EEPROM_REGION_LENGTH__+0xea>
 4d8:	90 95       	com	r25
 4da:	80 95       	com	r24
 4dc:	70 95       	com	r23
 4de:	61 95       	neg	r22
 4e0:	7f 4f       	sbci	r23, 0xFF	; 255
 4e2:	8f 4f       	sbci	r24, 0xFF	; 255
 4e4:	9f 4f       	sbci	r25, 0xFF	; 255
 4e6:	f0 68       	ori	r31, 0x80	; 128
 4e8:	3f 2e       	mov	r3, r31
 4ea:	2a e0       	ldi	r18, 0x0A	; 10
 4ec:	30 e0       	ldi	r19, 0x00	; 0
 4ee:	a3 01       	movw	r20, r6
 4f0:	0e 94 b7 06 	call	0xd6e	; 0xd6e <__ultoa_invert>
 4f4:	88 2e       	mov	r8, r24
 4f6:	86 18       	sub	r8, r6
 4f8:	45 c0       	rjmp	.+138    	; 0x584 <__EEPROM_REGION_LENGTH__+0x184>
 4fa:	85 37       	cpi	r24, 0x75	; 117
 4fc:	31 f4       	brne	.+12     	; 0x50a <__EEPROM_REGION_LENGTH__+0x10a>
 4fe:	23 2d       	mov	r18, r3
 500:	2f 7e       	andi	r18, 0xEF	; 239
 502:	b2 2e       	mov	r11, r18
 504:	2a e0       	ldi	r18, 0x0A	; 10
 506:	30 e0       	ldi	r19, 0x00	; 0
 508:	25 c0       	rjmp	.+74     	; 0x554 <__EEPROM_REGION_LENGTH__+0x154>
 50a:	93 2d       	mov	r25, r3
 50c:	99 7f       	andi	r25, 0xF9	; 249
 50e:	b9 2e       	mov	r11, r25
 510:	8f 36       	cpi	r24, 0x6F	; 111
 512:	c1 f0       	breq	.+48     	; 0x544 <__EEPROM_REGION_LENGTH__+0x144>
 514:	18 f4       	brcc	.+6      	; 0x51c <__EEPROM_REGION_LENGTH__+0x11c>
 516:	88 35       	cpi	r24, 0x58	; 88
 518:	79 f0       	breq	.+30     	; 0x538 <__EEPROM_REGION_LENGTH__+0x138>
 51a:	b5 c0       	rjmp	.+362    	; 0x686 <__EEPROM_REGION_LENGTH__+0x286>
 51c:	80 37       	cpi	r24, 0x70	; 112
 51e:	19 f0       	breq	.+6      	; 0x526 <__EEPROM_REGION_LENGTH__+0x126>
 520:	88 37       	cpi	r24, 0x78	; 120
 522:	21 f0       	breq	.+8      	; 0x52c <__EEPROM_REGION_LENGTH__+0x12c>
 524:	b0 c0       	rjmp	.+352    	; 0x686 <__EEPROM_REGION_LENGTH__+0x286>
 526:	e9 2f       	mov	r30, r25
 528:	e0 61       	ori	r30, 0x10	; 16
 52a:	be 2e       	mov	r11, r30
 52c:	b4 fe       	sbrs	r11, 4
 52e:	0d c0       	rjmp	.+26     	; 0x54a <__EEPROM_REGION_LENGTH__+0x14a>
 530:	fb 2d       	mov	r31, r11
 532:	f4 60       	ori	r31, 0x04	; 4
 534:	bf 2e       	mov	r11, r31
 536:	09 c0       	rjmp	.+18     	; 0x54a <__EEPROM_REGION_LENGTH__+0x14a>
 538:	34 fe       	sbrs	r3, 4
 53a:	0a c0       	rjmp	.+20     	; 0x550 <__EEPROM_REGION_LENGTH__+0x150>
 53c:	29 2f       	mov	r18, r25
 53e:	26 60       	ori	r18, 0x06	; 6
 540:	b2 2e       	mov	r11, r18
 542:	06 c0       	rjmp	.+12     	; 0x550 <__EEPROM_REGION_LENGTH__+0x150>
 544:	28 e0       	ldi	r18, 0x08	; 8
 546:	30 e0       	ldi	r19, 0x00	; 0
 548:	05 c0       	rjmp	.+10     	; 0x554 <__EEPROM_REGION_LENGTH__+0x154>
 54a:	20 e1       	ldi	r18, 0x10	; 16
 54c:	30 e0       	ldi	r19, 0x00	; 0
 54e:	02 c0       	rjmp	.+4      	; 0x554 <__EEPROM_REGION_LENGTH__+0x154>
 550:	20 e1       	ldi	r18, 0x10	; 16
 552:	32 e0       	ldi	r19, 0x02	; 2
 554:	f8 01       	movw	r30, r16
 556:	b7 fe       	sbrs	r11, 7
 558:	07 c0       	rjmp	.+14     	; 0x568 <__EEPROM_REGION_LENGTH__+0x168>
 55a:	60 81       	ld	r22, Z
 55c:	71 81       	ldd	r23, Z+1	; 0x01
 55e:	82 81       	ldd	r24, Z+2	; 0x02
 560:	93 81       	ldd	r25, Z+3	; 0x03
 562:	0c 5f       	subi	r16, 0xFC	; 252
 564:	1f 4f       	sbci	r17, 0xFF	; 255
 566:	06 c0       	rjmp	.+12     	; 0x574 <__EEPROM_REGION_LENGTH__+0x174>
 568:	60 81       	ld	r22, Z
 56a:	71 81       	ldd	r23, Z+1	; 0x01
 56c:	80 e0       	ldi	r24, 0x00	; 0
 56e:	90 e0       	ldi	r25, 0x00	; 0
 570:	0e 5f       	subi	r16, 0xFE	; 254
 572:	1f 4f       	sbci	r17, 0xFF	; 255
 574:	a3 01       	movw	r20, r6
 576:	0e 94 b7 06 	call	0xd6e	; 0xd6e <__ultoa_invert>
 57a:	88 2e       	mov	r8, r24
 57c:	86 18       	sub	r8, r6
 57e:	fb 2d       	mov	r31, r11
 580:	ff 77       	andi	r31, 0x7F	; 127
 582:	3f 2e       	mov	r3, r31
 584:	36 fe       	sbrs	r3, 6
 586:	0d c0       	rjmp	.+26     	; 0x5a2 <__EEPROM_REGION_LENGTH__+0x1a2>
 588:	23 2d       	mov	r18, r3
 58a:	2e 7f       	andi	r18, 0xFE	; 254
 58c:	a2 2e       	mov	r10, r18
 58e:	89 14       	cp	r8, r9
 590:	58 f4       	brcc	.+22     	; 0x5a8 <__EEPROM_REGION_LENGTH__+0x1a8>
 592:	34 fe       	sbrs	r3, 4
 594:	0b c0       	rjmp	.+22     	; 0x5ac <__EEPROM_REGION_LENGTH__+0x1ac>
 596:	32 fc       	sbrc	r3, 2
 598:	09 c0       	rjmp	.+18     	; 0x5ac <__EEPROM_REGION_LENGTH__+0x1ac>
 59a:	83 2d       	mov	r24, r3
 59c:	8e 7e       	andi	r24, 0xEE	; 238
 59e:	a8 2e       	mov	r10, r24
 5a0:	05 c0       	rjmp	.+10     	; 0x5ac <__EEPROM_REGION_LENGTH__+0x1ac>
 5a2:	b8 2c       	mov	r11, r8
 5a4:	a3 2c       	mov	r10, r3
 5a6:	03 c0       	rjmp	.+6      	; 0x5ae <__EEPROM_REGION_LENGTH__+0x1ae>
 5a8:	b8 2c       	mov	r11, r8
 5aa:	01 c0       	rjmp	.+2      	; 0x5ae <__EEPROM_REGION_LENGTH__+0x1ae>
 5ac:	b9 2c       	mov	r11, r9
 5ae:	a4 fe       	sbrs	r10, 4
 5b0:	0f c0       	rjmp	.+30     	; 0x5d0 <__EEPROM_REGION_LENGTH__+0x1d0>
 5b2:	fe 01       	movw	r30, r28
 5b4:	e8 0d       	add	r30, r8
 5b6:	f1 1d       	adc	r31, r1
 5b8:	80 81       	ld	r24, Z
 5ba:	80 33       	cpi	r24, 0x30	; 48
 5bc:	21 f4       	brne	.+8      	; 0x5c6 <__EEPROM_REGION_LENGTH__+0x1c6>
 5be:	9a 2d       	mov	r25, r10
 5c0:	99 7e       	andi	r25, 0xE9	; 233
 5c2:	a9 2e       	mov	r10, r25
 5c4:	09 c0       	rjmp	.+18     	; 0x5d8 <__EEPROM_REGION_LENGTH__+0x1d8>
 5c6:	a2 fe       	sbrs	r10, 2
 5c8:	06 c0       	rjmp	.+12     	; 0x5d6 <__EEPROM_REGION_LENGTH__+0x1d6>
 5ca:	b3 94       	inc	r11
 5cc:	b3 94       	inc	r11
 5ce:	04 c0       	rjmp	.+8      	; 0x5d8 <__EEPROM_REGION_LENGTH__+0x1d8>
 5d0:	8a 2d       	mov	r24, r10
 5d2:	86 78       	andi	r24, 0x86	; 134
 5d4:	09 f0       	breq	.+2      	; 0x5d8 <__EEPROM_REGION_LENGTH__+0x1d8>
 5d6:	b3 94       	inc	r11
 5d8:	a3 fc       	sbrc	r10, 3
 5da:	11 c0       	rjmp	.+34     	; 0x5fe <__EEPROM_REGION_LENGTH__+0x1fe>
 5dc:	a0 fe       	sbrs	r10, 0
 5de:	06 c0       	rjmp	.+12     	; 0x5ec <__EEPROM_REGION_LENGTH__+0x1ec>
 5e0:	b2 14       	cp	r11, r2
 5e2:	88 f4       	brcc	.+34     	; 0x606 <__EEPROM_REGION_LENGTH__+0x206>
 5e4:	28 0c       	add	r2, r8
 5e6:	92 2c       	mov	r9, r2
 5e8:	9b 18       	sub	r9, r11
 5ea:	0e c0       	rjmp	.+28     	; 0x608 <__EEPROM_REGION_LENGTH__+0x208>
 5ec:	b2 14       	cp	r11, r2
 5ee:	60 f4       	brcc	.+24     	; 0x608 <__EEPROM_REGION_LENGTH__+0x208>
 5f0:	b6 01       	movw	r22, r12
 5f2:	80 e2       	ldi	r24, 0x20	; 32
 5f4:	90 e0       	ldi	r25, 0x00	; 0
 5f6:	0e 94 62 06 	call	0xcc4	; 0xcc4 <fputc>
 5fa:	b3 94       	inc	r11
 5fc:	f7 cf       	rjmp	.-18     	; 0x5ec <__EEPROM_REGION_LENGTH__+0x1ec>
 5fe:	b2 14       	cp	r11, r2
 600:	18 f4       	brcc	.+6      	; 0x608 <__EEPROM_REGION_LENGTH__+0x208>
 602:	2b 18       	sub	r2, r11
 604:	02 c0       	rjmp	.+4      	; 0x60a <__EEPROM_REGION_LENGTH__+0x20a>
 606:	98 2c       	mov	r9, r8
 608:	21 2c       	mov	r2, r1
 60a:	a4 fe       	sbrs	r10, 4
 60c:	10 c0       	rjmp	.+32     	; 0x62e <__EEPROM_REGION_LENGTH__+0x22e>
 60e:	b6 01       	movw	r22, r12
 610:	80 e3       	ldi	r24, 0x30	; 48
 612:	90 e0       	ldi	r25, 0x00	; 0
 614:	0e 94 62 06 	call	0xcc4	; 0xcc4 <fputc>
 618:	a2 fe       	sbrs	r10, 2
 61a:	17 c0       	rjmp	.+46     	; 0x64a <__EEPROM_REGION_LENGTH__+0x24a>
 61c:	a1 fc       	sbrc	r10, 1
 61e:	03 c0       	rjmp	.+6      	; 0x626 <__EEPROM_REGION_LENGTH__+0x226>
 620:	88 e7       	ldi	r24, 0x78	; 120
 622:	90 e0       	ldi	r25, 0x00	; 0
 624:	02 c0       	rjmp	.+4      	; 0x62a <__EEPROM_REGION_LENGTH__+0x22a>
 626:	88 e5       	ldi	r24, 0x58	; 88
 628:	90 e0       	ldi	r25, 0x00	; 0
 62a:	b6 01       	movw	r22, r12
 62c:	0c c0       	rjmp	.+24     	; 0x646 <__EEPROM_REGION_LENGTH__+0x246>
 62e:	8a 2d       	mov	r24, r10
 630:	86 78       	andi	r24, 0x86	; 134
 632:	59 f0       	breq	.+22     	; 0x64a <__EEPROM_REGION_LENGTH__+0x24a>
 634:	a1 fe       	sbrs	r10, 1
 636:	02 c0       	rjmp	.+4      	; 0x63c <__EEPROM_REGION_LENGTH__+0x23c>
 638:	8b e2       	ldi	r24, 0x2B	; 43
 63a:	01 c0       	rjmp	.+2      	; 0x63e <__EEPROM_REGION_LENGTH__+0x23e>
 63c:	80 e2       	ldi	r24, 0x20	; 32
 63e:	a7 fc       	sbrc	r10, 7
 640:	8d e2       	ldi	r24, 0x2D	; 45
 642:	b6 01       	movw	r22, r12
 644:	90 e0       	ldi	r25, 0x00	; 0
 646:	0e 94 62 06 	call	0xcc4	; 0xcc4 <fputc>
 64a:	89 14       	cp	r8, r9
 64c:	38 f4       	brcc	.+14     	; 0x65c <__EEPROM_REGION_LENGTH__+0x25c>
 64e:	b6 01       	movw	r22, r12
 650:	80 e3       	ldi	r24, 0x30	; 48
 652:	90 e0       	ldi	r25, 0x00	; 0
 654:	0e 94 62 06 	call	0xcc4	; 0xcc4 <fputc>
 658:	9a 94       	dec	r9
 65a:	f7 cf       	rjmp	.-18     	; 0x64a <__EEPROM_REGION_LENGTH__+0x24a>
 65c:	8a 94       	dec	r8
 65e:	f3 01       	movw	r30, r6
 660:	e8 0d       	add	r30, r8
 662:	f1 1d       	adc	r31, r1
 664:	80 81       	ld	r24, Z
 666:	b6 01       	movw	r22, r12
 668:	90 e0       	ldi	r25, 0x00	; 0
 66a:	0e 94 62 06 	call	0xcc4	; 0xcc4 <fputc>
 66e:	81 10       	cpse	r8, r1
 670:	f5 cf       	rjmp	.-22     	; 0x65c <__EEPROM_REGION_LENGTH__+0x25c>
 672:	22 20       	and	r2, r2
 674:	09 f4       	brne	.+2      	; 0x678 <__EEPROM_REGION_LENGTH__+0x278>
 676:	42 ce       	rjmp	.-892    	; 0x2fc <vfprintf+0x24>
 678:	b6 01       	movw	r22, r12
 67a:	80 e2       	ldi	r24, 0x20	; 32
 67c:	90 e0       	ldi	r25, 0x00	; 0
 67e:	0e 94 62 06 	call	0xcc4	; 0xcc4 <fputc>
 682:	2a 94       	dec	r2
 684:	f6 cf       	rjmp	.-20     	; 0x672 <__EEPROM_REGION_LENGTH__+0x272>
 686:	f6 01       	movw	r30, r12
 688:	86 81       	ldd	r24, Z+6	; 0x06
 68a:	97 81       	ldd	r25, Z+7	; 0x07
 68c:	02 c0       	rjmp	.+4      	; 0x692 <__EEPROM_REGION_LENGTH__+0x292>
 68e:	8f ef       	ldi	r24, 0xFF	; 255
 690:	9f ef       	ldi	r25, 0xFF	; 255
 692:	2b 96       	adiw	r28, 0x0b	; 11
 694:	e2 e1       	ldi	r30, 0x12	; 18
 696:	0c 94 34 07 	jmp	0xe68	; 0xe68 <__epilogue_restores__>

0000069a <putval>:
 69a:	20 fd       	sbrc	r18, 0
 69c:	09 c0       	rjmp	.+18     	; 0x6b0 <putval+0x16>
 69e:	fc 01       	movw	r30, r24
 6a0:	23 fd       	sbrc	r18, 3
 6a2:	05 c0       	rjmp	.+10     	; 0x6ae <putval+0x14>
 6a4:	22 ff       	sbrs	r18, 2
 6a6:	02 c0       	rjmp	.+4      	; 0x6ac <putval+0x12>
 6a8:	73 83       	std	Z+3, r23	; 0x03
 6aa:	62 83       	std	Z+2, r22	; 0x02
 6ac:	51 83       	std	Z+1, r21	; 0x01
 6ae:	40 83       	st	Z, r20
 6b0:	08 95       	ret

000006b2 <mulacc>:
 6b2:	44 fd       	sbrc	r20, 4
 6b4:	17 c0       	rjmp	.+46     	; 0x6e4 <mulacc+0x32>
 6b6:	46 fd       	sbrc	r20, 6
 6b8:	17 c0       	rjmp	.+46     	; 0x6e8 <mulacc+0x36>
 6ba:	ab 01       	movw	r20, r22
 6bc:	bc 01       	movw	r22, r24
 6be:	da 01       	movw	r26, r20
 6c0:	fb 01       	movw	r30, r22
 6c2:	aa 0f       	add	r26, r26
 6c4:	bb 1f       	adc	r27, r27
 6c6:	ee 1f       	adc	r30, r30
 6c8:	ff 1f       	adc	r31, r31
 6ca:	10 94       	com	r1
 6cc:	d1 f7       	brne	.-12     	; 0x6c2 <mulacc+0x10>
 6ce:	4a 0f       	add	r20, r26
 6d0:	5b 1f       	adc	r21, r27
 6d2:	6e 1f       	adc	r22, r30
 6d4:	7f 1f       	adc	r23, r31
 6d6:	cb 01       	movw	r24, r22
 6d8:	ba 01       	movw	r22, r20
 6da:	66 0f       	add	r22, r22
 6dc:	77 1f       	adc	r23, r23
 6de:	88 1f       	adc	r24, r24
 6e0:	99 1f       	adc	r25, r25
 6e2:	09 c0       	rjmp	.+18     	; 0x6f6 <mulacc+0x44>
 6e4:	33 e0       	ldi	r19, 0x03	; 3
 6e6:	01 c0       	rjmp	.+2      	; 0x6ea <mulacc+0x38>
 6e8:	34 e0       	ldi	r19, 0x04	; 4
 6ea:	66 0f       	add	r22, r22
 6ec:	77 1f       	adc	r23, r23
 6ee:	88 1f       	adc	r24, r24
 6f0:	99 1f       	adc	r25, r25
 6f2:	31 50       	subi	r19, 0x01	; 1
 6f4:	d1 f7       	brne	.-12     	; 0x6ea <mulacc+0x38>
 6f6:	62 0f       	add	r22, r18
 6f8:	71 1d       	adc	r23, r1
 6fa:	81 1d       	adc	r24, r1
 6fc:	91 1d       	adc	r25, r1
 6fe:	08 95       	ret

00000700 <skip_spaces>:
 700:	0f 93       	push	r16
 702:	1f 93       	push	r17
 704:	cf 93       	push	r28
 706:	df 93       	push	r29
 708:	8c 01       	movw	r16, r24
 70a:	c8 01       	movw	r24, r16
 70c:	0e 94 24 06 	call	0xc48	; 0xc48 <fgetc>
 710:	ec 01       	movw	r28, r24
 712:	97 fd       	sbrc	r25, 7
 714:	08 c0       	rjmp	.+16     	; 0x726 <skip_spaces+0x26>
 716:	0e 94 fa 05 	call	0xbf4	; 0xbf4 <isspace>
 71a:	89 2b       	or	r24, r25
 71c:	b1 f7       	brne	.-20     	; 0x70a <skip_spaces+0xa>
 71e:	b8 01       	movw	r22, r16
 720:	ce 01       	movw	r24, r28
 722:	0e 94 9e 06 	call	0xd3c	; 0xd3c <ungetc>
 726:	ce 01       	movw	r24, r28
 728:	df 91       	pop	r29
 72a:	cf 91       	pop	r28
 72c:	1f 91       	pop	r17
 72e:	0f 91       	pop	r16
 730:	08 95       	ret

00000732 <conv_int>:
 732:	8f 92       	push	r8
 734:	9f 92       	push	r9
 736:	af 92       	push	r10
 738:	bf 92       	push	r11
 73a:	ef 92       	push	r14
 73c:	ff 92       	push	r15
 73e:	0f 93       	push	r16
 740:	1f 93       	push	r17
 742:	cf 93       	push	r28
 744:	df 93       	push	r29
 746:	8c 01       	movw	r16, r24
 748:	d6 2f       	mov	r29, r22
 74a:	7a 01       	movw	r14, r20
 74c:	b2 2e       	mov	r11, r18
 74e:	0e 94 24 06 	call	0xc48	; 0xc48 <fgetc>
 752:	9c 01       	movw	r18, r24
 754:	33 27       	eor	r19, r19
 756:	2b 32       	cpi	r18, 0x2B	; 43
 758:	31 05       	cpc	r19, r1
 75a:	31 f0       	breq	.+12     	; 0x768 <conv_int+0x36>
 75c:	2d 32       	cpi	r18, 0x2D	; 45
 75e:	31 05       	cpc	r19, r1
 760:	61 f4       	brne	.+24     	; 0x77a <conv_int+0x48>
 762:	8b 2d       	mov	r24, r11
 764:	80 68       	ori	r24, 0x80	; 128
 766:	b8 2e       	mov	r11, r24
 768:	d1 50       	subi	r29, 0x01	; 1
 76a:	11 f4       	brne	.+4      	; 0x770 <conv_int+0x3e>
 76c:	80 e0       	ldi	r24, 0x00	; 0
 76e:	68 c0       	rjmp	.+208    	; 0x840 <__DATA_REGION_LENGTH__+0x40>
 770:	c8 01       	movw	r24, r16
 772:	0e 94 24 06 	call	0xc48	; 0xc48 <fgetc>
 776:	97 fd       	sbrc	r25, 7
 778:	f9 cf       	rjmp	.-14     	; 0x76c <conv_int+0x3a>
 77a:	cb 2d       	mov	r28, r11
 77c:	cd 7f       	andi	r28, 0xFD	; 253
 77e:	2b 2d       	mov	r18, r11
 780:	20 73       	andi	r18, 0x30	; 48
 782:	09 f5       	brne	.+66     	; 0x7c6 <conv_int+0x94>
 784:	80 33       	cpi	r24, 0x30	; 48
 786:	f9 f4       	brne	.+62     	; 0x7c6 <conv_int+0x94>
 788:	aa 24       	eor	r10, r10
 78a:	aa 94       	dec	r10
 78c:	ad 0e       	add	r10, r29
 78e:	09 f4       	brne	.+2      	; 0x792 <conv_int+0x60>
 790:	43 c0       	rjmp	.+134    	; 0x818 <__DATA_REGION_LENGTH__+0x18>
 792:	c8 01       	movw	r24, r16
 794:	0e 94 24 06 	call	0xc48	; 0xc48 <fgetc>
 798:	97 fd       	sbrc	r25, 7
 79a:	3e c0       	rjmp	.+124    	; 0x818 <__DATA_REGION_LENGTH__+0x18>
 79c:	9c 01       	movw	r18, r24
 79e:	2f 7d       	andi	r18, 0xDF	; 223
 7a0:	33 27       	eor	r19, r19
 7a2:	28 35       	cpi	r18, 0x58	; 88
 7a4:	31 05       	cpc	r19, r1
 7a6:	49 f4       	brne	.+18     	; 0x7ba <conv_int+0x88>
 7a8:	c2 64       	ori	r28, 0x42	; 66
 7aa:	d2 50       	subi	r29, 0x02	; 2
 7ac:	a9 f1       	breq	.+106    	; 0x818 <__DATA_REGION_LENGTH__+0x18>
 7ae:	c8 01       	movw	r24, r16
 7b0:	0e 94 24 06 	call	0xc48	; 0xc48 <fgetc>
 7b4:	97 ff       	sbrs	r25, 7
 7b6:	07 c0       	rjmp	.+14     	; 0x7c6 <conv_int+0x94>
 7b8:	2f c0       	rjmp	.+94     	; 0x818 <__DATA_REGION_LENGTH__+0x18>
 7ba:	b6 fe       	sbrs	r11, 6
 7bc:	02 c0       	rjmp	.+4      	; 0x7c2 <conv_int+0x90>
 7be:	c2 60       	ori	r28, 0x02	; 2
 7c0:	01 c0       	rjmp	.+2      	; 0x7c4 <conv_int+0x92>
 7c2:	c2 61       	ori	r28, 0x12	; 18
 7c4:	da 2d       	mov	r29, r10
 7c6:	81 2c       	mov	r8, r1
 7c8:	91 2c       	mov	r9, r1
 7ca:	54 01       	movw	r10, r8
 7cc:	20 ed       	ldi	r18, 0xD0	; 208
 7ce:	28 0f       	add	r18, r24
 7d0:	28 30       	cpi	r18, 0x08	; 8
 7d2:	80 f0       	brcs	.+32     	; 0x7f4 <conv_int+0xc2>
 7d4:	c4 ff       	sbrs	r28, 4
 7d6:	04 c0       	rjmp	.+8      	; 0x7e0 <conv_int+0xae>
 7d8:	b8 01       	movw	r22, r16
 7da:	0e 94 9e 06 	call	0xd3c	; 0xd3c <ungetc>
 7de:	19 c0       	rjmp	.+50     	; 0x812 <__DATA_REGION_LENGTH__+0x12>
 7e0:	2a 30       	cpi	r18, 0x0A	; 10
 7e2:	40 f0       	brcs	.+16     	; 0x7f4 <conv_int+0xc2>
 7e4:	c6 ff       	sbrs	r28, 6
 7e6:	f8 cf       	rjmp	.-16     	; 0x7d8 <conv_int+0xa6>
 7e8:	2f 7d       	andi	r18, 0xDF	; 223
 7ea:	3f ee       	ldi	r19, 0xEF	; 239
 7ec:	32 0f       	add	r19, r18
 7ee:	36 30       	cpi	r19, 0x06	; 6
 7f0:	98 f7       	brcc	.-26     	; 0x7d8 <conv_int+0xa6>
 7f2:	27 50       	subi	r18, 0x07	; 7
 7f4:	4c 2f       	mov	r20, r28
 7f6:	c5 01       	movw	r24, r10
 7f8:	b4 01       	movw	r22, r8
 7fa:	0e 94 59 03 	call	0x6b2	; 0x6b2 <mulacc>
 7fe:	4b 01       	movw	r8, r22
 800:	5c 01       	movw	r10, r24
 802:	c2 60       	ori	r28, 0x02	; 2
 804:	d1 50       	subi	r29, 0x01	; 1
 806:	59 f0       	breq	.+22     	; 0x81e <__DATA_REGION_LENGTH__+0x1e>
 808:	c8 01       	movw	r24, r16
 80a:	0e 94 24 06 	call	0xc48	; 0xc48 <fgetc>
 80e:	97 ff       	sbrs	r25, 7
 810:	dd cf       	rjmp	.-70     	; 0x7cc <conv_int+0x9a>
 812:	c1 fd       	sbrc	r28, 1
 814:	04 c0       	rjmp	.+8      	; 0x81e <__DATA_REGION_LENGTH__+0x1e>
 816:	aa cf       	rjmp	.-172    	; 0x76c <conv_int+0x3a>
 818:	81 2c       	mov	r8, r1
 81a:	91 2c       	mov	r9, r1
 81c:	54 01       	movw	r10, r8
 81e:	c7 ff       	sbrs	r28, 7
 820:	08 c0       	rjmp	.+16     	; 0x832 <__DATA_REGION_LENGTH__+0x32>
 822:	b0 94       	com	r11
 824:	a0 94       	com	r10
 826:	90 94       	com	r9
 828:	80 94       	com	r8
 82a:	81 1c       	adc	r8, r1
 82c:	91 1c       	adc	r9, r1
 82e:	a1 1c       	adc	r10, r1
 830:	b1 1c       	adc	r11, r1
 832:	2c 2f       	mov	r18, r28
 834:	b5 01       	movw	r22, r10
 836:	a4 01       	movw	r20, r8
 838:	c7 01       	movw	r24, r14
 83a:	0e 94 4d 03 	call	0x69a	; 0x69a <putval>
 83e:	81 e0       	ldi	r24, 0x01	; 1
 840:	df 91       	pop	r29
 842:	cf 91       	pop	r28
 844:	1f 91       	pop	r17
 846:	0f 91       	pop	r16
 848:	ff 90       	pop	r15
 84a:	ef 90       	pop	r14
 84c:	bf 90       	pop	r11
 84e:	af 90       	pop	r10
 850:	9f 90       	pop	r9
 852:	8f 90       	pop	r8
 854:	08 95       	ret

00000856 <conv_brk>:
 856:	a0 e2       	ldi	r26, 0x20	; 32
 858:	b0 e0       	ldi	r27, 0x00	; 0
 85a:	e1 e3       	ldi	r30, 0x31	; 49
 85c:	f4 e0       	ldi	r31, 0x04	; 4
 85e:	0c 94 1b 07 	jmp	0xe36	; 0xe36 <__prologue_saves__+0x6>
 862:	5c 01       	movw	r10, r24
 864:	96 2e       	mov	r9, r22
 866:	7a 01       	movw	r14, r20
 868:	f9 01       	movw	r30, r18
 86a:	8e 01       	movw	r16, r28
 86c:	0f 5f       	subi	r16, 0xFF	; 255
 86e:	1f 4f       	sbci	r17, 0xFF	; 255
 870:	68 01       	movw	r12, r16
 872:	80 e2       	ldi	r24, 0x20	; 32
 874:	d8 01       	movw	r26, r16
 876:	1d 92       	st	X+, r1
 878:	8a 95       	dec	r24
 87a:	e9 f7       	brne	.-6      	; 0x876 <conv_brk+0x20>
 87c:	d5 01       	movw	r26, r10
 87e:	13 96       	adiw	r26, 0x03	; 3
 880:	8c 90       	ld	r8, X
 882:	80 e0       	ldi	r24, 0x00	; 0
 884:	90 e0       	ldi	r25, 0x00	; 0
 886:	61 2c       	mov	r6, r1
 888:	71 2c       	mov	r7, r1
 88a:	30 e0       	ldi	r19, 0x00	; 0
 88c:	61 e0       	ldi	r22, 0x01	; 1
 88e:	70 e0       	ldi	r23, 0x00	; 0
 890:	83 fc       	sbrc	r8, 3
 892:	25 91       	lpm	r18, Z+
 894:	83 fe       	sbrs	r8, 3
 896:	21 91       	ld	r18, Z+
 898:	8f 01       	movw	r16, r30
 89a:	52 2e       	mov	r5, r18
 89c:	21 11       	cpse	r18, r1
 89e:	03 c0       	rjmp	.+6      	; 0x8a6 <conv_brk+0x50>
 8a0:	80 e0       	ldi	r24, 0x00	; 0
 8a2:	90 e0       	ldi	r25, 0x00	; 0
 8a4:	92 c0       	rjmp	.+292    	; 0x9ca <__stack+0xcb>
 8a6:	2e 35       	cpi	r18, 0x5E	; 94
 8a8:	11 f4       	brne	.+4      	; 0x8ae <conv_brk+0x58>
 8aa:	00 97       	sbiw	r24, 0x00	; 0
 8ac:	51 f1       	breq	.+84     	; 0x902 <__stack+0x3>
 8ae:	43 2f       	mov	r20, r19
 8b0:	50 e0       	ldi	r21, 0x00	; 0
 8b2:	48 17       	cp	r20, r24
 8b4:	59 07       	cpc	r21, r25
 8b6:	3c f4       	brge	.+14     	; 0x8c6 <conv_brk+0x70>
 8b8:	2d 35       	cpi	r18, 0x5D	; 93
 8ba:	59 f1       	breq	.+86     	; 0x912 <__stack+0x13>
 8bc:	2d 32       	cpi	r18, 0x2D	; 45
 8be:	19 f4       	brne	.+6      	; 0x8c6 <conv_brk+0x70>
 8c0:	77 20       	and	r7, r7
 8c2:	09 f1       	breq	.+66     	; 0x906 <__stack+0x7>
 8c4:	03 c0       	rjmp	.+6      	; 0x8cc <conv_brk+0x76>
 8c6:	77 20       	and	r7, r7
 8c8:	09 f4       	brne	.+2      	; 0x8cc <conv_brk+0x76>
 8ca:	6a c0       	rjmp	.+212    	; 0x9a0 <__stack+0xa1>
 8cc:	45 2d       	mov	r20, r5
 8ce:	46 95       	lsr	r20
 8d0:	46 95       	lsr	r20
 8d2:	46 95       	lsr	r20
 8d4:	d6 01       	movw	r26, r12
 8d6:	a4 0f       	add	r26, r20
 8d8:	b1 1d       	adc	r27, r1
 8da:	45 2d       	mov	r20, r5
 8dc:	47 70       	andi	r20, 0x07	; 7
 8de:	8b 01       	movw	r16, r22
 8e0:	02 c0       	rjmp	.+4      	; 0x8e6 <conv_brk+0x90>
 8e2:	00 0f       	add	r16, r16
 8e4:	11 1f       	adc	r17, r17
 8e6:	4a 95       	dec	r20
 8e8:	e2 f7       	brpl	.-8      	; 0x8e2 <conv_brk+0x8c>
 8ea:	a8 01       	movw	r20, r16
 8ec:	5c 91       	ld	r21, X
 8ee:	45 2b       	or	r20, r21
 8f0:	4c 93       	st	X, r20
 8f2:	65 14       	cp	r6, r5
 8f4:	59 f0       	breq	.+22     	; 0x90c <__stack+0xd>
 8f6:	56 14       	cp	r5, r6
 8f8:	10 f4       	brcc	.+4      	; 0x8fe <conv_brk+0xa8>
 8fa:	53 94       	inc	r5
 8fc:	e7 cf       	rjmp	.-50     	; 0x8cc <conv_brk+0x76>
 8fe:	5a 94       	dec	r5
 900:	e5 cf       	rjmp	.-54     	; 0x8cc <conv_brk+0x76>
 902:	31 e0       	ldi	r19, 0x01	; 1
 904:	04 c0       	rjmp	.+8      	; 0x90e <__stack+0xf>
 906:	77 24       	eor	r7, r7
 908:	73 94       	inc	r7
 90a:	01 c0       	rjmp	.+2      	; 0x90e <__stack+0xf>
 90c:	71 2c       	mov	r7, r1
 90e:	01 96       	adiw	r24, 0x01	; 1
 910:	bf cf       	rjmp	.-130    	; 0x890 <conv_brk+0x3a>
 912:	77 20       	and	r7, r7
 914:	19 f0       	breq	.+6      	; 0x91c <__stack+0x1d>
 916:	8e 81       	ldd	r24, Y+6	; 0x06
 918:	80 62       	ori	r24, 0x20	; 32
 91a:	8e 83       	std	Y+6, r24	; 0x06
 91c:	31 11       	cpse	r19, r1
 91e:	03 c0       	rjmp	.+6      	; 0x926 <__stack+0x27>
 920:	88 24       	eor	r8, r8
 922:	83 94       	inc	r8
 924:	17 c0       	rjmp	.+46     	; 0x954 <__stack+0x55>
 926:	f6 01       	movw	r30, r12
 928:	9e 01       	movw	r18, r28
 92a:	2f 5d       	subi	r18, 0xDF	; 223
 92c:	3f 4f       	sbci	r19, 0xFF	; 255
 92e:	80 81       	ld	r24, Z
 930:	80 95       	com	r24
 932:	81 93       	st	Z+, r24
 934:	2e 17       	cp	r18, r30
 936:	3f 07       	cpc	r19, r31
 938:	d1 f7       	brne	.-12     	; 0x92e <__stack+0x2f>
 93a:	f2 cf       	rjmp	.-28     	; 0x920 <__stack+0x21>
 93c:	e1 14       	cp	r14, r1
 93e:	f1 04       	cpc	r15, r1
 940:	29 f0       	breq	.+10     	; 0x94c <__stack+0x4d>
 942:	d7 01       	movw	r26, r14
 944:	8c 93       	st	X, r24
 946:	f7 01       	movw	r30, r14
 948:	31 96       	adiw	r30, 0x01	; 1
 94a:	7f 01       	movw	r14, r30
 94c:	9a 94       	dec	r9
 94e:	81 2c       	mov	r8, r1
 950:	99 20       	and	r9, r9
 952:	f9 f0       	breq	.+62     	; 0x992 <__stack+0x93>
 954:	c5 01       	movw	r24, r10
 956:	0e 94 24 06 	call	0xc48	; 0xc48 <fgetc>
 95a:	97 fd       	sbrc	r25, 7
 95c:	18 c0       	rjmp	.+48     	; 0x98e <__stack+0x8f>
 95e:	fc 01       	movw	r30, r24
 960:	ff 27       	eor	r31, r31
 962:	23 e0       	ldi	r18, 0x03	; 3
 964:	f5 95       	asr	r31
 966:	e7 95       	ror	r30
 968:	2a 95       	dec	r18
 96a:	e1 f7       	brne	.-8      	; 0x964 <__stack+0x65>
 96c:	ec 0d       	add	r30, r12
 96e:	fd 1d       	adc	r31, r13
 970:	20 81       	ld	r18, Z
 972:	30 e0       	ldi	r19, 0x00	; 0
 974:	ac 01       	movw	r20, r24
 976:	47 70       	andi	r20, 0x07	; 7
 978:	55 27       	eor	r21, r21
 97a:	02 c0       	rjmp	.+4      	; 0x980 <__stack+0x81>
 97c:	35 95       	asr	r19
 97e:	27 95       	ror	r18
 980:	4a 95       	dec	r20
 982:	e2 f7       	brpl	.-8      	; 0x97c <__stack+0x7d>
 984:	20 fd       	sbrc	r18, 0
 986:	da cf       	rjmp	.-76     	; 0x93c <__stack+0x3d>
 988:	b5 01       	movw	r22, r10
 98a:	0e 94 9e 06 	call	0xd3c	; 0xd3c <ungetc>
 98e:	81 10       	cpse	r8, r1
 990:	87 cf       	rjmp	.-242    	; 0x8a0 <conv_brk+0x4a>
 992:	e1 14       	cp	r14, r1
 994:	f1 04       	cpc	r15, r1
 996:	11 f0       	breq	.+4      	; 0x99c <__stack+0x9d>
 998:	d7 01       	movw	r26, r14
 99a:	1c 92       	st	X, r1
 99c:	c8 01       	movw	r24, r16
 99e:	15 c0       	rjmp	.+42     	; 0x9ca <__stack+0xcb>
 9a0:	42 2f       	mov	r20, r18
 9a2:	46 95       	lsr	r20
 9a4:	46 95       	lsr	r20
 9a6:	46 95       	lsr	r20
 9a8:	d6 01       	movw	r26, r12
 9aa:	a4 0f       	add	r26, r20
 9ac:	b1 1d       	adc	r27, r1
 9ae:	42 2f       	mov	r20, r18
 9b0:	47 70       	andi	r20, 0x07	; 7
 9b2:	8b 01       	movw	r16, r22
 9b4:	02 c0       	rjmp	.+4      	; 0x9ba <__stack+0xbb>
 9b6:	00 0f       	add	r16, r16
 9b8:	11 1f       	adc	r17, r17
 9ba:	4a 95       	dec	r20
 9bc:	e2 f7       	brpl	.-8      	; 0x9b6 <__stack+0xb7>
 9be:	a8 01       	movw	r20, r16
 9c0:	5c 91       	ld	r21, X
 9c2:	45 2b       	or	r20, r21
 9c4:	4c 93       	st	X, r20
 9c6:	62 2e       	mov	r6, r18
 9c8:	a2 cf       	rjmp	.-188    	; 0x90e <__stack+0xf>
 9ca:	a0 96       	adiw	r28, 0x20	; 32
 9cc:	ef e0       	ldi	r30, 0x0F	; 15
 9ce:	0c 94 37 07 	jmp	0xe6e	; 0xe6e <__epilogue_restores__+0x6>

000009d2 <vfscanf>:
 9d2:	a0 e0       	ldi	r26, 0x00	; 0
 9d4:	b0 e0       	ldi	r27, 0x00	; 0
 9d6:	ef ee       	ldi	r30, 0xEF	; 239
 9d8:	f4 e0       	ldi	r31, 0x04	; 4
 9da:	0c 94 1b 07 	jmp	0xe36	; 0xe36 <__prologue_saves__+0x6>
 9de:	6c 01       	movw	r12, r24
 9e0:	eb 01       	movw	r28, r22
 9e2:	5a 01       	movw	r10, r20
 9e4:	fc 01       	movw	r30, r24
 9e6:	17 82       	std	Z+7, r1	; 0x07
 9e8:	16 82       	std	Z+6, r1	; 0x06
 9ea:	51 2c       	mov	r5, r1
 9ec:	f6 01       	movw	r30, r12
 9ee:	e3 80       	ldd	r14, Z+3	; 0x03
 9f0:	fe 01       	movw	r30, r28
 9f2:	e3 fc       	sbrc	r14, 3
 9f4:	85 91       	lpm	r24, Z+
 9f6:	e3 fe       	sbrs	r14, 3
 9f8:	81 91       	ld	r24, Z+
 9fa:	18 2f       	mov	r17, r24
 9fc:	ef 01       	movw	r28, r30
 9fe:	88 23       	and	r24, r24
 a00:	09 f4       	brne	.+2      	; 0xa04 <vfscanf+0x32>
 a02:	ee c0       	rjmp	.+476    	; 0xbe0 <vfscanf+0x20e>
 a04:	90 e0       	ldi	r25, 0x00	; 0
 a06:	0e 94 fa 05 	call	0xbf4	; 0xbf4 <isspace>
 a0a:	89 2b       	or	r24, r25
 a0c:	21 f0       	breq	.+8      	; 0xa16 <vfscanf+0x44>
 a0e:	c6 01       	movw	r24, r12
 a10:	0e 94 80 03 	call	0x700	; 0x700 <skip_spaces>
 a14:	eb cf       	rjmp	.-42     	; 0x9ec <vfscanf+0x1a>
 a16:	15 32       	cpi	r17, 0x25	; 37
 a18:	41 f4       	brne	.+16     	; 0xa2a <vfscanf+0x58>
 a1a:	fe 01       	movw	r30, r28
 a1c:	e3 fc       	sbrc	r14, 3
 a1e:	15 91       	lpm	r17, Z+
 a20:	e3 fe       	sbrs	r14, 3
 a22:	11 91       	ld	r17, Z+
 a24:	ef 01       	movw	r28, r30
 a26:	15 32       	cpi	r17, 0x25	; 37
 a28:	81 f4       	brne	.+32     	; 0xa4a <vfscanf+0x78>
 a2a:	c6 01       	movw	r24, r12
 a2c:	0e 94 24 06 	call	0xc48	; 0xc48 <fgetc>
 a30:	97 fd       	sbrc	r25, 7
 a32:	d4 c0       	rjmp	.+424    	; 0xbdc <vfscanf+0x20a>
 a34:	41 2f       	mov	r20, r17
 a36:	50 e0       	ldi	r21, 0x00	; 0
 a38:	9c 01       	movw	r18, r24
 a3a:	33 27       	eor	r19, r19
 a3c:	24 17       	cp	r18, r20
 a3e:	35 07       	cpc	r19, r21
 a40:	a9 f2       	breq	.-86     	; 0x9ec <vfscanf+0x1a>
 a42:	b6 01       	movw	r22, r12
 a44:	0e 94 9e 06 	call	0xd3c	; 0xd3c <ungetc>
 a48:	cb c0       	rjmp	.+406    	; 0xbe0 <vfscanf+0x20e>
 a4a:	1a 32       	cpi	r17, 0x2A	; 42
 a4c:	39 f4       	brne	.+14     	; 0xa5c <vfscanf+0x8a>
 a4e:	e3 fc       	sbrc	r14, 3
 a50:	15 91       	lpm	r17, Z+
 a52:	e3 fe       	sbrs	r14, 3
 a54:	11 91       	ld	r17, Z+
 a56:	ef 01       	movw	r28, r30
 a58:	01 e0       	ldi	r16, 0x01	; 1
 a5a:	01 c0       	rjmp	.+2      	; 0xa5e <vfscanf+0x8c>
 a5c:	00 e0       	ldi	r16, 0x00	; 0
 a5e:	f1 2c       	mov	r15, r1
 a60:	20 ed       	ldi	r18, 0xD0	; 208
 a62:	21 0f       	add	r18, r17
 a64:	2a 30       	cpi	r18, 0x0A	; 10
 a66:	80 f4       	brcc	.+32     	; 0xa88 <vfscanf+0xb6>
 a68:	02 60       	ori	r16, 0x02	; 2
 a6a:	6f 2d       	mov	r22, r15
 a6c:	70 e0       	ldi	r23, 0x00	; 0
 a6e:	80 e0       	ldi	r24, 0x00	; 0
 a70:	90 e0       	ldi	r25, 0x00	; 0
 a72:	40 e2       	ldi	r20, 0x20	; 32
 a74:	0e 94 59 03 	call	0x6b2	; 0x6b2 <mulacc>
 a78:	f6 2e       	mov	r15, r22
 a7a:	fe 01       	movw	r30, r28
 a7c:	e3 fc       	sbrc	r14, 3
 a7e:	15 91       	lpm	r17, Z+
 a80:	e3 fe       	sbrs	r14, 3
 a82:	11 91       	ld	r17, Z+
 a84:	ef 01       	movw	r28, r30
 a86:	ec cf       	rjmp	.-40     	; 0xa60 <vfscanf+0x8e>
 a88:	01 ff       	sbrs	r16, 1
 a8a:	03 c0       	rjmp	.+6      	; 0xa92 <vfscanf+0xc0>
 a8c:	f1 10       	cpse	r15, r1
 a8e:	03 c0       	rjmp	.+6      	; 0xa96 <vfscanf+0xc4>
 a90:	a7 c0       	rjmp	.+334    	; 0xbe0 <vfscanf+0x20e>
 a92:	ff 24       	eor	r15, r15
 a94:	fa 94       	dec	r15
 a96:	18 36       	cpi	r17, 0x68	; 104
 a98:	19 f0       	breq	.+6      	; 0xaa0 <vfscanf+0xce>
 a9a:	1c 36       	cpi	r17, 0x6C	; 108
 a9c:	51 f0       	breq	.+20     	; 0xab2 <vfscanf+0xe0>
 a9e:	10 c0       	rjmp	.+32     	; 0xac0 <vfscanf+0xee>
 aa0:	fe 01       	movw	r30, r28
 aa2:	e3 fc       	sbrc	r14, 3
 aa4:	15 91       	lpm	r17, Z+
 aa6:	e3 fe       	sbrs	r14, 3
 aa8:	11 91       	ld	r17, Z+
 aaa:	ef 01       	movw	r28, r30
 aac:	18 36       	cpi	r17, 0x68	; 104
 aae:	41 f4       	brne	.+16     	; 0xac0 <vfscanf+0xee>
 ab0:	08 60       	ori	r16, 0x08	; 8
 ab2:	04 60       	ori	r16, 0x04	; 4
 ab4:	fe 01       	movw	r30, r28
 ab6:	e3 fc       	sbrc	r14, 3
 ab8:	15 91       	lpm	r17, Z+
 aba:	e3 fe       	sbrs	r14, 3
 abc:	11 91       	ld	r17, Z+
 abe:	ef 01       	movw	r28, r30
 ac0:	11 23       	and	r17, r17
 ac2:	09 f4       	brne	.+2      	; 0xac6 <vfscanf+0xf4>
 ac4:	8d c0       	rjmp	.+282    	; 0xbe0 <vfscanf+0x20e>
 ac6:	61 2f       	mov	r22, r17
 ac8:	70 e0       	ldi	r23, 0x00	; 0
 aca:	88 e6       	ldi	r24, 0x68	; 104
 acc:	90 e0       	ldi	r25, 0x00	; 0
 ace:	0e 94 03 06 	call	0xc06	; 0xc06 <strchr_P>
 ad2:	89 2b       	or	r24, r25
 ad4:	09 f4       	brne	.+2      	; 0xad8 <vfscanf+0x106>
 ad6:	84 c0       	rjmp	.+264    	; 0xbe0 <vfscanf+0x20e>
 ad8:	00 fd       	sbrc	r16, 0
 ada:	07 c0       	rjmp	.+14     	; 0xaea <vfscanf+0x118>
 adc:	f5 01       	movw	r30, r10
 ade:	80 80       	ld	r8, Z
 ae0:	91 80       	ldd	r9, Z+1	; 0x01
 ae2:	c5 01       	movw	r24, r10
 ae4:	02 96       	adiw	r24, 0x02	; 2
 ae6:	5c 01       	movw	r10, r24
 ae8:	02 c0       	rjmp	.+4      	; 0xaee <vfscanf+0x11c>
 aea:	81 2c       	mov	r8, r1
 aec:	91 2c       	mov	r9, r1
 aee:	1e 36       	cpi	r17, 0x6E	; 110
 af0:	51 f4       	brne	.+20     	; 0xb06 <vfscanf+0x134>
 af2:	f6 01       	movw	r30, r12
 af4:	46 81       	ldd	r20, Z+6	; 0x06
 af6:	57 81       	ldd	r21, Z+7	; 0x07
 af8:	60 e0       	ldi	r22, 0x00	; 0
 afa:	70 e0       	ldi	r23, 0x00	; 0
 afc:	20 2f       	mov	r18, r16
 afe:	c4 01       	movw	r24, r8
 b00:	0e 94 4d 03 	call	0x69a	; 0x69a <putval>
 b04:	73 cf       	rjmp	.-282    	; 0x9ec <vfscanf+0x1a>
 b06:	13 36       	cpi	r17, 0x63	; 99
 b08:	a9 f4       	brne	.+42     	; 0xb34 <vfscanf+0x162>
 b0a:	01 fd       	sbrc	r16, 1
 b0c:	02 c0       	rjmp	.+4      	; 0xb12 <vfscanf+0x140>
 b0e:	ff 24       	eor	r15, r15
 b10:	f3 94       	inc	r15
 b12:	c6 01       	movw	r24, r12
 b14:	0e 94 24 06 	call	0xc48	; 0xc48 <fgetc>
 b18:	97 fd       	sbrc	r25, 7
 b1a:	60 c0       	rjmp	.+192    	; 0xbdc <vfscanf+0x20a>
 b1c:	81 14       	cp	r8, r1
 b1e:	91 04       	cpc	r9, r1
 b20:	29 f0       	breq	.+10     	; 0xb2c <vfscanf+0x15a>
 b22:	f4 01       	movw	r30, r8
 b24:	80 83       	st	Z, r24
 b26:	c4 01       	movw	r24, r8
 b28:	01 96       	adiw	r24, 0x01	; 1
 b2a:	4c 01       	movw	r8, r24
 b2c:	fa 94       	dec	r15
 b2e:	f1 10       	cpse	r15, r1
 b30:	f0 cf       	rjmp	.-32     	; 0xb12 <vfscanf+0x140>
 b32:	50 c0       	rjmp	.+160    	; 0xbd4 <vfscanf+0x202>
 b34:	1b 35       	cpi	r17, 0x5B	; 91
 b36:	59 f4       	brne	.+22     	; 0xb4e <vfscanf+0x17c>
 b38:	9e 01       	movw	r18, r28
 b3a:	a4 01       	movw	r20, r8
 b3c:	6f 2d       	mov	r22, r15
 b3e:	c6 01       	movw	r24, r12
 b40:	0e 94 2b 04 	call	0x856	; 0x856 <conv_brk>
 b44:	ec 01       	movw	r28, r24
 b46:	89 2b       	or	r24, r25
 b48:	09 f0       	breq	.+2      	; 0xb4c <vfscanf+0x17a>
 b4a:	44 c0       	rjmp	.+136    	; 0xbd4 <vfscanf+0x202>
 b4c:	3e c0       	rjmp	.+124    	; 0xbca <vfscanf+0x1f8>
 b4e:	c6 01       	movw	r24, r12
 b50:	0e 94 80 03 	call	0x700	; 0x700 <skip_spaces>
 b54:	97 fd       	sbrc	r25, 7
 b56:	42 c0       	rjmp	.+132    	; 0xbdc <vfscanf+0x20a>
 b58:	1f 36       	cpi	r17, 0x6F	; 111
 b5a:	61 f1       	breq	.+88     	; 0xbb4 <vfscanf+0x1e2>
 b5c:	28 f4       	brcc	.+10     	; 0xb68 <vfscanf+0x196>
 b5e:	14 36       	cpi	r17, 0x64	; 100
 b60:	39 f1       	breq	.+78     	; 0xbb0 <vfscanf+0x1de>
 b62:	19 36       	cpi	r17, 0x69	; 105
 b64:	51 f1       	breq	.+84     	; 0xbba <vfscanf+0x1e8>
 b66:	28 c0       	rjmp	.+80     	; 0xbb8 <vfscanf+0x1e6>
 b68:	13 37       	cpi	r17, 0x73	; 115
 b6a:	71 f0       	breq	.+28     	; 0xb88 <vfscanf+0x1b6>
 b6c:	15 37       	cpi	r17, 0x75	; 117
 b6e:	01 f1       	breq	.+64     	; 0xbb0 <vfscanf+0x1de>
 b70:	23 c0       	rjmp	.+70     	; 0xbb8 <vfscanf+0x1e6>
 b72:	81 14       	cp	r8, r1
 b74:	91 04       	cpc	r9, r1
 b76:	29 f0       	breq	.+10     	; 0xb82 <vfscanf+0x1b0>
 b78:	f4 01       	movw	r30, r8
 b7a:	60 82       	st	Z, r6
 b7c:	c4 01       	movw	r24, r8
 b7e:	01 96       	adiw	r24, 0x01	; 1
 b80:	4c 01       	movw	r8, r24
 b82:	fa 94       	dec	r15
 b84:	ff 20       	and	r15, r15
 b86:	71 f0       	breq	.+28     	; 0xba4 <vfscanf+0x1d2>
 b88:	c6 01       	movw	r24, r12
 b8a:	0e 94 24 06 	call	0xc48	; 0xc48 <fgetc>
 b8e:	3c 01       	movw	r6, r24
 b90:	97 fd       	sbrc	r25, 7
 b92:	08 c0       	rjmp	.+16     	; 0xba4 <vfscanf+0x1d2>
 b94:	0e 94 fa 05 	call	0xbf4	; 0xbf4 <isspace>
 b98:	89 2b       	or	r24, r25
 b9a:	59 f3       	breq	.-42     	; 0xb72 <vfscanf+0x1a0>
 b9c:	b6 01       	movw	r22, r12
 b9e:	c3 01       	movw	r24, r6
 ba0:	0e 94 9e 06 	call	0xd3c	; 0xd3c <ungetc>
 ba4:	81 14       	cp	r8, r1
 ba6:	91 04       	cpc	r9, r1
 ba8:	a9 f0       	breq	.+42     	; 0xbd4 <vfscanf+0x202>
 baa:	f4 01       	movw	r30, r8
 bac:	10 82       	st	Z, r1
 bae:	12 c0       	rjmp	.+36     	; 0xbd4 <vfscanf+0x202>
 bb0:	00 62       	ori	r16, 0x20	; 32
 bb2:	03 c0       	rjmp	.+6      	; 0xbba <vfscanf+0x1e8>
 bb4:	00 61       	ori	r16, 0x10	; 16
 bb6:	01 c0       	rjmp	.+2      	; 0xbba <vfscanf+0x1e8>
 bb8:	00 64       	ori	r16, 0x40	; 64
 bba:	20 2f       	mov	r18, r16
 bbc:	a4 01       	movw	r20, r8
 bbe:	6f 2d       	mov	r22, r15
 bc0:	c6 01       	movw	r24, r12
 bc2:	0e 94 99 03 	call	0x732	; 0x732 <conv_int>
 bc6:	81 11       	cpse	r24, r1
 bc8:	05 c0       	rjmp	.+10     	; 0xbd4 <vfscanf+0x202>
 bca:	f6 01       	movw	r30, r12
 bcc:	83 81       	ldd	r24, Z+3	; 0x03
 bce:	80 73       	andi	r24, 0x30	; 48
 bd0:	29 f4       	brne	.+10     	; 0xbdc <vfscanf+0x20a>
 bd2:	06 c0       	rjmp	.+12     	; 0xbe0 <vfscanf+0x20e>
 bd4:	00 fd       	sbrc	r16, 0
 bd6:	0a cf       	rjmp	.-492    	; 0x9ec <vfscanf+0x1a>
 bd8:	53 94       	inc	r5
 bda:	08 cf       	rjmp	.-496    	; 0x9ec <vfscanf+0x1a>
 bdc:	55 20       	and	r5, r5
 bde:	19 f0       	breq	.+6      	; 0xbe6 <vfscanf+0x214>
 be0:	85 2d       	mov	r24, r5
 be2:	90 e0       	ldi	r25, 0x00	; 0
 be4:	02 c0       	rjmp	.+4      	; 0xbea <vfscanf+0x218>
 be6:	8f ef       	ldi	r24, 0xFF	; 255
 be8:	9f ef       	ldi	r25, 0xFF	; 255
 bea:	cd b7       	in	r28, 0x3d	; 61
 bec:	de b7       	in	r29, 0x3e	; 62
 bee:	ef e0       	ldi	r30, 0x0F	; 15
 bf0:	0c 94 37 07 	jmp	0xe6e	; 0xe6e <__epilogue_restores__+0x6>

00000bf4 <isspace>:
 bf4:	91 11       	cpse	r25, r1
 bf6:	0c 94 15 07 	jmp	0xe2a	; 0xe2a <__ctype_isfalse>
 bfa:	80 32       	cpi	r24, 0x20	; 32
 bfc:	19 f0       	breq	.+6      	; 0xc04 <isspace+0x10>
 bfe:	89 50       	subi	r24, 0x09	; 9
 c00:	85 50       	subi	r24, 0x05	; 5
 c02:	c8 f7       	brcc	.-14     	; 0xbf6 <isspace+0x2>
 c04:	08 95       	ret

00000c06 <strchr_P>:
 c06:	fc 01       	movw	r30, r24
 c08:	05 90       	lpm	r0, Z+
 c0a:	06 16       	cp	r0, r22
 c0c:	21 f0       	breq	.+8      	; 0xc16 <strchr_P+0x10>
 c0e:	00 20       	and	r0, r0
 c10:	d9 f7       	brne	.-10     	; 0xc08 <strchr_P+0x2>
 c12:	c0 01       	movw	r24, r0
 c14:	08 95       	ret
 c16:	31 97       	sbiw	r30, 0x01	; 1
 c18:	cf 01       	movw	r24, r30
 c1a:	08 95       	ret

00000c1c <strnlen_P>:
 c1c:	fc 01       	movw	r30, r24
 c1e:	05 90       	lpm	r0, Z+
 c20:	61 50       	subi	r22, 0x01	; 1
 c22:	70 40       	sbci	r23, 0x00	; 0
 c24:	01 10       	cpse	r0, r1
 c26:	d8 f7       	brcc	.-10     	; 0xc1e <strnlen_P+0x2>
 c28:	80 95       	com	r24
 c2a:	90 95       	com	r25
 c2c:	8e 0f       	add	r24, r30
 c2e:	9f 1f       	adc	r25, r31
 c30:	08 95       	ret

00000c32 <strnlen>:
 c32:	fc 01       	movw	r30, r24
 c34:	61 50       	subi	r22, 0x01	; 1
 c36:	70 40       	sbci	r23, 0x00	; 0
 c38:	01 90       	ld	r0, Z+
 c3a:	01 10       	cpse	r0, r1
 c3c:	d8 f7       	brcc	.-10     	; 0xc34 <strnlen+0x2>
 c3e:	80 95       	com	r24
 c40:	90 95       	com	r25
 c42:	8e 0f       	add	r24, r30
 c44:	9f 1f       	adc	r25, r31
 c46:	08 95       	ret

00000c48 <fgetc>:
 c48:	cf 93       	push	r28
 c4a:	df 93       	push	r29
 c4c:	ec 01       	movw	r28, r24
 c4e:	2b 81       	ldd	r18, Y+3	; 0x03
 c50:	20 ff       	sbrs	r18, 0
 c52:	33 c0       	rjmp	.+102    	; 0xcba <fgetc+0x72>
 c54:	26 ff       	sbrs	r18, 6
 c56:	0a c0       	rjmp	.+20     	; 0xc6c <fgetc+0x24>
 c58:	2f 7b       	andi	r18, 0xBF	; 191
 c5a:	2b 83       	std	Y+3, r18	; 0x03
 c5c:	8e 81       	ldd	r24, Y+6	; 0x06
 c5e:	9f 81       	ldd	r25, Y+7	; 0x07
 c60:	01 96       	adiw	r24, 0x01	; 1
 c62:	9f 83       	std	Y+7, r25	; 0x07
 c64:	8e 83       	std	Y+6, r24	; 0x06
 c66:	8a 81       	ldd	r24, Y+2	; 0x02
 c68:	90 e0       	ldi	r25, 0x00	; 0
 c6a:	29 c0       	rjmp	.+82     	; 0xcbe <fgetc+0x76>
 c6c:	22 ff       	sbrs	r18, 2
 c6e:	0f c0       	rjmp	.+30     	; 0xc8e <fgetc+0x46>
 c70:	e8 81       	ld	r30, Y
 c72:	f9 81       	ldd	r31, Y+1	; 0x01
 c74:	80 81       	ld	r24, Z
 c76:	08 2e       	mov	r0, r24
 c78:	00 0c       	add	r0, r0
 c7a:	99 0b       	sbc	r25, r25
 c7c:	00 97       	sbiw	r24, 0x00	; 0
 c7e:	19 f4       	brne	.+6      	; 0xc86 <fgetc+0x3e>
 c80:	20 62       	ori	r18, 0x20	; 32
 c82:	2b 83       	std	Y+3, r18	; 0x03
 c84:	1a c0       	rjmp	.+52     	; 0xcba <fgetc+0x72>
 c86:	31 96       	adiw	r30, 0x01	; 1
 c88:	f9 83       	std	Y+1, r31	; 0x01
 c8a:	e8 83       	st	Y, r30
 c8c:	0e c0       	rjmp	.+28     	; 0xcaa <fgetc+0x62>
 c8e:	ea 85       	ldd	r30, Y+10	; 0x0a
 c90:	fb 85       	ldd	r31, Y+11	; 0x0b
 c92:	09 95       	icall
 c94:	97 ff       	sbrs	r25, 7
 c96:	09 c0       	rjmp	.+18     	; 0xcaa <fgetc+0x62>
 c98:	2b 81       	ldd	r18, Y+3	; 0x03
 c9a:	01 96       	adiw	r24, 0x01	; 1
 c9c:	11 f0       	breq	.+4      	; 0xca2 <fgetc+0x5a>
 c9e:	80 e2       	ldi	r24, 0x20	; 32
 ca0:	01 c0       	rjmp	.+2      	; 0xca4 <fgetc+0x5c>
 ca2:	80 e1       	ldi	r24, 0x10	; 16
 ca4:	82 2b       	or	r24, r18
 ca6:	8b 83       	std	Y+3, r24	; 0x03
 ca8:	08 c0       	rjmp	.+16     	; 0xcba <fgetc+0x72>
 caa:	2e 81       	ldd	r18, Y+6	; 0x06
 cac:	3f 81       	ldd	r19, Y+7	; 0x07
 cae:	2f 5f       	subi	r18, 0xFF	; 255
 cb0:	3f 4f       	sbci	r19, 0xFF	; 255
 cb2:	3f 83       	std	Y+7, r19	; 0x07
 cb4:	2e 83       	std	Y+6, r18	; 0x06
 cb6:	99 27       	eor	r25, r25
 cb8:	02 c0       	rjmp	.+4      	; 0xcbe <fgetc+0x76>
 cba:	8f ef       	ldi	r24, 0xFF	; 255
 cbc:	9f ef       	ldi	r25, 0xFF	; 255
 cbe:	df 91       	pop	r29
 cc0:	cf 91       	pop	r28
 cc2:	08 95       	ret

00000cc4 <fputc>:
 cc4:	0f 93       	push	r16
 cc6:	1f 93       	push	r17
 cc8:	cf 93       	push	r28
 cca:	df 93       	push	r29
 ccc:	fb 01       	movw	r30, r22
 cce:	23 81       	ldd	r18, Z+3	; 0x03
 cd0:	21 fd       	sbrc	r18, 1
 cd2:	03 c0       	rjmp	.+6      	; 0xcda <fputc+0x16>
 cd4:	8f ef       	ldi	r24, 0xFF	; 255
 cd6:	9f ef       	ldi	r25, 0xFF	; 255
 cd8:	2c c0       	rjmp	.+88     	; 0xd32 <fputc+0x6e>
 cda:	22 ff       	sbrs	r18, 2
 cdc:	16 c0       	rjmp	.+44     	; 0xd0a <fputc+0x46>
 cde:	46 81       	ldd	r20, Z+6	; 0x06
 ce0:	57 81       	ldd	r21, Z+7	; 0x07
 ce2:	24 81       	ldd	r18, Z+4	; 0x04
 ce4:	35 81       	ldd	r19, Z+5	; 0x05
 ce6:	42 17       	cp	r20, r18
 ce8:	53 07       	cpc	r21, r19
 cea:	44 f4       	brge	.+16     	; 0xcfc <fputc+0x38>
 cec:	a0 81       	ld	r26, Z
 cee:	b1 81       	ldd	r27, Z+1	; 0x01
 cf0:	9d 01       	movw	r18, r26
 cf2:	2f 5f       	subi	r18, 0xFF	; 255
 cf4:	3f 4f       	sbci	r19, 0xFF	; 255
 cf6:	31 83       	std	Z+1, r19	; 0x01
 cf8:	20 83       	st	Z, r18
 cfa:	8c 93       	st	X, r24
 cfc:	26 81       	ldd	r18, Z+6	; 0x06
 cfe:	37 81       	ldd	r19, Z+7	; 0x07
 d00:	2f 5f       	subi	r18, 0xFF	; 255
 d02:	3f 4f       	sbci	r19, 0xFF	; 255
 d04:	37 83       	std	Z+7, r19	; 0x07
 d06:	26 83       	std	Z+6, r18	; 0x06
 d08:	14 c0       	rjmp	.+40     	; 0xd32 <fputc+0x6e>
 d0a:	8b 01       	movw	r16, r22
 d0c:	ec 01       	movw	r28, r24
 d0e:	fb 01       	movw	r30, r22
 d10:	00 84       	ldd	r0, Z+8	; 0x08
 d12:	f1 85       	ldd	r31, Z+9	; 0x09
 d14:	e0 2d       	mov	r30, r0
 d16:	09 95       	icall
 d18:	89 2b       	or	r24, r25
 d1a:	e1 f6       	brne	.-72     	; 0xcd4 <fputc+0x10>
 d1c:	d8 01       	movw	r26, r16
 d1e:	16 96       	adiw	r26, 0x06	; 6
 d20:	8d 91       	ld	r24, X+
 d22:	9c 91       	ld	r25, X
 d24:	17 97       	sbiw	r26, 0x07	; 7
 d26:	01 96       	adiw	r24, 0x01	; 1
 d28:	17 96       	adiw	r26, 0x07	; 7
 d2a:	9c 93       	st	X, r25
 d2c:	8e 93       	st	-X, r24
 d2e:	16 97       	sbiw	r26, 0x06	; 6
 d30:	ce 01       	movw	r24, r28
 d32:	df 91       	pop	r29
 d34:	cf 91       	pop	r28
 d36:	1f 91       	pop	r17
 d38:	0f 91       	pop	r16
 d3a:	08 95       	ret

00000d3c <ungetc>:
 d3c:	fb 01       	movw	r30, r22
 d3e:	23 81       	ldd	r18, Z+3	; 0x03
 d40:	20 ff       	sbrs	r18, 0
 d42:	12 c0       	rjmp	.+36     	; 0xd68 <ungetc+0x2c>
 d44:	26 fd       	sbrc	r18, 6
 d46:	10 c0       	rjmp	.+32     	; 0xd68 <ungetc+0x2c>
 d48:	8f 3f       	cpi	r24, 0xFF	; 255
 d4a:	3f ef       	ldi	r19, 0xFF	; 255
 d4c:	93 07       	cpc	r25, r19
 d4e:	61 f0       	breq	.+24     	; 0xd68 <ungetc+0x2c>
 d50:	82 83       	std	Z+2, r24	; 0x02
 d52:	2f 7d       	andi	r18, 0xDF	; 223
 d54:	20 64       	ori	r18, 0x40	; 64
 d56:	23 83       	std	Z+3, r18	; 0x03
 d58:	26 81       	ldd	r18, Z+6	; 0x06
 d5a:	37 81       	ldd	r19, Z+7	; 0x07
 d5c:	21 50       	subi	r18, 0x01	; 1
 d5e:	31 09       	sbc	r19, r1
 d60:	37 83       	std	Z+7, r19	; 0x07
 d62:	26 83       	std	Z+6, r18	; 0x06
 d64:	99 27       	eor	r25, r25
 d66:	08 95       	ret
 d68:	8f ef       	ldi	r24, 0xFF	; 255
 d6a:	9f ef       	ldi	r25, 0xFF	; 255
 d6c:	08 95       	ret

00000d6e <__ultoa_invert>:
 d6e:	fa 01       	movw	r30, r20
 d70:	aa 27       	eor	r26, r26
 d72:	28 30       	cpi	r18, 0x08	; 8
 d74:	51 f1       	breq	.+84     	; 0xdca <__ultoa_invert+0x5c>
 d76:	20 31       	cpi	r18, 0x10	; 16
 d78:	81 f1       	breq	.+96     	; 0xdda <__ultoa_invert+0x6c>
 d7a:	e8 94       	clt
 d7c:	6f 93       	push	r22
 d7e:	6e 7f       	andi	r22, 0xFE	; 254
 d80:	6e 5f       	subi	r22, 0xFE	; 254
 d82:	7f 4f       	sbci	r23, 0xFF	; 255
 d84:	8f 4f       	sbci	r24, 0xFF	; 255
 d86:	9f 4f       	sbci	r25, 0xFF	; 255
 d88:	af 4f       	sbci	r26, 0xFF	; 255
 d8a:	b1 e0       	ldi	r27, 0x01	; 1
 d8c:	3e d0       	rcall	.+124    	; 0xe0a <__ultoa_invert+0x9c>
 d8e:	b4 e0       	ldi	r27, 0x04	; 4
 d90:	3c d0       	rcall	.+120    	; 0xe0a <__ultoa_invert+0x9c>
 d92:	67 0f       	add	r22, r23
 d94:	78 1f       	adc	r23, r24
 d96:	89 1f       	adc	r24, r25
 d98:	9a 1f       	adc	r25, r26
 d9a:	a1 1d       	adc	r26, r1
 d9c:	68 0f       	add	r22, r24
 d9e:	79 1f       	adc	r23, r25
 da0:	8a 1f       	adc	r24, r26
 da2:	91 1d       	adc	r25, r1
 da4:	a1 1d       	adc	r26, r1
 da6:	6a 0f       	add	r22, r26
 da8:	71 1d       	adc	r23, r1
 daa:	81 1d       	adc	r24, r1
 dac:	91 1d       	adc	r25, r1
 dae:	a1 1d       	adc	r26, r1
 db0:	20 d0       	rcall	.+64     	; 0xdf2 <__ultoa_invert+0x84>
 db2:	09 f4       	brne	.+2      	; 0xdb6 <__ultoa_invert+0x48>
 db4:	68 94       	set
 db6:	3f 91       	pop	r19
 db8:	2a e0       	ldi	r18, 0x0A	; 10
 dba:	26 9f       	mul	r18, r22
 dbc:	11 24       	eor	r1, r1
 dbe:	30 19       	sub	r19, r0
 dc0:	30 5d       	subi	r19, 0xD0	; 208
 dc2:	31 93       	st	Z+, r19
 dc4:	de f6       	brtc	.-74     	; 0xd7c <__ultoa_invert+0xe>
 dc6:	cf 01       	movw	r24, r30
 dc8:	08 95       	ret
 dca:	46 2f       	mov	r20, r22
 dcc:	47 70       	andi	r20, 0x07	; 7
 dce:	40 5d       	subi	r20, 0xD0	; 208
 dd0:	41 93       	st	Z+, r20
 dd2:	b3 e0       	ldi	r27, 0x03	; 3
 dd4:	0f d0       	rcall	.+30     	; 0xdf4 <__ultoa_invert+0x86>
 dd6:	c9 f7       	brne	.-14     	; 0xdca <__ultoa_invert+0x5c>
 dd8:	f6 cf       	rjmp	.-20     	; 0xdc6 <__ultoa_invert+0x58>
 dda:	46 2f       	mov	r20, r22
 ddc:	4f 70       	andi	r20, 0x0F	; 15
 dde:	40 5d       	subi	r20, 0xD0	; 208
 de0:	4a 33       	cpi	r20, 0x3A	; 58
 de2:	18 f0       	brcs	.+6      	; 0xdea <__ultoa_invert+0x7c>
 de4:	49 5d       	subi	r20, 0xD9	; 217
 de6:	31 fd       	sbrc	r19, 1
 de8:	40 52       	subi	r20, 0x20	; 32
 dea:	41 93       	st	Z+, r20
 dec:	02 d0       	rcall	.+4      	; 0xdf2 <__ultoa_invert+0x84>
 dee:	a9 f7       	brne	.-22     	; 0xdda <__ultoa_invert+0x6c>
 df0:	ea cf       	rjmp	.-44     	; 0xdc6 <__ultoa_invert+0x58>
 df2:	b4 e0       	ldi	r27, 0x04	; 4
 df4:	a6 95       	lsr	r26
 df6:	97 95       	ror	r25
 df8:	87 95       	ror	r24
 dfa:	77 95       	ror	r23
 dfc:	67 95       	ror	r22
 dfe:	ba 95       	dec	r27
 e00:	c9 f7       	brne	.-14     	; 0xdf4 <__ultoa_invert+0x86>
 e02:	00 97       	sbiw	r24, 0x00	; 0
 e04:	61 05       	cpc	r22, r1
 e06:	71 05       	cpc	r23, r1
 e08:	08 95       	ret
 e0a:	9b 01       	movw	r18, r22
 e0c:	ac 01       	movw	r20, r24
 e0e:	0a 2e       	mov	r0, r26
 e10:	06 94       	lsr	r0
 e12:	57 95       	ror	r21
 e14:	47 95       	ror	r20
 e16:	37 95       	ror	r19
 e18:	27 95       	ror	r18
 e1a:	ba 95       	dec	r27
 e1c:	c9 f7       	brne	.-14     	; 0xe10 <__ultoa_invert+0xa2>
 e1e:	62 0f       	add	r22, r18
 e20:	73 1f       	adc	r23, r19
 e22:	84 1f       	adc	r24, r20
 e24:	95 1f       	adc	r25, r21
 e26:	a0 1d       	adc	r26, r0
 e28:	08 95       	ret

00000e2a <__ctype_isfalse>:
 e2a:	99 27       	eor	r25, r25
 e2c:	88 27       	eor	r24, r24

00000e2e <__ctype_istrue>:
 e2e:	08 95       	ret

00000e30 <__prologue_saves__>:
 e30:	2f 92       	push	r2
 e32:	3f 92       	push	r3
 e34:	4f 92       	push	r4
 e36:	5f 92       	push	r5
 e38:	6f 92       	push	r6
 e3a:	7f 92       	push	r7
 e3c:	8f 92       	push	r8
 e3e:	9f 92       	push	r9
 e40:	af 92       	push	r10
 e42:	bf 92       	push	r11
 e44:	cf 92       	push	r12
 e46:	df 92       	push	r13
 e48:	ef 92       	push	r14
 e4a:	ff 92       	push	r15
 e4c:	0f 93       	push	r16
 e4e:	1f 93       	push	r17
 e50:	cf 93       	push	r28
 e52:	df 93       	push	r29
 e54:	cd b7       	in	r28, 0x3d	; 61
 e56:	de b7       	in	r29, 0x3e	; 62
 e58:	ca 1b       	sub	r28, r26
 e5a:	db 0b       	sbc	r29, r27
 e5c:	0f b6       	in	r0, 0x3f	; 63
 e5e:	f8 94       	cli
 e60:	de bf       	out	0x3e, r29	; 62
 e62:	0f be       	out	0x3f, r0	; 63
 e64:	cd bf       	out	0x3d, r28	; 61
 e66:	09 94       	ijmp

00000e68 <__epilogue_restores__>:
 e68:	2a 88       	ldd	r2, Y+18	; 0x12
 e6a:	39 88       	ldd	r3, Y+17	; 0x11
 e6c:	48 88       	ldd	r4, Y+16	; 0x10
 e6e:	5f 84       	ldd	r5, Y+15	; 0x0f
 e70:	6e 84       	ldd	r6, Y+14	; 0x0e
 e72:	7d 84       	ldd	r7, Y+13	; 0x0d
 e74:	8c 84       	ldd	r8, Y+12	; 0x0c
 e76:	9b 84       	ldd	r9, Y+11	; 0x0b
 e78:	aa 84       	ldd	r10, Y+10	; 0x0a
 e7a:	b9 84       	ldd	r11, Y+9	; 0x09
 e7c:	c8 84       	ldd	r12, Y+8	; 0x08
 e7e:	df 80       	ldd	r13, Y+7	; 0x07
 e80:	ee 80       	ldd	r14, Y+6	; 0x06
 e82:	fd 80       	ldd	r15, Y+5	; 0x05
 e84:	0c 81       	ldd	r16, Y+4	; 0x04
 e86:	1b 81       	ldd	r17, Y+3	; 0x03
 e88:	aa 81       	ldd	r26, Y+2	; 0x02
 e8a:	b9 81       	ldd	r27, Y+1	; 0x01
 e8c:	ce 0f       	add	r28, r30
 e8e:	d1 1d       	adc	r29, r1
 e90:	0f b6       	in	r0, 0x3f	; 63
 e92:	f8 94       	cli
 e94:	de bf       	out	0x3e, r29	; 62
 e96:	0f be       	out	0x3f, r0	; 63
 e98:	cd bf       	out	0x3d, r28	; 61
 e9a:	ed 01       	movw	r28, r26
 e9c:	08 95       	ret

00000e9e <_exit>:
 e9e:	f8 94       	cli

00000ea0 <__stop_program>:
 ea0:	ff cf       	rjmp	.-2      	; 0xea0 <__stop_program>
