
calculator.elf:     file format elf32-avr

Sections:
Idx Name          Size      VMA       LMA       File off  Algn
  0 .data         0000001e  00800100  00000f92  00001026  2**0
                  CONTENTS, ALLOC, LOAD, DATA
  1 .text         00000f92  00000000  00000000  00000094  2**1
                  CONTENTS, ALLOC, LOAD, READONLY, CODE
  2 .bss          00000020  0080011e  0080011e  00001044  2**0
                  ALLOC
  3 .stab         00000798  00000000  00000000  00001044  2**2
                  CONTENTS, READONLY, DEBUGGING
  4 .stabstr      00000ece  00000000  00000000  000017dc  2**0
                  CONTENTS, READONLY, DEBUGGING
  5 .comment      00000011  00000000  00000000  000026aa  2**0
                  CONTENTS, READONLY
  6 .note.gnu.avr.deviceinfo 00000040  00000000  00000000  000026bc  2**2
                  CONTENTS, READONLY
  7 .debug_info   000005f4  00000000  00000000  000026fc  2**0
                  CONTENTS, READONLY, DEBUGGING
  8 .debug_abbrev 000005a2  00000000  00000000  00002cf0  2**0
                  CONTENTS, READONLY, DEBUGGING
  9 .debug_line   0000001a  00000000  00000000  00003292  2**0
                  CONTENTS, READONLY, DEBUGGING
 10 .debug_str    00000208  00000000  00000000  000032ac  2**0
                  CONTENTS, READONLY, DEBUGGING

Disassembly of section .text:

00000000 <__vectors>:
   0:	0c 94 3a 00 	jmp	0x74	; 0x74 <__ctors_end>
   4:	0c 94 57 00 	jmp	0xae	; 0xae <__bad_interrupt>
   8:	0c 94 57 00 	jmp	0xae	; 0xae <__bad_interrupt>
   c:	0c 94 57 00 	jmp	0xae	; 0xae <__bad_interrupt>
  10:	0c 94 57 00 	jmp	0xae	; 0xae <__bad_interrupt>
  14:	0c 94 57 00 	jmp	0xae	; 0xae <__bad_interrupt>
  18:	0c 94 57 00 	jmp	0xae	; 0xae <__bad_interrupt>
  1c:	0c 94 57 00 	jmp	0xae	; 0xae <__bad_interrupt>
  20:	0c 94 57 00 	jmp	0xae	; 0xae <__bad_interrupt>
  24:	0c 94 57 00 	jmp	0xae	; 0xae <__bad_interrupt>
  28:	0c 94 57 00 	jmp	0xae	; 0xae <__bad_interrupt>
  2c:	0c 94 57 00 	jmp	0xae	; 0xae <__bad_interrupt>
  30:	0c 94 57 00 	jmp	0xae	; 0xae <__bad_interrupt>
  34:	0c 94 57 00 	jmp	0xae	; 0xae <__bad_interrupt>
  38:	0c 94 57 00 	jmp	0xae	; 0xae <__bad_interrupt>
  3c:	0c 94 57 00 	jmp	0xae	; 0xae <__bad_interrupt>
  40:	0c 94 57 00 	jmp	0xae	; 0xae <__bad_interrupt>
  44:	0c 94 57 00 	jmp	0xae	; 0xae <__bad_interrupt>
  48:	0c 94 57 00 	jmp	0xae	; 0xae <__bad_interrupt>
  4c:	0c 94 57 00 	jmp	0xae	; 0xae <__bad_interrupt>
  50:	0c 94 57 00 	jmp	0xae	; 0xae <__bad_interrupt>
  54:	0c 94 57 00 	jmp	0xae	; 0xae <__bad_interrupt>
  58:	0c 94 57 00 	jmp	0xae	; 0xae <__bad_interrupt>
  5c:	0c 94 57 00 	jmp	0xae	; 0xae <__bad_interrupt>
  60:	0c 94 57 00 	jmp	0xae	; 0xae <__bad_interrupt>
  64:	0c 94 57 00 	jmp	0xae	; 0xae <__bad_interrupt>

00000068 <__trampolines_end>:
  68:	63 64       	ori	r22, 0x43	; 67
  6a:	69 6e       	ori	r22, 0xE9	; 233
  6c:	6f 70       	andi	r22, 0x0F	; 15
  6e:	73 75       	andi	r23, 0x53	; 83
  70:	78 58       	subi	r23, 0x88	; 136
  72:	5b 00       	.word	0x005b	; ????

00000074 <__ctors_end>:
  74:	11 24       	eor	r1, r1
  76:	1f be       	out	0x3f, r1	; 63
  78:	cf ef       	ldi	r28, 0xFF	; 255
  7a:	d8 e0       	ldi	r29, 0x08	; 8
  7c:	de bf       	out	0x3e, r29	; 62
  7e:	cd bf       	out	0x3d, r28	; 61

00000080 <__do_copy_data>:
  80:	11 e0       	ldi	r17, 0x01	; 1
  82:	a0 e0       	ldi	r26, 0x00	; 0
  84:	b1 e0       	ldi	r27, 0x01	; 1
  86:	e2 e9       	ldi	r30, 0x92	; 146
  88:	ff e0       	ldi	r31, 0x0F	; 15
  8a:	02 c0       	rjmp	.+4      	; 0x90 <__do_copy_data+0x10>
  8c:	05 90       	lpm	r0, Z+
  8e:	0d 92       	st	X+, r0
  90:	ae 31       	cpi	r26, 0x1E	; 30
  92:	b1 07       	cpc	r27, r17
  94:	d9 f7       	brne	.-10     	; 0x8c <__do_copy_data+0xc>

00000096 <__do_clear_bss>:
  96:	21 e0       	ldi	r18, 0x01	; 1
  98:	ae e1       	ldi	r26, 0x1E	; 30
  9a:	b1 e0       	ldi	r27, 0x01	; 1
  9c:	01 c0       	rjmp	.+2      	; 0xa0 <.do_clear_bss_start>

0000009e <.do_clear_bss_loop>:
  9e:	1d 92       	st	X+, r1

000000a0 <.do_clear_bss_start>:
  a0:	ae 33       	cpi	r26, 0x3E	; 62
  a2:	b2 07       	cpc	r27, r18
  a4:	e1 f7       	brne	.-8      	; 0x9e <.do_clear_bss_loop>
  a6:	0e 94 79 00 	call	0xf2	; 0xf2 <main>
  aa:	0c 94 c7 07 	jmp	0xf8e	; 0xf8e <_exit>

000000ae <__bad_interrupt>:
  ae:	0c 94 00 00 	jmp	0	; 0x0 <__vectors>

000000b2 <uart_transmit>:

// transmisja jednego znaku
int uart_transmit(char data, FILE *stream)
{
  // czekaj aż transmiter gotowy
  while(!(UCSR0A & _BV(UDRE0)));
  b2:	90 91 c0 00 	lds	r25, 0x00C0	; 0x8000c0 <__TEXT_REGION_LENGTH__+0x7f80c0>
  b6:	95 ff       	sbrs	r25, 5
  b8:	fc cf       	rjmp	.-8      	; 0xb2 <uart_transmit>
  UDR0 = data;
  ba:	80 93 c6 00 	sts	0x00C6, r24	; 0x8000c6 <__TEXT_REGION_LENGTH__+0x7f80c6>
  return 0;
}
  be:	80 e0       	ldi	r24, 0x00	; 0
  c0:	90 e0       	ldi	r25, 0x00	; 0
  c2:	08 95       	ret

000000c4 <uart_receive>:

// odczyt jednego znaku
int uart_receive(FILE *stream)
{
  // czekaj aż znak dostępny
  while (!(UCSR0A & _BV(RXC0)));
  c4:	80 91 c0 00 	lds	r24, 0x00C0	; 0x8000c0 <__TEXT_REGION_LENGTH__+0x7f80c0>
  c8:	87 ff       	sbrs	r24, 7
  ca:	fc cf       	rjmp	.-8      	; 0xc4 <uart_receive>
  return UDR0;
  cc:	80 91 c6 00 	lds	r24, 0x00C6	; 0x8000c6 <__TEXT_REGION_LENGTH__+0x7f80c6>
}
  d0:	90 e0       	ldi	r25, 0x00	; 0
  d2:	08 95       	ret

000000d4 <uart_init>:

// inicjalizacja UART
void uart_init()
{
  // ustaw baudrate
  UBRR0 = UBRR_VALUE;
  d4:	87 e6       	ldi	r24, 0x67	; 103
  d6:	90 e0       	ldi	r25, 0x00	; 0
  d8:	90 93 c5 00 	sts	0x00C5, r25	; 0x8000c5 <__TEXT_REGION_LENGTH__+0x7f80c5>
  dc:	80 93 c4 00 	sts	0x00C4, r24	; 0x8000c4 <__TEXT_REGION_LENGTH__+0x7f80c4>
  // wyczyść rejestr UCSR0A
  UCSR0A = 0;
  e0:	10 92 c0 00 	sts	0x00C0, r1	; 0x8000c0 <__TEXT_REGION_LENGTH__+0x7f80c0>
  // włącz odbiornik i nadajnik
  UCSR0B = _BV(RXEN0) | _BV(TXEN0);
  e4:	88 e1       	ldi	r24, 0x18	; 24
  e6:	80 93 c1 00 	sts	0x00C1, r24	; 0x8000c1 <__TEXT_REGION_LENGTH__+0x7f80c1>
  // ustaw format 8n1
  UCSR0C = _BV(UCSZ00) | _BV(UCSZ01);
  ea:	86 e0       	ldi	r24, 0x06	; 6
  ec:	80 93 c2 00 	sts	0x00C2, r24	; 0x8000c2 <__TEXT_REGION_LENGTH__+0x7f80c2>
  f0:	08 95       	ret

000000f2 <main>:

// inicjalizacja UART
void uart_init()
{
  // ustaw baudrate
  UBRR0 = UBRR_VALUE;
  f2:	87 e6       	ldi	r24, 0x67	; 103
  f4:	90 e0       	ldi	r25, 0x00	; 0
  f6:	90 93 c5 00 	sts	0x00C5, r25	; 0x8000c5 <__TEXT_REGION_LENGTH__+0x7f80c5>
  fa:	80 93 c4 00 	sts	0x00C4, r24	; 0x8000c4 <__TEXT_REGION_LENGTH__+0x7f80c4>
  // wyczyść rejestr UCSR0A
  UCSR0A = 0;
  fe:	10 92 c0 00 	sts	0x00C0, r1	; 0x8000c0 <__TEXT_REGION_LENGTH__+0x7f80c0>
  // włącz odbiornik i nadajnik
  UCSR0B = _BV(RXEN0) | _BV(TXEN0);
 102:	88 e1       	ldi	r24, 0x18	; 24
 104:	80 93 c1 00 	sts	0x00C1, r24	; 0x8000c1 <__TEXT_REGION_LENGTH__+0x7f80c1>
  // ustaw format 8n1
  UCSR0C = _BV(UCSZ00) | _BV(UCSZ01);
 108:	86 e0       	ldi	r24, 0x06	; 6
 10a:	80 93 c2 00 	sts	0x00C2, r24	; 0x8000c2 <__TEXT_REGION_LENGTH__+0x7f80c2>
int main(){
    // sys_clock_1();
    // zainicjalizuj UART
    uart_init();
    // skonfiguruj strumienie wejścia/wyjścia
    fdev_setup_stream(&uart_file, uart_transmit, uart_receive, _FDEV_SETUP_RW);
 10e:	8e e1       	ldi	r24, 0x1E	; 30
 110:	91 e0       	ldi	r25, 0x01	; 1
 112:	29 e5       	ldi	r18, 0x59	; 89
 114:	30 e0       	ldi	r19, 0x00	; 0
 116:	30 93 27 01 	sts	0x0127, r19	; 0x800127 <__data_end+0x9>
 11a:	20 93 26 01 	sts	0x0126, r18	; 0x800126 <__data_end+0x8>
 11e:	22 e6       	ldi	r18, 0x62	; 98
 120:	30 e0       	ldi	r19, 0x00	; 0
 122:	30 93 29 01 	sts	0x0129, r19	; 0x800129 <__data_end+0xb>
 126:	20 93 28 01 	sts	0x0128, r18	; 0x800128 <__data_end+0xa>
 12a:	23 e0       	ldi	r18, 0x03	; 3
 12c:	20 93 21 01 	sts	0x0121, r18	; 0x800121 <__data_end+0x3>
 130:	10 92 2b 01 	sts	0x012B, r1	; 0x80012b <__data_end+0xd>
 134:	10 92 2a 01 	sts	0x012A, r1	; 0x80012a <__data_end+0xc>
    stdin = stdout = stderr = &uart_file;
 138:	90 93 3d 01 	sts	0x013D, r25	; 0x80013d <__iob+0x5>
 13c:	80 93 3c 01 	sts	0x013C, r24	; 0x80013c <__iob+0x4>
 140:	90 93 3b 01 	sts	0x013B, r25	; 0x80013b <__iob+0x3>
 144:	80 93 3a 01 	sts	0x013A, r24	; 0x80013a <__iob+0x2>
 148:	90 93 39 01 	sts	0x0139, r25	; 0x800139 <__iob+0x1>
 14c:	80 93 38 01 	sts	0x0138, r24	; 0x800138 <__iob>
    while(1){
        // printf("Podaj dwie liczby obie w zakrese -128 - +127\r\n");
        scanf("%"SCNd32,&first);
 150:	84 e3       	ldi	r24, 0x34	; 52
 152:	c8 2e       	mov	r12, r24
 154:	81 e0       	ldi	r24, 0x01	; 1
 156:	d8 2e       	mov	r13, r24
 158:	00 e0       	ldi	r16, 0x00	; 0
 15a:	11 e0       	ldi	r17, 0x01	; 1
        scanf("%"SCNd32,&second);
 15c:	9c e2       	ldi	r25, 0x2C	; 44
 15e:	e9 2e       	mov	r14, r25
 160:	91 e0       	ldi	r25, 0x01	; 1
 162:	f9 2e       	mov	r15, r25
        int32_t value = first + second;
        printf("Wynik operacji %c:\t%"PRId32"\r\n",'+',value);
 164:	2b e2       	ldi	r18, 0x2B	; 43
 166:	82 2e       	mov	r8, r18
 168:	c4 e0       	ldi	r28, 0x04	; 4
 16a:	d1 e0       	ldi	r29, 0x01	; 1

        value = first - second;
        printf("Wynik operacji %c:\t%"PRId32"\r\n",'-',value);
 16c:	3d e2       	ldi	r19, 0x2D	; 45
 16e:	93 2e       	mov	r9, r19


        value = first * second;
        printf("Wynik operacji %c:\t%"PRId32"\r\n",'*',value);
 170:	4a e2       	ldi	r20, 0x2A	; 42
 172:	a4 2e       	mov	r10, r20


        value = first / second;
        printf("Wynik operacji %c:\t%"PRId32"\r\n",'/',value);
 174:	5f e2       	ldi	r21, 0x2F	; 47
 176:	b5 2e       	mov	r11, r21
    // skonfiguruj strumienie wejścia/wyjścia
    fdev_setup_stream(&uart_file, uart_transmit, uart_receive, _FDEV_SETUP_RW);
    stdin = stdout = stderr = &uart_file;
    while(1){
        // printf("Podaj dwie liczby obie w zakrese -128 - +127\r\n");
        scanf("%"SCNd32,&first);
 178:	df 92       	push	r13
 17a:	cf 92       	push	r12
 17c:	1f 93       	push	r17
 17e:	0f 93       	push	r16
 180:	0e 94 ce 01 	call	0x39c	; 0x39c <scanf>
        scanf("%"SCNd32,&second);
 184:	ff 92       	push	r15
 186:	ef 92       	push	r14
 188:	1f 93       	push	r17
 18a:	0f 93       	push	r16
 18c:	0e 94 ce 01 	call	0x39c	; 0x39c <scanf>
        int32_t value = first + second;
        printf("Wynik operacji %c:\t%"PRId32"\r\n",'+',value);
 190:	40 91 34 01 	lds	r20, 0x0134	; 0x800134 <first>
 194:	50 91 35 01 	lds	r21, 0x0135	; 0x800135 <first+0x1>
 198:	60 91 36 01 	lds	r22, 0x0136	; 0x800136 <first+0x2>
 19c:	70 91 37 01 	lds	r23, 0x0137	; 0x800137 <first+0x3>
 1a0:	80 91 2c 01 	lds	r24, 0x012C	; 0x80012c <second>
 1a4:	90 91 2d 01 	lds	r25, 0x012D	; 0x80012d <second+0x1>
 1a8:	a0 91 2e 01 	lds	r26, 0x012E	; 0x80012e <second+0x2>
 1ac:	b0 91 2f 01 	lds	r27, 0x012F	; 0x80012f <second+0x3>
 1b0:	84 0f       	add	r24, r20
 1b2:	95 1f       	adc	r25, r21
 1b4:	a6 1f       	adc	r26, r22
 1b6:	b7 1f       	adc	r27, r23
 1b8:	bf 93       	push	r27
 1ba:	af 93       	push	r26
 1bc:	9f 93       	push	r25
 1be:	8f 93       	push	r24
 1c0:	1f 92       	push	r1
 1c2:	8f 92       	push	r8
 1c4:	df 93       	push	r29
 1c6:	cf 93       	push	r28
 1c8:	0e 94 b8 01 	call	0x370	; 0x370 <printf>

        value = first - second;
        printf("Wynik operacji %c:\t%"PRId32"\r\n",'-',value);
 1cc:	80 91 34 01 	lds	r24, 0x0134	; 0x800134 <first>
 1d0:	90 91 35 01 	lds	r25, 0x0135	; 0x800135 <first+0x1>
 1d4:	a0 91 36 01 	lds	r26, 0x0136	; 0x800136 <first+0x2>
 1d8:	b0 91 37 01 	lds	r27, 0x0137	; 0x800137 <first+0x3>
 1dc:	40 91 2c 01 	lds	r20, 0x012C	; 0x80012c <second>
 1e0:	50 91 2d 01 	lds	r21, 0x012D	; 0x80012d <second+0x1>
 1e4:	60 91 2e 01 	lds	r22, 0x012E	; 0x80012e <second+0x2>
 1e8:	70 91 2f 01 	lds	r23, 0x012F	; 0x80012f <second+0x3>
 1ec:	84 1b       	sub	r24, r20
 1ee:	95 0b       	sbc	r25, r21
 1f0:	a6 0b       	sbc	r26, r22
 1f2:	b7 0b       	sbc	r27, r23
 1f4:	bf 93       	push	r27
 1f6:	af 93       	push	r26
 1f8:	9f 93       	push	r25
 1fa:	8f 93       	push	r24
 1fc:	1f 92       	push	r1
 1fe:	9f 92       	push	r9
 200:	df 93       	push	r29
 202:	cf 93       	push	r28
 204:	0e 94 b8 01 	call	0x370	; 0x370 <printf>


        value = first * second;
        printf("Wynik operacji %c:\t%"PRId32"\r\n",'*',value);
 208:	20 91 34 01 	lds	r18, 0x0134	; 0x800134 <first>
 20c:	30 91 35 01 	lds	r19, 0x0135	; 0x800135 <first+0x1>
 210:	40 91 36 01 	lds	r20, 0x0136	; 0x800136 <first+0x2>
 214:	50 91 37 01 	lds	r21, 0x0137	; 0x800137 <first+0x3>
 218:	60 91 2c 01 	lds	r22, 0x012C	; 0x80012c <second>
 21c:	70 91 2d 01 	lds	r23, 0x012D	; 0x80012d <second+0x1>
 220:	80 91 2e 01 	lds	r24, 0x012E	; 0x80012e <second+0x2>
 224:	90 91 2f 01 	lds	r25, 0x012F	; 0x80012f <second+0x3>
 228:	0e 94 4d 01 	call	0x29a	; 0x29a <__mulsi3>
 22c:	9f 93       	push	r25
 22e:	8f 93       	push	r24
 230:	7f 93       	push	r23
 232:	6f 93       	push	r22
 234:	1f 92       	push	r1
 236:	af 92       	push	r10
 238:	df 93       	push	r29
 23a:	cf 93       	push	r28
 23c:	0e 94 b8 01 	call	0x370	; 0x370 <printf>


        value = first / second;
        printf("Wynik operacji %c:\t%"PRId32"\r\n",'/',value);
 240:	8d b7       	in	r24, 0x3d	; 61
 242:	9e b7       	in	r25, 0x3e	; 62
 244:	80 96       	adiw	r24, 0x20	; 32
 246:	0f b6       	in	r0, 0x3f	; 63
 248:	f8 94       	cli
 24a:	9e bf       	out	0x3e, r25	; 62
 24c:	0f be       	out	0x3f, r0	; 63
 24e:	8d bf       	out	0x3d, r24	; 61
 250:	60 91 34 01 	lds	r22, 0x0134	; 0x800134 <first>
 254:	70 91 35 01 	lds	r23, 0x0135	; 0x800135 <first+0x1>
 258:	80 91 36 01 	lds	r24, 0x0136	; 0x800136 <first+0x2>
 25c:	90 91 37 01 	lds	r25, 0x0137	; 0x800137 <first+0x3>
 260:	20 91 2c 01 	lds	r18, 0x012C	; 0x80012c <second>
 264:	30 91 2d 01 	lds	r19, 0x012D	; 0x80012d <second+0x1>
 268:	40 91 2e 01 	lds	r20, 0x012E	; 0x80012e <second+0x2>
 26c:	50 91 2f 01 	lds	r21, 0x012F	; 0x80012f <second+0x3>
 270:	0e 94 5d 01 	call	0x2ba	; 0x2ba <__divmodsi4>
 274:	5f 93       	push	r21
 276:	4f 93       	push	r20
 278:	3f 93       	push	r19
 27a:	2f 93       	push	r18
 27c:	1f 92       	push	r1
 27e:	bf 92       	push	r11
 280:	df 93       	push	r29
 282:	cf 93       	push	r28
 284:	0e 94 b8 01 	call	0x370	; 0x370 <printf>
 288:	8d b7       	in	r24, 0x3d	; 61
 28a:	9e b7       	in	r25, 0x3e	; 62
 28c:	08 96       	adiw	r24, 0x08	; 8
 28e:	0f b6       	in	r0, 0x3f	; 63
 290:	f8 94       	cli
 292:	9e bf       	out	0x3e, r25	; 62
 294:	0f be       	out	0x3f, r0	; 63
 296:	8d bf       	out	0x3d, r24	; 61
 298:	6f cf       	rjmp	.-290    	; 0x178 <main+0x86>

0000029a <__mulsi3>:
 29a:	db 01       	movw	r26, r22
 29c:	8f 93       	push	r24
 29e:	9f 93       	push	r25
 2a0:	0e 94 7c 01 	call	0x2f8	; 0x2f8 <__muluhisi3>
 2a4:	bf 91       	pop	r27
 2a6:	af 91       	pop	r26
 2a8:	a2 9f       	mul	r26, r18
 2aa:	80 0d       	add	r24, r0
 2ac:	91 1d       	adc	r25, r1
 2ae:	a3 9f       	mul	r26, r19
 2b0:	90 0d       	add	r25, r0
 2b2:	b2 9f       	mul	r27, r18
 2b4:	90 0d       	add	r25, r0
 2b6:	11 24       	eor	r1, r1
 2b8:	08 95       	ret

000002ba <__divmodsi4>:
 2ba:	05 2e       	mov	r0, r21
 2bc:	97 fb       	bst	r25, 7
 2be:	1e f4       	brtc	.+6      	; 0x2c6 <__divmodsi4+0xc>
 2c0:	00 94       	com	r0
 2c2:	0e 94 74 01 	call	0x2e8	; 0x2e8 <__negsi2>
 2c6:	57 fd       	sbrc	r21, 7
 2c8:	07 d0       	rcall	.+14     	; 0x2d8 <__divmodsi4_neg2>
 2ca:	0e 94 87 01 	call	0x30e	; 0x30e <__udivmodsi4>
 2ce:	07 fc       	sbrc	r0, 7
 2d0:	03 d0       	rcall	.+6      	; 0x2d8 <__divmodsi4_neg2>
 2d2:	4e f4       	brtc	.+18     	; 0x2e6 <__divmodsi4_exit>
 2d4:	0c 94 74 01 	jmp	0x2e8	; 0x2e8 <__negsi2>

000002d8 <__divmodsi4_neg2>:
 2d8:	50 95       	com	r21
 2da:	40 95       	com	r20
 2dc:	30 95       	com	r19
 2de:	21 95       	neg	r18
 2e0:	3f 4f       	sbci	r19, 0xFF	; 255
 2e2:	4f 4f       	sbci	r20, 0xFF	; 255
 2e4:	5f 4f       	sbci	r21, 0xFF	; 255

000002e6 <__divmodsi4_exit>:
 2e6:	08 95       	ret

000002e8 <__negsi2>:
 2e8:	90 95       	com	r25
 2ea:	80 95       	com	r24
 2ec:	70 95       	com	r23
 2ee:	61 95       	neg	r22
 2f0:	7f 4f       	sbci	r23, 0xFF	; 255
 2f2:	8f 4f       	sbci	r24, 0xFF	; 255
 2f4:	9f 4f       	sbci	r25, 0xFF	; 255
 2f6:	08 95       	ret

000002f8 <__muluhisi3>:
 2f8:	0e 94 a9 01 	call	0x352	; 0x352 <__umulhisi3>
 2fc:	a5 9f       	mul	r26, r21
 2fe:	90 0d       	add	r25, r0
 300:	b4 9f       	mul	r27, r20
 302:	90 0d       	add	r25, r0
 304:	a4 9f       	mul	r26, r20
 306:	80 0d       	add	r24, r0
 308:	91 1d       	adc	r25, r1
 30a:	11 24       	eor	r1, r1
 30c:	08 95       	ret

0000030e <__udivmodsi4>:
 30e:	a1 e2       	ldi	r26, 0x21	; 33
 310:	1a 2e       	mov	r1, r26
 312:	aa 1b       	sub	r26, r26
 314:	bb 1b       	sub	r27, r27
 316:	fd 01       	movw	r30, r26
 318:	0d c0       	rjmp	.+26     	; 0x334 <__udivmodsi4_ep>

0000031a <__udivmodsi4_loop>:
 31a:	aa 1f       	adc	r26, r26
 31c:	bb 1f       	adc	r27, r27
 31e:	ee 1f       	adc	r30, r30
 320:	ff 1f       	adc	r31, r31
 322:	a2 17       	cp	r26, r18
 324:	b3 07       	cpc	r27, r19
 326:	e4 07       	cpc	r30, r20
 328:	f5 07       	cpc	r31, r21
 32a:	20 f0       	brcs	.+8      	; 0x334 <__udivmodsi4_ep>
 32c:	a2 1b       	sub	r26, r18
 32e:	b3 0b       	sbc	r27, r19
 330:	e4 0b       	sbc	r30, r20
 332:	f5 0b       	sbc	r31, r21

00000334 <__udivmodsi4_ep>:
 334:	66 1f       	adc	r22, r22
 336:	77 1f       	adc	r23, r23
 338:	88 1f       	adc	r24, r24
 33a:	99 1f       	adc	r25, r25
 33c:	1a 94       	dec	r1
 33e:	69 f7       	brne	.-38     	; 0x31a <__udivmodsi4_loop>
 340:	60 95       	com	r22
 342:	70 95       	com	r23
 344:	80 95       	com	r24
 346:	90 95       	com	r25
 348:	9b 01       	movw	r18, r22
 34a:	ac 01       	movw	r20, r24
 34c:	bd 01       	movw	r22, r26
 34e:	cf 01       	movw	r24, r30
 350:	08 95       	ret

00000352 <__umulhisi3>:
 352:	a2 9f       	mul	r26, r18
 354:	b0 01       	movw	r22, r0
 356:	b3 9f       	mul	r27, r19
 358:	c0 01       	movw	r24, r0
 35a:	a3 9f       	mul	r26, r19
 35c:	70 0d       	add	r23, r0
 35e:	81 1d       	adc	r24, r1
 360:	11 24       	eor	r1, r1
 362:	91 1d       	adc	r25, r1
 364:	b2 9f       	mul	r27, r18
 366:	70 0d       	add	r23, r0
 368:	81 1d       	adc	r24, r1
 36a:	11 24       	eor	r1, r1
 36c:	91 1d       	adc	r25, r1
 36e:	08 95       	ret

00000370 <printf>:
 370:	a0 e0       	ldi	r26, 0x00	; 0
 372:	b0 e0       	ldi	r27, 0x00	; 0
 374:	ee eb       	ldi	r30, 0xBE	; 190
 376:	f1 e0       	ldi	r31, 0x01	; 1
 378:	0c 94 a0 07 	jmp	0xf40	; 0xf40 <__prologue_saves__+0x20>
 37c:	ae 01       	movw	r20, r28
 37e:	4b 5f       	subi	r20, 0xFB	; 251
 380:	5f 4f       	sbci	r21, 0xFF	; 255
 382:	fa 01       	movw	r30, r20
 384:	61 91       	ld	r22, Z+
 386:	71 91       	ld	r23, Z+
 388:	af 01       	movw	r20, r30
 38a:	80 91 3a 01 	lds	r24, 0x013A	; 0x80013a <__iob+0x2>
 38e:	90 91 3b 01 	lds	r25, 0x013B	; 0x80013b <__iob+0x3>
 392:	0e 94 e4 01 	call	0x3c8	; 0x3c8 <vfprintf>
 396:	e2 e0       	ldi	r30, 0x02	; 2
 398:	0c 94 bc 07 	jmp	0xf78	; 0xf78 <__epilogue_restores__+0x20>

0000039c <scanf>:
 39c:	a0 e0       	ldi	r26, 0x00	; 0
 39e:	b0 e0       	ldi	r27, 0x00	; 0
 3a0:	e4 ed       	ldi	r30, 0xD4	; 212
 3a2:	f1 e0       	ldi	r31, 0x01	; 1
 3a4:	0c 94 a0 07 	jmp	0xf40	; 0xf40 <__prologue_saves__+0x20>
 3a8:	ae 01       	movw	r20, r28
 3aa:	4b 5f       	subi	r20, 0xFB	; 251
 3ac:	5f 4f       	sbci	r21, 0xFF	; 255
 3ae:	fa 01       	movw	r30, r20
 3b0:	61 91       	ld	r22, Z+
 3b2:	71 91       	ld	r23, Z+
 3b4:	af 01       	movw	r20, r30
 3b6:	80 91 38 01 	lds	r24, 0x0138	; 0x800138 <__iob>
 3ba:	90 91 39 01 	lds	r25, 0x0139	; 0x800139 <__iob+0x1>
 3be:	0e 94 61 05 	call	0xac2	; 0xac2 <vfscanf>
 3c2:	e2 e0       	ldi	r30, 0x02	; 2
 3c4:	0c 94 bc 07 	jmp	0xf78	; 0xf78 <__epilogue_restores__+0x20>

000003c8 <vfprintf>:
 3c8:	ab e0       	ldi	r26, 0x0B	; 11
 3ca:	b0 e0       	ldi	r27, 0x00	; 0
 3cc:	ea ee       	ldi	r30, 0xEA	; 234
 3ce:	f1 e0       	ldi	r31, 0x01	; 1
 3d0:	0c 94 90 07 	jmp	0xf20	; 0xf20 <__prologue_saves__>
 3d4:	6c 01       	movw	r12, r24
 3d6:	7b 01       	movw	r14, r22
 3d8:	8a 01       	movw	r16, r20
 3da:	fc 01       	movw	r30, r24
 3dc:	17 82       	std	Z+7, r1	; 0x07
 3de:	16 82       	std	Z+6, r1	; 0x06
 3e0:	83 81       	ldd	r24, Z+3	; 0x03
 3e2:	81 ff       	sbrs	r24, 1
 3e4:	cc c1       	rjmp	.+920    	; 0x77e <__EEPROM_REGION_LENGTH__+0x37e>
 3e6:	ce 01       	movw	r24, r28
 3e8:	01 96       	adiw	r24, 0x01	; 1
 3ea:	3c 01       	movw	r6, r24
 3ec:	f6 01       	movw	r30, r12
 3ee:	93 81       	ldd	r25, Z+3	; 0x03
 3f0:	f7 01       	movw	r30, r14
 3f2:	93 fd       	sbrc	r25, 3
 3f4:	85 91       	lpm	r24, Z+
 3f6:	93 ff       	sbrs	r25, 3
 3f8:	81 91       	ld	r24, Z+
 3fa:	7f 01       	movw	r14, r30
 3fc:	88 23       	and	r24, r24
 3fe:	09 f4       	brne	.+2      	; 0x402 <__EEPROM_REGION_LENGTH__+0x2>
 400:	ba c1       	rjmp	.+884    	; 0x776 <__EEPROM_REGION_LENGTH__+0x376>
 402:	85 32       	cpi	r24, 0x25	; 37
 404:	39 f4       	brne	.+14     	; 0x414 <__EEPROM_REGION_LENGTH__+0x14>
 406:	93 fd       	sbrc	r25, 3
 408:	85 91       	lpm	r24, Z+
 40a:	93 ff       	sbrs	r25, 3
 40c:	81 91       	ld	r24, Z+
 40e:	7f 01       	movw	r14, r30
 410:	85 32       	cpi	r24, 0x25	; 37
 412:	29 f4       	brne	.+10     	; 0x41e <__EEPROM_REGION_LENGTH__+0x1e>
 414:	b6 01       	movw	r22, r12
 416:	90 e0       	ldi	r25, 0x00	; 0
 418:	0e 94 da 06 	call	0xdb4	; 0xdb4 <fputc>
 41c:	e7 cf       	rjmp	.-50     	; 0x3ec <vfprintf+0x24>
 41e:	91 2c       	mov	r9, r1
 420:	21 2c       	mov	r2, r1
 422:	31 2c       	mov	r3, r1
 424:	ff e1       	ldi	r31, 0x1F	; 31
 426:	f3 15       	cp	r31, r3
 428:	d8 f0       	brcs	.+54     	; 0x460 <__EEPROM_REGION_LENGTH__+0x60>
 42a:	8b 32       	cpi	r24, 0x2B	; 43
 42c:	79 f0       	breq	.+30     	; 0x44c <__EEPROM_REGION_LENGTH__+0x4c>
 42e:	38 f4       	brcc	.+14     	; 0x43e <__EEPROM_REGION_LENGTH__+0x3e>
 430:	80 32       	cpi	r24, 0x20	; 32
 432:	79 f0       	breq	.+30     	; 0x452 <__EEPROM_REGION_LENGTH__+0x52>
 434:	83 32       	cpi	r24, 0x23	; 35
 436:	a1 f4       	brne	.+40     	; 0x460 <__EEPROM_REGION_LENGTH__+0x60>
 438:	23 2d       	mov	r18, r3
 43a:	20 61       	ori	r18, 0x10	; 16
 43c:	1d c0       	rjmp	.+58     	; 0x478 <__EEPROM_REGION_LENGTH__+0x78>
 43e:	8d 32       	cpi	r24, 0x2D	; 45
 440:	61 f0       	breq	.+24     	; 0x45a <__EEPROM_REGION_LENGTH__+0x5a>
 442:	80 33       	cpi	r24, 0x30	; 48
 444:	69 f4       	brne	.+26     	; 0x460 <__EEPROM_REGION_LENGTH__+0x60>
 446:	23 2d       	mov	r18, r3
 448:	21 60       	ori	r18, 0x01	; 1
 44a:	16 c0       	rjmp	.+44     	; 0x478 <__EEPROM_REGION_LENGTH__+0x78>
 44c:	83 2d       	mov	r24, r3
 44e:	82 60       	ori	r24, 0x02	; 2
 450:	38 2e       	mov	r3, r24
 452:	e3 2d       	mov	r30, r3
 454:	e4 60       	ori	r30, 0x04	; 4
 456:	3e 2e       	mov	r3, r30
 458:	2a c0       	rjmp	.+84     	; 0x4ae <__EEPROM_REGION_LENGTH__+0xae>
 45a:	f3 2d       	mov	r31, r3
 45c:	f8 60       	ori	r31, 0x08	; 8
 45e:	1d c0       	rjmp	.+58     	; 0x49a <__EEPROM_REGION_LENGTH__+0x9a>
 460:	37 fc       	sbrc	r3, 7
 462:	2d c0       	rjmp	.+90     	; 0x4be <__EEPROM_REGION_LENGTH__+0xbe>
 464:	20 ed       	ldi	r18, 0xD0	; 208
 466:	28 0f       	add	r18, r24
 468:	2a 30       	cpi	r18, 0x0A	; 10
 46a:	40 f0       	brcs	.+16     	; 0x47c <__EEPROM_REGION_LENGTH__+0x7c>
 46c:	8e 32       	cpi	r24, 0x2E	; 46
 46e:	b9 f4       	brne	.+46     	; 0x49e <__EEPROM_REGION_LENGTH__+0x9e>
 470:	36 fc       	sbrc	r3, 6
 472:	81 c1       	rjmp	.+770    	; 0x776 <__EEPROM_REGION_LENGTH__+0x376>
 474:	23 2d       	mov	r18, r3
 476:	20 64       	ori	r18, 0x40	; 64
 478:	32 2e       	mov	r3, r18
 47a:	19 c0       	rjmp	.+50     	; 0x4ae <__EEPROM_REGION_LENGTH__+0xae>
 47c:	36 fe       	sbrs	r3, 6
 47e:	06 c0       	rjmp	.+12     	; 0x48c <__EEPROM_REGION_LENGTH__+0x8c>
 480:	8a e0       	ldi	r24, 0x0A	; 10
 482:	98 9e       	mul	r9, r24
 484:	20 0d       	add	r18, r0
 486:	11 24       	eor	r1, r1
 488:	92 2e       	mov	r9, r18
 48a:	11 c0       	rjmp	.+34     	; 0x4ae <__EEPROM_REGION_LENGTH__+0xae>
 48c:	ea e0       	ldi	r30, 0x0A	; 10
 48e:	2e 9e       	mul	r2, r30
 490:	20 0d       	add	r18, r0
 492:	11 24       	eor	r1, r1
 494:	22 2e       	mov	r2, r18
 496:	f3 2d       	mov	r31, r3
 498:	f0 62       	ori	r31, 0x20	; 32
 49a:	3f 2e       	mov	r3, r31
 49c:	08 c0       	rjmp	.+16     	; 0x4ae <__EEPROM_REGION_LENGTH__+0xae>
 49e:	8c 36       	cpi	r24, 0x6C	; 108
 4a0:	21 f4       	brne	.+8      	; 0x4aa <__EEPROM_REGION_LENGTH__+0xaa>
 4a2:	83 2d       	mov	r24, r3
 4a4:	80 68       	ori	r24, 0x80	; 128
 4a6:	38 2e       	mov	r3, r24
 4a8:	02 c0       	rjmp	.+4      	; 0x4ae <__EEPROM_REGION_LENGTH__+0xae>
 4aa:	88 36       	cpi	r24, 0x68	; 104
 4ac:	41 f4       	brne	.+16     	; 0x4be <__EEPROM_REGION_LENGTH__+0xbe>
 4ae:	f7 01       	movw	r30, r14
 4b0:	93 fd       	sbrc	r25, 3
 4b2:	85 91       	lpm	r24, Z+
 4b4:	93 ff       	sbrs	r25, 3
 4b6:	81 91       	ld	r24, Z+
 4b8:	7f 01       	movw	r14, r30
 4ba:	81 11       	cpse	r24, r1
 4bc:	b3 cf       	rjmp	.-154    	; 0x424 <__EEPROM_REGION_LENGTH__+0x24>
 4be:	98 2f       	mov	r25, r24
 4c0:	9f 7d       	andi	r25, 0xDF	; 223
 4c2:	95 54       	subi	r25, 0x45	; 69
 4c4:	93 30       	cpi	r25, 0x03	; 3
 4c6:	28 f4       	brcc	.+10     	; 0x4d2 <__EEPROM_REGION_LENGTH__+0xd2>
 4c8:	0c 5f       	subi	r16, 0xFC	; 252
 4ca:	1f 4f       	sbci	r17, 0xFF	; 255
 4cc:	9f e3       	ldi	r25, 0x3F	; 63
 4ce:	99 83       	std	Y+1, r25	; 0x01
 4d0:	0d c0       	rjmp	.+26     	; 0x4ec <__EEPROM_REGION_LENGTH__+0xec>
 4d2:	83 36       	cpi	r24, 0x63	; 99
 4d4:	31 f0       	breq	.+12     	; 0x4e2 <__EEPROM_REGION_LENGTH__+0xe2>
 4d6:	83 37       	cpi	r24, 0x73	; 115
 4d8:	71 f0       	breq	.+28     	; 0x4f6 <__EEPROM_REGION_LENGTH__+0xf6>
 4da:	83 35       	cpi	r24, 0x53	; 83
 4dc:	09 f0       	breq	.+2      	; 0x4e0 <__EEPROM_REGION_LENGTH__+0xe0>
 4de:	59 c0       	rjmp	.+178    	; 0x592 <__EEPROM_REGION_LENGTH__+0x192>
 4e0:	21 c0       	rjmp	.+66     	; 0x524 <__EEPROM_REGION_LENGTH__+0x124>
 4e2:	f8 01       	movw	r30, r16
 4e4:	80 81       	ld	r24, Z
 4e6:	89 83       	std	Y+1, r24	; 0x01
 4e8:	0e 5f       	subi	r16, 0xFE	; 254
 4ea:	1f 4f       	sbci	r17, 0xFF	; 255
 4ec:	88 24       	eor	r8, r8
 4ee:	83 94       	inc	r8
 4f0:	91 2c       	mov	r9, r1
 4f2:	53 01       	movw	r10, r6
 4f4:	13 c0       	rjmp	.+38     	; 0x51c <__EEPROM_REGION_LENGTH__+0x11c>
 4f6:	28 01       	movw	r4, r16
 4f8:	f2 e0       	ldi	r31, 0x02	; 2
 4fa:	4f 0e       	add	r4, r31
 4fc:	51 1c       	adc	r5, r1
 4fe:	f8 01       	movw	r30, r16
 500:	a0 80       	ld	r10, Z
 502:	b1 80       	ldd	r11, Z+1	; 0x01
 504:	36 fe       	sbrs	r3, 6
 506:	03 c0       	rjmp	.+6      	; 0x50e <__EEPROM_REGION_LENGTH__+0x10e>
 508:	69 2d       	mov	r22, r9
 50a:	70 e0       	ldi	r23, 0x00	; 0
 50c:	02 c0       	rjmp	.+4      	; 0x512 <__EEPROM_REGION_LENGTH__+0x112>
 50e:	6f ef       	ldi	r22, 0xFF	; 255
 510:	7f ef       	ldi	r23, 0xFF	; 255
 512:	c5 01       	movw	r24, r10
 514:	0e 94 91 06 	call	0xd22	; 0xd22 <strnlen>
 518:	4c 01       	movw	r8, r24
 51a:	82 01       	movw	r16, r4
 51c:	f3 2d       	mov	r31, r3
 51e:	ff 77       	andi	r31, 0x7F	; 127
 520:	3f 2e       	mov	r3, r31
 522:	16 c0       	rjmp	.+44     	; 0x550 <__EEPROM_REGION_LENGTH__+0x150>
 524:	28 01       	movw	r4, r16
 526:	22 e0       	ldi	r18, 0x02	; 2
 528:	42 0e       	add	r4, r18
 52a:	51 1c       	adc	r5, r1
 52c:	f8 01       	movw	r30, r16
 52e:	a0 80       	ld	r10, Z
 530:	b1 80       	ldd	r11, Z+1	; 0x01
 532:	36 fe       	sbrs	r3, 6
 534:	03 c0       	rjmp	.+6      	; 0x53c <__EEPROM_REGION_LENGTH__+0x13c>
 536:	69 2d       	mov	r22, r9
 538:	70 e0       	ldi	r23, 0x00	; 0
 53a:	02 c0       	rjmp	.+4      	; 0x540 <__EEPROM_REGION_LENGTH__+0x140>
 53c:	6f ef       	ldi	r22, 0xFF	; 255
 53e:	7f ef       	ldi	r23, 0xFF	; 255
 540:	c5 01       	movw	r24, r10
 542:	0e 94 86 06 	call	0xd0c	; 0xd0c <strnlen_P>
 546:	4c 01       	movw	r8, r24
 548:	f3 2d       	mov	r31, r3
 54a:	f0 68       	ori	r31, 0x80	; 128
 54c:	3f 2e       	mov	r3, r31
 54e:	82 01       	movw	r16, r4
 550:	33 fc       	sbrc	r3, 3
 552:	1b c0       	rjmp	.+54     	; 0x58a <__EEPROM_REGION_LENGTH__+0x18a>
 554:	82 2d       	mov	r24, r2
 556:	90 e0       	ldi	r25, 0x00	; 0
 558:	88 16       	cp	r8, r24
 55a:	99 06       	cpc	r9, r25
 55c:	b0 f4       	brcc	.+44     	; 0x58a <__EEPROM_REGION_LENGTH__+0x18a>
 55e:	b6 01       	movw	r22, r12
 560:	80 e2       	ldi	r24, 0x20	; 32
 562:	90 e0       	ldi	r25, 0x00	; 0
 564:	0e 94 da 06 	call	0xdb4	; 0xdb4 <fputc>
 568:	2a 94       	dec	r2
 56a:	f4 cf       	rjmp	.-24     	; 0x554 <__EEPROM_REGION_LENGTH__+0x154>
 56c:	f5 01       	movw	r30, r10
 56e:	37 fc       	sbrc	r3, 7
 570:	85 91       	lpm	r24, Z+
 572:	37 fe       	sbrs	r3, 7
 574:	81 91       	ld	r24, Z+
 576:	5f 01       	movw	r10, r30
 578:	b6 01       	movw	r22, r12
 57a:	90 e0       	ldi	r25, 0x00	; 0
 57c:	0e 94 da 06 	call	0xdb4	; 0xdb4 <fputc>
 580:	21 10       	cpse	r2, r1
 582:	2a 94       	dec	r2
 584:	21 e0       	ldi	r18, 0x01	; 1
 586:	82 1a       	sub	r8, r18
 588:	91 08       	sbc	r9, r1
 58a:	81 14       	cp	r8, r1
 58c:	91 04       	cpc	r9, r1
 58e:	71 f7       	brne	.-36     	; 0x56c <__EEPROM_REGION_LENGTH__+0x16c>
 590:	e8 c0       	rjmp	.+464    	; 0x762 <__EEPROM_REGION_LENGTH__+0x362>
 592:	84 36       	cpi	r24, 0x64	; 100
 594:	11 f0       	breq	.+4      	; 0x59a <__EEPROM_REGION_LENGTH__+0x19a>
 596:	89 36       	cpi	r24, 0x69	; 105
 598:	41 f5       	brne	.+80     	; 0x5ea <__EEPROM_REGION_LENGTH__+0x1ea>
 59a:	f8 01       	movw	r30, r16
 59c:	37 fe       	sbrs	r3, 7
 59e:	07 c0       	rjmp	.+14     	; 0x5ae <__EEPROM_REGION_LENGTH__+0x1ae>
 5a0:	60 81       	ld	r22, Z
 5a2:	71 81       	ldd	r23, Z+1	; 0x01
 5a4:	82 81       	ldd	r24, Z+2	; 0x02
 5a6:	93 81       	ldd	r25, Z+3	; 0x03
 5a8:	0c 5f       	subi	r16, 0xFC	; 252
 5aa:	1f 4f       	sbci	r17, 0xFF	; 255
 5ac:	08 c0       	rjmp	.+16     	; 0x5be <__EEPROM_REGION_LENGTH__+0x1be>
 5ae:	60 81       	ld	r22, Z
 5b0:	71 81       	ldd	r23, Z+1	; 0x01
 5b2:	07 2e       	mov	r0, r23
 5b4:	00 0c       	add	r0, r0
 5b6:	88 0b       	sbc	r24, r24
 5b8:	99 0b       	sbc	r25, r25
 5ba:	0e 5f       	subi	r16, 0xFE	; 254
 5bc:	1f 4f       	sbci	r17, 0xFF	; 255
 5be:	f3 2d       	mov	r31, r3
 5c0:	ff 76       	andi	r31, 0x6F	; 111
 5c2:	3f 2e       	mov	r3, r31
 5c4:	97 ff       	sbrs	r25, 7
 5c6:	09 c0       	rjmp	.+18     	; 0x5da <__EEPROM_REGION_LENGTH__+0x1da>
 5c8:	90 95       	com	r25
 5ca:	80 95       	com	r24
 5cc:	70 95       	com	r23
 5ce:	61 95       	neg	r22
 5d0:	7f 4f       	sbci	r23, 0xFF	; 255
 5d2:	8f 4f       	sbci	r24, 0xFF	; 255
 5d4:	9f 4f       	sbci	r25, 0xFF	; 255
 5d6:	f0 68       	ori	r31, 0x80	; 128
 5d8:	3f 2e       	mov	r3, r31
 5da:	2a e0       	ldi	r18, 0x0A	; 10
 5dc:	30 e0       	ldi	r19, 0x00	; 0
 5de:	a3 01       	movw	r20, r6
 5e0:	0e 94 2f 07 	call	0xe5e	; 0xe5e <__ultoa_invert>
 5e4:	88 2e       	mov	r8, r24
 5e6:	86 18       	sub	r8, r6
 5e8:	45 c0       	rjmp	.+138    	; 0x674 <__EEPROM_REGION_LENGTH__+0x274>
 5ea:	85 37       	cpi	r24, 0x75	; 117
 5ec:	31 f4       	brne	.+12     	; 0x5fa <__EEPROM_REGION_LENGTH__+0x1fa>
 5ee:	23 2d       	mov	r18, r3
 5f0:	2f 7e       	andi	r18, 0xEF	; 239
 5f2:	b2 2e       	mov	r11, r18
 5f4:	2a e0       	ldi	r18, 0x0A	; 10
 5f6:	30 e0       	ldi	r19, 0x00	; 0
 5f8:	25 c0       	rjmp	.+74     	; 0x644 <__EEPROM_REGION_LENGTH__+0x244>
 5fa:	93 2d       	mov	r25, r3
 5fc:	99 7f       	andi	r25, 0xF9	; 249
 5fe:	b9 2e       	mov	r11, r25
 600:	8f 36       	cpi	r24, 0x6F	; 111
 602:	c1 f0       	breq	.+48     	; 0x634 <__EEPROM_REGION_LENGTH__+0x234>
 604:	18 f4       	brcc	.+6      	; 0x60c <__EEPROM_REGION_LENGTH__+0x20c>
 606:	88 35       	cpi	r24, 0x58	; 88
 608:	79 f0       	breq	.+30     	; 0x628 <__EEPROM_REGION_LENGTH__+0x228>
 60a:	b5 c0       	rjmp	.+362    	; 0x776 <__EEPROM_REGION_LENGTH__+0x376>
 60c:	80 37       	cpi	r24, 0x70	; 112
 60e:	19 f0       	breq	.+6      	; 0x616 <__EEPROM_REGION_LENGTH__+0x216>
 610:	88 37       	cpi	r24, 0x78	; 120
 612:	21 f0       	breq	.+8      	; 0x61c <__EEPROM_REGION_LENGTH__+0x21c>
 614:	b0 c0       	rjmp	.+352    	; 0x776 <__EEPROM_REGION_LENGTH__+0x376>
 616:	e9 2f       	mov	r30, r25
 618:	e0 61       	ori	r30, 0x10	; 16
 61a:	be 2e       	mov	r11, r30
 61c:	b4 fe       	sbrs	r11, 4
 61e:	0d c0       	rjmp	.+26     	; 0x63a <__EEPROM_REGION_LENGTH__+0x23a>
 620:	fb 2d       	mov	r31, r11
 622:	f4 60       	ori	r31, 0x04	; 4
 624:	bf 2e       	mov	r11, r31
 626:	09 c0       	rjmp	.+18     	; 0x63a <__EEPROM_REGION_LENGTH__+0x23a>
 628:	34 fe       	sbrs	r3, 4
 62a:	0a c0       	rjmp	.+20     	; 0x640 <__EEPROM_REGION_LENGTH__+0x240>
 62c:	29 2f       	mov	r18, r25
 62e:	26 60       	ori	r18, 0x06	; 6
 630:	b2 2e       	mov	r11, r18
 632:	06 c0       	rjmp	.+12     	; 0x640 <__EEPROM_REGION_LENGTH__+0x240>
 634:	28 e0       	ldi	r18, 0x08	; 8
 636:	30 e0       	ldi	r19, 0x00	; 0
 638:	05 c0       	rjmp	.+10     	; 0x644 <__EEPROM_REGION_LENGTH__+0x244>
 63a:	20 e1       	ldi	r18, 0x10	; 16
 63c:	30 e0       	ldi	r19, 0x00	; 0
 63e:	02 c0       	rjmp	.+4      	; 0x644 <__EEPROM_REGION_LENGTH__+0x244>
 640:	20 e1       	ldi	r18, 0x10	; 16
 642:	32 e0       	ldi	r19, 0x02	; 2
 644:	f8 01       	movw	r30, r16
 646:	b7 fe       	sbrs	r11, 7
 648:	07 c0       	rjmp	.+14     	; 0x658 <__EEPROM_REGION_LENGTH__+0x258>
 64a:	60 81       	ld	r22, Z
 64c:	71 81       	ldd	r23, Z+1	; 0x01
 64e:	82 81       	ldd	r24, Z+2	; 0x02
 650:	93 81       	ldd	r25, Z+3	; 0x03
 652:	0c 5f       	subi	r16, 0xFC	; 252
 654:	1f 4f       	sbci	r17, 0xFF	; 255
 656:	06 c0       	rjmp	.+12     	; 0x664 <__EEPROM_REGION_LENGTH__+0x264>
 658:	60 81       	ld	r22, Z
 65a:	71 81       	ldd	r23, Z+1	; 0x01
 65c:	80 e0       	ldi	r24, 0x00	; 0
 65e:	90 e0       	ldi	r25, 0x00	; 0
 660:	0e 5f       	subi	r16, 0xFE	; 254
 662:	1f 4f       	sbci	r17, 0xFF	; 255
 664:	a3 01       	movw	r20, r6
 666:	0e 94 2f 07 	call	0xe5e	; 0xe5e <__ultoa_invert>
 66a:	88 2e       	mov	r8, r24
 66c:	86 18       	sub	r8, r6
 66e:	fb 2d       	mov	r31, r11
 670:	ff 77       	andi	r31, 0x7F	; 127
 672:	3f 2e       	mov	r3, r31
 674:	36 fe       	sbrs	r3, 6
 676:	0d c0       	rjmp	.+26     	; 0x692 <__EEPROM_REGION_LENGTH__+0x292>
 678:	23 2d       	mov	r18, r3
 67a:	2e 7f       	andi	r18, 0xFE	; 254
 67c:	a2 2e       	mov	r10, r18
 67e:	89 14       	cp	r8, r9
 680:	58 f4       	brcc	.+22     	; 0x698 <__EEPROM_REGION_LENGTH__+0x298>
 682:	34 fe       	sbrs	r3, 4
 684:	0b c0       	rjmp	.+22     	; 0x69c <__EEPROM_REGION_LENGTH__+0x29c>
 686:	32 fc       	sbrc	r3, 2
 688:	09 c0       	rjmp	.+18     	; 0x69c <__EEPROM_REGION_LENGTH__+0x29c>
 68a:	83 2d       	mov	r24, r3
 68c:	8e 7e       	andi	r24, 0xEE	; 238
 68e:	a8 2e       	mov	r10, r24
 690:	05 c0       	rjmp	.+10     	; 0x69c <__EEPROM_REGION_LENGTH__+0x29c>
 692:	b8 2c       	mov	r11, r8
 694:	a3 2c       	mov	r10, r3
 696:	03 c0       	rjmp	.+6      	; 0x69e <__EEPROM_REGION_LENGTH__+0x29e>
 698:	b8 2c       	mov	r11, r8
 69a:	01 c0       	rjmp	.+2      	; 0x69e <__EEPROM_REGION_LENGTH__+0x29e>
 69c:	b9 2c       	mov	r11, r9
 69e:	a4 fe       	sbrs	r10, 4
 6a0:	0f c0       	rjmp	.+30     	; 0x6c0 <__EEPROM_REGION_LENGTH__+0x2c0>
 6a2:	fe 01       	movw	r30, r28
 6a4:	e8 0d       	add	r30, r8
 6a6:	f1 1d       	adc	r31, r1
 6a8:	80 81       	ld	r24, Z
 6aa:	80 33       	cpi	r24, 0x30	; 48
 6ac:	21 f4       	brne	.+8      	; 0x6b6 <__EEPROM_REGION_LENGTH__+0x2b6>
 6ae:	9a 2d       	mov	r25, r10
 6b0:	99 7e       	andi	r25, 0xE9	; 233
 6b2:	a9 2e       	mov	r10, r25
 6b4:	09 c0       	rjmp	.+18     	; 0x6c8 <__EEPROM_REGION_LENGTH__+0x2c8>
 6b6:	a2 fe       	sbrs	r10, 2
 6b8:	06 c0       	rjmp	.+12     	; 0x6c6 <__EEPROM_REGION_LENGTH__+0x2c6>
 6ba:	b3 94       	inc	r11
 6bc:	b3 94       	inc	r11
 6be:	04 c0       	rjmp	.+8      	; 0x6c8 <__EEPROM_REGION_LENGTH__+0x2c8>
 6c0:	8a 2d       	mov	r24, r10
 6c2:	86 78       	andi	r24, 0x86	; 134
 6c4:	09 f0       	breq	.+2      	; 0x6c8 <__EEPROM_REGION_LENGTH__+0x2c8>
 6c6:	b3 94       	inc	r11
 6c8:	a3 fc       	sbrc	r10, 3
 6ca:	11 c0       	rjmp	.+34     	; 0x6ee <__EEPROM_REGION_LENGTH__+0x2ee>
 6cc:	a0 fe       	sbrs	r10, 0
 6ce:	06 c0       	rjmp	.+12     	; 0x6dc <__EEPROM_REGION_LENGTH__+0x2dc>
 6d0:	b2 14       	cp	r11, r2
 6d2:	88 f4       	brcc	.+34     	; 0x6f6 <__EEPROM_REGION_LENGTH__+0x2f6>
 6d4:	28 0c       	add	r2, r8
 6d6:	92 2c       	mov	r9, r2
 6d8:	9b 18       	sub	r9, r11
 6da:	0e c0       	rjmp	.+28     	; 0x6f8 <__EEPROM_REGION_LENGTH__+0x2f8>
 6dc:	b2 14       	cp	r11, r2
 6de:	60 f4       	brcc	.+24     	; 0x6f8 <__EEPROM_REGION_LENGTH__+0x2f8>
 6e0:	b6 01       	movw	r22, r12
 6e2:	80 e2       	ldi	r24, 0x20	; 32
 6e4:	90 e0       	ldi	r25, 0x00	; 0
 6e6:	0e 94 da 06 	call	0xdb4	; 0xdb4 <fputc>
 6ea:	b3 94       	inc	r11
 6ec:	f7 cf       	rjmp	.-18     	; 0x6dc <__EEPROM_REGION_LENGTH__+0x2dc>
 6ee:	b2 14       	cp	r11, r2
 6f0:	18 f4       	brcc	.+6      	; 0x6f8 <__EEPROM_REGION_LENGTH__+0x2f8>
 6f2:	2b 18       	sub	r2, r11
 6f4:	02 c0       	rjmp	.+4      	; 0x6fa <__EEPROM_REGION_LENGTH__+0x2fa>
 6f6:	98 2c       	mov	r9, r8
 6f8:	21 2c       	mov	r2, r1
 6fa:	a4 fe       	sbrs	r10, 4
 6fc:	10 c0       	rjmp	.+32     	; 0x71e <__EEPROM_REGION_LENGTH__+0x31e>
 6fe:	b6 01       	movw	r22, r12
 700:	80 e3       	ldi	r24, 0x30	; 48
 702:	90 e0       	ldi	r25, 0x00	; 0
 704:	0e 94 da 06 	call	0xdb4	; 0xdb4 <fputc>
 708:	a2 fe       	sbrs	r10, 2
 70a:	17 c0       	rjmp	.+46     	; 0x73a <__EEPROM_REGION_LENGTH__+0x33a>
 70c:	a1 fc       	sbrc	r10, 1
 70e:	03 c0       	rjmp	.+6      	; 0x716 <__EEPROM_REGION_LENGTH__+0x316>
 710:	88 e7       	ldi	r24, 0x78	; 120
 712:	90 e0       	ldi	r25, 0x00	; 0
 714:	02 c0       	rjmp	.+4      	; 0x71a <__EEPROM_REGION_LENGTH__+0x31a>
 716:	88 e5       	ldi	r24, 0x58	; 88
 718:	90 e0       	ldi	r25, 0x00	; 0
 71a:	b6 01       	movw	r22, r12
 71c:	0c c0       	rjmp	.+24     	; 0x736 <__EEPROM_REGION_LENGTH__+0x336>
 71e:	8a 2d       	mov	r24, r10
 720:	86 78       	andi	r24, 0x86	; 134
 722:	59 f0       	breq	.+22     	; 0x73a <__EEPROM_REGION_LENGTH__+0x33a>
 724:	a1 fe       	sbrs	r10, 1
 726:	02 c0       	rjmp	.+4      	; 0x72c <__EEPROM_REGION_LENGTH__+0x32c>
 728:	8b e2       	ldi	r24, 0x2B	; 43
 72a:	01 c0       	rjmp	.+2      	; 0x72e <__EEPROM_REGION_LENGTH__+0x32e>
 72c:	80 e2       	ldi	r24, 0x20	; 32
 72e:	a7 fc       	sbrc	r10, 7
 730:	8d e2       	ldi	r24, 0x2D	; 45
 732:	b6 01       	movw	r22, r12
 734:	90 e0       	ldi	r25, 0x00	; 0
 736:	0e 94 da 06 	call	0xdb4	; 0xdb4 <fputc>
 73a:	89 14       	cp	r8, r9
 73c:	38 f4       	brcc	.+14     	; 0x74c <__EEPROM_REGION_LENGTH__+0x34c>
 73e:	b6 01       	movw	r22, r12
 740:	80 e3       	ldi	r24, 0x30	; 48
 742:	90 e0       	ldi	r25, 0x00	; 0
 744:	0e 94 da 06 	call	0xdb4	; 0xdb4 <fputc>
 748:	9a 94       	dec	r9
 74a:	f7 cf       	rjmp	.-18     	; 0x73a <__EEPROM_REGION_LENGTH__+0x33a>
 74c:	8a 94       	dec	r8
 74e:	f3 01       	movw	r30, r6
 750:	e8 0d       	add	r30, r8
 752:	f1 1d       	adc	r31, r1
 754:	80 81       	ld	r24, Z
 756:	b6 01       	movw	r22, r12
 758:	90 e0       	ldi	r25, 0x00	; 0
 75a:	0e 94 da 06 	call	0xdb4	; 0xdb4 <fputc>
 75e:	81 10       	cpse	r8, r1
 760:	f5 cf       	rjmp	.-22     	; 0x74c <__EEPROM_REGION_LENGTH__+0x34c>
 762:	22 20       	and	r2, r2
 764:	09 f4       	brne	.+2      	; 0x768 <__EEPROM_REGION_LENGTH__+0x368>
 766:	42 ce       	rjmp	.-892    	; 0x3ec <vfprintf+0x24>
 768:	b6 01       	movw	r22, r12
 76a:	80 e2       	ldi	r24, 0x20	; 32
 76c:	90 e0       	ldi	r25, 0x00	; 0
 76e:	0e 94 da 06 	call	0xdb4	; 0xdb4 <fputc>
 772:	2a 94       	dec	r2
 774:	f6 cf       	rjmp	.-20     	; 0x762 <__EEPROM_REGION_LENGTH__+0x362>
 776:	f6 01       	movw	r30, r12
 778:	86 81       	ldd	r24, Z+6	; 0x06
 77a:	97 81       	ldd	r25, Z+7	; 0x07
 77c:	02 c0       	rjmp	.+4      	; 0x782 <__EEPROM_REGION_LENGTH__+0x382>
 77e:	8f ef       	ldi	r24, 0xFF	; 255
 780:	9f ef       	ldi	r25, 0xFF	; 255
 782:	2b 96       	adiw	r28, 0x0b	; 11
 784:	e2 e1       	ldi	r30, 0x12	; 18
 786:	0c 94 ac 07 	jmp	0xf58	; 0xf58 <__epilogue_restores__>

0000078a <putval>:
 78a:	20 fd       	sbrc	r18, 0
 78c:	09 c0       	rjmp	.+18     	; 0x7a0 <putval+0x16>
 78e:	fc 01       	movw	r30, r24
 790:	23 fd       	sbrc	r18, 3
 792:	05 c0       	rjmp	.+10     	; 0x79e <putval+0x14>
 794:	22 ff       	sbrs	r18, 2
 796:	02 c0       	rjmp	.+4      	; 0x79c <putval+0x12>
 798:	73 83       	std	Z+3, r23	; 0x03
 79a:	62 83       	std	Z+2, r22	; 0x02
 79c:	51 83       	std	Z+1, r21	; 0x01
 79e:	40 83       	st	Z, r20
 7a0:	08 95       	ret

000007a2 <mulacc>:
 7a2:	44 fd       	sbrc	r20, 4
 7a4:	17 c0       	rjmp	.+46     	; 0x7d4 <mulacc+0x32>
 7a6:	46 fd       	sbrc	r20, 6
 7a8:	17 c0       	rjmp	.+46     	; 0x7d8 <mulacc+0x36>
 7aa:	ab 01       	movw	r20, r22
 7ac:	bc 01       	movw	r22, r24
 7ae:	da 01       	movw	r26, r20
 7b0:	fb 01       	movw	r30, r22
 7b2:	aa 0f       	add	r26, r26
 7b4:	bb 1f       	adc	r27, r27
 7b6:	ee 1f       	adc	r30, r30
 7b8:	ff 1f       	adc	r31, r31
 7ba:	10 94       	com	r1
 7bc:	d1 f7       	brne	.-12     	; 0x7b2 <mulacc+0x10>
 7be:	4a 0f       	add	r20, r26
 7c0:	5b 1f       	adc	r21, r27
 7c2:	6e 1f       	adc	r22, r30
 7c4:	7f 1f       	adc	r23, r31
 7c6:	cb 01       	movw	r24, r22
 7c8:	ba 01       	movw	r22, r20
 7ca:	66 0f       	add	r22, r22
 7cc:	77 1f       	adc	r23, r23
 7ce:	88 1f       	adc	r24, r24
 7d0:	99 1f       	adc	r25, r25
 7d2:	09 c0       	rjmp	.+18     	; 0x7e6 <mulacc+0x44>
 7d4:	33 e0       	ldi	r19, 0x03	; 3
 7d6:	01 c0       	rjmp	.+2      	; 0x7da <mulacc+0x38>
 7d8:	34 e0       	ldi	r19, 0x04	; 4
 7da:	66 0f       	add	r22, r22
 7dc:	77 1f       	adc	r23, r23
 7de:	88 1f       	adc	r24, r24
 7e0:	99 1f       	adc	r25, r25
 7e2:	31 50       	subi	r19, 0x01	; 1
 7e4:	d1 f7       	brne	.-12     	; 0x7da <mulacc+0x38>
 7e6:	62 0f       	add	r22, r18
 7e8:	71 1d       	adc	r23, r1
 7ea:	81 1d       	adc	r24, r1
 7ec:	91 1d       	adc	r25, r1
 7ee:	08 95       	ret

000007f0 <skip_spaces>:
 7f0:	0f 93       	push	r16
 7f2:	1f 93       	push	r17
 7f4:	cf 93       	push	r28
 7f6:	df 93       	push	r29
 7f8:	8c 01       	movw	r16, r24
 7fa:	c8 01       	movw	r24, r16
 7fc:	0e 94 9c 06 	call	0xd38	; 0xd38 <fgetc>
 800:	ec 01       	movw	r28, r24
 802:	97 fd       	sbrc	r25, 7
 804:	08 c0       	rjmp	.+16     	; 0x816 <__DATA_REGION_LENGTH__+0x16>
 806:	0e 94 72 06 	call	0xce4	; 0xce4 <isspace>
 80a:	89 2b       	or	r24, r25
 80c:	b1 f7       	brne	.-20     	; 0x7fa <skip_spaces+0xa>
 80e:	b8 01       	movw	r22, r16
 810:	ce 01       	movw	r24, r28
 812:	0e 94 16 07 	call	0xe2c	; 0xe2c <ungetc>
 816:	ce 01       	movw	r24, r28
 818:	df 91       	pop	r29
 81a:	cf 91       	pop	r28
 81c:	1f 91       	pop	r17
 81e:	0f 91       	pop	r16
 820:	08 95       	ret

00000822 <conv_int>:
 822:	8f 92       	push	r8
 824:	9f 92       	push	r9
 826:	af 92       	push	r10
 828:	bf 92       	push	r11
 82a:	ef 92       	push	r14
 82c:	ff 92       	push	r15
 82e:	0f 93       	push	r16
 830:	1f 93       	push	r17
 832:	cf 93       	push	r28
 834:	df 93       	push	r29
 836:	8c 01       	movw	r16, r24
 838:	d6 2f       	mov	r29, r22
 83a:	7a 01       	movw	r14, r20
 83c:	b2 2e       	mov	r11, r18
 83e:	0e 94 9c 06 	call	0xd38	; 0xd38 <fgetc>
 842:	9c 01       	movw	r18, r24
 844:	33 27       	eor	r19, r19
 846:	2b 32       	cpi	r18, 0x2B	; 43
 848:	31 05       	cpc	r19, r1
 84a:	31 f0       	breq	.+12     	; 0x858 <conv_int+0x36>
 84c:	2d 32       	cpi	r18, 0x2D	; 45
 84e:	31 05       	cpc	r19, r1
 850:	61 f4       	brne	.+24     	; 0x86a <conv_int+0x48>
 852:	8b 2d       	mov	r24, r11
 854:	80 68       	ori	r24, 0x80	; 128
 856:	b8 2e       	mov	r11, r24
 858:	d1 50       	subi	r29, 0x01	; 1
 85a:	11 f4       	brne	.+4      	; 0x860 <conv_int+0x3e>
 85c:	80 e0       	ldi	r24, 0x00	; 0
 85e:	68 c0       	rjmp	.+208    	; 0x930 <__stack+0x31>
 860:	c8 01       	movw	r24, r16
 862:	0e 94 9c 06 	call	0xd38	; 0xd38 <fgetc>
 866:	97 fd       	sbrc	r25, 7
 868:	f9 cf       	rjmp	.-14     	; 0x85c <conv_int+0x3a>
 86a:	cb 2d       	mov	r28, r11
 86c:	cd 7f       	andi	r28, 0xFD	; 253
 86e:	2b 2d       	mov	r18, r11
 870:	20 73       	andi	r18, 0x30	; 48
 872:	09 f5       	brne	.+66     	; 0x8b6 <conv_int+0x94>
 874:	80 33       	cpi	r24, 0x30	; 48
 876:	f9 f4       	brne	.+62     	; 0x8b6 <conv_int+0x94>
 878:	aa 24       	eor	r10, r10
 87a:	aa 94       	dec	r10
 87c:	ad 0e       	add	r10, r29
 87e:	09 f4       	brne	.+2      	; 0x882 <conv_int+0x60>
 880:	43 c0       	rjmp	.+134    	; 0x908 <__stack+0x9>
 882:	c8 01       	movw	r24, r16
 884:	0e 94 9c 06 	call	0xd38	; 0xd38 <fgetc>
 888:	97 fd       	sbrc	r25, 7
 88a:	3e c0       	rjmp	.+124    	; 0x908 <__stack+0x9>
 88c:	9c 01       	movw	r18, r24
 88e:	2f 7d       	andi	r18, 0xDF	; 223
 890:	33 27       	eor	r19, r19
 892:	28 35       	cpi	r18, 0x58	; 88
 894:	31 05       	cpc	r19, r1
 896:	49 f4       	brne	.+18     	; 0x8aa <conv_int+0x88>
 898:	c2 64       	ori	r28, 0x42	; 66
 89a:	d2 50       	subi	r29, 0x02	; 2
 89c:	a9 f1       	breq	.+106    	; 0x908 <__stack+0x9>
 89e:	c8 01       	movw	r24, r16
 8a0:	0e 94 9c 06 	call	0xd38	; 0xd38 <fgetc>
 8a4:	97 ff       	sbrs	r25, 7
 8a6:	07 c0       	rjmp	.+14     	; 0x8b6 <conv_int+0x94>
 8a8:	2f c0       	rjmp	.+94     	; 0x908 <__stack+0x9>
 8aa:	b6 fe       	sbrs	r11, 6
 8ac:	02 c0       	rjmp	.+4      	; 0x8b2 <conv_int+0x90>
 8ae:	c2 60       	ori	r28, 0x02	; 2
 8b0:	01 c0       	rjmp	.+2      	; 0x8b4 <conv_int+0x92>
 8b2:	c2 61       	ori	r28, 0x12	; 18
 8b4:	da 2d       	mov	r29, r10
 8b6:	81 2c       	mov	r8, r1
 8b8:	91 2c       	mov	r9, r1
 8ba:	54 01       	movw	r10, r8
 8bc:	20 ed       	ldi	r18, 0xD0	; 208
 8be:	28 0f       	add	r18, r24
 8c0:	28 30       	cpi	r18, 0x08	; 8
 8c2:	80 f0       	brcs	.+32     	; 0x8e4 <conv_int+0xc2>
 8c4:	c4 ff       	sbrs	r28, 4
 8c6:	04 c0       	rjmp	.+8      	; 0x8d0 <conv_int+0xae>
 8c8:	b8 01       	movw	r22, r16
 8ca:	0e 94 16 07 	call	0xe2c	; 0xe2c <ungetc>
 8ce:	19 c0       	rjmp	.+50     	; 0x902 <__stack+0x3>
 8d0:	2a 30       	cpi	r18, 0x0A	; 10
 8d2:	40 f0       	brcs	.+16     	; 0x8e4 <conv_int+0xc2>
 8d4:	c6 ff       	sbrs	r28, 6
 8d6:	f8 cf       	rjmp	.-16     	; 0x8c8 <conv_int+0xa6>
 8d8:	2f 7d       	andi	r18, 0xDF	; 223
 8da:	3f ee       	ldi	r19, 0xEF	; 239
 8dc:	32 0f       	add	r19, r18
 8de:	36 30       	cpi	r19, 0x06	; 6
 8e0:	98 f7       	brcc	.-26     	; 0x8c8 <conv_int+0xa6>
 8e2:	27 50       	subi	r18, 0x07	; 7
 8e4:	4c 2f       	mov	r20, r28
 8e6:	c5 01       	movw	r24, r10
 8e8:	b4 01       	movw	r22, r8
 8ea:	0e 94 d1 03 	call	0x7a2	; 0x7a2 <mulacc>
 8ee:	4b 01       	movw	r8, r22
 8f0:	5c 01       	movw	r10, r24
 8f2:	c2 60       	ori	r28, 0x02	; 2
 8f4:	d1 50       	subi	r29, 0x01	; 1
 8f6:	59 f0       	breq	.+22     	; 0x90e <__stack+0xf>
 8f8:	c8 01       	movw	r24, r16
 8fa:	0e 94 9c 06 	call	0xd38	; 0xd38 <fgetc>
 8fe:	97 ff       	sbrs	r25, 7
 900:	dd cf       	rjmp	.-70     	; 0x8bc <conv_int+0x9a>
 902:	c1 fd       	sbrc	r28, 1
 904:	04 c0       	rjmp	.+8      	; 0x90e <__stack+0xf>
 906:	aa cf       	rjmp	.-172    	; 0x85c <conv_int+0x3a>
 908:	81 2c       	mov	r8, r1
 90a:	91 2c       	mov	r9, r1
 90c:	54 01       	movw	r10, r8
 90e:	c7 ff       	sbrs	r28, 7
 910:	08 c0       	rjmp	.+16     	; 0x922 <__stack+0x23>
 912:	b0 94       	com	r11
 914:	a0 94       	com	r10
 916:	90 94       	com	r9
 918:	80 94       	com	r8
 91a:	81 1c       	adc	r8, r1
 91c:	91 1c       	adc	r9, r1
 91e:	a1 1c       	adc	r10, r1
 920:	b1 1c       	adc	r11, r1
 922:	2c 2f       	mov	r18, r28
 924:	b5 01       	movw	r22, r10
 926:	a4 01       	movw	r20, r8
 928:	c7 01       	movw	r24, r14
 92a:	0e 94 c5 03 	call	0x78a	; 0x78a <putval>
 92e:	81 e0       	ldi	r24, 0x01	; 1
 930:	df 91       	pop	r29
 932:	cf 91       	pop	r28
 934:	1f 91       	pop	r17
 936:	0f 91       	pop	r16
 938:	ff 90       	pop	r15
 93a:	ef 90       	pop	r14
 93c:	bf 90       	pop	r11
 93e:	af 90       	pop	r10
 940:	9f 90       	pop	r9
 942:	8f 90       	pop	r8
 944:	08 95       	ret

00000946 <conv_brk>:
 946:	a0 e2       	ldi	r26, 0x20	; 32
 948:	b0 e0       	ldi	r27, 0x00	; 0
 94a:	e9 ea       	ldi	r30, 0xA9	; 169
 94c:	f4 e0       	ldi	r31, 0x04	; 4
 94e:	0c 94 93 07 	jmp	0xf26	; 0xf26 <__prologue_saves__+0x6>
 952:	5c 01       	movw	r10, r24
 954:	96 2e       	mov	r9, r22
 956:	7a 01       	movw	r14, r20
 958:	f9 01       	movw	r30, r18
 95a:	8e 01       	movw	r16, r28
 95c:	0f 5f       	subi	r16, 0xFF	; 255
 95e:	1f 4f       	sbci	r17, 0xFF	; 255
 960:	68 01       	movw	r12, r16
 962:	80 e2       	ldi	r24, 0x20	; 32
 964:	d8 01       	movw	r26, r16
 966:	1d 92       	st	X+, r1
 968:	8a 95       	dec	r24
 96a:	e9 f7       	brne	.-6      	; 0x966 <conv_brk+0x20>
 96c:	d5 01       	movw	r26, r10
 96e:	13 96       	adiw	r26, 0x03	; 3
 970:	8c 90       	ld	r8, X
 972:	80 e0       	ldi	r24, 0x00	; 0
 974:	90 e0       	ldi	r25, 0x00	; 0
 976:	61 2c       	mov	r6, r1
 978:	71 2c       	mov	r7, r1
 97a:	30 e0       	ldi	r19, 0x00	; 0
 97c:	61 e0       	ldi	r22, 0x01	; 1
 97e:	70 e0       	ldi	r23, 0x00	; 0
 980:	83 fc       	sbrc	r8, 3
 982:	25 91       	lpm	r18, Z+
 984:	83 fe       	sbrs	r8, 3
 986:	21 91       	ld	r18, Z+
 988:	8f 01       	movw	r16, r30
 98a:	52 2e       	mov	r5, r18
 98c:	21 11       	cpse	r18, r1
 98e:	03 c0       	rjmp	.+6      	; 0x996 <conv_brk+0x50>
 990:	80 e0       	ldi	r24, 0x00	; 0
 992:	90 e0       	ldi	r25, 0x00	; 0
 994:	92 c0       	rjmp	.+292    	; 0xaba <conv_brk+0x174>
 996:	2e 35       	cpi	r18, 0x5E	; 94
 998:	11 f4       	brne	.+4      	; 0x99e <conv_brk+0x58>
 99a:	00 97       	sbiw	r24, 0x00	; 0
 99c:	51 f1       	breq	.+84     	; 0x9f2 <conv_brk+0xac>
 99e:	43 2f       	mov	r20, r19
 9a0:	50 e0       	ldi	r21, 0x00	; 0
 9a2:	48 17       	cp	r20, r24
 9a4:	59 07       	cpc	r21, r25
 9a6:	3c f4       	brge	.+14     	; 0x9b6 <conv_brk+0x70>
 9a8:	2d 35       	cpi	r18, 0x5D	; 93
 9aa:	59 f1       	breq	.+86     	; 0xa02 <conv_brk+0xbc>
 9ac:	2d 32       	cpi	r18, 0x2D	; 45
 9ae:	19 f4       	brne	.+6      	; 0x9b6 <conv_brk+0x70>
 9b0:	77 20       	and	r7, r7
 9b2:	09 f1       	breq	.+66     	; 0x9f6 <conv_brk+0xb0>
 9b4:	03 c0       	rjmp	.+6      	; 0x9bc <conv_brk+0x76>
 9b6:	77 20       	and	r7, r7
 9b8:	09 f4       	brne	.+2      	; 0x9bc <conv_brk+0x76>
 9ba:	6a c0       	rjmp	.+212    	; 0xa90 <conv_brk+0x14a>
 9bc:	45 2d       	mov	r20, r5
 9be:	46 95       	lsr	r20
 9c0:	46 95       	lsr	r20
 9c2:	46 95       	lsr	r20
 9c4:	d6 01       	movw	r26, r12
 9c6:	a4 0f       	add	r26, r20
 9c8:	b1 1d       	adc	r27, r1
 9ca:	45 2d       	mov	r20, r5
 9cc:	47 70       	andi	r20, 0x07	; 7
 9ce:	8b 01       	movw	r16, r22
 9d0:	02 c0       	rjmp	.+4      	; 0x9d6 <conv_brk+0x90>
 9d2:	00 0f       	add	r16, r16
 9d4:	11 1f       	adc	r17, r17
 9d6:	4a 95       	dec	r20
 9d8:	e2 f7       	brpl	.-8      	; 0x9d2 <conv_brk+0x8c>
 9da:	a8 01       	movw	r20, r16
 9dc:	5c 91       	ld	r21, X
 9de:	45 2b       	or	r20, r21
 9e0:	4c 93       	st	X, r20
 9e2:	65 14       	cp	r6, r5
 9e4:	59 f0       	breq	.+22     	; 0x9fc <conv_brk+0xb6>
 9e6:	56 14       	cp	r5, r6
 9e8:	10 f4       	brcc	.+4      	; 0x9ee <conv_brk+0xa8>
 9ea:	53 94       	inc	r5
 9ec:	e7 cf       	rjmp	.-50     	; 0x9bc <conv_brk+0x76>
 9ee:	5a 94       	dec	r5
 9f0:	e5 cf       	rjmp	.-54     	; 0x9bc <conv_brk+0x76>
 9f2:	31 e0       	ldi	r19, 0x01	; 1
 9f4:	04 c0       	rjmp	.+8      	; 0x9fe <conv_brk+0xb8>
 9f6:	77 24       	eor	r7, r7
 9f8:	73 94       	inc	r7
 9fa:	01 c0       	rjmp	.+2      	; 0x9fe <conv_brk+0xb8>
 9fc:	71 2c       	mov	r7, r1
 9fe:	01 96       	adiw	r24, 0x01	; 1
 a00:	bf cf       	rjmp	.-130    	; 0x980 <conv_brk+0x3a>
 a02:	77 20       	and	r7, r7
 a04:	19 f0       	breq	.+6      	; 0xa0c <conv_brk+0xc6>
 a06:	8e 81       	ldd	r24, Y+6	; 0x06
 a08:	80 62       	ori	r24, 0x20	; 32
 a0a:	8e 83       	std	Y+6, r24	; 0x06
 a0c:	31 11       	cpse	r19, r1
 a0e:	03 c0       	rjmp	.+6      	; 0xa16 <conv_brk+0xd0>
 a10:	88 24       	eor	r8, r8
 a12:	83 94       	inc	r8
 a14:	17 c0       	rjmp	.+46     	; 0xa44 <conv_brk+0xfe>
 a16:	f6 01       	movw	r30, r12
 a18:	9e 01       	movw	r18, r28
 a1a:	2f 5d       	subi	r18, 0xDF	; 223
 a1c:	3f 4f       	sbci	r19, 0xFF	; 255
 a1e:	80 81       	ld	r24, Z
 a20:	80 95       	com	r24
 a22:	81 93       	st	Z+, r24
 a24:	2e 17       	cp	r18, r30
 a26:	3f 07       	cpc	r19, r31
 a28:	d1 f7       	brne	.-12     	; 0xa1e <conv_brk+0xd8>
 a2a:	f2 cf       	rjmp	.-28     	; 0xa10 <conv_brk+0xca>
 a2c:	e1 14       	cp	r14, r1
 a2e:	f1 04       	cpc	r15, r1
 a30:	29 f0       	breq	.+10     	; 0xa3c <conv_brk+0xf6>
 a32:	d7 01       	movw	r26, r14
 a34:	8c 93       	st	X, r24
 a36:	f7 01       	movw	r30, r14
 a38:	31 96       	adiw	r30, 0x01	; 1
 a3a:	7f 01       	movw	r14, r30
 a3c:	9a 94       	dec	r9
 a3e:	81 2c       	mov	r8, r1
 a40:	99 20       	and	r9, r9
 a42:	f9 f0       	breq	.+62     	; 0xa82 <conv_brk+0x13c>
 a44:	c5 01       	movw	r24, r10
 a46:	0e 94 9c 06 	call	0xd38	; 0xd38 <fgetc>
 a4a:	97 fd       	sbrc	r25, 7
 a4c:	18 c0       	rjmp	.+48     	; 0xa7e <conv_brk+0x138>
 a4e:	fc 01       	movw	r30, r24
 a50:	ff 27       	eor	r31, r31
 a52:	23 e0       	ldi	r18, 0x03	; 3
 a54:	f5 95       	asr	r31
 a56:	e7 95       	ror	r30
 a58:	2a 95       	dec	r18
 a5a:	e1 f7       	brne	.-8      	; 0xa54 <conv_brk+0x10e>
 a5c:	ec 0d       	add	r30, r12
 a5e:	fd 1d       	adc	r31, r13
 a60:	20 81       	ld	r18, Z
 a62:	30 e0       	ldi	r19, 0x00	; 0
 a64:	ac 01       	movw	r20, r24
 a66:	47 70       	andi	r20, 0x07	; 7
 a68:	55 27       	eor	r21, r21
 a6a:	02 c0       	rjmp	.+4      	; 0xa70 <conv_brk+0x12a>
 a6c:	35 95       	asr	r19
 a6e:	27 95       	ror	r18
 a70:	4a 95       	dec	r20
 a72:	e2 f7       	brpl	.-8      	; 0xa6c <conv_brk+0x126>
 a74:	20 fd       	sbrc	r18, 0
 a76:	da cf       	rjmp	.-76     	; 0xa2c <conv_brk+0xe6>
 a78:	b5 01       	movw	r22, r10
 a7a:	0e 94 16 07 	call	0xe2c	; 0xe2c <ungetc>
 a7e:	81 10       	cpse	r8, r1
 a80:	87 cf       	rjmp	.-242    	; 0x990 <conv_brk+0x4a>
 a82:	e1 14       	cp	r14, r1
 a84:	f1 04       	cpc	r15, r1
 a86:	11 f0       	breq	.+4      	; 0xa8c <conv_brk+0x146>
 a88:	d7 01       	movw	r26, r14
 a8a:	1c 92       	st	X, r1
 a8c:	c8 01       	movw	r24, r16
 a8e:	15 c0       	rjmp	.+42     	; 0xaba <conv_brk+0x174>
 a90:	42 2f       	mov	r20, r18
 a92:	46 95       	lsr	r20
 a94:	46 95       	lsr	r20
 a96:	46 95       	lsr	r20
 a98:	d6 01       	movw	r26, r12
 a9a:	a4 0f       	add	r26, r20
 a9c:	b1 1d       	adc	r27, r1
 a9e:	42 2f       	mov	r20, r18
 aa0:	47 70       	andi	r20, 0x07	; 7
 aa2:	8b 01       	movw	r16, r22
 aa4:	02 c0       	rjmp	.+4      	; 0xaaa <conv_brk+0x164>
 aa6:	00 0f       	add	r16, r16
 aa8:	11 1f       	adc	r17, r17
 aaa:	4a 95       	dec	r20
 aac:	e2 f7       	brpl	.-8      	; 0xaa6 <conv_brk+0x160>
 aae:	a8 01       	movw	r20, r16
 ab0:	5c 91       	ld	r21, X
 ab2:	45 2b       	or	r20, r21
 ab4:	4c 93       	st	X, r20
 ab6:	62 2e       	mov	r6, r18
 ab8:	a2 cf       	rjmp	.-188    	; 0x9fe <conv_brk+0xb8>
 aba:	a0 96       	adiw	r28, 0x20	; 32
 abc:	ef e0       	ldi	r30, 0x0F	; 15
 abe:	0c 94 af 07 	jmp	0xf5e	; 0xf5e <__epilogue_restores__+0x6>

00000ac2 <vfscanf>:
 ac2:	a0 e0       	ldi	r26, 0x00	; 0
 ac4:	b0 e0       	ldi	r27, 0x00	; 0
 ac6:	e7 e6       	ldi	r30, 0x67	; 103
 ac8:	f5 e0       	ldi	r31, 0x05	; 5
 aca:	0c 94 93 07 	jmp	0xf26	; 0xf26 <__prologue_saves__+0x6>
 ace:	6c 01       	movw	r12, r24
 ad0:	eb 01       	movw	r28, r22
 ad2:	5a 01       	movw	r10, r20
 ad4:	fc 01       	movw	r30, r24
 ad6:	17 82       	std	Z+7, r1	; 0x07
 ad8:	16 82       	std	Z+6, r1	; 0x06
 ada:	51 2c       	mov	r5, r1
 adc:	f6 01       	movw	r30, r12
 ade:	e3 80       	ldd	r14, Z+3	; 0x03
 ae0:	fe 01       	movw	r30, r28
 ae2:	e3 fc       	sbrc	r14, 3
 ae4:	85 91       	lpm	r24, Z+
 ae6:	e3 fe       	sbrs	r14, 3
 ae8:	81 91       	ld	r24, Z+
 aea:	18 2f       	mov	r17, r24
 aec:	ef 01       	movw	r28, r30
 aee:	88 23       	and	r24, r24
 af0:	09 f4       	brne	.+2      	; 0xaf4 <vfscanf+0x32>
 af2:	ee c0       	rjmp	.+476    	; 0xcd0 <vfscanf+0x20e>
 af4:	90 e0       	ldi	r25, 0x00	; 0
 af6:	0e 94 72 06 	call	0xce4	; 0xce4 <isspace>
 afa:	89 2b       	or	r24, r25
 afc:	21 f0       	breq	.+8      	; 0xb06 <vfscanf+0x44>
 afe:	c6 01       	movw	r24, r12
 b00:	0e 94 f8 03 	call	0x7f0	; 0x7f0 <skip_spaces>
 b04:	eb cf       	rjmp	.-42     	; 0xadc <vfscanf+0x1a>
 b06:	15 32       	cpi	r17, 0x25	; 37
 b08:	41 f4       	brne	.+16     	; 0xb1a <vfscanf+0x58>
 b0a:	fe 01       	movw	r30, r28
 b0c:	e3 fc       	sbrc	r14, 3
 b0e:	15 91       	lpm	r17, Z+
 b10:	e3 fe       	sbrs	r14, 3
 b12:	11 91       	ld	r17, Z+
 b14:	ef 01       	movw	r28, r30
 b16:	15 32       	cpi	r17, 0x25	; 37
 b18:	81 f4       	brne	.+32     	; 0xb3a <vfscanf+0x78>
 b1a:	c6 01       	movw	r24, r12
 b1c:	0e 94 9c 06 	call	0xd38	; 0xd38 <fgetc>
 b20:	97 fd       	sbrc	r25, 7
 b22:	d4 c0       	rjmp	.+424    	; 0xccc <vfscanf+0x20a>
 b24:	41 2f       	mov	r20, r17
 b26:	50 e0       	ldi	r21, 0x00	; 0
 b28:	9c 01       	movw	r18, r24
 b2a:	33 27       	eor	r19, r19
 b2c:	24 17       	cp	r18, r20
 b2e:	35 07       	cpc	r19, r21
 b30:	a9 f2       	breq	.-86     	; 0xadc <vfscanf+0x1a>
 b32:	b6 01       	movw	r22, r12
 b34:	0e 94 16 07 	call	0xe2c	; 0xe2c <ungetc>
 b38:	cb c0       	rjmp	.+406    	; 0xcd0 <vfscanf+0x20e>
 b3a:	1a 32       	cpi	r17, 0x2A	; 42
 b3c:	39 f4       	brne	.+14     	; 0xb4c <vfscanf+0x8a>
 b3e:	e3 fc       	sbrc	r14, 3
 b40:	15 91       	lpm	r17, Z+
 b42:	e3 fe       	sbrs	r14, 3
 b44:	11 91       	ld	r17, Z+
 b46:	ef 01       	movw	r28, r30
 b48:	01 e0       	ldi	r16, 0x01	; 1
 b4a:	01 c0       	rjmp	.+2      	; 0xb4e <vfscanf+0x8c>
 b4c:	00 e0       	ldi	r16, 0x00	; 0
 b4e:	f1 2c       	mov	r15, r1
 b50:	20 ed       	ldi	r18, 0xD0	; 208
 b52:	21 0f       	add	r18, r17
 b54:	2a 30       	cpi	r18, 0x0A	; 10
 b56:	80 f4       	brcc	.+32     	; 0xb78 <vfscanf+0xb6>
 b58:	02 60       	ori	r16, 0x02	; 2
 b5a:	6f 2d       	mov	r22, r15
 b5c:	70 e0       	ldi	r23, 0x00	; 0
 b5e:	80 e0       	ldi	r24, 0x00	; 0
 b60:	90 e0       	ldi	r25, 0x00	; 0
 b62:	40 e2       	ldi	r20, 0x20	; 32
 b64:	0e 94 d1 03 	call	0x7a2	; 0x7a2 <mulacc>
 b68:	f6 2e       	mov	r15, r22
 b6a:	fe 01       	movw	r30, r28
 b6c:	e3 fc       	sbrc	r14, 3
 b6e:	15 91       	lpm	r17, Z+
 b70:	e3 fe       	sbrs	r14, 3
 b72:	11 91       	ld	r17, Z+
 b74:	ef 01       	movw	r28, r30
 b76:	ec cf       	rjmp	.-40     	; 0xb50 <vfscanf+0x8e>
 b78:	01 ff       	sbrs	r16, 1
 b7a:	03 c0       	rjmp	.+6      	; 0xb82 <vfscanf+0xc0>
 b7c:	f1 10       	cpse	r15, r1
 b7e:	03 c0       	rjmp	.+6      	; 0xb86 <vfscanf+0xc4>
 b80:	a7 c0       	rjmp	.+334    	; 0xcd0 <vfscanf+0x20e>
 b82:	ff 24       	eor	r15, r15
 b84:	fa 94       	dec	r15
 b86:	18 36       	cpi	r17, 0x68	; 104
 b88:	19 f0       	breq	.+6      	; 0xb90 <vfscanf+0xce>
 b8a:	1c 36       	cpi	r17, 0x6C	; 108
 b8c:	51 f0       	breq	.+20     	; 0xba2 <vfscanf+0xe0>
 b8e:	10 c0       	rjmp	.+32     	; 0xbb0 <vfscanf+0xee>
 b90:	fe 01       	movw	r30, r28
 b92:	e3 fc       	sbrc	r14, 3
 b94:	15 91       	lpm	r17, Z+
 b96:	e3 fe       	sbrs	r14, 3
 b98:	11 91       	ld	r17, Z+
 b9a:	ef 01       	movw	r28, r30
 b9c:	18 36       	cpi	r17, 0x68	; 104
 b9e:	41 f4       	brne	.+16     	; 0xbb0 <vfscanf+0xee>
 ba0:	08 60       	ori	r16, 0x08	; 8
 ba2:	04 60       	ori	r16, 0x04	; 4
 ba4:	fe 01       	movw	r30, r28
 ba6:	e3 fc       	sbrc	r14, 3
 ba8:	15 91       	lpm	r17, Z+
 baa:	e3 fe       	sbrs	r14, 3
 bac:	11 91       	ld	r17, Z+
 bae:	ef 01       	movw	r28, r30
 bb0:	11 23       	and	r17, r17
 bb2:	09 f4       	brne	.+2      	; 0xbb6 <vfscanf+0xf4>
 bb4:	8d c0       	rjmp	.+282    	; 0xcd0 <vfscanf+0x20e>
 bb6:	61 2f       	mov	r22, r17
 bb8:	70 e0       	ldi	r23, 0x00	; 0
 bba:	88 e6       	ldi	r24, 0x68	; 104
 bbc:	90 e0       	ldi	r25, 0x00	; 0
 bbe:	0e 94 7b 06 	call	0xcf6	; 0xcf6 <strchr_P>
 bc2:	89 2b       	or	r24, r25
 bc4:	09 f4       	brne	.+2      	; 0xbc8 <vfscanf+0x106>
 bc6:	84 c0       	rjmp	.+264    	; 0xcd0 <vfscanf+0x20e>
 bc8:	00 fd       	sbrc	r16, 0
 bca:	07 c0       	rjmp	.+14     	; 0xbda <vfscanf+0x118>
 bcc:	f5 01       	movw	r30, r10
 bce:	80 80       	ld	r8, Z
 bd0:	91 80       	ldd	r9, Z+1	; 0x01
 bd2:	c5 01       	movw	r24, r10
 bd4:	02 96       	adiw	r24, 0x02	; 2
 bd6:	5c 01       	movw	r10, r24
 bd8:	02 c0       	rjmp	.+4      	; 0xbde <vfscanf+0x11c>
 bda:	81 2c       	mov	r8, r1
 bdc:	91 2c       	mov	r9, r1
 bde:	1e 36       	cpi	r17, 0x6E	; 110
 be0:	51 f4       	brne	.+20     	; 0xbf6 <vfscanf+0x134>
 be2:	f6 01       	movw	r30, r12
 be4:	46 81       	ldd	r20, Z+6	; 0x06
 be6:	57 81       	ldd	r21, Z+7	; 0x07
 be8:	60 e0       	ldi	r22, 0x00	; 0
 bea:	70 e0       	ldi	r23, 0x00	; 0
 bec:	20 2f       	mov	r18, r16
 bee:	c4 01       	movw	r24, r8
 bf0:	0e 94 c5 03 	call	0x78a	; 0x78a <putval>
 bf4:	73 cf       	rjmp	.-282    	; 0xadc <vfscanf+0x1a>
 bf6:	13 36       	cpi	r17, 0x63	; 99
 bf8:	a9 f4       	brne	.+42     	; 0xc24 <vfscanf+0x162>
 bfa:	01 fd       	sbrc	r16, 1
 bfc:	02 c0       	rjmp	.+4      	; 0xc02 <vfscanf+0x140>
 bfe:	ff 24       	eor	r15, r15
 c00:	f3 94       	inc	r15
 c02:	c6 01       	movw	r24, r12
 c04:	0e 94 9c 06 	call	0xd38	; 0xd38 <fgetc>
 c08:	97 fd       	sbrc	r25, 7
 c0a:	60 c0       	rjmp	.+192    	; 0xccc <vfscanf+0x20a>
 c0c:	81 14       	cp	r8, r1
 c0e:	91 04       	cpc	r9, r1
 c10:	29 f0       	breq	.+10     	; 0xc1c <vfscanf+0x15a>
 c12:	f4 01       	movw	r30, r8
 c14:	80 83       	st	Z, r24
 c16:	c4 01       	movw	r24, r8
 c18:	01 96       	adiw	r24, 0x01	; 1
 c1a:	4c 01       	movw	r8, r24
 c1c:	fa 94       	dec	r15
 c1e:	f1 10       	cpse	r15, r1
 c20:	f0 cf       	rjmp	.-32     	; 0xc02 <vfscanf+0x140>
 c22:	50 c0       	rjmp	.+160    	; 0xcc4 <vfscanf+0x202>
 c24:	1b 35       	cpi	r17, 0x5B	; 91
 c26:	59 f4       	brne	.+22     	; 0xc3e <vfscanf+0x17c>
 c28:	9e 01       	movw	r18, r28
 c2a:	a4 01       	movw	r20, r8
 c2c:	6f 2d       	mov	r22, r15
 c2e:	c6 01       	movw	r24, r12
 c30:	0e 94 a3 04 	call	0x946	; 0x946 <conv_brk>
 c34:	ec 01       	movw	r28, r24
 c36:	89 2b       	or	r24, r25
 c38:	09 f0       	breq	.+2      	; 0xc3c <vfscanf+0x17a>
 c3a:	44 c0       	rjmp	.+136    	; 0xcc4 <vfscanf+0x202>
 c3c:	3e c0       	rjmp	.+124    	; 0xcba <vfscanf+0x1f8>
 c3e:	c6 01       	movw	r24, r12
 c40:	0e 94 f8 03 	call	0x7f0	; 0x7f0 <skip_spaces>
 c44:	97 fd       	sbrc	r25, 7
 c46:	42 c0       	rjmp	.+132    	; 0xccc <vfscanf+0x20a>
 c48:	1f 36       	cpi	r17, 0x6F	; 111
 c4a:	61 f1       	breq	.+88     	; 0xca4 <vfscanf+0x1e2>
 c4c:	28 f4       	brcc	.+10     	; 0xc58 <vfscanf+0x196>
 c4e:	14 36       	cpi	r17, 0x64	; 100
 c50:	39 f1       	breq	.+78     	; 0xca0 <vfscanf+0x1de>
 c52:	19 36       	cpi	r17, 0x69	; 105
 c54:	51 f1       	breq	.+84     	; 0xcaa <vfscanf+0x1e8>
 c56:	28 c0       	rjmp	.+80     	; 0xca8 <vfscanf+0x1e6>
 c58:	13 37       	cpi	r17, 0x73	; 115
 c5a:	71 f0       	breq	.+28     	; 0xc78 <vfscanf+0x1b6>
 c5c:	15 37       	cpi	r17, 0x75	; 117
 c5e:	01 f1       	breq	.+64     	; 0xca0 <vfscanf+0x1de>
 c60:	23 c0       	rjmp	.+70     	; 0xca8 <vfscanf+0x1e6>
 c62:	81 14       	cp	r8, r1
 c64:	91 04       	cpc	r9, r1
 c66:	29 f0       	breq	.+10     	; 0xc72 <vfscanf+0x1b0>
 c68:	f4 01       	movw	r30, r8
 c6a:	60 82       	st	Z, r6
 c6c:	c4 01       	movw	r24, r8
 c6e:	01 96       	adiw	r24, 0x01	; 1
 c70:	4c 01       	movw	r8, r24
 c72:	fa 94       	dec	r15
 c74:	ff 20       	and	r15, r15
 c76:	71 f0       	breq	.+28     	; 0xc94 <vfscanf+0x1d2>
 c78:	c6 01       	movw	r24, r12
 c7a:	0e 94 9c 06 	call	0xd38	; 0xd38 <fgetc>
 c7e:	3c 01       	movw	r6, r24
 c80:	97 fd       	sbrc	r25, 7
 c82:	08 c0       	rjmp	.+16     	; 0xc94 <vfscanf+0x1d2>
 c84:	0e 94 72 06 	call	0xce4	; 0xce4 <isspace>
 c88:	89 2b       	or	r24, r25
 c8a:	59 f3       	breq	.-42     	; 0xc62 <vfscanf+0x1a0>
 c8c:	b6 01       	movw	r22, r12
 c8e:	c3 01       	movw	r24, r6
 c90:	0e 94 16 07 	call	0xe2c	; 0xe2c <ungetc>
 c94:	81 14       	cp	r8, r1
 c96:	91 04       	cpc	r9, r1
 c98:	a9 f0       	breq	.+42     	; 0xcc4 <vfscanf+0x202>
 c9a:	f4 01       	movw	r30, r8
 c9c:	10 82       	st	Z, r1
 c9e:	12 c0       	rjmp	.+36     	; 0xcc4 <vfscanf+0x202>
 ca0:	00 62       	ori	r16, 0x20	; 32
 ca2:	03 c0       	rjmp	.+6      	; 0xcaa <vfscanf+0x1e8>
 ca4:	00 61       	ori	r16, 0x10	; 16
 ca6:	01 c0       	rjmp	.+2      	; 0xcaa <vfscanf+0x1e8>
 ca8:	00 64       	ori	r16, 0x40	; 64
 caa:	20 2f       	mov	r18, r16
 cac:	a4 01       	movw	r20, r8
 cae:	6f 2d       	mov	r22, r15
 cb0:	c6 01       	movw	r24, r12
 cb2:	0e 94 11 04 	call	0x822	; 0x822 <conv_int>
 cb6:	81 11       	cpse	r24, r1
 cb8:	05 c0       	rjmp	.+10     	; 0xcc4 <vfscanf+0x202>
 cba:	f6 01       	movw	r30, r12
 cbc:	83 81       	ldd	r24, Z+3	; 0x03
 cbe:	80 73       	andi	r24, 0x30	; 48
 cc0:	29 f4       	brne	.+10     	; 0xccc <vfscanf+0x20a>
 cc2:	06 c0       	rjmp	.+12     	; 0xcd0 <vfscanf+0x20e>
 cc4:	00 fd       	sbrc	r16, 0
 cc6:	0a cf       	rjmp	.-492    	; 0xadc <vfscanf+0x1a>
 cc8:	53 94       	inc	r5
 cca:	08 cf       	rjmp	.-496    	; 0xadc <vfscanf+0x1a>
 ccc:	55 20       	and	r5, r5
 cce:	19 f0       	breq	.+6      	; 0xcd6 <vfscanf+0x214>
 cd0:	85 2d       	mov	r24, r5
 cd2:	90 e0       	ldi	r25, 0x00	; 0
 cd4:	02 c0       	rjmp	.+4      	; 0xcda <vfscanf+0x218>
 cd6:	8f ef       	ldi	r24, 0xFF	; 255
 cd8:	9f ef       	ldi	r25, 0xFF	; 255
 cda:	cd b7       	in	r28, 0x3d	; 61
 cdc:	de b7       	in	r29, 0x3e	; 62
 cde:	ef e0       	ldi	r30, 0x0F	; 15
 ce0:	0c 94 af 07 	jmp	0xf5e	; 0xf5e <__epilogue_restores__+0x6>

00000ce4 <isspace>:
 ce4:	91 11       	cpse	r25, r1
 ce6:	0c 94 8d 07 	jmp	0xf1a	; 0xf1a <__ctype_isfalse>
 cea:	80 32       	cpi	r24, 0x20	; 32
 cec:	19 f0       	breq	.+6      	; 0xcf4 <isspace+0x10>
 cee:	89 50       	subi	r24, 0x09	; 9
 cf0:	85 50       	subi	r24, 0x05	; 5
 cf2:	c8 f7       	brcc	.-14     	; 0xce6 <isspace+0x2>
 cf4:	08 95       	ret

00000cf6 <strchr_P>:
 cf6:	fc 01       	movw	r30, r24
 cf8:	05 90       	lpm	r0, Z+
 cfa:	06 16       	cp	r0, r22
 cfc:	21 f0       	breq	.+8      	; 0xd06 <strchr_P+0x10>
 cfe:	00 20       	and	r0, r0
 d00:	d9 f7       	brne	.-10     	; 0xcf8 <strchr_P+0x2>
 d02:	c0 01       	movw	r24, r0
 d04:	08 95       	ret
 d06:	31 97       	sbiw	r30, 0x01	; 1
 d08:	cf 01       	movw	r24, r30
 d0a:	08 95       	ret

00000d0c <strnlen_P>:
 d0c:	fc 01       	movw	r30, r24
 d0e:	05 90       	lpm	r0, Z+
 d10:	61 50       	subi	r22, 0x01	; 1
 d12:	70 40       	sbci	r23, 0x00	; 0
 d14:	01 10       	cpse	r0, r1
 d16:	d8 f7       	brcc	.-10     	; 0xd0e <strnlen_P+0x2>
 d18:	80 95       	com	r24
 d1a:	90 95       	com	r25
 d1c:	8e 0f       	add	r24, r30
 d1e:	9f 1f       	adc	r25, r31
 d20:	08 95       	ret

00000d22 <strnlen>:
 d22:	fc 01       	movw	r30, r24
 d24:	61 50       	subi	r22, 0x01	; 1
 d26:	70 40       	sbci	r23, 0x00	; 0
 d28:	01 90       	ld	r0, Z+
 d2a:	01 10       	cpse	r0, r1
 d2c:	d8 f7       	brcc	.-10     	; 0xd24 <strnlen+0x2>
 d2e:	80 95       	com	r24
 d30:	90 95       	com	r25
 d32:	8e 0f       	add	r24, r30
 d34:	9f 1f       	adc	r25, r31
 d36:	08 95       	ret

00000d38 <fgetc>:
 d38:	cf 93       	push	r28
 d3a:	df 93       	push	r29
 d3c:	ec 01       	movw	r28, r24
 d3e:	2b 81       	ldd	r18, Y+3	; 0x03
 d40:	20 ff       	sbrs	r18, 0
 d42:	33 c0       	rjmp	.+102    	; 0xdaa <fgetc+0x72>
 d44:	26 ff       	sbrs	r18, 6
 d46:	0a c0       	rjmp	.+20     	; 0xd5c <fgetc+0x24>
 d48:	2f 7b       	andi	r18, 0xBF	; 191
 d4a:	2b 83       	std	Y+3, r18	; 0x03
 d4c:	8e 81       	ldd	r24, Y+6	; 0x06
 d4e:	9f 81       	ldd	r25, Y+7	; 0x07
 d50:	01 96       	adiw	r24, 0x01	; 1
 d52:	9f 83       	std	Y+7, r25	; 0x07
 d54:	8e 83       	std	Y+6, r24	; 0x06
 d56:	8a 81       	ldd	r24, Y+2	; 0x02
 d58:	90 e0       	ldi	r25, 0x00	; 0
 d5a:	29 c0       	rjmp	.+82     	; 0xdae <fgetc+0x76>
 d5c:	22 ff       	sbrs	r18, 2
 d5e:	0f c0       	rjmp	.+30     	; 0xd7e <fgetc+0x46>
 d60:	e8 81       	ld	r30, Y
 d62:	f9 81       	ldd	r31, Y+1	; 0x01
 d64:	80 81       	ld	r24, Z
 d66:	08 2e       	mov	r0, r24
 d68:	00 0c       	add	r0, r0
 d6a:	99 0b       	sbc	r25, r25
 d6c:	00 97       	sbiw	r24, 0x00	; 0
 d6e:	19 f4       	brne	.+6      	; 0xd76 <fgetc+0x3e>
 d70:	20 62       	ori	r18, 0x20	; 32
 d72:	2b 83       	std	Y+3, r18	; 0x03
 d74:	1a c0       	rjmp	.+52     	; 0xdaa <fgetc+0x72>
 d76:	31 96       	adiw	r30, 0x01	; 1
 d78:	f9 83       	std	Y+1, r31	; 0x01
 d7a:	e8 83       	st	Y, r30
 d7c:	0e c0       	rjmp	.+28     	; 0xd9a <fgetc+0x62>
 d7e:	ea 85       	ldd	r30, Y+10	; 0x0a
 d80:	fb 85       	ldd	r31, Y+11	; 0x0b
 d82:	09 95       	icall
 d84:	97 ff       	sbrs	r25, 7
 d86:	09 c0       	rjmp	.+18     	; 0xd9a <fgetc+0x62>
 d88:	2b 81       	ldd	r18, Y+3	; 0x03
 d8a:	01 96       	adiw	r24, 0x01	; 1
 d8c:	11 f0       	breq	.+4      	; 0xd92 <fgetc+0x5a>
 d8e:	80 e2       	ldi	r24, 0x20	; 32
 d90:	01 c0       	rjmp	.+2      	; 0xd94 <fgetc+0x5c>
 d92:	80 e1       	ldi	r24, 0x10	; 16
 d94:	82 2b       	or	r24, r18
 d96:	8b 83       	std	Y+3, r24	; 0x03
 d98:	08 c0       	rjmp	.+16     	; 0xdaa <fgetc+0x72>
 d9a:	2e 81       	ldd	r18, Y+6	; 0x06
 d9c:	3f 81       	ldd	r19, Y+7	; 0x07
 d9e:	2f 5f       	subi	r18, 0xFF	; 255
 da0:	3f 4f       	sbci	r19, 0xFF	; 255
 da2:	3f 83       	std	Y+7, r19	; 0x07
 da4:	2e 83       	std	Y+6, r18	; 0x06
 da6:	99 27       	eor	r25, r25
 da8:	02 c0       	rjmp	.+4      	; 0xdae <fgetc+0x76>
 daa:	8f ef       	ldi	r24, 0xFF	; 255
 dac:	9f ef       	ldi	r25, 0xFF	; 255
 dae:	df 91       	pop	r29
 db0:	cf 91       	pop	r28
 db2:	08 95       	ret

00000db4 <fputc>:
 db4:	0f 93       	push	r16
 db6:	1f 93       	push	r17
 db8:	cf 93       	push	r28
 dba:	df 93       	push	r29
 dbc:	fb 01       	movw	r30, r22
 dbe:	23 81       	ldd	r18, Z+3	; 0x03
 dc0:	21 fd       	sbrc	r18, 1
 dc2:	03 c0       	rjmp	.+6      	; 0xdca <fputc+0x16>
 dc4:	8f ef       	ldi	r24, 0xFF	; 255
 dc6:	9f ef       	ldi	r25, 0xFF	; 255
 dc8:	2c c0       	rjmp	.+88     	; 0xe22 <fputc+0x6e>
 dca:	22 ff       	sbrs	r18, 2
 dcc:	16 c0       	rjmp	.+44     	; 0xdfa <fputc+0x46>
 dce:	46 81       	ldd	r20, Z+6	; 0x06
 dd0:	57 81       	ldd	r21, Z+7	; 0x07
 dd2:	24 81       	ldd	r18, Z+4	; 0x04
 dd4:	35 81       	ldd	r19, Z+5	; 0x05
 dd6:	42 17       	cp	r20, r18
 dd8:	53 07       	cpc	r21, r19
 dda:	44 f4       	brge	.+16     	; 0xdec <fputc+0x38>
 ddc:	a0 81       	ld	r26, Z
 dde:	b1 81       	ldd	r27, Z+1	; 0x01
 de0:	9d 01       	movw	r18, r26
 de2:	2f 5f       	subi	r18, 0xFF	; 255
 de4:	3f 4f       	sbci	r19, 0xFF	; 255
 de6:	31 83       	std	Z+1, r19	; 0x01
 de8:	20 83       	st	Z, r18
 dea:	8c 93       	st	X, r24
 dec:	26 81       	ldd	r18, Z+6	; 0x06
 dee:	37 81       	ldd	r19, Z+7	; 0x07
 df0:	2f 5f       	subi	r18, 0xFF	; 255
 df2:	3f 4f       	sbci	r19, 0xFF	; 255
 df4:	37 83       	std	Z+7, r19	; 0x07
 df6:	26 83       	std	Z+6, r18	; 0x06
 df8:	14 c0       	rjmp	.+40     	; 0xe22 <fputc+0x6e>
 dfa:	8b 01       	movw	r16, r22
 dfc:	ec 01       	movw	r28, r24
 dfe:	fb 01       	movw	r30, r22
 e00:	00 84       	ldd	r0, Z+8	; 0x08
 e02:	f1 85       	ldd	r31, Z+9	; 0x09
 e04:	e0 2d       	mov	r30, r0
 e06:	09 95       	icall
 e08:	89 2b       	or	r24, r25
 e0a:	e1 f6       	brne	.-72     	; 0xdc4 <fputc+0x10>
 e0c:	d8 01       	movw	r26, r16
 e0e:	16 96       	adiw	r26, 0x06	; 6
 e10:	8d 91       	ld	r24, X+
 e12:	9c 91       	ld	r25, X
 e14:	17 97       	sbiw	r26, 0x07	; 7
 e16:	01 96       	adiw	r24, 0x01	; 1
 e18:	17 96       	adiw	r26, 0x07	; 7
 e1a:	9c 93       	st	X, r25
 e1c:	8e 93       	st	-X, r24
 e1e:	16 97       	sbiw	r26, 0x06	; 6
 e20:	ce 01       	movw	r24, r28
 e22:	df 91       	pop	r29
 e24:	cf 91       	pop	r28
 e26:	1f 91       	pop	r17
 e28:	0f 91       	pop	r16
 e2a:	08 95       	ret

00000e2c <ungetc>:
 e2c:	fb 01       	movw	r30, r22
 e2e:	23 81       	ldd	r18, Z+3	; 0x03
 e30:	20 ff       	sbrs	r18, 0
 e32:	12 c0       	rjmp	.+36     	; 0xe58 <ungetc+0x2c>
 e34:	26 fd       	sbrc	r18, 6
 e36:	10 c0       	rjmp	.+32     	; 0xe58 <ungetc+0x2c>
 e38:	8f 3f       	cpi	r24, 0xFF	; 255
 e3a:	3f ef       	ldi	r19, 0xFF	; 255
 e3c:	93 07       	cpc	r25, r19
 e3e:	61 f0       	breq	.+24     	; 0xe58 <ungetc+0x2c>
 e40:	82 83       	std	Z+2, r24	; 0x02
 e42:	2f 7d       	andi	r18, 0xDF	; 223
 e44:	20 64       	ori	r18, 0x40	; 64
 e46:	23 83       	std	Z+3, r18	; 0x03
 e48:	26 81       	ldd	r18, Z+6	; 0x06
 e4a:	37 81       	ldd	r19, Z+7	; 0x07
 e4c:	21 50       	subi	r18, 0x01	; 1
 e4e:	31 09       	sbc	r19, r1
 e50:	37 83       	std	Z+7, r19	; 0x07
 e52:	26 83       	std	Z+6, r18	; 0x06
 e54:	99 27       	eor	r25, r25
 e56:	08 95       	ret
 e58:	8f ef       	ldi	r24, 0xFF	; 255
 e5a:	9f ef       	ldi	r25, 0xFF	; 255
 e5c:	08 95       	ret

00000e5e <__ultoa_invert>:
 e5e:	fa 01       	movw	r30, r20
 e60:	aa 27       	eor	r26, r26
 e62:	28 30       	cpi	r18, 0x08	; 8
 e64:	51 f1       	breq	.+84     	; 0xeba <__ultoa_invert+0x5c>
 e66:	20 31       	cpi	r18, 0x10	; 16
 e68:	81 f1       	breq	.+96     	; 0xeca <__ultoa_invert+0x6c>
 e6a:	e8 94       	clt
 e6c:	6f 93       	push	r22
 e6e:	6e 7f       	andi	r22, 0xFE	; 254
 e70:	6e 5f       	subi	r22, 0xFE	; 254
 e72:	7f 4f       	sbci	r23, 0xFF	; 255
 e74:	8f 4f       	sbci	r24, 0xFF	; 255
 e76:	9f 4f       	sbci	r25, 0xFF	; 255
 e78:	af 4f       	sbci	r26, 0xFF	; 255
 e7a:	b1 e0       	ldi	r27, 0x01	; 1
 e7c:	3e d0       	rcall	.+124    	; 0xefa <__ultoa_invert+0x9c>
 e7e:	b4 e0       	ldi	r27, 0x04	; 4
 e80:	3c d0       	rcall	.+120    	; 0xefa <__ultoa_invert+0x9c>
 e82:	67 0f       	add	r22, r23
 e84:	78 1f       	adc	r23, r24
 e86:	89 1f       	adc	r24, r25
 e88:	9a 1f       	adc	r25, r26
 e8a:	a1 1d       	adc	r26, r1
 e8c:	68 0f       	add	r22, r24
 e8e:	79 1f       	adc	r23, r25
 e90:	8a 1f       	adc	r24, r26
 e92:	91 1d       	adc	r25, r1
 e94:	a1 1d       	adc	r26, r1
 e96:	6a 0f       	add	r22, r26
 e98:	71 1d       	adc	r23, r1
 e9a:	81 1d       	adc	r24, r1
 e9c:	91 1d       	adc	r25, r1
 e9e:	a1 1d       	adc	r26, r1
 ea0:	20 d0       	rcall	.+64     	; 0xee2 <__ultoa_invert+0x84>
 ea2:	09 f4       	brne	.+2      	; 0xea6 <__ultoa_invert+0x48>
 ea4:	68 94       	set
 ea6:	3f 91       	pop	r19
 ea8:	2a e0       	ldi	r18, 0x0A	; 10
 eaa:	26 9f       	mul	r18, r22
 eac:	11 24       	eor	r1, r1
 eae:	30 19       	sub	r19, r0
 eb0:	30 5d       	subi	r19, 0xD0	; 208
 eb2:	31 93       	st	Z+, r19
 eb4:	de f6       	brtc	.-74     	; 0xe6c <__ultoa_invert+0xe>
 eb6:	cf 01       	movw	r24, r30
 eb8:	08 95       	ret
 eba:	46 2f       	mov	r20, r22
 ebc:	47 70       	andi	r20, 0x07	; 7
 ebe:	40 5d       	subi	r20, 0xD0	; 208
 ec0:	41 93       	st	Z+, r20
 ec2:	b3 e0       	ldi	r27, 0x03	; 3
 ec4:	0f d0       	rcall	.+30     	; 0xee4 <__ultoa_invert+0x86>
 ec6:	c9 f7       	brne	.-14     	; 0xeba <__ultoa_invert+0x5c>
 ec8:	f6 cf       	rjmp	.-20     	; 0xeb6 <__ultoa_invert+0x58>
 eca:	46 2f       	mov	r20, r22
 ecc:	4f 70       	andi	r20, 0x0F	; 15
 ece:	40 5d       	subi	r20, 0xD0	; 208
 ed0:	4a 33       	cpi	r20, 0x3A	; 58
 ed2:	18 f0       	brcs	.+6      	; 0xeda <__ultoa_invert+0x7c>
 ed4:	49 5d       	subi	r20, 0xD9	; 217
 ed6:	31 fd       	sbrc	r19, 1
 ed8:	40 52       	subi	r20, 0x20	; 32
 eda:	41 93       	st	Z+, r20
 edc:	02 d0       	rcall	.+4      	; 0xee2 <__ultoa_invert+0x84>
 ede:	a9 f7       	brne	.-22     	; 0xeca <__ultoa_invert+0x6c>
 ee0:	ea cf       	rjmp	.-44     	; 0xeb6 <__ultoa_invert+0x58>
 ee2:	b4 e0       	ldi	r27, 0x04	; 4
 ee4:	a6 95       	lsr	r26
 ee6:	97 95       	ror	r25
 ee8:	87 95       	ror	r24
 eea:	77 95       	ror	r23
 eec:	67 95       	ror	r22
 eee:	ba 95       	dec	r27
 ef0:	c9 f7       	brne	.-14     	; 0xee4 <__ultoa_invert+0x86>
 ef2:	00 97       	sbiw	r24, 0x00	; 0
 ef4:	61 05       	cpc	r22, r1
 ef6:	71 05       	cpc	r23, r1
 ef8:	08 95       	ret
 efa:	9b 01       	movw	r18, r22
 efc:	ac 01       	movw	r20, r24
 efe:	0a 2e       	mov	r0, r26
 f00:	06 94       	lsr	r0
 f02:	57 95       	ror	r21
 f04:	47 95       	ror	r20
 f06:	37 95       	ror	r19
 f08:	27 95       	ror	r18
 f0a:	ba 95       	dec	r27
 f0c:	c9 f7       	brne	.-14     	; 0xf00 <__ultoa_invert+0xa2>
 f0e:	62 0f       	add	r22, r18
 f10:	73 1f       	adc	r23, r19
 f12:	84 1f       	adc	r24, r20
 f14:	95 1f       	adc	r25, r21
 f16:	a0 1d       	adc	r26, r0
 f18:	08 95       	ret

00000f1a <__ctype_isfalse>:
 f1a:	99 27       	eor	r25, r25
 f1c:	88 27       	eor	r24, r24

00000f1e <__ctype_istrue>:
 f1e:	08 95       	ret

00000f20 <__prologue_saves__>:
 f20:	2f 92       	push	r2
 f22:	3f 92       	push	r3
 f24:	4f 92       	push	r4
 f26:	5f 92       	push	r5
 f28:	6f 92       	push	r6
 f2a:	7f 92       	push	r7
 f2c:	8f 92       	push	r8
 f2e:	9f 92       	push	r9
 f30:	af 92       	push	r10
 f32:	bf 92       	push	r11
 f34:	cf 92       	push	r12
 f36:	df 92       	push	r13
 f38:	ef 92       	push	r14
 f3a:	ff 92       	push	r15
 f3c:	0f 93       	push	r16
 f3e:	1f 93       	push	r17
 f40:	cf 93       	push	r28
 f42:	df 93       	push	r29
 f44:	cd b7       	in	r28, 0x3d	; 61
 f46:	de b7       	in	r29, 0x3e	; 62
 f48:	ca 1b       	sub	r28, r26
 f4a:	db 0b       	sbc	r29, r27
 f4c:	0f b6       	in	r0, 0x3f	; 63
 f4e:	f8 94       	cli
 f50:	de bf       	out	0x3e, r29	; 62
 f52:	0f be       	out	0x3f, r0	; 63
 f54:	cd bf       	out	0x3d, r28	; 61
 f56:	09 94       	ijmp

00000f58 <__epilogue_restores__>:
 f58:	2a 88       	ldd	r2, Y+18	; 0x12
 f5a:	39 88       	ldd	r3, Y+17	; 0x11
 f5c:	48 88       	ldd	r4, Y+16	; 0x10
 f5e:	5f 84       	ldd	r5, Y+15	; 0x0f
 f60:	6e 84       	ldd	r6, Y+14	; 0x0e
 f62:	7d 84       	ldd	r7, Y+13	; 0x0d
 f64:	8c 84       	ldd	r8, Y+12	; 0x0c
 f66:	9b 84       	ldd	r9, Y+11	; 0x0b
 f68:	aa 84       	ldd	r10, Y+10	; 0x0a
 f6a:	b9 84       	ldd	r11, Y+9	; 0x09
 f6c:	c8 84       	ldd	r12, Y+8	; 0x08
 f6e:	df 80       	ldd	r13, Y+7	; 0x07
 f70:	ee 80       	ldd	r14, Y+6	; 0x06
 f72:	fd 80       	ldd	r15, Y+5	; 0x05
 f74:	0c 81       	ldd	r16, Y+4	; 0x04
 f76:	1b 81       	ldd	r17, Y+3	; 0x03
 f78:	aa 81       	ldd	r26, Y+2	; 0x02
 f7a:	b9 81       	ldd	r27, Y+1	; 0x01
 f7c:	ce 0f       	add	r28, r30
 f7e:	d1 1d       	adc	r29, r1
 f80:	0f b6       	in	r0, 0x3f	; 63
 f82:	f8 94       	cli
 f84:	de bf       	out	0x3e, r29	; 62
 f86:	0f be       	out	0x3f, r0	; 63
 f88:	cd bf       	out	0x3d, r28	; 61
 f8a:	ed 01       	movw	r28, r26
 f8c:	08 95       	ret

00000f8e <_exit>:
 f8e:	f8 94       	cli

00000f90 <__stop_program>:
 f90:	ff cf       	rjmp	.-2      	; 0xf90 <__stop_program>
